[07:22:46] Loaded 141 entries from Winrich_Angel_mapping.csv (cols: 'angel name', 'angel code')
[07:22:46]   Sample: 'a anil kumar' → 'A849914'
[07:22:46] Loaded 141 customers from Customerlist_12.csv
[07:22:46] Starting in 15s — uncheck any phases already complete.
[07:23:01] Grace period over — starting run.
[07:23:06] 
Launching Edge from: C:\Program Files (x86)\Microsoft\Edge\Application\msedge.exe
[07:23:06] Edge PID: 10180
[07:23:09] Closing 0 existing tab(s)…
[07:23:09] 
► [Angel One NXT] Checking dashboard…
[07:23:13]   [AO Login] Session expired — need to log in.
[07:23:13]   [AO Login] Waiting for manual login (up to 5 minutes)…
[07:24:50]   [AO Login] ✓ Logged in — home page returned 200 (https://nxt.angelone.in/).
[07:25:10]   Waiting 2 minutes before next report download…
[07:27:23] 
► Extracting customer balances…
[07:27:28]   [mapping] 'keshav shrinivas malagi' → best match 'keshav shrinivas malagi' ratio=1.00 code=K273641
[07:27:28]   [1/141] KESHAV SHRINIVAS MALAGI — mapped to Angel code K273641
[07:27:32]     [search #1] K273641-Keshav Shrinivas Malagi
K######I@GMAIL.COM
[07:27:35]   [1/141] KESHAV SHRINIVAS MALAGI  margin=411.36  balance=411.36
[07:27:39]   [mapping] 'chaity banerjee' → best match 'chaity banerjee' ratio=1.00 code=AAAQ058874
[07:27:39]   [2/141] chaity banerjee — mapped to Angel code AAAQ058874
[07:27:43]     [search #1] AAAQ058874-Chaity Banerjee
C############E@GMAIL.COM
[07:27:46]   [2/141] chaity banerjee  margin=50000.0  balance=50000.0
[07:27:50]   [mapping] 'shrinivas hanumanthappa sureban' → best match 'shrinivas hanamanthappa sureban' ratio=0.97 code=S133551
[07:27:50]   [3/141] SHRINIVAS HANUMANTHAPPA SUREBAN — mapped to Angel code S133551
[07:27:54]     [search #1] S133551-Shrinivas Hanamanthappa Sureban
S#####N@YAHOO.COM
[07:27:58]   [3/141] SHRINIVAS HANUMANTHAPPA SUREBAN  margin=510.26  balance=510.26
[07:28:01]   [mapping] 'krishnaprasad' → best match 'krishnaprasad' ratio=1.00 code=K683207
[07:28:01]   [4/141] KRISHNAPRASAD — mapped to Angel code K683207
[07:28:05]     [search #1] K683207-Krishna Prasad Canchi Purushothama
K###########I@GMAIL.COM
[07:28:08]   [4/141] KRISHNAPRASAD  margin=298.01  balance=298.01
[07:28:11]   [mapping] 'rajeev narayana iyer' → best match 'rajeev narayana iyer' ratio=1.00 code=R1121821
[07:28:11]   [5/141] RAJEEV NARAYANA IYER — mapped to Angel code R1121821
[07:28:15]     [search #1] R1121821-Rajeev Narayana Iyer
R###########R@GMAIL.COM
[07:28:19]   [5/141] RAJEEV NARAYANA IYER  margin=35426.89  balance=35426.89
[07:28:23]   [mapping] 'baskar pranatharthi' → best match 'baskar pranatharthi' ratio=1.00 code=B38265
[07:28:23]   [6/141] BASKAR PRANATHARTHI — mapped to Angel code B38265
[07:28:26]     [search #1] B38265-Baskar Pranatharthi
B#########N@YAHOO.COM
[07:28:30]   [6/141] BASKAR PRANATHARTHI  margin=54933.51  balance=54933.51
[07:28:33]   [mapping] 'anshul satish chaturvedi' → best match 'anshul satish chaturvedi' ratio=1.00 code=A87827
[07:28:33]   [7/141] ANSHUL SATISH CHATURVEDI — mapped to Angel code A87827
[07:28:37]     [search #1] A87827-Anshul Satish Chaturvedi
C######L@GMAIL.COM
[07:28:41]   [7/141] ANSHUL SATISH CHATURVEDI  margin=0.8  balance=0.8
[07:28:44]   [mapping] 'ravinder peddi' → best match 'ravinder peddi' ratio=1.00 code=R139316
[07:28:44]   [8/141] RAVINDER PEDDI — mapped to Angel code R139316
[07:28:48]     [search #1] R139316-Ravinder Peddi
R############I@GMAIL.COM
[07:28:51]   [8/141] RAVINDER PEDDI  margin=89023.65  balance=1409.9
[07:28:55]   [mapping] 'sudhansu ranjan acharya' → best match 'sudhansu ranjan acharya' ratio=1.00 code=S199359
[07:28:55]   [9/141] SUDHANSU RANJAN ACHARYA — mapped to Angel code S199359
[07:28:58]     [search #1] S199359-Sudhansu Ranjan Acharya
S#######A@GMAIL.COM
[07:29:02]   [9/141] SUDHANSU RANJAN ACHARYA  margin=304.39  balance=304.39
[07:29:05]   [mapping] 'upendra n puranik' → best match 'upendra n puranik' ratio=1.00 code=U21194
[07:29:05]   [10/141] UPENDRA N PURANIK — mapped to Angel code U21194
[07:29:09]     [search #1] U21194-Upendra N Puranik
P#######N@GMAIL.COM
[07:29:13]   [10/141] UPENDRA N PURANIK  margin=999.64  balance=999.64
[07:29:17]   [mapping] 'seema d nayak' → best match 'seema deepak nayak' ratio=0.84 code=S118648
[07:29:17]   [11/141] Seema D Nayak — mapped to Angel code S118648
[07:29:21]     [search #1] S118648-Seema Deepak Nayak
S#########K@GMAIL.COM
[07:29:24]   [11/141] Seema D Nayak  margin=1026.03  balance=1026.03
[07:29:28]   [mapping] 'prasad hsmd' → best match 'prasad h s m d' ratio=0.88 code=P75774
[07:29:28]   [12/141] PRASAD HSMD — mapped to Angel code P75774
[07:29:32]     [search #1] P75774-Prasad H S M D
H########D@GMAIL.COM
[07:29:36]   [12/141] PRASAD HSMD  margin=480.93  balance=480.93
[07:29:39]   [mapping] 'r balakrishnan' → best match 'r balakrishnan' ratio=1.00 code=P69684
[07:29:39]   [13/141] R BALAKRISHNAN — mapped to Angel code P69684
[07:29:43]     [search #1] P69684-P R Balakrishnan
B#########M@GMAIL.COM
[07:29:46]   [13/141] R BALAKRISHNAN  margin=-191.02  balance=-191.02
[07:29:50]   [mapping] 'rajashree parameswaran' → best match 'rajashree parameswaran' ratio=1.00 code=R65529
[07:29:50]   [14/141] RAJASHREE PARAMESWARAN — mapped to Angel code R65529
[07:29:53]     [search #1] R65529-Rajashree Parameswaran
R#############M@GMAIL.COM
[07:29:57]   [14/141] RAJASHREE PARAMESWARAN  margin=944.27  balance=944.27
[07:30:02]   [mapping] 'ratish p kaimal' → best match 'ratish p kaimal' ratio=1.00 code=R292688
[07:30:02]   [15/141] RATISH P KAIMAL — mapped to Angel code R292688
[07:30:06]     [search #1] R292688-Ratish Parameswara Kaimal
R##########L@GMAIL.COM
[07:30:09]   [15/141] RATISH P KAIMAL  margin=20403.08  balance=20403.08
[07:30:14]   [mapping] 'shankara g' → best match 'shankara g' ratio=1.00 code=S96983
[07:30:14]   [16/141] Shankara G — mapped to Angel code S96983
[07:30:17]     [search #1] S96983-Shankara G
S########G@YAHOO.CO.IN
[07:30:21]   [16/141] Shankara G  margin=94.54  balance=94.54
[07:30:25]   [mapping] 'krishnamurthy ravindra' → best match 'krishnamurthy ravindra' ratio=1.00 code=K36693
[07:30:25]   [17/141] KRISHNAMURTHY RAVINDRA — mapped to Angel code K36693
[07:30:29]     [search #1] K36693-Krishnamurthy Ravindra
R####################1@GMAIL.COM
[07:30:32]   [17/141] KRISHNAMURTHY RAVINDRA  margin=303362.92  balance=303362.92
[07:30:37]   [mapping] 'rangaswamy iyyer parthasarathy' → best match 'rangaswamy iyyer parthasarathy' ratio=1.00 code=R41282
[07:30:37]   [18/141] RANGASWAMY IYYER PARTHASARATHY — mapped to Angel code R41282
[07:30:41]     [search #1] R41282-Rangaswamy Iyyer Parthasarathy
P#########1@YAHOO.CO.IN
[07:30:45]   [18/141] RANGASWAMY IYYER PARTHASARATHY  margin=10153.48  balance=10153.48
[07:30:49]   [mapping] 'prabhakar s joshi' → best match 'prabhakar s joshi' ratio=1.00 code=P63145
[07:30:49]   [19/141] Prabhakar S Joshi — mapped to Angel code P63145
[07:30:52]     [search #1] P63145-Prabhakar S Joshi
P############I@YAHOO.COM
[07:30:56]   [19/141] Prabhakar S Joshi  margin=584.94  balance=584.94
[07:31:01]   [mapping] 'rinu mammen thomas' → best match 'rinu mammen thomas' ratio=1.00 code=R78923
[07:31:01]   [20/141] RINU MAMMEN THOMAS — mapped to Angel code R78923
[07:31:05]     [search #1] R78923-Rinu Mammen Thomas
R####T@GMAIL.COM
[07:31:08]   [20/141] RINU MAMMEN THOMAS  margin=696.14  balance=696.14
[07:31:13]   [mapping] 'subhash chandra kanumuri' → best match 'subhash chandra kanumuri' ratio=1.00 code=S827224
[07:31:13]   [21/141] SUBHASH CHANDRA KANUMURI — mapped to Angel code S827224
[07:31:17]     [search #1] S827224-Subhash Chandra Kanumuri
S#############I@GMAIL.COM
[07:31:21]   [21/141] SUBHASH CHANDRA KANUMURI  margin=20317.35  balance=20317.35
[07:31:26]   [mapping] 'preeti sinha tyagi' → best match 'preeti sinha tyagi' ratio=1.00 code=P61477
[07:31:26]   [22/141] PREETI SINHA TYAGI — mapped to Angel code P61477
[07:31:29]     [search #1] P61477-Preeti Sinha Tyagi
P#####0@GMAIL.COM
[07:31:33]   [22/141] PREETI SINHA TYAGI  margin=44276.72  balance=31111.47
[07:31:37]   [mapping] 'balaji lakshman' → best match 'balaji lakshman' ratio=1.00 code=B489665
[07:31:37]   [23/141] Balaji Lakshman — mapped to Angel code B489665
[07:31:41]     [search #1] B489665-Balaji Lakshman
B#######L@GMAIL.COM
[07:31:45]   [23/141] Balaji Lakshman  margin=0.0  balance=0.0
[07:31:50]   [mapping] 'shreyas ranganath' → best match 'shreyas ranganath' ratio=1.00 code=S165622
[07:31:50]   [24/141] SHREYAS RANGANATH — mapped to Angel code S165622
[07:31:53]     [search #1] S165622-Shreyas Ranganath
E#####E@GMAIL.COM
[07:31:57]   [24/141] SHREYAS RANGANATH  margin=140086.11  balance=140086.11
[07:32:02]   [mapping] 'sundar krishnan' → best match 'sundar krishnan' ratio=1.00 code=WWW21001
[07:32:02]   [25/141] SUNDAR KRISHNAN — mapped to Angel code WWW21001
[07:32:06]     [search #1] WWW21001-Sundar Krishnan
S#######R@YAHOO.COM
[07:32:10]   [25/141] SUNDAR KRISHNAN  margin=0.52  balance=0.52
[07:32:14]   [mapping] 'rajesh r' → best match 'rajesh r' ratio=1.00 code=WWW21005
[07:32:14]   [26/141] RAJESH R — mapped to Angel code WWW21005
[07:32:18]     [search #1] WWW21005-Rajesh R
R##############L@GMAIL.COM
[07:32:22]   [26/141] RAJESH R  margin=70803.22  balance=70803.22
[07:32:27]   [mapping] 'deepa mahesh' → best match 'deepa mahesh' ratio=1.00 code=D183217
[07:32:27]   [27/141] DEEPA MAHESH — mapped to Angel code D183217
[07:32:30]     [search #1] D183217-Deepa Mahesh
D##############1@YAHOO.COM
[07:32:34]   [27/141] DEEPA MAHESH  margin=339975.15  balance=339975.15
[07:32:38]   [mapping] 'sheetal jyotirao patil' → best match 'sheetal jyotirao patil' ratio=1.00 code=S180892
[07:32:38]   [28/141] SHEETAL JYOTIRAO PATIL — mapped to Angel code S180892
[07:32:42]     [search #1] S180892-Sheetal Jyotirao Patil
S##############E@GMAIL.COM
[07:32:46]   [28/141] SHEETAL JYOTIRAO PATIL  margin=-6.98  balance=-6.98
[07:32:50]   [mapping] 'jitendriya s athavale' → best match 'jitendriya s athavale' ratio=1.00 code=J57332
[07:32:50]   [29/141] JITENDRIYA S ATHAVALE — mapped to Angel code J57332
[07:32:54]     [search #1] J57332-Jitendriya S Athavale
J#####T@GMAIL.COM
[07:32:58]   [29/141] JITENDRIYA S ATHAVALE  margin=0.64  balance=0.64
[07:33:02]   [mapping] 'mayank' → best match 'mayank' ratio=1.00 code=AAAD856596
[07:33:02]   [30/141] Mayank — mapped to Angel code AAAD856596
[07:33:06]     [search #1] AAAD856596-Mayank
A######3@GMAIL.COM
[07:33:10]   [30/141] Mayank  margin=162.11  balance=162.11
[07:33:14]   [mapping] 'ashok shanmugam' → best match 'ashok shanmugam' ratio=1.00 code=A1280699
[07:33:14]   [31/141] Ashok Shanmugam — mapped to Angel code A1280699
[07:33:19]     [search #1] A1280699-Ashok Shanmugam
A##############5@GMAIL.COM
[07:33:22]   [31/141] Ashok Shanmugam  margin=20422.15  balance=20422.15
[07:33:27]   [mapping] 'veena b m' → best match 'veena b m' ratio=1.00 code=V255447
[07:33:27]   [32/141] VEENA B M — mapped to Angel code V255447
[07:33:31]     [search #1] V255447-Veena B M
V#######9@GMAIL.COM
[07:33:35]   [32/141] VEENA B M  margin=100363.71  balance=100363.71
[07:33:40]   [mapping] 'bhuvaneshwari vishwanatha rao' → best match 'bhuvaneshwari vishwanatha rao' ratio=1.00 code=AAAN061011
[07:33:40]   [33/141] Bhuvaneshwari Vishwanatha Rao — mapped to Angel code AAAN061011
[07:33:44]     [search #1] AAAN061011-Bhuvaneshwari Vishwanatha Rao
V########1@GMAIL.COM
[07:33:48]   [33/141] Bhuvaneshwari Vishwanatha Rao  margin=0.0  balance=0.0
[07:33:52]   [mapping] 'jeevan mithra' → best match 'jeevan mithra' ratio=1.00 code=J58374
[07:33:52]   [34/141] JEEVAN MITHRA — mapped to Angel code J58374
[07:33:56]     [search #1] J58374-Jeevan Mithra
A############A@GMAIL.COM
[07:34:00]   [34/141] JEEVAN MITHRA  margin=1000.31  balance=1000.31
[07:34:04]   [mapping] 'nilanjan roychowdhury' → best match 'nilanjan roy chowdhury' ratio=0.98 code=N339061
[07:34:04]   [35/141] NILANJAN ROYCHOWDHURY — mapped to Angel code N339061
[07:34:08]     [search #1] N339061-Nilanjan Roy Chowdhury
A###########N@GMAIL.COM
[07:34:12]   [35/141] NILANJAN ROYCHOWDHURY  margin=0.0  balance=0.0
[07:34:16]   [mapping] 'vikash agarwal' → best match 'vikash agarwal' ratio=1.00 code=V202354
[07:34:16]   [36/141] VIKASH AGARWAL — mapped to Angel code V202354
[07:34:20]     [search #1] V202354-Vikash Agarwal
M############N@GMAIL.COM
[07:34:24]   [36/141] VIKASH AGARWAL  margin=40876.04  balance=40876.04
[07:34:28]   [mapping] 'rajesh kulkarni' → best match 'rajesh kulkarni' ratio=1.00 code=AAAJ217164
[07:34:28]   [37/141] Rajesh Kulkarni — mapped to Angel code AAAJ217164
[07:34:32]     [search #1] AAAJ217164-Rajesh Kulkarni
R######5@GMAIL.COM
[07:34:36]   [37/141] Rajesh Kulkarni  margin=100000.0  balance=100000.0
[07:34:41]   [mapping] 'meher v s s pingali' → best match 'meher v ss pingali' ratio=0.97 code=M80322
[07:34:41]   [38/141] MEHER V S S PINGALI — mapped to Angel code M80322
[07:34:45]     [search #1] M80322-Meher V Ss Pingali
M########S@IN.BOSCH.COM
[07:34:48]   [38/141] MEHER V S S PINGALI  margin=-16.64  balance=-16.64
[07:34:53]   [mapping] 'madhavi darbha' → best match 'madhavi darbha' ratio=1.00 code=M72336
[07:34:53]   [39/141] MADHAVI DARBHA — mapped to Angel code M72336
[07:34:57]     [search #1] M72336-Madhavi Darbha
M##########H@YAHOO.COM
[07:35:00]   [39/141] MADHAVI DARBHA  margin=200045.34  balance=200045.34
[07:35:05]   [mapping] 'sudeepta chakraborty' → best match 'sudeepta chakraborty' ratio=1.00 code=S245402
[07:35:05]   [40/141] Sudeepta Chakraborty — mapped to Angel code S245402
[07:35:09]     [search #1] S245402-Sudeepta Chakraborty
S##########1@GMAIL.COM
[07:35:12]   [40/141] Sudeepta Chakraborty  margin=35500.6  balance=35500.6
[07:35:17]   [mapping] 'girish p kaimal' → best match 'girish p kaimal' ratio=1.00 code=G45043
[07:35:17]   [41/141] GIRISH P KAIMAL — mapped to Angel code G45043
[07:35:23]     [search #1] G45043-Girish P Kaimal
G##########L@GMAIL.COM
[07:35:27]   [41/141] GIRISH P KAIMAL  margin=34913.25  balance=34913.25
[07:35:31]   [mapping] 'alka saxena' → best match 'alka saxena' ratio=1.00 code=A75047
[07:35:31]   [42/141] ALKA SAXENA — mapped to Angel code A75047
[07:35:35]     [search #1] A75047-Alka Saxena
A#########A@YAHOO.COM
[07:35:39]   [42/141] ALKA SAXENA  margin=80676.35  balance=80676.35
[07:35:46]   [mapping] 'giridhar d s' → best match 'giridhar d s' ratio=1.00 code=S2037828
[07:35:46]   [43/141] Giridhar D S — mapped to Angel code S2037828
[07:35:50]     [search #1] S2037828-Srinivasa Dyamenahally Giridhar
G##########9@GMAIL.COM
[07:35:54]   [43/141] Giridhar D S  margin=38032.26  balance=38032.26
[07:35:59]   [mapping] 'venkateswaran govindarajan' → best match 'venkateswaran govindarajan' ratio=1.00 code=G14034
[07:35:59]   [44/141] VENKATESWARAN GOVINDARAJAN — mapped to Angel code G14034
[07:36:05]     [search #1] G14034-G Venkateswaran
G##N@ROCKETMAIL.COM
[07:36:09]   [44/141] VENKATESWARAN GOVINDARAJAN  margin=1798.6  balance=1394.72
[07:36:13]   [mapping] 'nisha agrawal' → best match 'nisha agrawal' ratio=1.00 code=N28188
[07:36:13]   [45/141] Nisha Agrawal — mapped to Angel code N28188
[07:36:17]     [search #1] N28188-Nisha Agrawal
N##########3@GMAIL.COM
[07:36:22]   [45/141] Nisha Agrawal  margin=516.14  balance=516.14
[07:36:26]   [mapping] 'rajasimha karanam' → best match 'rajasimha karanam' ratio=1.00 code=R136412
[07:36:26]   [46/141] RAJASIMHA KARANAM — mapped to Angel code R136412
[07:36:30]     [search #1] R136412-Rajasimha Karanam
R###############M@GMAIL.COM
[07:36:34]   [46/141] RAJASIMHA KARANAM  margin=147.43  balance=147.43
[07:36:38]   [mapping] 'sanjay mannera belliappa' → best match 'sanjay mannera belliappa' ratio=1.00 code=WWW21004
[07:36:38]   [47/141] SANJAY MANNERA BELLIAPPA — mapped to Angel code WWW21004
[07:36:44]     [search #1] WWW21004-Sanjay Mannera Belliappa
S##########6@GMAIL.COM
[07:36:48]   [47/141] SANJAY MANNERA BELLIAPPA  margin=16219.83  balance=16219.83
[07:36:53]   [mapping] 'jayanthi b' → best match 'jayanthi b' ratio=1.00 code=J38781
[07:36:53]   [48/141] Jayanthi B — mapped to Angel code J38781
[07:36:56]     [search #1] J38781-Jayanthi B
J#########N@GMAIL.COM
[07:37:01]   [48/141] Jayanthi B  margin=2411.42  balance=2411.42
[07:37:05]   [mapping] 'preeti amit prabhushastri' → best match 'preeti amit prabhushastri' ratio=1.00 code=P392279
[07:37:05]   [49/141] PREETI AMIT PRABHUSHASTRI — mapped to Angel code P392279
[07:37:09]     [search #1] P392279-Preeti Amit Prabhushastri
P##################I@GMAIL.COM
[07:37:13]   [49/141] PREETI AMIT PRABHUSHASTRI  margin=732.06  balance=732.06
[07:37:20]   [mapping] 'deepa s' → best match 'deepa s' ratio=1.00 code=D26344
[07:37:20]   [50/141] DEEPA S — mapped to Angel code D26344
[07:37:23]     [search #1] D26344-Deepa S
D##############N@GMAIL.COM
[07:37:27]   [50/141] DEEPA S  margin=0.0  balance=0.0
[07:37:32]   [mapping] 'sadayandi saraswathi saravanapandian' → best match 'sadayandi saraswathi saravanapandian' ratio=1.00 code=S188177
[07:37:32]   [51/141] SADAYANDI SARASWATHI SARAVANAPANDIAN — mapped to Angel code S188177
[07:37:38]     [search #1] S188177-Sadayandi Saraswathi Saravanapandian
S#####9@REDIFFMAIL.COM
[07:37:42]   [51/141] SADAYANDI SARASWATHI SARAVANAPANDIAN  margin=-0.87  balance=-0.87
[07:37:46]   [mapping] 'venkatakrishna viswanath' → best match 'venkatakrishna viswanath' ratio=1.00 code=V390461
[07:37:46]   [52/141] Venkatakrishna Viswanath — mapped to Angel code V390461
[07:37:50]     [search #1] V390461-Venkatakrishna Viswanath
V#############V@GMAIL.COM
[07:37:54]   [52/141] Venkatakrishna Viswanath  margin=0.0  balance=0.0
[07:38:01]   [mapping] 'parag chaudhari' → best match 'parag dinkar chaudhari' ratio=0.81 code=P392766
[07:38:01]   [53/141] Parag Chaudhari — mapped to Angel code P392766
[07:38:05]     [search #1] P392766-Parag Dinkar Chaudhari
P#############E@GMAIL.COM
[07:38:08]   [53/141] Parag Chaudhari  margin=730.68  balance=730.68
[07:38:13]   [mapping] 'dyuti banerjee' → best match 'dyuti banerjee' ratio=1.00 code=D502383
[07:38:13]   [54/141] Dyuti Banerjee — mapped to Angel code D502383
[07:38:19]     [search #1] D502383-Dyuti Banerjee
D############E@GMAIL.COM
[07:38:23]   [54/141] Dyuti Banerjee  margin=0.0  balance=0.0
[07:38:27]   [mapping] 'mahendar jitender singh' → best match 'mahendarjitender singh' ratio=0.98 code=M93786
[07:38:27]   [55/141] MAHENDAR JITENDER SINGH — mapped to Angel code M93786
[07:38:32]     [search #1] M93786-Mahendarjitender Singh
J####4@GMAIL.COM
[07:38:37]   [55/141] MAHENDAR JITENDER SINGH  margin=59.5  balance=59.5
[07:38:41]   [mapping] 'sarath chandran' → best match 'sarath chandran' ratio=1.00 code=S1218454
[07:38:41]   [56/141] SARATH CHANDRAN — mapped to Angel code S1218454
[07:38:45]     [search #1] S1218454-Sarath Chandran
S###################S@GMAIL.COM
[07:38:50]   [56/141] SARATH CHANDRAN  margin=10299.21  balance=10299.21
[07:38:55]   [mapping] 'sathish kumar c v' → best match 'sathish kumar c v' ratio=1.00 code=C30278
[07:38:55]   [57/141] SATHISH KUMAR C V — mapped to Angel code C30278
[07:38:58]     [search #1] C30278-C V Sathish Kumar
S#########N@YAHOO.COM
[07:39:02]   [57/141] SATHISH KUMAR C V  margin=35339.45  balance=35339.45
[07:39:06]   [mapping] 'purohit avitash anupkumar' → best match 'purohit avitash anupkuma' ratio=0.98 code=A128523
[07:39:06]   [58/141] Purohit Avitash Anupkumar — mapped to Angel code A128523
[07:39:12]     [search #1] A128523-Avitash Purohit
A#################G@GMAIL.COM
[07:39:15]   [58/141] Purohit Avitash Anupkumar  margin=37888.17  balance=37888.17
[07:39:20]   [mapping] 'geethamurthy sirvaram basavaraju' → best match 'geethamurthy sirvaram basavaraju' ratio=1.00 code=G24411
[07:39:20]   [59/141] GEETHAMURTHY SIRVARAM BASAVARAJU — mapped to Angel code G24411
[07:39:23]     [search #1] G24411-Geethamurthy Sirvaram Basavaraju
S#########7@GMAIL.COM
[07:39:28]   [59/141] GEETHAMURTHY SIRVARAM BASAVARAJU  margin=42967.88  balance=42967.88
[07:39:32]   [mapping] 'samrruta aiyer' → best match 'samrruta aiyer' ratio=1.00 code=S2038444
[07:39:32]   [60/141] Samrruta Aiyer — mapped to Angel code S2038444
[07:39:36]     [search #1] S2038444-Samrruta Aiyer
R#########R@GMAIL.COM
[07:39:40]   [60/141] Samrruta Aiyer  margin=110281.74  balance=110281.74
[07:39:46]   [mapping] 'a jessie selva celina' → best match 'a jessie selva celina' ratio=1.00 code=AAAJ851300
[07:39:46]   [61/141] A Jessie Selva Celina — mapped to Angel code AAAJ851300
[07:39:51]     [search #1] AAAJ851300-A Jessie Selva Celina
J###########A@GMAIL.COM
[07:39:55]   [61/141] A Jessie Selva Celina  margin=25068.61  balance=25068.61
[07:39:59]   [mapping] 'anandhi ganapathy iyer' → best match 'anandhi ganpathy iyer' ratio=0.98 code=A189526
[07:39:59]   [62/141] ANANDHI GANAPATHY IYER — mapped to Angel code A189526
[07:40:03]     [search #1] A189526-Anandhi Ganpathy Iyer
A########R@GMAIL.COM
[07:40:08]   [62/141] ANANDHI GANAPATHY IYER  margin=295.98  balance=295.98
[07:40:13]   [mapping] 'chaitanya b' → best match 'chaitanya b' ratio=1.00 code=c22786
[07:40:13]   [63/141] CHAITANYA B — mapped to Angel code c22786
[07:40:16]     [search #1] C22786-Chaitanya B
C###########H@GMAIL.COM
[07:40:20]   [63/141] CHAITANYA B  margin=586.66  balance=586.66
[07:40:28]   [mapping] 'asok ramya' → best match 'asok ramya' ratio=1.00 code=A153766
[07:40:28]   [64/141] Asok Ramya — mapped to Angel code A153766
[07:40:31]     [search #1] A153766-Asok Ramya
V#######G@HOTMAIL.COM
[07:40:35]   [64/141] Asok Ramya  margin=991.88  balance=991.88
[07:40:39]   [mapping] 'thatte sumit vishwas' → best match 'thatte sumit vishwas' ratio=1.00 code=T10891
[07:40:39]   [65/141] THATTE SUMIT VISHWAS — mapped to Angel code T10891
[07:40:44]     [search #1] T10891-Thatte Sumit Vishwas
S##########E@YAHOO.COM
[07:40:48]   [65/141] THATTE SUMIT VISHWAS  margin=20000.0  balance=20000.0
[07:40:53]   [mapping] 'atoshi chakraborty' → best match 'atoshi chakraborty' ratio=1.00 code=A127736
[07:40:53]   [66/141] ATOSHI CHAKRABORTY — mapped to Angel code A127736
[07:40:56]     [search #1] A127736-Atoshi Chakraborty
A########P@GMAIL.COM
[07:41:00]   [66/141] ATOSHI CHAKRABORTY  margin=25261.38  balance=25261.38
[07:41:07]   [mapping] 'atoshi chakraborty' → best match 'atoshi chakraborty' ratio=1.00 code=A127736
[07:41:07]   [67/141] ATOSHI CHAKRABORTY — mapped to Angel code A127736
[07:41:11]     [search #1] A127736-Atoshi Chakraborty
A########P@GMAIL.COM
[07:41:15]   [67/141] ATOSHI CHAKRABORTY  margin=25261.38  balance=25261.38
[07:41:19]   [mapping] 'rinki dasgupta' → best match 'rinki dasgupta' ratio=1.00 code=R68566
[07:41:19]   [68/141] RINKI DASGUPTA — mapped to Angel code R68566
[07:41:24]     [search #1] R68566-Rinki Dasgupta
R############A@YAHOO.COM
[07:41:28]   [68/141] RINKI DASGUPTA  margin=49937.64  balance=-62.36
[07:41:33]   [mapping] 'gnanavadivel s' → best match 'gnanavadivel s' ratio=1.00 code=G25402
[07:41:33]   [69/141] GNANAVADIVEL S — mapped to Angel code G25402
[07:41:36]     [search #1] G25402-Gnanavadivel S
G############I@GMAIL.COM
[07:41:40]   [69/141] GNANAVADIVEL S  margin=413.8  balance=413.8
[07:41:46]   [mapping] 'k sanjay varier' → best match 'k sanjay varier' ratio=1.00 code=K276677
[07:41:46]   [70/141] K SANJAY VARIER — mapped to Angel code K276677
[07:41:50]     [search #1] K276677-K Sanjay Varier
S###########R@GMAIL.COM
[07:41:54]   [70/141] K SANJAY VARIER  margin=610.21  balance=610.21
[07:41:58]   [mapping] 'chandrani roy' → best match 'chandrani roy' ratio=1.00 code=C31074
[07:41:58]   [71/141] CHANDRANI ROY — mapped to Angel code C31074
[07:42:02]     [search #1] C31074-Chandrani Roy Joarder
C#############7@GMAIL.COM
[07:42:06]   [71/141] CHANDRANI ROY  margin=404.72  balance=404.72
[07:42:11]   [mapping] 'sandeep kaliyath' → best match 'sandeep kaliyath' ratio=1.00 code=S134579
[07:42:11]   [72/141] SANDEEP KALIYATH — mapped to Angel code S134579
[07:42:14]     [search #1] S134579-Sandeep Kaliyath
S#############H@HOTMAIL.COM
[07:42:18]   [72/141] SANDEEP KALIYATH  margin=50795.1  balance=50795.1
[07:42:26]   [mapping] 'harish hebbar' → best match 'harish hebbar' ratio=1.00 code=H204073
[07:42:26]   [73/141] HARISH HEBBAR — mapped to Angel code H204073
[07:42:29]     [search #1] H204073-Harish Hostota Hebbar
H##########R@YAHOO.COM
[07:42:33]   [73/141] HARISH HEBBAR  margin=85182.86  balance=85182.86
[07:42:38]   [mapping] 'arun kumar nath' → best match 'arun kumar nath' ratio=1.00 code=A76108
[07:42:38]   [74/141] ARUN KUMAR NATH — mapped to Angel code A76108
[07:42:41]     [search #1] A76108-Arun Kumar Nath
A#######H@REDIFFMAIL.COM
[07:42:46]   [74/141] ARUN KUMAR NATH  margin=208235.37  balance=208235.37
[07:42:50]   [mapping] 'v n k satyasai tata' → best match 'v n k satyasai tata' ratio=1.00 code=V206305
[07:42:50]   [75/141] V N K SATYASAI TATA — mapped to Angel code V206305
[07:42:54]     [search #1] V206305-V N K Satyasai Tata
S#########0@YAHOO.COM
[07:42:58]   [75/141] V N K SATYASAI TATA  margin=354.18  balance=354.18
[07:43:05]   [mapping] 'srinivasa govinda' → best match 'srinivasa govinda' ratio=1.00 code=AAAG195194
[07:43:05]   [76/141] Srinivasa Govinda — mapped to Angel code AAAG195194
[07:43:09]     [search #1] AAAG195194-Srinivasa Govinda
S#########2@GMAIL.COM
[07:43:13]   [76/141] Srinivasa Govinda  margin=30114.23  balance=30114.23
[07:43:17]   [mapping] 'a balamurugan' → best match 'a balamurugan' ratio=1.00 code=A158410
[07:43:17]   [77/141] A BALAMURUGAN — mapped to Angel code A158410
[07:43:24]     [search #1] A158410-A Balamurugan
B#######E@GMAIL.COM
[07:43:27]   [77/141] A BALAMURUGAN  margin=12983.87  balance=12983.87
[07:43:32]   [mapping] 'sphoorti kumar' → best match 'sphoorti kumar' ratio=1.00 code=S774752
[07:43:32]   [78/141] SPHOORTI KUMAR — mapped to Angel code S774752
[07:43:36]     [search #1] S774752-Sphoorti Kumar
S############R@GMAIL.COM
[07:43:39]   [78/141] SPHOORTI KUMAR  margin=247.26  balance=247.26
[07:43:44]   [mapping] 'arun raghavan' → best match 'arun raghavan' ratio=1.00 code=A137617
[07:43:44]   [79/141] ARUN RAGHAVAN — mapped to Angel code A137617
[07:43:48]     [search #1] A137617-Arun Raghavan Lakshminarayanan
R##########N@GMAIL.COM
[07:43:52]   [79/141] ARUN RAGHAVAN  margin=34.75  balance=34.75
[07:43:56]   [mapping] 'veena rajappa' → best match 'veena rajappa' ratio=1.00 code=V200609
[07:43:56]   [80/141] VEENA RAJAPPA — mapped to Angel code V200609
[07:44:02]     [search #1] V200609-Veena Rajappa
R###########A@GMAIL.COM
[07:44:06]   [80/141] VEENA RAJAPPA  margin=453738.39  balance=453738.39
[07:44:11]   [mapping] 'arindam roy chowdhury' → best match 'arindam roy chowdhury' ratio=1.00 code=A151917
[07:44:11]   [81/141] ARINDAM ROY CHOWDHURY — mapped to Angel code A151917
[07:44:14]     [search #1] A151917-Arindam Roy Chowdhury
R##################M@GMAIL.COM
[07:44:18]   [81/141] ARINDAM ROY CHOWDHURY  margin=919.46  balance=919.46
[07:44:23]   [mapping] 'kailasam krishnamurthy' → best match 'kailasam krishnamurthy' ratio=1.00 code=K56225
[07:44:23]   [82/141] KAILASAM KRISHNAMURTHY — mapped to Angel code K56225
[07:44:27]     [search #1] K56225-Kailasam P K
K##########0@GMAIL.COM
[07:44:31]   [82/141] KAILASAM KRISHNAMURTHY  margin=986.38  balance=986.38
[07:44:35]   [mapping] 'nitin joshi' → best match 'nitin joshi' ratio=1.00 code=N75117
[07:44:35]   [83/141] NITIN JOSHI — mapped to Angel code N75117
[07:44:40]     [search #1] N75117-Nitin Joshi
N##########5@GMAIL.COM
[07:44:44]   [83/141] NITIN JOSHI  margin=905.94  balance=905.94
[07:44:48]   [mapping] 'kapil agrawal' → best match 'kapil agrawal' ratio=1.00 code=K658424
[07:44:48]   [84/141] KAPIL AGRAWAL — mapped to Angel code K658424
[07:44:52]     [search #1] K658424-Kapil Agrawal
K##########1@GMAIL.COM
[07:44:56]   [84/141] KAPIL AGRAWAL  margin=210.53  balance=210.53
[07:45:02]   [mapping] 'b p nachappa' → best match 'b p nachappa' ratio=1.00 code=B39253
[07:45:02]   [85/141] B P NACHAPPA — mapped to Angel code B39253
[07:45:05]     [search #1] B39253-B P Nachappa
N########P@YAHOO.COM
[07:45:09]   [85/141] B P NACHAPPA  margin=325.37  balance=325.37
[07:45:13]   [mapping] 'oliver sachin quadras' → best match 'oliver sachin quadras' ratio=1.00 code=O1481
[07:45:13]   [86/141] OLIVER SACHIN QUADRAS — mapped to Angel code O1481
[07:45:18]     [search #1] O1481-Oliver Sachin Quadras
O########I@GMAIL.COM
[07:45:22]   [86/141] OLIVER SACHIN QUADRAS  margin=466.16  balance=466.16
[07:45:26]   [mapping] 'guruprasad' → best match 'guruprasad' ratio=1.00 code=G21630
[07:45:26]   [87/141] GURUPRASAD — mapped to Angel code G21630
[07:45:30]     [search #1] G21630-Guruprasad
G######6@YAHOO.CO.IN
[07:45:34]   [87/141] GURUPRASAD  margin=1420.99  balance=1420.99
[07:45:40]   [mapping] 'hariprasada k' → best match 'hariprasada k' ratio=1.00 code=H29679
[07:45:40]   [88/141] HARIPRASADA K — mapped to Angel code H29679
[07:45:44]     [search #1] H29679-Hariprasada K
K####T@YAHOO.COM
[07:45:47]   [88/141] HARIPRASADA K  margin=30956.75  balance=30956.75
[07:45:52]   [mapping] 'lakshmi s bangalore' → best match 'lakshmi s bangalore' ratio=1.00 code=L61064371
[07:45:52]   [89/141] Lakshmi S Bangalore — mapped to Angel code L61064371
[07:45:56]     [search #1] L61064371-Lakshmi S Bangalore
L##############5@GMAIL.COM
[07:45:59]   [89/141] Lakshmi S Bangalore  margin=0.0  balance=0.0
[07:46:06]   [mapping] 'praveen s r' → best match 'praveen s r' ratio=1.00 code=P108065
[07:46:06]   [90/141] Praveen S R — mapped to Angel code P108065
[07:46:10]     [search #1] P108065-Praveen Ramamoorthy Saya
P########N@GMAIL.COM
[07:46:14]   [90/141] Praveen S R  margin=77924.54  balance=77924.54
[07:46:18]   [mapping] 'kabita sivakumar' → best match 'kabita sivakumar' ratio=1.00 code=K57830
[07:46:18]   [91/141] KABITA SIVAKUMAR — mapped to Angel code K57830
[07:46:23]     [search #1] K57830-Kabita Sivakumar
S##################R@GMAIL.COM
[07:46:26]   [91/141] KABITA SIVAKUMAR  margin=532.76  balance=532.76
[07:46:31]   [mapping] 'nidhi agrawal' → best match 'nidhi agrawal' ratio=1.00 code=N70467
[07:46:31]   [92/141] NIDHI AGRAWAL — mapped to Angel code N70467
[07:46:35]     [search #1] N70467-Nidhi Agrawal
M######K@GMAIL.COM
[07:46:39]   [92/141] NIDHI AGRAWAL  margin=0.0  balance=0.0
[07:46:44]   [mapping] 'rajkumar srinivasan' → best match 'rajkumar srinivasan' ratio=1.00 code=R976230
[07:46:44]   [93/141] Rajkumar Srinivasan — mapped to Angel code R976230
[07:46:48]     [search #1] R976230-Rajkumar Srinivasan
R###############S@GMAIL.COM
[07:46:52]   [93/141] Rajkumar Srinivasan  margin=253.6  balance=253.6
[07:46:56]   [mapping] 'madalasa v' → best match 'madalasa v' ratio=1.00 code=M243761
[07:46:56]   [94/141] MADALASA V — mapped to Angel code M243761
[07:47:02]     [search #1] M243761-Madalasa Venkataraman
V#######A@GMAIL.COM
[07:47:06]   [94/141] MADALASA V  margin=294.46  balance=294.46
[07:47:10]   [mapping] 'vishal srinivasa' → best match 'vishal srinivasa' ratio=1.00 code=AABX421057
[07:47:10]   [95/141] vishal srinivasa — mapped to Angel code AABX421057
[07:47:14]     [search #1] AABX421057-Vishal Srinivasa
V###############A@GMAIL.COM
[07:47:18]   [95/141] vishal srinivasa  margin=212.65  balance=212.65
[07:47:23]   [mapping] 'j pravin kumar' → best match 'j pravin kumar' ratio=1.00 code=J233605
[07:47:23]   [96/141] J PRAVIN KUMAR — mapped to Angel code J233605
[07:47:26]     [search #1] J233605-Jagannathan Pravin Kumar
P##########0@GMAIL.COM
[07:47:30]   [96/141] J PRAVIN KUMAR  margin=0.0  balance=0.0
[07:47:35]   [mapping] 'bharateshwar r boke' → best match 'bharateshwar r boke' ratio=1.00 code=B107256
[07:47:35]   [97/141] BHARATESHWAR R BOKE — mapped to Angel code B107256
[07:47:40]     [search #1] B107256-Bharateshwar R Boke
B#########E@GMAIL.COM
[07:47:44]   [97/141] BHARATESHWAR R BOKE  margin=0.25  balance=0.25
[07:47:48]   [mapping] 'meenakshi pathania' → best match 'meenakshi pathania' ratio=1.00 code=M847474
[07:47:48]   [98/141] MEENAKSHI PATHANIA — mapped to Angel code M847474
[07:47:52]     [search #1] M847474-Meenakshi Pathania
M###############A@GMAIL.COM
[07:47:56]   [98/141] MEENAKSHI PATHANIA  margin=0.0  balance=0.0
[07:48:03]   [mapping] 'murugan arjunan' → best match 'murugan arjunan' ratio=1.00 code=A124917
[07:48:03]   [99/141] MURUGAN ARJUNAN — mapped to Angel code A124917
[07:48:07]     [search #1] A124917-Arjunan Murugan
A#######8@GMAIL.COM
[07:48:11]   [99/141] MURUGAN ARJUNAN  margin=274.59  balance=274.59
[07:48:15]   [mapping] 'sandeep miranda' → best match 'sandeep miranda' ratio=1.00 code=S134978
[07:48:15]   [100/141] SANDEEP MIRANDA — mapped to Angel code S134978
[07:48:20]     [search #1] S134978-Sandeep Miranda
S############A@GMAIL.COM
[07:48:23]   [100/141] SANDEEP MIRANDA  margin=148028.09  balance=143028.09
[07:48:28]   [mapping] 'srinivasan a' → best match 'srinivasan a' ratio=1.00 code=AAAP898684
[07:48:28]   [101/141] Srinivasan A — mapped to Angel code AAAP898684
[07:48:32]     [search #1] AAAP898684-Srinivasan A
S############S@GMAIL.COM
[07:48:36]   [101/141] Srinivasan A  margin=21062.74  balance=21062.74
[07:48:43]   [mapping] 'sumalatha hallur' → best match 'sumalatha hallur' ratio=1.00 code=S218267
[07:48:43]   [102/141] SUMALATHA HALLUR — mapped to Angel code S218267
[07:48:47]     [search #1] S218267-Sumalatha Hallur
S###############A@GMAIL.COM
[07:48:51]   [102/141] SUMALATHA HALLUR  margin=0.0  balance=0.0
[07:48:55]   [mapping] 'shekhar bhattacharjee' → best match 'shekhar bhattacharjee' ratio=1.00 code=S57797174
[07:48:55]   [103/141] Shekhar Bhattacharjee — mapped to Angel code S57797174
[07:49:00]     [search #1] S57797174-Shekhar Bhattacharjee
S#####2@GMAIL.COM
[07:49:04]   [103/141] Shekhar Bhattacharjee  margin=0.0  balance=0.0
[07:49:08]   [mapping] 'amit baliram kanshide' → best match 'amit baliram kanshide' ratio=1.00 code=A659752
[07:49:08]   [104/141] AMIT BALIRAM KANSHIDE — mapped to Angel code A659752
[07:49:12]     [search #1] A659752-Amit Baliram Kanshide
K##########T@GMAIL.COM
[07:49:16]   [104/141] AMIT BALIRAM KANSHIDE  margin=14245.51  balance=14245.51
[07:49:21]   [mapping] 'c nageshwar' → best match 'c nageshwar' ratio=1.00 code=C24747
[07:49:21]   [105/141] C NAGESHWAR — mapped to Angel code C24747
[07:49:24]     [search #1] C24747-C Nageshwar
N######6@YAHOO.COM
[07:49:28]   [105/141] C NAGESHWAR  margin=542.18  balance=542.18
[07:49:33]   [mapping] 'goutam dan' → best match 'goutam dan' ratio=1.00 code=G13464
[07:49:33]   [106/141] GOUTAM DAN — mapped to Angel code G13464
[07:49:38]     [search #1] G13464-Goutam Dan
D########M@GMAIL.COM
[07:49:42]   [106/141] GOUTAM DAN  margin=761.2  balance=761.2
[07:49:47]   [mapping] 'anitha balaji' → best match 'anitha balaji' ratio=1.00 code=A72269
[07:49:47]   [107/141] Anitha Balaji — mapped to Angel code A72269
[07:49:50]     [search #1] A72269-Anitha Balaji
R###############I@GMAIL.COM
[07:49:56]   [107/141] Anitha Balaji  margin=95.06  balance=95.06
[07:50:00]   [mapping] 'manas chakraborty' → best match 'manas chakraborty' ratio=1.00 code=M41653
[07:50:00]   [108/141] MANAS CHAKRABORTY — mapped to Angel code M41653
[07:50:04]     [search #1] M41653-Manas Chakraborty
C###########M@YAHOO.COM
[07:50:08]   [108/141] MANAS CHAKRABORTY  margin=7385.94  balance=7385.94
[07:50:15]   [mapping] 'kandala anil sharma' → best match 'kandala anil sarma' ratio=0.97 code=K431319
[07:50:15]   [109/141] KANDALA ANIL SHARMA — mapped to Angel code K431319
[07:50:18]     [search #1] K431319-Kandala Anil Sarma
I#############8@GMAIL.COM
[07:50:22]   [109/141] KANDALA ANIL SHARMA  margin=99.01  balance=99.01
[07:50:27]   [mapping] 'mahesh j shankar' → best match 'mahesh shankar' ratio=0.93 code=M131431
[07:50:27]   [110/141] MAHESH J SHANKAR — mapped to Angel code M131431
[07:50:30]     [search #1] M131431-Mahesh Shankar
S######3@GMAIL.COM
[07:50:34]   [110/141] MAHESH J SHANKAR  margin=348476.96  balance=348476.96
[07:50:40]   [mapping] 'akansha a pilley' → best match 'akansha arun pilley' ratio=0.91 code=A1440119
[07:50:40]   [111/141] Akansha A Pilley — mapped to Angel code A1440119
[07:50:44]     [search #1] A1440119-Akansha Arun Pilley
A############Y@GMAIL.COM
[07:50:48]   [111/141] Akansha A Pilley  margin=1006.14  balance=1006.14
[07:50:52]   [mapping] 'niranjan parthasarathy' → best match 'niranjan parthasarathy' ratio=1.00 code=N107516
[07:50:52]   [112/141] Niranjan Parthasarathy — mapped to Angel code N107516
[07:50:58]     [search #1] N107516-Niranjan Parthasarathy
N##########4@GMAIL.COM
[07:51:02]   [112/141] Niranjan Parthasarathy  margin=105880.6  balance=105927.8
[07:51:07]   [mapping] 'angira barman' → best match 'angira barman' ratio=1.00 code=A79949
[07:51:07]   [113/141] ANGIRA BARMAN — mapped to Angel code A79949
[07:51:11]     [search #1] A79949-Angira Barman
N###################Y@GMAIL.COM
[07:51:15]   [113/141] ANGIRA BARMAN  margin=30440.13  balance=30440.13
[07:51:20]   [mapping] 'sachin joshi' → best match 'sachin joshi' ratio=1.00 code=S233954
[07:51:20]   [114/141] SACHIN JOSHI — mapped to Angel code S233954
[07:51:24]     [search #1] S233954-Sachin Joshi
S#####K@GMAIL.COM
[07:51:27]   [114/141] SACHIN JOSHI  margin=108.16  balance=108.16
[07:51:32]   [mapping] 'sudeep santram dalvi' → best match 'sudeep santram dalvi' ratio=1.00 code=S108341
[07:51:32]   [115/141] SUDEEP SANTRAM DALVI — mapped to Angel code S108341
[07:51:37]     [search #1] S108341-Sudeep Santram Dalvi
S###########6@GMAIL.COM
[07:51:41]   [115/141] SUDEEP SANTRAM DALVI  margin=126649.01  balance=101350.47
[07:51:45]   [mapping] 'kiran uthappa m' → best match 'kiran uthappa m' ratio=1.00 code=K411072
[07:51:45]   [116/141] Kiran Uthappa M — mapped to Angel code K411072
[07:51:49]     [search #1] K411072-Kiran Uthappa M
K##########A@GMAIL.COM
[07:51:55]   [116/141] Kiran Uthappa M  margin=100296.96  balance=100296.96
[07:52:00]   [mapping] 'joshua sundarraj' → best match 'joshua sundarraj' ratio=1.00 code=J160252
[07:52:00]   [117/141] Joshua Sundarraj — mapped to Angel code J160252
[07:52:04]     [search #1] J160252-Joshua Sundarraj
J###############J@YAHOO.COM
[07:52:07]   [117/141] Joshua Sundarraj  margin=90.82  balance=90.82
[07:52:12]   [mapping] 'srividhya muralidharan' → best match 'srividhya muralidharan' ratio=1.00 code=S1195075
[07:52:12]   [118/141] Srividhya Muralidharan — mapped to Angel code S1195075
[07:52:16]     [search #1] S1195075-Srividhya Muralidharan
S#################N@GMAIL.COM
[07:52:20]   [118/141] Srividhya Muralidharan  margin=25341.6  balance=25341.6
[07:52:25]   [mapping] 'sourabh manoj bhattacharya' → best match 'sourabh manoj bhattacharya' ratio=1.00 code=S317219
[07:52:25]   [119/141] Sourabh Manoj Bhattacharya — mapped to Angel code S317219
[07:52:28]     [search #1] S317219-Sourabh Manoj Bhattacharya
S##########H@GMAIL.COM
[07:52:32]   [119/141] Sourabh Manoj Bhattacharya  margin=14129.49  balance=6026.11
[07:52:38]   [mapping] 'velkumar bahulayan' → best match 'velkumar bahulayan' ratio=1.00 code=V57376
[07:52:38]   [120/141] VELKUMAR BAHULAYAN — mapped to Angel code V57376
[07:52:42]     [search #1] V57376-Velkumar Bahulayan
V######1@GMAIL.COM
[07:52:46]   [120/141] VELKUMAR BAHULAYAN  margin=50359.18  balance=50359.18
[07:52:50]   [mapping] 'deepak dinkar joshi' → best match 'deepak dinkar joshi' ratio=1.00 code=D47116
[07:52:50]   [121/141] DEEPAK DINKAR JOSHI — mapped to Angel code D47116
[07:52:54]     [search #1] D47116-Deepak Dinkar Joshi
A######J@GMAIL.COM
[07:52:58]   [121/141] DEEPAK DINKAR JOSHI  margin=50074.23  balance=50074.23
[07:53:02]   [mapping] 'meenakshi s' → best match 'meenakshi s' ratio=1.00 code=M56571
[07:53:02]   [122/141] Meenakshi S — mapped to Angel code M56571
[07:53:06]     [search #1] M56571-Meenakshi S
K##########1@GMAIL.COM
[07:53:10]   [122/141] Meenakshi S  margin=100344.6  balance=100344.6
[07:53:18]   [mapping] 'ramalingam kuppuswamy anbarasu' → best match 'ramalingam kuppuswamy anbarasu' ratio=1.00 code=WWW21006
[07:53:18]   [123/141] RAMALINGAM KUPPUSWAMY ANBARASU — mapped to Angel code WWW21006
[07:53:21]     [search #1] WWW21006-R. K. Anbarasu
A############Y@GMAIL.COM
[07:53:25]   [123/141] RAMALINGAM KUPPUSWAMY ANBARASU  margin=100.95  balance=100.95
[07:53:30]   [mapping] 'gayathri rajesh' → best match 'gayathri rajesh' ratio=1.00 code=G338540
[07:53:30]   [124/141] Gayathri Rajesh — mapped to Angel code G338540
[07:53:33]     [search #1] G338540-Gayathri Rajesh
G##############2@GMAIL.COM
[07:53:38]   [124/141] Gayathri Rajesh  margin=30658.21  balance=30658.21
[07:53:42]   [mapping] 'krithika suriyanarayanan' → best match 'krithika suriyanarayanan' ratio=1.00 code=AABX637042
[07:53:42]   [125/141] KRITHIKA SURIYANARAYANAN — mapped to Angel code AABX637042
[07:53:46]     [search #1] AABX637042-Krithika Suriyanarayanan
K############R@REDIFFMAIL.COM
[07:53:50]   [125/141] KRITHIKA SURIYANARAYANAN  margin=0.0  balance=0.0
[07:53:57]   [mapping] 'dharmapalan p s' → best match 'dharmapalan p s' ratio=1.00 code=WWW21009
[07:53:58]   [126/141] DHARMAPALAN P S — mapped to Angel code WWW21009
[07:54:01]     [search #1] WWW21009-Dharmapalan P S
D###########S@GMAIL.COM
[07:54:05]   [126/141] DHARMAPALAN P S  margin=81551.15  balance=81551.15
[07:54:10]   [mapping] 'amit sood' → best match 'amit sood' ratio=1.00 code=A466720
[07:54:10]   [127/141] AMIT SOOD — mapped to Angel code A466720
[07:54:14]     [search #1] A466720-Amit Sood
A############E@GMAIL.COM
[07:54:18]   [127/141] AMIT SOOD  margin=0.0  balance=0.0
[07:54:23]   [mapping] 'balakumar k b' → best match 'balakumar k b' ratio=1.00 code=B37704
[07:54:23]   [128/141] BALAKUMAR K B — mapped to Angel code B37704
[07:54:27]     [search #1] B37704-Balakumar Kolinjivadi Balasubramaniam
K#########R@REDIFFMAIL.COM
[07:54:30]   [128/141] BALAKUMAR K B  margin=47480.36  balance=7480.36
[07:54:38]   [mapping] 'madhu madhurakavi' → best match 'madhu madhurakavi' ratio=1.00 code=M74479
[07:54:38]   [129/141] MADHU MADHURAKAVI — mapped to Angel code M74479
[07:54:42]     [search #1] M74479-Madhu Madhurakavi
M###############I@YAHOO.IN
[07:54:45]   [129/141] MADHU MADHURAKAVI  margin=0.0  balance=0.0
[07:54:50]   [mapping] 'krishna latha vaddadi' → best match 'krishna latha vaddadi' ratio=1.00 code=K58831074
[07:54:50]   [130/141] KRISHNA LATHA VADDADI — mapped to Angel code K58831074
[07:54:56]     [search #1] K58831074-Krishna Latha Vaddadi
K#############5@GMAIL.COM
[07:54:59]   [130/141] KRISHNA LATHA VADDADI  margin=0.0  balance=0.0
[07:55:04]   [mapping] 'gunturu naga maruthi kumari' → best match 'gunturu naga maruthi kumari' ratio=1.00 code=AAAQ657024
[07:55:04]   [131/141] GUNTURU NAGA MARUTHI KUMARI — mapped to Angel code AAAQ657024
[07:55:08]     [search #1] AAAQ657024-Gunturu Naga Maruthi Kumari
M##################U@GMAIL.COM
[07:55:12]   [131/141] GUNTURU NAGA MARUTHI KUMARI  margin=414.42  balance=414.42
[07:55:16]   [mapping] 'anil kumar' → best match 'a anil kumar' ratio=0.91 code=A849914
[07:55:16]   [132/141] ANIL KUMAR — mapped to Angel code A849914
[07:55:20]     [search #1] A849914-A Anil Kumar
A################3@GMAIL.COM
[07:55:24]   [132/141] ANIL KUMAR  margin=10433.89  balance=10433.89
[07:55:28]   [mapping] 'syama sundar pingali' → best match 'syama sundar pingali' ratio=1.00 code=S126842
[07:55:28]   [133/141] SYAMA SUNDAR PINGALI — mapped to Angel code S126842
[07:55:34]     [search #1] S126842-Syama Sundar Pingali
S######S@YAHOO.COM
[07:55:38]   [133/141] SYAMA SUNDAR PINGALI  margin=407.42  balance=407.42
[07:55:42]   [mapping] 'suresh narayan srinivasan' → best match 'suresh narayan srinivasan' ratio=1.00 code=WWW21011
[07:55:42]   [134/141] SURESH NARAYAN SRINIVASAN — mapped to Angel code WWW21011
[07:55:46]     [search #1] WWW21011-Suresh Narayan Srinivasan
S############S@OUTLOOK.COM
[07:55:50]   [134/141] SURESH NARAYAN SRINIVASAN  margin=156.35  balance=156.35
[07:55:55]   [mapping] 's manjunath' → best match 's manjunath' ratio=1.00 code=S106607
[07:55:55]   [135/141] S MANJUNATH — mapped to Angel code S106607
[07:55:59]     [search #1] S106607-S Manjunath
Y###########H@YAHOO.COM
[07:56:03]   [135/141] S MANJUNATH  margin=25472.68  balance=25472.68
[07:56:07]   [mapping] 'aditya s chandok' → best match 'aditya s chandok' ratio=1.00 code=A1437113
[07:56:07]   [136/141] ADITYA S CHANDOK — mapped to Angel code A1437113
[07:56:13]     [search #1] A1437113-Aditya Subhashchandra Chandok
A############K@GMAIL.COM
[07:56:17]   [136/141] ADITYA S CHANDOK  margin=23.6  balance=23.6
[07:56:21]   [mapping] 'sai prashanth ramanathan' → best match 'sai prashanth ramanathan' ratio=1.00 code=AAAJ984428
[07:56:21]   [137/141] Sai Prashanth Ramanathan — mapped to Angel code AAAJ984428
[07:56:25]     [search #1] AAAJ984428-Sai Prashanth Ramanathan
R#####U@YAHOO.COM
[07:56:32]   [137/141] Sai Prashanth Ramanathan  margin=50136.91  balance=50136.91
[07:56:36]   [mapping] 'ramachandran swaminathan' → best match 'ramchandran swaminathan' ratio=0.98 code=R41151
[07:56:36]   [138/141] Ramachandran Swaminathan — mapped to Angel code R41151
[07:56:40]     [search #1] R41151-Ramchandran Swaminathan
S########A@GMAIL.COM
[07:56:44]   [138/141] Ramachandran Swaminathan  margin=144603.0  balance=144603.0
[07:56:50]   [mapping] 'anju ravichandran' → best match 'anju ravichandran' ratio=1.00 code=A59514355
[07:56:50]   [139/141] Anju Ravichandran — mapped to Angel code A59514355
[07:56:54]     [search #1] A59514355-Anju Ravichandran
A#####1@GMAIL.COM
[07:56:58]   [139/141] Anju Ravichandran  margin=339.85  balance=339.85
[07:57:03]   [mapping] 'catherine joshua thundyil' → best match 'catherine joshua thundyil' ratio=1.00 code=C31724
[07:57:03]   [140/141] CATHERINE JOSHUA THUNDYIL — mapped to Angel code C31724
[07:57:07]     [search #1] C31724-Catherine Joshua T
C########L@GMAIL.COM
[07:57:11]   [140/141] CATHERINE JOSHUA THUNDYIL  margin=50288.96  balance=50288.96
[07:57:15]   [mapping] 'narayana rao malla' → best match 'narayana rao malla' ratio=1.00 code=N78150
[07:57:15]   [141/141] NARAYANA RAO MALLA — mapped to Angel code N78150
[07:57:19]     [search #1] N78150-Narayana Rao Malla
N############A@GMAIL.COM
[07:57:22]   [141/141] NARAYANA RAO MALLA  margin=341.61  balance=341.61
[07:57:31] 
[gcs] ✓ gs://winrich_shared/data/AngleNxt/angelone_equity_margins.csv
[07:57:36] [email] ✓ Email sent to niranjan@winrich.in
[07:57:37] 
► [Unify] Trying AUM page directly…
[07:57:41]   [Unify] Landed on: https://app.unificap.com/wealthspectrum/portal/sign-in
[07:57:41]   [Unify] Session expired — logging in…
[07:57:43]   [Unify] Entering credentials for WAWYA…
[07:57:43]   [Unify] Submitted login form.
[07:57:46]   [Unify] OTP prompt detected — fetching from email…
[07:57:46]   [Unify OTP] Waiting for OTP email in knsridharan@wawya.in from pmsops@unificap.com…
[07:57:56]   [Unify OTP] Checking inbox (attempt 1, 10s elapsed)…
[07:57:57]   [Unify OTP] Found 1 email(s) from pmsops@unificap.com.
[07:57:57]   [Unify OTP] Email: received=2026-04-13T02:27:48Z  preview='Dear WAWYA INVESTMENT SERVICES PVT LTD,\r\n\r\n\r\nOnetime passcod'
[07:57:57]   [Unify OTP] received_ts=1776047268  cutoff=1776047234
[07:57:57]   [Unify OTP] ✓ OTP: 979565
[07:57:57]   [Unify] OTP submitted.
[07:57:59]   [Unify] Logged in — landed on: https://app.unificap.com/wealthspectrum/portal/login-otp
[07:57:59] 
  [Unify] Navigating to Clientwise Daily AUM via keyboard…
[07:58:00]   [Unify] Tab #5: found 'Queries' → Enter
[07:58:02]   [Unify] Tabbing 6 times to hamburger button…
[07:58:06]   [Unify] Query list opened.
[07:58:07]   [Unify] Tab #5: found 'Clientwise Daily AUM' → Enter
[07:58:08]   [Unify] Dismissed query panel — form should be visible.
[07:58:09]   [Unify] Tab #5: on date input
[07:58:10]   [Unify] From Date → 12/04/2026
[07:58:11]   [Unify] Tab #0: on date input
[07:58:12]   [Unify] To Date   → 12/04/2026
[07:58:12]   [Unify] Tabbing to format selector…
[07:58:13]   [Unify] CSV format selected.
[07:58:13]   [Unify] Tab #1: on Execute button
[07:58:13]   [Unify] Pressing Execute…
[07:58:13]   [Unify] Execute pressed — waiting for results to load…
[07:58:15]   [Unify] Waiting for results and download button…
[07:58:35]   [Unify] Results ready — tabbing to download button…
[07:58:36]   [Unify] Tab #3: found 'sim_card_download' → Enter
[07:58:36]   [Unify] Download triggered — saving file…
[07:58:36]   [Unify] ✓ Downloaded: I481_Daily_AUM.csv
[07:58:37]   [Unify] ✓ Uploaded to GCS: gs://winrich/Datawarehouse/Unify/2026/04/13/WAWYA_Daily_AUM - 12.csv
[07:58:37]   [Unify] Local file removed: I481_Daily_AUM.csv
[07:58:37] 
► [Vested] Navigating to login page…
[07:58:40]   [Vested] Landed on: https://metabase-partners.vestedfinance.com/
[07:58:40]   [Vested] Already logged in — skipping login.
[07:58:40]   [Vested] Navigating to Funded Users report…
[07:58:46]   [Vested] Page: https://metabase-partners.vestedfinance.com/question/364-funded-users?Time_Limit=12&Time_Frame=Month
[07:58:48]   [Vested] Cleared 1 filter(s).
[07:58:48]   [Vested] Pressing Ctrl+Enter to run query…
[07:58:50]   [Vested] Looking for download button…
[07:58:51]   [Vested] Download menu opened.
[07:58:51]   [Vested] Selected .csv format.
[07:58:52]   [Vested] ✓ Downloaded: funded_users_2026-04-13T02_28_52.120079713Z.csv
[07:58:52]   [Vested] Columns renamed to match expected format.
[07:58:53]   [Vested] ✓ Uploaded to GCS: gs://winrich/Datawarehouse/Vested/2026/04/13/funded_users_2026-04-13.csv
[07:58:53]   [Vested] Local file removed: funded_users_2026-04-13T02_28_52.120079713Z.csv
[07:58:54] 
► [IPRU Email] Searching for latest email from IPRUAUTOMAILER@icicipruamc.com…
[07:58:54]   [IPRU Email] Using email: 2026-04-12  WS Distributor Daily AUM Report 12-Apr-2026
[07:58:55]   [IPRU Email] Downloading: WAWYA IN_082739.zip (7.7 KB)…
[07:58:56]   [IPRU Email] ✓ Downloaded: WAWYA IN_082739.zip
[07:58:56]   [IPRU Email] Extracting ZIP…
[07:58:56]   [IPRU Email] Extracted: WAWYA IN_082739.xls
[07:58:56]   [IPRU Email] ✓ Converted to CSV: ICICIPMS 13.csv (129 rows)
[07:58:57]   [IPRU Email] ✓ Uploaded to GCS: gs://winrich/Datawarehouse/ICICI-PMS/2026/04/13/ICICIPMS 13.csv
[07:58:57]   [IPRU Email] Local file removed: WAWYA IN_082739.zip
[07:58:57]   [IPRU Email] Local file removed: WAWYA IN_082739.xls
[07:58:57]   [IPRU Email] Local file removed: ICICIPMS 13.csv
[07:58:57] 
► [ASK] Opening ASK portal…
[07:59:15]   [ASK] Landed on: https://askpms.in/wealthspectrum/portal/sign-in
[07:59:15]   [ASK] Session expired — logging in…
[07:59:23]   [ASK] Entering credentials for knsridharan@wawya.in…
[07:59:23]   [ASK] Submitted login form.
[07:59:25]   [ASK] Logged in — landed on: https://askpms.in/wealthspectrum/portal/dashboard-pms
[07:59:25] 
  [ASK] Navigating to Clientwise Daily AUM via keyboard…
[07:59:25]   [ASK] Current URL: https://askpms.in/wealthspectrum/portal/dashboard-pms
[07:59:25]   [ASK] Trying to click Queries button…
[07:59:25]   [ASK] Queries clicked.
[07:59:26]   [ASK] Tabbing 10 times to Clientwise Daily AUM…
[07:59:27]   [ASK] tab  1: tag=A        text='Updates'                                  placeholder=''
[07:59:28]   [ASK] tab  2: tag=A        text='Downloads'                                placeholder=''
[07:59:29]   [ASK] tab  3: tag=A        text='Contact Us'                               placeholder=''
[07:59:29]   [ASK] tab  4: tag=A        text='Investor Grievances'                      placeholder=''
[07:59:29]   [ASK] tab  5: tag=A        text='Privacy Policy'                           placeholder=''
[07:59:29]   [ASK] tab  6: tag=A        text='Disclaimer'                               placeholder=''
[07:59:30]   [ASK] tab  7: tag=BUTTON   text=''                                         placeholder=''
[07:59:30]   [ASK] tab  8: tag=BUTTON   text=''                                         placeholder=''
[07:59:30]   [ASK] tab  9: tag=BUTTON   text=''                                         placeholder=''
[07:59:30]   [ASK] tab 10: tag=BUTTON   text=''                                         placeholder=''
[07:59:30]   [ASK] Clicking tab-10 element: tag=BUTTON text=''
[07:59:31]   [ASK] Tabbing 6 times to Clientwise Daily AUM…
[07:59:32]   [ASK] tab  1: tag=A        text='Client Capital Flows'                     placeholder=''
[07:59:32]   [ASK] tab  2: tag=A        text='Client Capital flow ( TPMS upload format' placeholder=''
[07:59:32]   [ASK] tab  3: tag=A        text='Client Daily market value ( TPMS upload ' placeholder=''
[07:59:32]   [ASK] tab  4: tag=A        text='Client Master'                            placeholder=''
[07:59:33]   [ASK] tab  5: tag=A        text='Client NAV Data'                          placeholder=''
[07:59:33]   [ASK] tab  6: tag=A        text='Clientwise Daily AUM'                     placeholder=''
[07:59:33]   [ASK] Clicking tab-6 element: tag=A text='Clientwise Daily AUM'
[07:59:33]   [ASK] Clientwise Daily AUM clicked.
[07:59:35]   [ASK] Clicked right half — form should be visible.
[07:59:36]   [ASK] Tab #4: on date input
[07:59:37]   [ASK] From Date → 12/04/2026
[07:59:37]   [ASK] Tab #0: on date input
[07:59:38]   [ASK] To Date   → 12/04/2026
[07:59:38]   [ASK] Tabbing to format selector…
[07:59:39]   [ASK] CSV format selected.
[07:59:40]   [ASK] Tab #1: on Execute button
[07:59:40]   [ASK] Pressing Execute…
[07:59:40]   [ASK] Execute pressed — waiting for results to load…
[07:59:42]   [ASK] Waiting for results and download button…
[07:59:51]   [ASK] Results ready — tabbing to download button…
[07:59:52]   [ASK] Tab #3: found 'sim_card_download' → Enter
[07:59:52]   [ASK] Download triggered — saving file…
[07:59:52]   [ASK] ✓ Downloaded: WAWYAInvestment_Daily_AUM.csv
[07:59:53]   [ASK] ✓ Uploaded to GCS: gs://winrich/Datawarehouse/ASK/2026/04/13/ask_pms.csv
[07:59:53]   [ASK] Local file removed: WAWYAInvestment_Daily_AUM.csv
[07:59:53] 
✓ All phases complete.
[13:26:02] Loaded 141 entries from Winrich_Angel_mapping.csv (cols: 'angel name', 'angel code')
[13:26:02]   Sample: 'a anil kumar' → 'A849914'
[13:26:02] Loaded 141 customers from Customerlist_12.csv
[13:26:02] Starting in 15s — uncheck any phases already complete.
[13:26:17] Grace period over — starting run.
[13:26:22] 
Launching Edge from: C:\Program Files (x86)\Microsoft\Edge\Application\msedge.exe
[13:26:22] Edge PID: 27468
[13:26:40] Closing 0 existing tab(s)…
[13:26:40] 
► [Angel One NXT] Checking dashboard…
[13:26:45]   [AO Login] Session expired — need to log in.
[13:26:45]   [AO Login] Waiting for manual login (up to 5 minutes)…
[13:27:14]   [AO Login] ✓ Logged in — home page returned 200 (https://nxt.angelone.in/).
[13:27:22] 
► [Client DP Holdings] Skipped — already in GCS: Datawarehouse/Stocks/2026/04/13/client-dp-holdings.csv
[13:27:23] 
► [Security Holdings] Skipped — already in GCS: Datawarehouse/Stocks/2026/04/13/Equity.csv
[13:27:23] 
► Skipping balance extraction (checkbox enabled).
[13:27:23] 
► [Unify] Skipped (checkbox).
[13:27:23] 
► [Vested] Skipped (checkbox).
[13:27:23] 
► [IPRU Email] Skipped (checkbox).
[13:27:23] 
► [ASK] Skipped (checkbox).
[13:27:23] 
✓ All phases complete.
[17:32:55] Loaded 141 entries from Winrich_Angel_mapping.csv (cols: 'angel name', 'angel code')
[17:32:55]   Sample: 'a anil kumar' → 'A849914'
[17:32:55] Loaded 141 customers from Customerlist_12.csv
[17:32:55] Starting in 15s — uncheck any phases already complete.
[17:33:10] Grace period over — starting run.
[17:33:15] 
Launching Edge from: C:\Program Files (x86)\Microsoft\Edge\Application\msedge.exe
[17:33:15] Edge PID: 20964
[17:33:18] Closing 0 existing tab(s)…
[17:33:18] 
► [Angel One NXT] Skipped (checkbox).
[17:33:18] 
► [Unify] Skipped (checkbox).
[17:33:18] 
► [Vested] Skipped (checkbox).
[17:33:18] 
► [IPRU Email] Skipped (checkbox).
[17:33:18] 
► [ASK] Searching for email from bangalore@askinvestmentmanagers.com…
[17:33:19]   [ASK] No email found with report date (12-04-2026) in subject. Available subjects: ['RE: DAY WISE CLIENT WISE AUM REPORT ']
[17:33:19] 
✓ All phases complete.
[17:35:24] Loaded 141 entries from Winrich_Angel_mapping.csv (cols: 'angel name', 'angel code')
[17:35:24]   Sample: 'a anil kumar' → 'A849914'
[17:35:24] Loaded 141 customers from Customerlist_12.csv
[17:35:24] Starting in 15s — uncheck any phases already complete.
[17:35:39] Grace period over — starting run.
[17:35:45] 
Launching Edge from: C:\Program Files (x86)\Microsoft\Edge\Application\msedge.exe
[17:35:45] Edge PID: 34544
[17:35:48] Closing 0 existing tab(s)…
[17:35:48] 
► [Angel One NXT] Skipped (checkbox).
[17:35:48] 
► [Unify] Skipped (checkbox).
[17:35:48] 
► [Vested] Skipped (checkbox).
[17:35:48] 
► [IPRU Email] Skipped (checkbox).
[17:35:48] 
► [ASK] Searching for email from bangalore@askinvestmentmanagers.com…
[17:35:48]   [ASK] Using email: 2026-04-13  RE: DAY WISE CLIENT WISE AUM REPORT 
[17:35:49]   [ASK] Downloading: Report - 12-04-2026.xlsx (13.3 KB)…
[17:35:49]   [ASK] ✓ Downloaded: Report - 12-04-2026.xlsx
[17:35:50]   [ASK] ✓ Converted to CSV: ask_pms.csv (23 rows)
[17:35:52]   [ASK] ✓ Uploaded to GCS: gs://winrich/Datawarehouse/ASK/2026/04/13/ask_pms.csv
[17:35:52]   [ASK] Local file removed: Report - 12-04-2026.xlsx
[17:35:52]   [ASK] Local file removed: ask_pms.csv
[17:35:52] 
✓ All phases complete.
