[07:49:49] Loaded 141 entries from Winrich_Angel_mapping.csv (cols: 'angel name', 'angel code')
[07:49:49]   Sample: 'a anil kumar' → 'A849914'
[07:49:49] Loaded 141 customers from Customerlist_12.csv
[07:49:49] Starting in 15s — uncheck any phases already complete.
[07:50:07] Grace period over — starting run.
[07:50:12] 
Launching Edge from: C:\Program Files (x86)\Microsoft\Edge\Application\msedge.exe
[07:50:12] Edge PID: 8124
[07:50:24] Closing 0 existing tab(s)…
[07:50:24] 
► [Angel One NXT] Checking dashboard…
[07:50:28]   [AO Login] Session expired — need to log in.
[07:50:28]   [AO Login] Waiting for manual login (up to 5 minutes)…
[07:50:48]   [AO Login] ✓ Logged in — home page returned 200 (https://nxt.angelone.in/).
[07:51:20]   Waiting 2 minutes before next report download…
[07:53:31] 
► Extracting customer balances…
[07:53:35]   [mapping] 'keshav shrinivas malagi' → best match 'keshav shrinivas malagi' ratio=1.00 code=K273641
[07:53:35]   [1/141] KESHAV SHRINIVAS MALAGI — mapped to Angel code K273641
[07:53:39]     [search #1] K273641-Keshav Shrinivas Malagi
K######I@GMAIL.COM
[07:53:42]   [1/141] KESHAV SHRINIVAS MALAGI  margin=0.0  balance=0.0
[07:53:46]   [mapping] 'chaity banerjee' → best match 'chaity banerjee' ratio=1.00 code=AAAQ058874
[07:53:46]   [2/141] chaity banerjee — mapped to Angel code AAAQ058874
[07:53:50]     [search #1] AAAQ058874-Chaity Banerjee
C############E@GMAIL.COM
[07:53:54]   [2/141] chaity banerjee  margin=0.0  balance=0.0
[07:53:57]   [mapping] 'shrinivas hanumanthappa sureban' → best match 'shrinivas hanamanthappa sureban' ratio=0.97 code=S133551
[07:53:57]   [3/141] SHRINIVAS HANUMANTHAPPA SUREBAN — mapped to Angel code S133551
[07:54:01]     [search #1] S133551-Shrinivas Hanamanthappa Sureban
S#####N@YAHOO.COM
[07:54:04]   [3/141] SHRINIVAS HANUMANTHAPPA SUREBAN  margin=0.0  balance=0.0
[07:54:09]   [mapping] 'krishnaprasad' → best match 'krishnaprasad' ratio=1.00 code=K683207
[07:54:09]   [4/141] KRISHNAPRASAD — mapped to Angel code K683207
[07:54:12]     [search #1] K683207-Krishna Prasad Canchi Purushothama
K###########I@GMAIL.COM
[07:54:16]   [4/141] KRISHNAPRASAD  margin=0.0  balance=0.0
[07:54:20]   [mapping] 'rajeev narayana iyer' → best match 'rajeev narayana iyer' ratio=1.00 code=R1121821
[07:54:20]   [5/141] RAJEEV NARAYANA IYER — mapped to Angel code R1121821
[07:54:24]     [search #1] R1121821-Rajeev Narayana Iyer
R###########R@GMAIL.COM
[07:54:27]   [5/141] RAJEEV NARAYANA IYER  margin=-64.69  balance=-64.69
[07:54:32]   [mapping] 'baskar pranatharthi' → best match 'baskar pranatharthi' ratio=1.00 code=B38265
[07:54:32]   [6/141] BASKAR PRANATHARTHI — mapped to Angel code B38265
[07:54:35]     [search #1] B38265-Baskar Pranatharthi
B#########N@YAHOO.COM
[07:54:39]   [6/141] BASKAR PRANATHARTHI  margin=0.0  balance=0.0
[07:54:44]   [mapping] 'anshul satish chaturvedi' → best match 'anshul satish chaturvedi' ratio=1.00 code=A87827
[07:54:44]   [7/141] ANSHUL SATISH CHATURVEDI — mapped to Angel code A87827
[07:54:47]     [search #1] A87827-Anshul Satish Chaturvedi
C######L@GMAIL.COM
[07:54:51]   [7/141] ANSHUL SATISH CHATURVEDI  margin=0.8  balance=0.8
[07:54:55]   [mapping] 'ravinder peddi' → best match 'ravinder peddi' ratio=1.00 code=R139316
[07:54:55]   [8/141] RAVINDER PEDDI — mapped to Angel code R139316
[07:54:59]     [search #1] R139316-Ravinder Peddi
R############I@GMAIL.COM
[07:55:02]   [8/141] RAVINDER PEDDI  margin=87899.37  balance=0.0
[07:55:07]   [mapping] 'sudhansu ranjan acharya' → best match 'sudhansu ranjan acharya' ratio=1.00 code=S199359
[07:55:07]   [9/141] SUDHANSU RANJAN ACHARYA — mapped to Angel code S199359
[07:55:11]     [search #1] S199359-Sudhansu Ranjan Acharya
S#######A@GMAIL.COM
[07:55:14]   [9/141] SUDHANSU RANJAN ACHARYA  margin=0.0  balance=0.0
[07:55:19]   [mapping] 'upendra n puranik' → best match 'upendra n puranik' ratio=1.00 code=U21194
[07:55:19]   [10/141] UPENDRA N PURANIK — mapped to Angel code U21194
[07:55:22]     [search #1] U21194-Upendra N Puranik
P#######N@GMAIL.COM
[07:55:26]   [10/141] UPENDRA N PURANIK  margin=0.0  balance=0.0
[07:55:30]   [mapping] 'seema d nayak' → best match 'seema deepak nayak' ratio=0.84 code=S118648
[07:55:30]   [11/141] Seema D Nayak — mapped to Angel code S118648
[07:55:34]     [search #1] S118648-Seema Deepak Nayak
S#########K@GMAIL.COM
[07:55:37]   [11/141] Seema D Nayak  margin=0.0  balance=0.0
[07:55:42]   [mapping] 'prasad hsmd' → best match 'prasad h s m d' ratio=0.88 code=P75774
[07:55:42]   [12/141] PRASAD HSMD — mapped to Angel code P75774
[07:55:45]     [search #1] P75774-Prasad H S M D
H########D@GMAIL.COM
[07:55:49]   [12/141] PRASAD HSMD  margin=0.0  balance=0.0
[07:55:53]   [mapping] 'r balakrishnan' → best match 'r balakrishnan' ratio=1.00 code=P69684
[07:55:53]   [13/141] R BALAKRISHNAN — mapped to Angel code P69684
[07:55:56]     [search #1] P69684-P R Balakrishnan
B#########M@GMAIL.COM
[07:56:00]   [13/141] R BALAKRISHNAN  margin=-191.02  balance=-191.02
[07:56:04]   [mapping] 'rajashree parameswaran' → best match 'rajashree parameswaran' ratio=1.00 code=R65529
[07:56:04]   [14/141] RAJASHREE PARAMESWARAN — mapped to Angel code R65529
[07:56:08]     [search #1] R65529-Rajashree Parameswaran
R#############M@GMAIL.COM
[07:56:12]   [14/141] RAJASHREE PARAMESWARAN  margin=0.0  balance=0.0
[07:56:17]   [mapping] 'ratish p kaimal' → best match 'ratish p kaimal' ratio=1.00 code=R292688
[07:56:17]   [15/141] RATISH P KAIMAL — mapped to Angel code R292688
[07:56:20]     [search #1] R292688-Ratish Parameswara Kaimal
R##########L@GMAIL.COM
[07:56:24]   [15/141] RATISH P KAIMAL  margin=0.0  balance=0.0
[07:56:29]   [mapping] 'shankara g' → best match 'shankara g' ratio=1.00 code=S96983
[07:56:29]   [16/141] Shankara G — mapped to Angel code S96983
[07:56:33]     [search #1] S96983-Shankara G
S########G@YAHOO.CO.IN
[07:56:36]   [16/141] Shankara G  margin=0.0  balance=0.0
[07:56:41]   [mapping] 'krishnamurthy ravindra' → best match 'krishnamurthy ravindra' ratio=1.00 code=K36693
[07:56:41]   [17/141] KRISHNAMURTHY RAVINDRA — mapped to Angel code K36693
[07:56:45]     [search #1] K36693-Krishnamurthy Ravindra
R####################1@GMAIL.COM
[07:56:48]   [17/141] KRISHNAMURTHY RAVINDRA  margin=0.0  balance=0.0
[07:56:53]   [mapping] 'rangaswamy iyyer parthasarathy' → best match 'rangaswamy iyyer parthasarathy' ratio=1.00 code=R41282
[07:56:53]   [18/141] RANGASWAMY IYYER PARTHASARATHY — mapped to Angel code R41282
[07:56:56]     [search #1] R41282-Rangaswamy Iyyer Parthasarathy
P#########1@YAHOO.CO.IN
[07:57:00]   [18/141] RANGASWAMY IYYER PARTHASARATHY  margin=0.0  balance=0.0
[07:57:04]   [mapping] 'prabhakar s joshi' → best match 'prabhakar s joshi' ratio=1.00 code=P63145
[07:57:04]   [19/141] Prabhakar S Joshi — mapped to Angel code P63145
[07:57:08]     [search #1] P63145-Prabhakar S Joshi
P############I@YAHOO.COM
[07:57:12]   [19/141] Prabhakar S Joshi  margin=4043.43  balance=4043.43
[07:57:17]   [mapping] 'rinu mammen thomas' → best match 'rinu mammen thomas' ratio=1.00 code=R78923
[07:57:17]   [20/141] RINU MAMMEN THOMAS — mapped to Angel code R78923
[07:57:20]     [search #1] R78923-Rinu Mammen Thomas
R####T@GMAIL.COM
[07:57:24]   [20/141] RINU MAMMEN THOMAS  margin=501.08  balance=501.08
[07:57:29]   [mapping] 'subhash chandra kanumuri' → best match 'subhash chandra kanumuri' ratio=1.00 code=S827224
[07:57:29]   [21/141] SUBHASH CHANDRA KANUMURI — mapped to Angel code S827224
[07:57:33]     [search #1] S827224-Subhash Chandra Kanumuri
S#############I@GMAIL.COM
[07:57:36]   [21/141] SUBHASH CHANDRA KANUMURI  margin=0.0  balance=0.0
[07:57:41]   [mapping] 'preeti sinha tyagi' → best match 'preeti sinha tyagi' ratio=1.00 code=P61477
[07:57:41]   [22/141] PREETI SINHA TYAGI — mapped to Angel code P61477
[07:57:45]     [search #1] P61477-Preeti Sinha Tyagi
P#####0@GMAIL.COM
[07:57:48]   [22/141] PREETI SINHA TYAGI  margin=44058.2  balance=30000.0
[07:57:53]   [mapping] 'balaji lakshman' → best match 'balaji lakshman' ratio=1.00 code=B489665
[07:57:53]   [23/141] Balaji Lakshman — mapped to Angel code B489665
[07:57:57]     [search #1] B489665-Balaji Lakshman
B#######L@GMAIL.COM
[07:58:01]   [23/141] Balaji Lakshman  margin=0.0  balance=0.0
[07:58:05]   [mapping] 'shreyas ranganath' → best match 'shreyas ranganath' ratio=1.00 code=S165622
[07:58:05]   [24/141] SHREYAS RANGANATH — mapped to Angel code S165622
[07:58:09]     [search #1] S165622-Shreyas Ranganath
E#####E@GMAIL.COM
[07:58:12]   [24/141] SHREYAS RANGANATH  margin=0.0  balance=0.0
[07:58:16]   [mapping] 'sundar krishnan' → best match 'sundar krishnan' ratio=1.00 code=WWW21001
[07:58:16]   [25/141] SUNDAR KRISHNAN — mapped to Angel code WWW21001
[07:58:20]     [search #1] WWW21001-Sundar Krishnan
S#######R@YAHOO.COM
[07:58:24]   [25/141] SUNDAR KRISHNAN  margin=0.52  balance=0.52
[07:58:28]   [mapping] 'rajesh r' → best match 'rajesh r' ratio=1.00 code=WWW21005
[07:58:28]   [26/141] RAJESH R — mapped to Angel code WWW21005
[07:58:32]     [search #1] WWW21005-Rajesh R
R##############L@GMAIL.COM
[07:58:36]   [26/141] RAJESH R  margin=0.0  balance=0.0
[07:58:41]   [mapping] 'deepa mahesh' → best match 'deepa mahesh' ratio=1.00 code=D183217
[07:58:41]   [27/141] DEEPA MAHESH — mapped to Angel code D183217
[07:58:44]     [search #1] D183217-Deepa Mahesh
D##############1@YAHOO.COM
[07:58:48]   [27/141] DEEPA MAHESH  margin=0.0  balance=0.0
[07:58:52]   [mapping] 'sheetal jyotirao patil' → best match 'sheetal jyotirao patil' ratio=1.00 code=S180892
[07:58:52]   [28/141] SHEETAL JYOTIRAO PATIL — mapped to Angel code S180892
[07:58:56]     [search #1] S180892-Sheetal Jyotirao Patil
S##############E@GMAIL.COM
[07:58:59]   [28/141] SHEETAL JYOTIRAO PATIL  margin=-6.98  balance=-6.98
[07:59:04]   [mapping] 'jitendriya s athavale' → best match 'jitendriya s athavale' ratio=1.00 code=J57332
[07:59:04]   [29/141] JITENDRIYA S ATHAVALE — mapped to Angel code J57332
[07:59:07]     [search #1] J57332-Jitendriya S Athavale
J#####T@GMAIL.COM
[07:59:11]   [29/141] JITENDRIYA S ATHAVALE  margin=0.64  balance=0.64
[07:59:16]   [mapping] 'mayank' → best match 'mayank' ratio=1.00 code=AAAD856596
[07:59:16]   [30/141] Mayank — mapped to Angel code AAAD856596
[07:59:20]     [search #1] AAAD856596-Mayank
A######3@GMAIL.COM
[07:59:23]   [30/141] Mayank  margin=0.0  balance=0.0
[07:59:27]   [mapping] 'ashok shanmugam' → best match 'ashok shanmugam' ratio=1.00 code=A1280699
[07:59:27]   [31/141] Ashok Shanmugam — mapped to Angel code A1280699
[07:59:31]     [search #1] A1280699-Ashok Shanmugam
A##############5@GMAIL.COM
[07:59:35]   [31/141] Ashok Shanmugam  margin=0.0  balance=0.0
[07:59:40]   [mapping] 'veena b m' → best match 'veena b m' ratio=1.00 code=V255447
[07:59:40]   [32/141] VEENA B M — mapped to Angel code V255447
[07:59:43]     [search #1] V255447-Veena B M
V#######9@GMAIL.COM
[07:59:47]   [32/141] VEENA B M  margin=100000.0  balance=100000.0
[07:59:52]   [mapping] 'bhuvaneshwari vishwanatha rao' → best match 'bhuvaneshwari vishwanatha rao' ratio=1.00 code=AAAN061011
[07:59:52]   [33/141] Bhuvaneshwari Vishwanatha Rao — mapped to Angel code AAAN061011
[07:59:56]     [search #1] AAAN061011-Bhuvaneshwari Vishwanatha Rao
V########1@GMAIL.COM
[08:00:00]   [33/141] Bhuvaneshwari Vishwanatha Rao  margin=0.0  balance=0.0
[08:00:05]   [mapping] 'jeevan mithra' → best match 'jeevan mithra' ratio=1.00 code=J58374
[08:00:05]   [34/141] JEEVAN MITHRA — mapped to Angel code J58374
[08:00:08]     [search #1] J58374-Jeevan Mithra
A############A@GMAIL.COM
[08:00:12]   [34/141] JEEVAN MITHRA  margin=0.0  balance=0.0
[08:00:16]   [mapping] 'nilanjan roychowdhury' → best match 'nilanjan roy chowdhury' ratio=0.98 code=N339061
[08:00:16]   [35/141] NILANJAN ROYCHOWDHURY — mapped to Angel code N339061
[08:00:20]     [search #1] N339061-Nilanjan Roy Chowdhury
A###########N@GMAIL.COM
[08:00:23]   [35/141] NILANJAN ROYCHOWDHURY  margin=0.0  balance=0.0
[08:00:28]   [mapping] 'vikash agarwal' → best match 'vikash agarwal' ratio=1.00 code=V202354
[08:00:28]   [36/141] VIKASH AGARWAL — mapped to Angel code V202354
[08:00:31]     [search #1] V202354-Vikash Agarwal
M############N@GMAIL.COM
[08:00:35]   [36/141] VIKASH AGARWAL  margin=0.0  balance=0.0
[08:00:40]   [mapping] 'rajesh kulkarni' → best match 'rajesh kulkarni' ratio=1.00 code=AAAJ217164
[08:00:40]   [37/141] Rajesh Kulkarni — mapped to Angel code AAAJ217164
[08:00:44]     [search #1] AAAJ217164-Rajesh Kulkarni
R######5@GMAIL.COM
[08:00:47]   [37/141] Rajesh Kulkarni  margin=1000.0  balance=1000.0
[08:00:51]   [mapping] 'meher v s s pingali' → best match 'meher v ss pingali' ratio=0.97 code=M80322
[08:00:51]   [38/141] MEHER V S S PINGALI — mapped to Angel code M80322
[08:00:55]     [search #1] M80322-Meher V Ss Pingali
M########S@IN.BOSCH.COM
[08:00:59]   [38/141] MEHER V S S PINGALI  margin=-16.64  balance=-16.64
[08:01:03]   [mapping] 'madhavi darbha' → best match 'madhavi darbha' ratio=1.00 code=M72336
[08:01:03]   [39/141] MADHAVI DARBHA — mapped to Angel code M72336
[08:01:07]     [search #1] M72336-Madhavi Darbha
M##########H@YAHOO.COM
[08:01:11]   [39/141] MADHAVI DARBHA  margin=-4.93  balance=-4.93
[08:01:15]   [mapping] 'sudeepta chakraborty' → best match 'sudeepta chakraborty' ratio=1.00 code=S245402
[08:01:15]   [40/141] Sudeepta Chakraborty — mapped to Angel code S245402
[08:01:19]     [search #1] S245402-Sudeepta Chakraborty
S##########1@GMAIL.COM
[08:01:23]   [40/141] Sudeepta Chakraborty  margin=0.0  balance=0.0
[08:01:27]   [mapping] 'girish p kaimal' → best match 'girish p kaimal' ratio=1.00 code=G45043
[08:01:27]   [41/141] GIRISH P KAIMAL — mapped to Angel code G45043
[08:01:31]     [search #1] G45043-Girish P Kaimal
G##########L@GMAIL.COM
[08:01:34]   [41/141] GIRISH P KAIMAL  margin=-42.36  balance=-42.36
[08:01:38]   [mapping] 'alka saxena' → best match 'alka saxena' ratio=1.00 code=A75047
[08:01:38]   [42/141] ALKA SAXENA — mapped to Angel code A75047
[08:01:42]     [search #1] A75047-Alka Saxena
A#########A@YAHOO.COM
[08:01:46]   [42/141] ALKA SAXENA  margin=0.0  balance=0.0
[08:01:50]   [mapping] 'giridhar d s' → best match 'giridhar d s' ratio=1.00 code=S2037828
[08:01:50]   [43/141] Giridhar D S — mapped to Angel code S2037828
[08:01:54]     [search #1] S2037828-Srinivasa Dyamenahally Giridhar
G##########9@GMAIL.COM
[08:01:57]   [43/141] Giridhar D S  margin=0.0  balance=0.0
[08:02:02]   [mapping] 'venkateswaran govindarajan' → best match 'venkateswaran govindarajan' ratio=1.00 code=G14034
[08:02:02]   [44/141] VENKATESWARAN GOVINDARAJAN — mapped to Angel code G14034
[08:02:05]     [search #1] G14034-G Venkateswaran
G##N@ROCKETMAIL.COM
[08:02:09]   [44/141] VENKATESWARAN GOVINDARAJAN  margin=1652.57  balance=1192.82
[08:02:13]   [mapping] 'nisha agrawal' → best match 'nisha agrawal' ratio=1.00 code=N28188
[08:02:13]   [45/141] Nisha Agrawal — mapped to Angel code N28188
[08:02:17]     [search #1] N28188-Nisha Agrawal
N##########3@GMAIL.COM
[08:02:20]   [45/141] Nisha Agrawal  margin=0.0  balance=0.0
[08:02:25]   [mapping] 'rajasimha karanam' → best match 'rajasimha karanam' ratio=1.00 code=R136412
[08:02:25]   [46/141] RAJASIMHA KARANAM — mapped to Angel code R136412
[08:02:29]     [search #1] R136412-Rajasimha Karanam
R###############M@GMAIL.COM
[08:02:32]   [46/141] RAJASIMHA KARANAM  margin=0.0  balance=0.0
[08:02:37]   [mapping] 'sanjay mannera belliappa' → best match 'sanjay mannera belliappa' ratio=1.00 code=WWW21004
[08:02:37]   [47/141] SANJAY MANNERA BELLIAPPA — mapped to Angel code WWW21004
[08:02:41]     [search #1] WWW21004-Sanjay Mannera Belliappa
S##########6@GMAIL.COM
[08:02:45]   [47/141] SANJAY MANNERA BELLIAPPA  margin=-73.28  balance=-73.28
[08:02:49]   [mapping] 'jayanthi b' → best match 'jayanthi b' ratio=1.00 code=J38781
[08:02:49]   [48/141] Jayanthi B — mapped to Angel code J38781
[08:02:53]     [search #1] J38781-Jayanthi B
J#########N@GMAIL.COM
[08:02:56]   [48/141] Jayanthi B  margin=0.0  balance=0.0
[08:03:00]   [mapping] 'preeti amit prabhushastri' → best match 'preeti amit prabhushastri' ratio=1.00 code=P392279
[08:03:00]   [49/141] PREETI AMIT PRABHUSHASTRI — mapped to Angel code P392279
[08:03:04]     [search #1] P392279-Preeti Amit Prabhushastri
P##################I@GMAIL.COM
[08:03:08]   [49/141] PREETI AMIT PRABHUSHASTRI  margin=0.0  balance=0.0
[08:03:13]   [mapping] 'deepa s' → best match 'deepa s' ratio=1.00 code=D26344
[08:03:13]   [50/141] DEEPA S — mapped to Angel code D26344
[08:03:16]     [search #1] D26344-Deepa S
D##############N@GMAIL.COM
[08:03:20]   [50/141] DEEPA S  margin=0.0  balance=0.0
[08:03:25]   [mapping] 'sadayandi saraswathi saravanapandian' → best match 'sadayandi saraswathi saravanapandian' ratio=1.00 code=S188177
[08:03:25]   [51/141] SADAYANDI SARASWATHI SARAVANAPANDIAN — mapped to Angel code S188177
[08:03:29]     [search #1] S188177-Sadayandi Saraswathi Saravanapandian
S#####9@REDIFFMAIL.COM
[08:03:32]   [51/141] SADAYANDI SARASWATHI SARAVANAPANDIAN  margin=6.34  balance=29.95
[08:03:37]   [mapping] 'venkatakrishna viswanath' → best match 'venkatakrishna viswanath' ratio=1.00 code=V390461
[08:03:37]   [52/141] Venkatakrishna Viswanath — mapped to Angel code V390461
[08:03:40]     [search #1] V390461-Venkatakrishna Viswanath
V#############V@GMAIL.COM
[08:03:44]   [52/141] Venkatakrishna Viswanath  margin=0.0  balance=0.0
[08:03:48]   [mapping] 'parag chaudhari' → best match 'parag dinkar chaudhari' ratio=0.81 code=P392766
[08:03:48]   [53/141] Parag Chaudhari — mapped to Angel code P392766
[08:03:52]     [search #1] P392766-Parag Dinkar Chaudhari
P#############E@GMAIL.COM
[08:03:56]   [53/141] Parag Chaudhari  margin=0.0  balance=0.0
[08:04:01]   [mapping] 'dyuti banerjee' → best match 'dyuti banerjee' ratio=1.00 code=D502383
[08:04:01]   [54/141] Dyuti Banerjee — mapped to Angel code D502383
[08:04:04]     [search #1] D502383-Dyuti Banerjee
D############E@GMAIL.COM
[08:04:08]   [54/141] Dyuti Banerjee  margin=0.0  balance=0.0
[08:04:12]   [mapping] 'mahendar jitender singh' → best match 'mahendarjitender singh' ratio=0.98 code=M93786
[08:04:12]   [55/141] MAHENDAR JITENDER SINGH — mapped to Angel code M93786
[08:04:15]     [search #1] M93786-Mahendarjitender Singh
J####4@GMAIL.COM
[08:04:19]   [55/141] MAHENDAR JITENDER SINGH  margin=0.0  balance=0.0
[08:04:23]   [mapping] 'sarath chandran' → best match 'sarath chandran' ratio=1.00 code=S1218454
[08:04:23]   [56/141] SARATH CHANDRAN — mapped to Angel code S1218454
[08:04:27]     [search #1] S1218454-Sarath Chandran
S###################S@GMAIL.COM
[08:04:30]   [56/141] SARATH CHANDRAN  margin=0.0  balance=0.0
[08:04:35]   [mapping] 'sathish kumar c v' → best match 'sathish kumar c v' ratio=1.00 code=C30278
[08:04:35]   [57/141] SATHISH KUMAR C V — mapped to Angel code C30278
[08:04:39]     [search #1] C30278-C V Sathish Kumar
S#########N@YAHOO.COM
[08:04:42]   [57/141] SATHISH KUMAR C V  margin=-218.45  balance=-218.45
[08:04:47]   [mapping] 'purohit avitash anupkumar' → best match 'purohit avitash anupkuma' ratio=0.98 code=A128523
[08:04:47]   [58/141] Purohit Avitash Anupkumar — mapped to Angel code A128523
[08:04:51]     [search #1] A128523-Avitash Purohit
A#################G@GMAIL.COM
[08:04:54]   [58/141] Purohit Avitash Anupkumar  margin=250000.0  balance=250000.0
[08:04:59]   [mapping] 'geethamurthy sirvaram basavaraju' → best match 'geethamurthy sirvaram basavaraju' ratio=1.00 code=G24411
[08:04:59]   [59/141] GEETHAMURTHY SIRVARAM BASAVARAJU — mapped to Angel code G24411
[08:05:03]     [search #1] G24411-Geethamurthy Sirvaram Basavaraju
S#########7@GMAIL.COM
[08:05:06]   [59/141] GEETHAMURTHY SIRVARAM BASAVARAJU  margin=0.0  balance=0.0
[08:05:11]   [mapping] 'samrruta aiyer' → best match 'samrruta aiyer' ratio=1.00 code=S2038444
[08:05:11]   [60/141] Samrruta Aiyer — mapped to Angel code S2038444
[08:05:15]     [search #1] S2038444-Samrruta Aiyer
R#########R@GMAIL.COM
[08:05:19]   [60/141] Samrruta Aiyer  margin=1889.04  balance=1889.04
[08:05:23]   [mapping] 'a jessie selva celina' → best match 'a jessie selva celina' ratio=1.00 code=AAAJ851300
[08:05:23]   [61/141] A Jessie Selva Celina — mapped to Angel code AAAJ851300
[08:05:27]     [search #1] AAAJ851300-A Jessie Selva Celina
J###########A@GMAIL.COM
[08:05:31]   [61/141] A Jessie Selva Celina  margin=0.0  balance=0.0
[08:05:35]   [mapping] 'anandhi ganapathy iyer' → best match 'anandhi ganpathy iyer' ratio=0.98 code=A189526
[08:05:35]   [62/141] ANANDHI GANAPATHY IYER — mapped to Angel code A189526
[08:05:39]     [search #1] A189526-Anandhi Ganpathy Iyer
A########R@GMAIL.COM
[08:05:43]   [62/141] ANANDHI GANAPATHY IYER  margin=0.0  balance=0.0
[08:05:47]   [mapping] 'chaitanya b' → best match 'chaitanya b' ratio=1.00 code=c22786
[08:05:47]   [63/141] CHAITANYA B — mapped to Angel code c22786
[08:05:51]     [search #1] C22786-Chaitanya B
C###########H@GMAIL.COM
[08:05:54]   [63/141] CHAITANYA B  margin=0.0  balance=0.0
[08:05:58]   [mapping] 'asok ramya' → best match 'asok ramya' ratio=1.00 code=A153766
[08:05:58]   [64/141] Asok Ramya — mapped to Angel code A153766
[08:06:01]     [search #1] A153766-Asok Ramya
V#######G@HOTMAIL.COM
[08:06:05]   [64/141] Asok Ramya  margin=0.0  balance=0.0
[08:06:09]   [mapping] 'thatte sumit vishwas' → best match 'thatte sumit vishwas' ratio=1.00 code=T10891
[08:06:09]   [65/141] THATTE SUMIT VISHWAS — mapped to Angel code T10891
[08:06:13]     [search #1] T10891-Thatte Sumit Vishwas
S##########E@YAHOO.COM
[08:06:17]   [65/141] THATTE SUMIT VISHWAS  margin=0.0  balance=0.0
[08:06:21]   [mapping] 'atoshi chakraborty' → best match 'atoshi chakraborty' ratio=1.00 code=A127736
[08:06:21]   [66/141] ATOSHI CHAKRABORTY — mapped to Angel code A127736
[08:06:24]     [search #1] A127736-Atoshi Chakraborty
A########P@GMAIL.COM
[08:06:28]   [66/141] ATOSHI CHAKRABORTY  margin=25000.0  balance=25000.0
[08:06:32]   [mapping] 'atoshi chakraborty' → best match 'atoshi chakraborty' ratio=1.00 code=A127736
[08:06:32]   [67/141] ATOSHI CHAKRABORTY — mapped to Angel code A127736
[08:06:36]     [search #1] A127736-Atoshi Chakraborty
A########P@GMAIL.COM
[08:06:40]   [67/141] ATOSHI CHAKRABORTY  margin=25000.0  balance=25000.0
[08:06:44]   [mapping] 'rinki dasgupta' → best match 'rinki dasgupta' ratio=1.00 code=R68566
[08:06:44]   [68/141] RINKI DASGUPTA — mapped to Angel code R68566
[08:06:47]     [search #1] R68566-Rinki Dasgupta
R############A@YAHOO.COM
[08:06:51]   [68/141] RINKI DASGUPTA  margin=0.0  balance=0.0
[08:06:55]   [mapping] 'gnanavadivel s' → best match 'gnanavadivel s' ratio=1.00 code=G25402
[08:06:55]   [69/141] GNANAVADIVEL S — mapped to Angel code G25402
[08:06:59]     [search #1] G25402-Gnanavadivel S
G############I@GMAIL.COM
[08:07:03]   [69/141] GNANAVADIVEL S  margin=0.0  balance=0.0
[08:07:08]   [mapping] 'k sanjay varier' → best match 'k sanjay varier' ratio=1.00 code=K276677
[08:07:08]   [70/141] K SANJAY VARIER — mapped to Angel code K276677
[08:07:11]     [search #1] K276677-K Sanjay Varier
S###########R@GMAIL.COM
[08:07:15]   [70/141] K SANJAY VARIER  margin=0.0  balance=0.0
[08:07:20]   [mapping] 'chandrani roy' → best match 'chandrani roy' ratio=1.00 code=C31074
[08:07:20]   [71/141] CHANDRANI ROY — mapped to Angel code C31074
[08:07:23]     [search #1] C31074-Chandrani Roy Joarder
C#############7@GMAIL.COM
[08:07:27]   [71/141] CHANDRANI ROY  margin=0.0  balance=0.0
[08:07:31]   [mapping] 'sandeep kaliyath' → best match 'sandeep kaliyath' ratio=1.00 code=S134579
[08:07:31]   [72/141] SANDEEP KALIYATH — mapped to Angel code S134579
[08:07:35]     [search #1] S134579-Sandeep Kaliyath
S#############H@HOTMAIL.COM
[08:07:39]   [72/141] SANDEEP KALIYATH  margin=0.0  balance=0.0
[08:07:44]   [mapping] 'harish hebbar' → best match 'harish hebbar' ratio=1.00 code=H204073
[08:07:44]   [73/141] HARISH HEBBAR — mapped to Angel code H204073
[08:07:47]     [search #1] H204073-Harish Hostota Hebbar
H##########R@YAHOO.COM
[08:07:51]   [73/141] HARISH HEBBAR  margin=5900.95  balance=5900.95
[08:07:55]   [mapping] 'arun kumar nath' → best match 'arun kumar nath' ratio=1.00 code=A76108
[08:07:55]   [74/141] ARUN KUMAR NATH — mapped to Angel code A76108
[08:07:59]     [search #1] A76108-Arun Kumar Nath
A#######H@REDIFFMAIL.COM
[08:08:02]   [74/141] ARUN KUMAR NATH  margin=0.0  balance=0.0
[08:08:07]   [mapping] 'v n k satyasai tata' → best match 'v n k satyasai tata' ratio=1.00 code=V206305
[08:08:07]   [75/141] V N K SATYASAI TATA — mapped to Angel code V206305
[08:08:11]     [search #1] V206305-V N K Satyasai Tata
S#########0@YAHOO.COM
[08:08:14]   [75/141] V N K SATYASAI TATA  margin=0.0  balance=0.0
[08:08:19]   [mapping] 'srinivasa govinda' → best match 'srinivasa govinda' ratio=1.00 code=AAAG195194
[08:08:19]   [76/141] Srinivasa Govinda — mapped to Angel code AAAG195194
[08:08:23]     [search #1] AAAG195194-Srinivasa Govinda
S#########2@GMAIL.COM
[08:08:27]   [76/141] Srinivasa Govinda  margin=484.81  balance=484.81
[08:08:32]   [mapping] 'a balamurugan' → best match 'a balamurugan' ratio=1.00 code=A158410
[08:08:32]   [77/141] A BALAMURUGAN — mapped to Angel code A158410
[08:08:35]     [search #1] A158410-A Balamurugan
B#######E@GMAIL.COM
[08:08:39]   [77/141] A BALAMURUGAN  margin=359.55  balance=359.55
[08:08:44]   [mapping] 'sphoorti kumar' → best match 'sphoorti kumar' ratio=1.00 code=S774752
[08:08:44]   [78/141] SPHOORTI KUMAR — mapped to Angel code S774752
[08:08:48]     [search #1] S774752-Sphoorti Kumar
S############R@GMAIL.COM
[08:08:51]   [78/141] SPHOORTI KUMAR  margin=0.0  balance=0.0
[08:08:55]   [mapping] 'arun raghavan' → best match 'arun raghavan' ratio=1.00 code=A137617
[08:08:55]   [79/141] ARUN RAGHAVAN — mapped to Angel code A137617
[08:08:59]     [search #1] A137617-Arun Raghavan Lakshminarayanan
R##########N@GMAIL.COM
[08:09:03]   [79/141] ARUN RAGHAVAN  margin=0.0  balance=0.0
[08:09:07]   [mapping] 'veena rajappa' → best match 'veena rajappa' ratio=1.00 code=V200609
[08:09:07]   [80/141] VEENA RAJAPPA — mapped to Angel code V200609
[08:09:11]     [search #1] V200609-Veena Rajappa
R###########A@GMAIL.COM
[08:09:15]   [80/141] VEENA RAJAPPA  margin=0.0  balance=0.0
[08:09:19]   [mapping] 'arindam roy chowdhury' → best match 'arindam roy chowdhury' ratio=1.00 code=A151917
[08:09:19]   [81/141] ARINDAM ROY CHOWDHURY — mapped to Angel code A151917
[08:09:23]     [search #1] A151917-Arindam Roy Chowdhury
R##################M@GMAIL.COM
[08:09:27]   [81/141] ARINDAM ROY CHOWDHURY  margin=0.0  balance=0.0
[08:09:32]   [mapping] 'kailasam krishnamurthy' → best match 'kailasam krishnamurthy' ratio=1.00 code=K56225
[08:09:32]   [82/141] KAILASAM KRISHNAMURTHY — mapped to Angel code K56225
[08:09:35]     [search #1] K56225-Kailasam P K
K##########0@GMAIL.COM
[08:09:39]   [82/141] KAILASAM KRISHNAMURTHY  margin=0.0  balance=0.0
[08:09:43]   [mapping] 'nitin joshi' → best match 'nitin joshi' ratio=1.00 code=N75117
[08:09:43]   [83/141] NITIN JOSHI — mapped to Angel code N75117
[08:09:47]     [search #1] N75117-Nitin Joshi
N##########5@GMAIL.COM
[08:09:51]   [83/141] NITIN JOSHI  margin=0.0  balance=0.0
[08:09:55]   [mapping] 'kapil agrawal' → best match 'kapil agrawal' ratio=1.00 code=K658424
[08:09:55]   [84/141] KAPIL AGRAWAL — mapped to Angel code K658424
[08:09:59]     [search #1] K658424-Kapil Agrawal
K##########1@GMAIL.COM
[08:10:03]   [84/141] KAPIL AGRAWAL  margin=0.0  balance=0.0
[08:10:07]   [mapping] 'b p nachappa' → best match 'b p nachappa' ratio=1.00 code=B39253
[08:10:07]   [85/141] B P NACHAPPA — mapped to Angel code B39253
[08:10:11]     [search #1] B39253-B P Nachappa
N########P@YAHOO.COM
[08:10:15]   [85/141] B P NACHAPPA  margin=0.0  balance=0.0
[08:10:20]   [mapping] 'oliver sachin quadras' → best match 'oliver sachin quadras' ratio=1.00 code=O1481
[08:10:20]   [86/141] OLIVER SACHIN QUADRAS — mapped to Angel code O1481
[08:10:24]     [search #1] O1481-Oliver Sachin Quadras
O########I@GMAIL.COM
[08:10:27]   [86/141] OLIVER SACHIN QUADRAS  margin=7305.73  balance=7329.33
[08:10:32]   [mapping] 'guruprasad' → best match 'guruprasad' ratio=1.00 code=G21630
[08:10:32]   [87/141] GURUPRASAD — mapped to Angel code G21630
[08:10:36]     [search #1] G21630-Guruprasad
G######6@YAHOO.CO.IN
[08:10:39]   [87/141] GURUPRASAD  margin=0.0  balance=0.0
[08:10:44]   [mapping] 'hariprasada k' → best match 'hariprasada k' ratio=1.00 code=H29679
[08:10:44]   [88/141] HARIPRASADA K — mapped to Angel code H29679
[08:10:47]     [search #1] H29679-Hariprasada K
K####T@YAHOO.COM
[08:10:51]   [88/141] HARIPRASADA K  margin=0.0  balance=0.0
[08:10:56]   [mapping] 'lakshmi s bangalore' → best match 'lakshmi s bangalore' ratio=1.00 code=L61064371
[08:10:56]   [89/141] Lakshmi S Bangalore — mapped to Angel code L61064371
[08:11:00]     [search #1] L61064371-Lakshmi S Bangalore
L##############5@GMAIL.COM
[08:11:03]   [89/141] Lakshmi S Bangalore  margin=0.0  balance=0.0
[08:11:08]   [mapping] 'praveen s r' → best match 'praveen s r' ratio=1.00 code=P108065
[08:11:08]   [90/141] Praveen S R — mapped to Angel code P108065
[08:11:11]     [search #1] P108065-Praveen Ramamoorthy Saya
P########N@GMAIL.COM
[08:11:15]   [90/141] Praveen S R  margin=-764.21  balance=-764.21
[08:11:20]   [mapping] 'kabita sivakumar' → best match 'kabita sivakumar' ratio=1.00 code=K57830
[08:11:20]   [91/141] KABITA SIVAKUMAR — mapped to Angel code K57830
[08:11:23]     [search #1] K57830-Kabita Sivakumar
S##################R@GMAIL.COM
[08:11:27]   [91/141] KABITA SIVAKUMAR  margin=0.0  balance=0.0
[08:11:32]   [mapping] 'nidhi agrawal' → best match 'nidhi agrawal' ratio=1.00 code=N70467
[08:11:32]   [92/141] NIDHI AGRAWAL — mapped to Angel code N70467
[08:11:36]     [search #1] N70467-Nidhi Agrawal
M######K@GMAIL.COM
[08:11:39]   [92/141] NIDHI AGRAWAL  margin=0.0  balance=0.0
[08:11:44]   [mapping] 'rajkumar srinivasan' → best match 'rajkumar srinivasan' ratio=1.00 code=R976230
[08:11:44]   [93/141] Rajkumar Srinivasan — mapped to Angel code R976230
[08:11:48]     [search #1] R976230-Rajkumar Srinivasan
R###############S@GMAIL.COM
[08:11:52]   [93/141] Rajkumar Srinivasan  margin=0.0  balance=0.0
[08:11:56]   [mapping] 'madalasa v' → best match 'madalasa v' ratio=1.00 code=M243761
[08:11:56]   [94/141] MADALASA V — mapped to Angel code M243761
[08:12:00]     [search #1] M243761-Madalasa Venkataraman
V#######A@GMAIL.COM
[08:12:04]   [94/141] MADALASA V  margin=0.0  balance=0.0
[08:12:08]   [mapping] 'vishal srinivasa' → best match 'vishal srinivasa' ratio=1.00 code=AABX421057
[08:12:08]   [95/141] vishal srinivasa — mapped to Angel code AABX421057
[08:12:12]     [search #1] AABX421057-Vishal Srinivasa
V###############A@GMAIL.COM
[08:12:16]   [95/141] vishal srinivasa  margin=-7.04  balance=-7.04
[08:12:20]   [mapping] 'j pravin kumar' → best match 'j pravin kumar' ratio=1.00 code=J233605
[08:12:20]   [96/141] J PRAVIN KUMAR — mapped to Angel code J233605
[08:12:24]     [search #1] J233605-Jagannathan Pravin Kumar
P##########0@GMAIL.COM
[08:12:27]   [96/141] J PRAVIN KUMAR  margin=0.0  balance=0.0
[08:12:31]   [mapping] 'bharateshwar r boke' → best match 'bharateshwar r boke' ratio=1.00 code=B107256
[08:12:31]   [97/141] BHARATESHWAR R BOKE — mapped to Angel code B107256
[08:12:35]     [search #1] B107256-Bharateshwar R Boke
B#########E@GMAIL.COM
[08:12:39]   [97/141] BHARATESHWAR R BOKE  margin=0.25  balance=0.25
[08:12:43]   [mapping] 'meenakshi pathania' → best match 'meenakshi pathania' ratio=1.00 code=M847474
[08:12:43]   [98/141] MEENAKSHI PATHANIA — mapped to Angel code M847474
[08:12:47]     [search #1] M847474-Meenakshi Pathania
M###############A@GMAIL.COM
[08:12:50]   [98/141] MEENAKSHI PATHANIA  margin=0.0  balance=0.0
[08:12:54]   [mapping] 'murugan arjunan' → best match 'murugan arjunan' ratio=1.00 code=A124917
[08:12:54]   [99/141] MURUGAN ARJUNAN — mapped to Angel code A124917
[08:12:58]     [search #1] A124917-Arjunan Murugan
A#######8@GMAIL.COM
[08:13:02]   [99/141] MURUGAN ARJUNAN  margin=0.0  balance=0.0
[08:13:07]   [mapping] 'sandeep miranda' → best match 'sandeep miranda' ratio=1.00 code=S134978
[08:13:07]   [100/141] SANDEEP MIRANDA — mapped to Angel code S134978
[08:13:10]     [search #1] S134978-Sandeep Miranda
S############A@GMAIL.COM
[08:13:14]   [100/141] SANDEEP MIRANDA  margin=5000.0  balance=0.0
[08:13:18]   [mapping] 'srinivasan a' → best match 'srinivasan a' ratio=1.00 code=AAAP898684
[08:13:18]   [101/141] Srinivasan A — mapped to Angel code AAAP898684
[08:13:23]     [search #1] AAAP898684-Srinivasan A
S############S@GMAIL.COM
[08:13:26]   [101/141] Srinivasan A  margin=49.83  balance=49.83
[08:13:31]   [mapping] 'sumalatha hallur' → best match 'sumalatha hallur' ratio=1.00 code=S218267
[08:13:31]   [102/141] SUMALATHA HALLUR — mapped to Angel code S218267
[08:13:34]     [search #1] S218267-Sumalatha Hallur
S###############A@GMAIL.COM
[08:13:38]   [102/141] SUMALATHA HALLUR  margin=0.0  balance=0.0
[08:13:42]   [mapping] 'shekhar bhattacharjee' → best match 'shekhar bhattacharjee' ratio=1.00 code=S57797174
[08:13:42]   [103/141] Shekhar Bhattacharjee — mapped to Angel code S57797174
[08:13:46]     [search #1] AAAQ058874-Chaity Banerjee
TOP
CHAITYBANERJEE@GMAIL.COM
[08:13:46]     [search #2] AAAJ217164-Rajesh Kulkarni
TOP
RAJDK.85@GMAIL.COM
[08:13:46]     [search #3] AAAN061011-Bhuvaneshwari Vishwanatha Rao
TOP
VBHUVANA81@GMAIL.COM
[08:13:47]     [search #4] S218267-Sumalatha Hallur
RECENT
SUMALATHA.NISARGA@GMAIL.COM
[08:13:47]     [search #5] AAAP898684-Srinivasan A
RECENT
SRINIVASAN.PES@GMAIL.COM
[08:13:47]     [search #6] A124917-Arjunan Murugan
RECENT
ACSMURU78@GMAIL.COM
[08:13:48]     [search #7] AAAQ058874-Chaity Banerjee
TOP
CHAITYBANERJEE@GMAIL.COM
[08:13:48]     [search #8] AAAJ217164-Rajesh Kulkarni
TOP
RAJDK.85@GMAIL.COM
[08:13:48]     [search #9] AAAN061011-Bhuvaneshwari Vishwanatha Rao
TOP
VBHUVANA81@GMAIL.COM
[08:13:49]     [search #10] S218267-Sumalatha Hallur
RECENT
SUMALATHA.NISARGA@GMAIL.COM
[08:13:54]   [103/141] Shekhar Bhattacharjee — code search failed, falling back to two-word name
[08:13:58]     [search #1] S57797174-Shekhar Bhattacharjee
S#####2@GMAIL.COM
[08:14:02]   [103/141] Shekhar Bhattacharjee  margin=0.0  balance=0.0
[08:14:05]   [mapping] 'amit baliram kanshide' → best match 'amit baliram kanshide' ratio=1.00 code=A659752
[08:14:05]   [104/141] AMIT BALIRAM KANSHIDE — mapped to Angel code A659752
[08:14:10]     [search #1] A659752-Amit Baliram Kanshide
K##########T@GMAIL.COM
[08:14:13]   [104/141] AMIT BALIRAM KANSHIDE  margin=0.0  balance=0.0
[08:14:17]   [mapping] 'c nageshwar' → best match 'c nageshwar' ratio=1.00 code=C24747
[08:14:17]   [105/141] C NAGESHWAR — mapped to Angel code C24747
[08:14:21]     [search #1] C24747-C Nageshwar
N######6@YAHOO.COM
[08:14:25]   [105/141] C NAGESHWAR  margin=0.0  balance=0.0
[08:14:29]   [mapping] 'goutam dan' → best match 'goutam dan' ratio=1.00 code=G13464
[08:14:29]   [106/141] GOUTAM DAN — mapped to Angel code G13464
[08:14:33]     [search #1] G13464-Goutam Dan
D########M@GMAIL.COM
[08:14:36]   [106/141] GOUTAM DAN  margin=0.0  balance=0.0
[08:14:40]   [mapping] 'anitha balaji' → best match 'anitha balaji' ratio=1.00 code=A72269
[08:14:40]   [107/141] Anitha Balaji — mapped to Angel code A72269
[08:14:44]     [search #1] A72269-Anitha Balaji
R###############I@GMAIL.COM
[08:14:48]   [107/141] Anitha Balaji  margin=0.0  balance=0.0
[08:14:50]   [mapping] 'manas chakraborty' → best match 'manas chakraborty' ratio=1.00 code=M41653
[08:14:50]   [108/141] MANAS CHAKRABORTY — mapped to Angel code M41653
[08:14:55]     [search #1] M41653-Manas Chakraborty
C###########M@YAHOO.COM
[08:14:59]   [108/141] MANAS CHAKRABORTY  margin=0.0  balance=0.0
[08:15:03]   [mapping] 'kandala anil sharma' → best match 'kandala anil sarma' ratio=0.97 code=K431319
[08:15:03]   [109/141] KANDALA ANIL SHARMA — mapped to Angel code K431319
[08:15:07]     [search #1] K431319-Kandala Anil Sarma
I#############8@GMAIL.COM
[08:15:10]   [109/141] KANDALA ANIL SHARMA  margin=0.0  balance=0.0
[08:15:15]   [mapping] 'mahesh j shankar' → best match 'mahesh shankar' ratio=0.93 code=M131431
[08:15:15]   [110/141] MAHESH J SHANKAR — mapped to Angel code M131431
[08:15:18]     [search #1] M131431-Mahesh Shankar
S######3@GMAIL.COM
[08:15:23]   [110/141] MAHESH J SHANKAR  margin=0.0  balance=0.0
[08:15:27]   [mapping] 'akansha a pilley' → best match 'akansha arun pilley' ratio=0.91 code=A1440119
[08:15:27]   [111/141] Akansha A Pilley — mapped to Angel code A1440119
[08:15:31]     [search #1] A1440119-Akansha Arun Pilley
A############Y@GMAIL.COM
[08:15:34]   [111/141] Akansha A Pilley  margin=0.0  balance=0.0
[08:15:39]   [mapping] 'niranjan parthasarathy' → best match 'niranjan parthasarathy' ratio=1.00 code=N107516
[08:15:39]   [112/141] Niranjan Parthasarathy — mapped to Angel code N107516
[08:15:43]     [search #1] N107516-Niranjan Parthasarathy
N##########4@GMAIL.COM
[08:15:47]   [112/141] Niranjan Parthasarathy  margin=54000.0  balance=54000.0
[08:15:52]   [mapping] 'angira barman' → best match 'angira barman' ratio=1.00 code=A79949
[08:15:52]   [113/141] ANGIRA BARMAN — mapped to Angel code A79949
[08:15:55]     [search #1] A79949-Angira Barman
N###################Y@GMAIL.COM
[08:15:59]   [113/141] ANGIRA BARMAN  margin=0.0  balance=0.0
[08:16:03]   [mapping] 'sachin joshi' → best match 'sachin joshi' ratio=1.00 code=S233954
[08:16:03]   [114/141] SACHIN JOSHI — mapped to Angel code S233954
[08:16:07]     [search #1] S233954-Sachin Joshi
S#####K@GMAIL.COM
[08:16:10]   [114/141] SACHIN JOSHI  margin=0.0  balance=0.0
[08:16:15]   [mapping] 'sudeep santram dalvi' → best match 'sudeep santram dalvi' ratio=1.00 code=S108341
[08:16:15]   [115/141] SUDEEP SANTRAM DALVI — mapped to Angel code S108341
[08:16:19]     [search #1] S108341-Sudeep Santram Dalvi
S###########6@GMAIL.COM
[08:16:23]   [115/141] SUDEEP SANTRAM DALVI  margin=24985.32  balance=0.0
[08:16:27]   [mapping] 'kiran uthappa m' → best match 'kiran uthappa m' ratio=1.00 code=K411072
[08:16:27]   [116/141] Kiran Uthappa M — mapped to Angel code K411072
[08:16:31]     [search #1] K411072-Kiran Uthappa M
K##########A@GMAIL.COM
[08:16:34]   [116/141] Kiran Uthappa M  margin=-106.55  balance=-106.55
[08:16:39]   [mapping] 'joshua sundarraj' → best match 'joshua sundarraj' ratio=1.00 code=J160252
[08:16:39]   [117/141] Joshua Sundarraj — mapped to Angel code J160252
[08:16:42]     [search #1] J160252-Joshua Sundarraj
J###############J@YAHOO.COM
[08:16:46]   [117/141] Joshua Sundarraj  margin=63.14  balance=63.14
[08:16:50]   [mapping] 'srividhya muralidharan' → best match 'srividhya muralidharan' ratio=1.00 code=S1195075
[08:16:50]   [118/141] Srividhya Muralidharan — mapped to Angel code S1195075
[08:16:54]     [search #1] S1195075-Srividhya Muralidharan
S#################N@GMAIL.COM
[08:16:57]   [118/141] Srividhya Muralidharan  margin=0.0  balance=0.0
[08:17:02]   [mapping] 'sourabh manoj bhattacharya' → best match 'sourabh manoj bhattacharya' ratio=1.00 code=S317219
[08:17:02]   [119/141] Sourabh Manoj Bhattacharya — mapped to Angel code S317219
[08:17:05]     [search #1] S317219-Sourabh Manoj Bhattacharya
S##########H@GMAIL.COM
[08:17:09]   [119/141] Sourabh Manoj Bhattacharya  margin=8260.06  balance=0.0
[08:17:13]   [mapping] 'velkumar bahulayan' → best match 'velkumar bahulayan' ratio=1.00 code=V57376
[08:17:13]   [120/141] VELKUMAR BAHULAYAN — mapped to Angel code V57376
[08:17:17]     [search #1] V57376-Velkumar Bahulayan
V######1@GMAIL.COM
[08:17:20]   [120/141] VELKUMAR BAHULAYAN  margin=0.0  balance=0.0
[08:17:24]   [mapping] 'deepak dinkar joshi' → best match 'deepak dinkar joshi' ratio=1.00 code=D47116
[08:17:24]   [121/141] DEEPAK DINKAR JOSHI — mapped to Angel code D47116
[08:17:28]     [search #1] D47116-Deepak Dinkar Joshi
A######J@GMAIL.COM
[08:17:32]   [121/141] DEEPAK DINKAR JOSHI  margin=0.0  balance=0.0
[08:17:37]   [mapping] 'meenakshi s' → best match 'meenakshi s' ratio=1.00 code=M56571
[08:17:37]   [122/141] Meenakshi S — mapped to Angel code M56571
[08:17:40]     [search #1] M56571-Meenakshi S
K##########1@GMAIL.COM
[08:17:44]   [122/141] Meenakshi S  margin=100000.0  balance=100000.0
[08:17:48]   [mapping] 'ramalingam kuppuswamy anbarasu' → best match 'ramalingam kuppuswamy anbarasu' ratio=1.00 code=WWW21006
[08:17:48]   [123/141] RAMALINGAM KUPPUSWAMY ANBARASU — mapped to Angel code WWW21006
[08:17:51]     [search #1] WWW21006-R. K. Anbarasu
A############Y@GMAIL.COM
[08:17:55]   [123/141] RAMALINGAM KUPPUSWAMY ANBARASU  margin=0.0  balance=0.0
[08:17:59]   [mapping] 'gayathri rajesh' → best match 'gayathri rajesh' ratio=1.00 code=G338540
[08:17:59]   [124/141] Gayathri Rajesh — mapped to Angel code G338540
[08:18:03]     [search #1] G338540-Gayathri Rajesh
G##############2@GMAIL.COM
[08:18:06]   [124/141] Gayathri Rajesh  margin=5730.34  balance=5730.34
[08:18:11]   [mapping] 'krithika suriyanarayanan' → best match 'krithika suriyanarayanan' ratio=1.00 code=AABX637042
[08:18:11]   [125/141] KRITHIKA SURIYANARAYANAN — mapped to Angel code AABX637042
[08:18:15]     [search #1] AABX637042-Krithika Suriyanarayanan
K############R@REDIFFMAIL.COM
[08:18:19]   [125/141] KRITHIKA SURIYANARAYANAN  margin=0.0  balance=0.0
[08:18:23]   [mapping] 'dharmapalan p s' → best match 'dharmapalan p s' ratio=1.00 code=WWW21009
[08:18:23]   [126/141] DHARMAPALAN P S — mapped to Angel code WWW21009
[08:18:27]     [search #1] WWW21009-Dharmapalan P S
D###########S@GMAIL.COM
[08:18:31]   [126/141] DHARMAPALAN P S  margin=127.91  balance=127.91
[08:18:35]   [mapping] 'amit sood' → best match 'amit sood' ratio=1.00 code=A466720
[08:18:35]   [127/141] AMIT SOOD — mapped to Angel code A466720
[08:18:39]     [search #1] A466720-Amit Sood
A############E@GMAIL.COM
[08:18:42]   [127/141] AMIT SOOD  margin=0.0  balance=0.0
[08:18:46]   [mapping] 'balakumar k b' → best match 'balakumar k b' ratio=1.00 code=B37704
[08:18:46]   [128/141] BALAKUMAR K B — mapped to Angel code B37704
[08:18:50]     [search #1] B37704-Balakumar Kolinjivadi Balasubramaniam
K#########R@REDIFFMAIL.COM
[08:18:54]   [128/141] BALAKUMAR K B  margin=0.0  balance=0.0
[08:18:58]   [mapping] 'madhu madhurakavi' → best match 'madhu madhurakavi' ratio=1.00 code=M74479
[08:18:58]   [129/141] MADHU MADHURAKAVI — mapped to Angel code M74479
[08:19:02]     [search #1] M74479-Madhu Madhurakavi
M###############I@YAHOO.IN
[08:19:05]   [129/141] MADHU MADHURAKAVI  margin=0.0  balance=0.0
[08:19:10]   [mapping] 'krishna latha vaddadi' → best match 'krishna latha vaddadi' ratio=1.00 code=K58831074
[08:19:10]   [130/141] KRISHNA LATHA VADDADI — mapped to Angel code K58831074
[08:19:14]     [search #1] K58831074-Krishna Latha Vaddadi
K#############5@GMAIL.COM
[08:19:17]   [130/141] KRISHNA LATHA VADDADI  margin=0.0  balance=0.0
[08:19:22]   [mapping] 'gunturu naga maruthi kumari' → best match 'gunturu naga maruthi kumari' ratio=1.00 code=AAAQ657024
[08:19:22]   [131/141] GUNTURU NAGA MARUTHI KUMARI — mapped to Angel code AAAQ657024
[08:19:25]     [search #1] AAAQ657024-Gunturu Naga Maruthi Kumari
M##################U@GMAIL.COM
[08:19:29]   [131/141] GUNTURU NAGA MARUTHI KUMARI  margin=0.0  balance=0.0
[08:19:35]   [mapping] 'anil kumar' → best match 'a anil kumar' ratio=0.91 code=A849914
[08:19:35]   [132/141] ANIL KUMAR — mapped to Angel code A849914
[08:19:39]     [search #1] A849914-A Anil Kumar
A################3@GMAIL.COM
[08:19:42]   [132/141] ANIL KUMAR  margin=0.0  balance=0.0
[08:19:47]   [mapping] 'syama sundar pingali' → best match 'syama sundar pingali' ratio=1.00 code=S126842
[08:19:47]   [133/141] SYAMA SUNDAR PINGALI — mapped to Angel code S126842
[08:19:51]     [search #1] S126842-Syama Sundar Pingali
S######S@YAHOO.COM
[08:19:55]   [133/141] SYAMA SUNDAR PINGALI  margin=0.0  balance=0.0
[08:19:59]   [mapping] 'suresh narayan srinivasan' → best match 'suresh narayan srinivasan' ratio=1.00 code=WWW21011
[08:19:59]   [134/141] SURESH NARAYAN SRINIVASAN — mapped to Angel code WWW21011
[08:20:03]     [search #1] WWW21011-Suresh Narayan Srinivasan
S############S@OUTLOOK.COM
[08:20:07]   [134/141] SURESH NARAYAN SRINIVASAN  margin=0.0  balance=0.0
[08:20:11]   [mapping] 's manjunath' → best match 's manjunath' ratio=1.00 code=S106607
[08:20:11]   [135/141] S MANJUNATH — mapped to Angel code S106607
[08:20:14]     [search #1] S106607-S Manjunath
Y###########H@YAHOO.COM
[08:20:18]   [135/141] S MANJUNATH  margin=0.0  balance=0.0
[08:20:22]   [mapping] 'aditya s chandok' → best match 'aditya s chandok' ratio=1.00 code=A1437113
[08:20:22]   [136/141] ADITYA S CHANDOK — mapped to Angel code A1437113
[08:20:26]     [search #1] A1437113-Aditya Subhashchandra Chandok
A############K@GMAIL.COM
[08:20:29]   [136/141] ADITYA S CHANDOK  margin=0.0  balance=0.0
[08:20:34]   [mapping] 'sai prashanth ramanathan' → best match 'sai prashanth ramanathan' ratio=1.00 code=AAAJ984428
[08:20:34]   [137/141] Sai Prashanth Ramanathan — mapped to Angel code AAAJ984428
[08:20:38]     [search #1] AAAJ984428-Sai Prashanth Ramanathan
R#####U@YAHOO.COM
[08:20:42]   [137/141] Sai Prashanth Ramanathan  margin=0.0  balance=0.0
[08:20:46]   [mapping] 'ramachandran swaminathan' → best match 'ramchandran swaminathan' ratio=0.98 code=R41151
[08:20:46]   [138/141] Ramachandran Swaminathan — mapped to Angel code R41151
[08:20:49]     [search #1] R41151-Ramchandran Swaminathan
S########A@GMAIL.COM
[08:20:53]   [138/141] Ramachandran Swaminathan  margin=0.0  balance=0.0
[08:20:57]   [mapping] 'anju ravichandran' → best match 'anju ravichandran' ratio=1.00 code=A59514355
[08:20:57]   [139/141] Anju Ravichandran — mapped to Angel code A59514355
[08:21:01]     [search #1] A59514355-Anju Ravichandran
A#####1@GMAIL.COM
[08:21:05]   [139/141] Anju Ravichandran  margin=0.0  balance=0.0
[08:21:09]   [mapping] 'catherine joshua thundyil' → best match 'catherine joshua thundyil' ratio=1.00 code=C31724
[08:21:09]   [140/141] CATHERINE JOSHUA THUNDYIL — mapped to Angel code C31724
[08:21:13]     [search #1] C31724-Catherine Joshua T
C########L@GMAIL.COM
[08:21:16]   [140/141] CATHERINE JOSHUA THUNDYIL  margin=0.0  balance=0.0
[08:21:20]   [mapping] 'narayana rao malla' → best match 'narayana rao malla' ratio=1.00 code=N78150
[08:21:20]   [141/141] NARAYANA RAO MALLA — mapped to Angel code N78150
[08:21:24]     [search #1] N78150-Narayana Rao Malla
N############A@GMAIL.COM
[08:21:28]   [141/141] NARAYANA RAO MALLA  margin=0.0  balance=0.0
[08:21:32] 
[gcs] ✓ gs://winrich_shared/data/AngelOne/angelone_equity_margins.csv
[08:21:37] [email] ✓ Email sent to niranjan@winrich.in
[08:21:38] 
► [Trade Tracker] Navigating to positions/orders page…
[08:22:01]   [Trade Tracker] Page: https://nxt.angelone.in/business/tradeTraker/positionsOrders
[08:22:01]   [Trade Tracker] Columns: ['Client Code', 'Date', 'Invested Amount', 'Total Profit/Loss', 'Open Positions', 'Margin Trades']
[08:22:01]   [Trade Tracker] Page 1 — counting rows…
[08:22:01]   [Trade Tracker] No rows found — page may be empty.
[08:22:01]   [Trade Tracker] Page text snippet:
164
WL

W2p Investments Private Limited

BNGWWW2

CAMS Consent Required
Please submit your CAMS consent so we can fetch your latest bank and demat statements
CLICK HERE
Dashboard
Sales
Services
My Business
Mutual Funds
Interest Product
Reports
Pro Insight
Insurance
Wealth Products
Commodity Dashboard
Loans
Utilities
E-Welcome
Downloads
Loyalty One
Indices:
SENSEX
78493.54
0.65%
NIFTY
24353.55
0.65%
BANKNIFTY
56565.70
0.85%
Positions
Orders
Up to 2 groups can be selected
Client Code
	
Date
	
Invested Amount
	
Total Profit/Loss
	
Open Positions
	
Margin Trades
	
No Data Found
No. of rows per page
50
Copyright © angelone.in 2026 | All Rights Reserved (T&C)
[08:22:01]   [Trade Tracker] No records extracted — nothing to save.
[08:22:01] 
► [Unify] Trying AUM page directly…
[08:22:05]   [Unify] Landed on: https://app.unificap.com/wealthspectrum/portal/sign-in
[08:22:05]   [Unify] Session expired — logging in…
[08:22:07]   [Unify] Entering credentials for WAWYA…
[08:22:08]   [Unify] Submitted login form.
[08:22:10]   [Unify] OTP prompt detected — fetching from email…
[08:22:10]   [Unify OTP] Waiting for OTP email in knsridharan@wawya.in from pmsops@unificap.com…
[08:22:20]   [Unify OTP] Checking inbox (attempt 1, 10s elapsed)…
[08:22:21]   [Unify OTP] Found 1 email(s) from pmsops@unificap.com.
[08:22:21]   [Unify OTP] Email: received=2026-04-20T02:52:13Z  preview='Dear WAWYA INVESTMENT SERVICES PVT LTD,\r\n\r\n\r\nOnetime passcod'
[08:22:21]   [Unify OTP] received_ts=1776653533  cutoff=1776653498
[08:22:21]   [Unify OTP] ✓ OTP: 774172
[08:22:21]   [Unify] OTP submitted.
[08:22:23]   [Unify] Logged in — landed on: https://app.unificap.com/wealthspectrum/portal/login-otp
[08:22:23] 
  [Unify] Navigating to Clientwise Daily AUM via keyboard…
[08:22:24]   [Unify] Tab #5: found 'Queries' → Enter
[08:22:26]   [Unify] Tabbing 6 times to hamburger button…
[08:22:28]   [Unify] Query list opened.
[08:22:29]   [Unify] Tab #5: found 'Clientwise Daily AUM' → Enter
[08:22:30]   [Unify] Dismissed query panel — form should be visible.
[08:22:31]   [Unify] Tab #5: on date input
[08:22:32]   [Unify] From Date → 19/04/2026
[08:22:32]   [Unify] Tab #0: on date input
[08:22:33]   [Unify] To Date   → 19/04/2026
[08:22:33]   [Unify] Tabbing to format selector…
[08:22:34]   [Unify] CSV format selected.
[08:22:35]   [Unify] Tab #1: on Execute button
[08:22:35]   [Unify] Pressing Execute…
[08:22:35]   [Unify] Execute pressed — waiting for results to load…
[08:22:37]   [Unify] Waiting for results and download button…
[08:22:57]   [Unify] Results ready — tabbing to download button…
[08:22:58]   [Unify] Tab #3: found 'sim_card_download' → Enter
[08:22:58]   [Unify] Download triggered — saving file…
[08:22:59]   [Unify] ✓ Downloaded: I481_Daily_AUM.csv
[08:22:59]   [Unify] ✓ Uploaded to GCS: gs://winrich/Datawarehouse/Unify/2026/04/20/WAWYA_Daily_AUM - 19.csv
[08:22:59]   [Unify] Local file removed: I481_Daily_AUM.csv
[08:23:00] 
► [Vested] Navigating to login page…
[08:23:03]   [Vested] Landed on: https://metabase-partners.vestedfinance.com/
[08:23:03]   [Vested] Already logged in — skipping login.
[08:23:03]   [Vested] Navigating to Funded Users report…
[08:23:10]   [Vested] Page: https://metabase-partners.vestedfinance.com/question/364-funded-users?Time_Limit=12&Time_Frame=Month
[08:23:10]   [Vested] Cleared 1 filter(s).
[08:23:10]   [Vested] Pressing Ctrl+Enter to run query…
[08:23:12]   [Vested] Looking for download button…
[08:23:14]   [Vested] Download menu opened.
[08:23:14]   [Vested] Selected .csv format.
[08:23:15]   [Vested] ✓ Downloaded: funded_users_2026-04-20T02_53_14.646414042Z.csv
[08:23:15]   [Vested] Columns renamed to match expected format.
[08:23:15]   [Vested] ✓ Uploaded to GCS: gs://winrich/Datawarehouse/Vested/2026/04/20/funded_users_2026-04-20.csv
[08:23:15]   [Vested] Local file removed: funded_users_2026-04-20T02_53_14.646414042Z.csv
[08:23:16] 
► [IPRU Email] Searching for latest email from IPRUAUTOMAILER@icicipruamc.com…
[08:23:16]   [IPRU Email] Using email: 2026-04-19  WS Distributor Daily AUM Report 19-Apr-2026
[08:23:17]   [IPRU Email] Downloading: WAWYA IN_083424.zip (7.8 KB)…
[08:23:18]   [IPRU Email] ✓ Downloaded: WAWYA IN_083424.zip
[08:23:18]   [IPRU Email] Extracting ZIP…
[08:23:18]   [IPRU Email] Extracted: WAWYA IN_083424.xls
[08:23:18]   [IPRU Email] ✓ Converted to CSV: ICICIPMS 20.csv (129 rows)
[08:23:18]   [IPRU Email] ✓ Uploaded to GCS: gs://winrich/Datawarehouse/ICICI-PMS/2026/04/20/ICICIPMS 20.csv
[08:23:18]   [IPRU Email] Local file removed: WAWYA IN_083424.zip
[08:23:18]   [IPRU Email] Local file removed: WAWYA IN_083424.xls
[08:23:18]   [IPRU Email] Local file removed: ICICIPMS 20.csv
[08:23:19] 
► [ASK] Searching for email from bangalore@askinvestmentmanagers.com…
[08:23:19]   [ASK] Using email: 2026-04-20  ASK PMS NAV - 16-04-2026
[08:23:20]   [ASK] Downloading: Report - 16-04-2026.xlsx (13.2 KB)…
[08:23:21]   [ASK] ✓ Downloaded: Report - 16-04-2026.xlsx
[08:23:21]   [ASK] ✓ Converted to CSV: ask_pms.csv (23 rows)
[08:23:21]   [ASK] ✓ Uploaded to GCS: gs://winrich/Datawarehouse/ASK/2026/04/20/ask_pms.csv
[08:23:21]   [ASK] Local file removed: Report - 16-04-2026.xlsx
[08:23:21]   [ASK] Local file removed: ask_pms.csv
[08:23:21] 
✓ All phases complete.
[16:10:22] Loaded 141 entries from Winrich_Angel_mapping.csv (cols: 'angel name', 'angel code')
[16:10:22]   Sample: 'a anil kumar' → 'A849914'
[16:10:22] Loaded 141 customers from Customerlist_12.csv
[16:10:22] Starting in 15s — uncheck any phases already complete.
[16:10:37] Grace period over — starting run.
[16:10:46] 
Launching Edge from: C:\Program Files (x86)\Microsoft\Edge\Application\msedge.exe
[16:10:46] Edge PID: 24664
[16:11:26] Closing 0 existing tab(s)…
[16:11:26] 
► [Angel One NXT] Checking dashboard…
[16:11:31]   [AO Login] Session expired — need to log in.
[16:11:31]   [AO Login] Waiting for manual login (up to 5 minutes)…
[16:11:57]   [AO Login] ✓ Logged in — home page returned 200 (https://nxt.angelone.in/).
[16:12:28] 
► [Client DP Holdings] Skipped — already in GCS: Datawarehouse/Stocks/2026/04/20/client-dp-holdings.csv
[16:12:29] 
► [Security Holdings] Skipped — already in GCS: Datawarehouse/Stocks/2026/04/20/Equity.csv
[16:12:29] 
► Skipping balance extraction (checkbox enabled).
[16:12:30] 
► [Trade Tracker] Navigating to positions/orders page…
[16:13:12]   [Trade Tracker] Page: https://nxt.angelone.in/business/tradeTraker/positionsOrders
[16:13:13]   [Trade Tracker] Columns: ['Client Code', 'Date', 'Invested Amount', 'Total Profit/Loss', 'Open Positions', 'Margin Trades']
[16:13:13]   [Trade Tracker] Page 1 — counting rows…
[16:13:13]   [Trade Tracker] 16 row(s) found.
[16:13:13]   [Trade Tracker] Row 1/16: [('Client Code', 'K62332392'), ('Date', '2026-04-20'), ('Invested Amount', '₹ 0.00')]…
[16:13:29]     [detail] 1 position row(s) extracted across 1 section(s).
[16:13:31]   [Trade Tracker] Row 3/16: [('Client Code', 'O1481'), ('Date', '2026-04-20'), ('Invested Amount', '₹ 22,731.25')]…
[16:13:37]     [detail] 5 position row(s) extracted across 1 section(s).
[16:13:38]   [Trade Tracker] Row 5/16: [('Client Code', 'P61477'), ('Date', '2026-04-20'), ('Invested Amount', '₹ 29,798.4')]…
[16:13:52]     [detail] 1 position row(s) extracted across 1 section(s).
[16:13:53]   [Trade Tracker] Row 7/16: [('Client Code', 'P63145'), ('Date', '2026-04-20'), ('Invested Amount', '₹ 8,804.2')]…
[16:14:00]     [detail] 5 position row(s) extracted across 1 section(s).
[16:14:01]   [Trade Tracker] Row 9/16: [('Client Code', 'S134978'), ('Date', '2026-04-20'), ('Invested Amount', '₹ 4,856.28')]…
[16:14:17]     [detail] 1 position row(s) extracted across 1 section(s).
[16:14:18]   [Trade Tracker] Row 11/16: [('Client Code', 'S2005199'), ('Date', '2026-04-20'), ('Invested Amount', '₹ 20,504.25')]…
[16:14:23]     [detail] 1 position row(s) extracted across 1 section(s).
[16:14:25]   [Trade Tracker] Row 13/16: [('Client Code', 'S527177'), ('Date', '2026-04-20'), ('Invested Amount', '₹ 5,029.64')]…
[16:14:39]     [detail] 3 position row(s) extracted across 1 section(s).
[16:14:40]   [Trade Tracker] Row 15/16: [('Client Code', 'V72239'), ('Date', '2026-04-20'), ('Invested Amount', '₹ 0.00')]…
[16:14:46]     [detail] 5 position row(s) extracted across 1 section(s).
[16:14:47]   [Trade Tracker] ✓ Saved: 20-04-2026-Trades.csv (22 rows × 20 cols)
[16:14:48]   [Trade Tracker] ✓ Uploaded to GCS: gs://winrich_shared/data/AngelOne/Trades/20-04-2026-Trades.csv
[16:14:48]   [Trade Tracker] Local file removed: 20-04-2026-Trades.csv
[16:14:48] 
► [Unify] Skipped (checkbox).
[16:14:48] 
► [Vested] Skipped (checkbox).
[16:14:48] 
► [IPRU Email] Skipped (checkbox).
[16:14:48] 
► [ASK] Skipped (checkbox).
[16:14:48] 
✓ All phases complete.
