[19:22:37] [customers] Raw columns: ['ï»¿Customer ID', 'Customer Name', 'Unnamed: 2', 'Creation', 'Broker Type', 'Mandate', 'Status', 'Risk Profile', 'Unnamed: 8', 'Portfolio Return (Absolute)', 'Benchmark Return (NSE-500)', 'Total Stocks', 'Portfolio Value', 'Unnamed: 13', 'SIP Amount', 'Last Updated', 'Cash', 'Cash Balance Date', 'Money in Amount', 'Absolute Return', 'Absolute Return (NSE-500)', 'Account Balance', 'Adhoc Investment', 'Model Portfolio']
[19:22:37] [customers] Renamed columns: ['master_customer_id', 'username', 'Unnamed: 2', 'Creation', 'Broker Type', 'Mandate', 'Status', 'Risk Profile', 'Unnamed: 8', 'Portfolio Return (Absolute)', 'Benchmark Return (NSE-500)', 'Total Stocks', 'Portfolio Value', 'Unnamed: 13', 'SIP Amount', 'Last Updated', 'Cash', 'Cash Balance Date', 'Money in Amount', 'Absolute Return', 'Absolute Return (NSE-500)', 'Account Balance', 'Adhoc Investment', 'Model Portfolio']
[19:22:37] Loaded 141 customers from Customerlist_12.csv
[19:22:42] 
Launching Edge from: C:\Program Files (x86)\Microsoft\Edge\Application\msedge.exe
[19:22:42] Edge PID: 36288
[19:23:00] Opening Unify AUM page: https://app.unificap.com/wealthspectrum/portal/bo-queries/Clientwise_Daily_AUM
[19:23:00] 
► [Unify] Trying AUM page directly…
[19:23:04]   [Unify] Landed on: https://app.unificap.com/wealthspectrum/portal/sign-in
[19:23:04]   [Unify] Session expired — logging in…
[19:23:07]   [Unify] Entering credentials for WAWYA…
[19:23:07]   [Unify] Submitted login form.
[19:23:09]   [Unify] OTP prompt detected — fetching from email…
[19:23:09]   [Unify OTP] Waiting for OTP email in knsridharan@wawya.in from pmsops@unificap.com…
[19:23:19]   [Unify OTP] Checking inbox (attempt 1, 10s elapsed)…
[19:23:20]   [Unify OTP] Found 1 email(s) from pmsops@unificap.com.
[19:23:20]   [Unify OTP] Email: received=2026-03-29T13:53:12Z  preview='Dear WAWYA INVESTMENT SERVICES PVT LTD,\r\n\r\n\r\nOnetime passcod'
[19:23:20]   [Unify OTP] received_ts=1774792392  cutoff=1774792357
[19:23:20]   [Unify OTP] ✓ OTP: 414696
[19:23:20]   [Unify] OTP submitted.
[19:23:22]   [Unify] Logged in — landed on: https://app.unificap.com/wealthspectrum/portal/login-otp
[19:23:22] 
  [Unify] Navigating to Clientwise Daily AUM via keyboard…
[19:23:23]   [Unify] Tab #5: found 'Queries' → Enter
[19:23:24]   [Unify] Tabbing 6 times to hamburger button…
[19:23:26]   [Unify] Query list opened.
[19:23:27]   [Unify] Tab #5: found 'Clientwise Daily AUM' → Enter
[19:23:28]   [Unify] Dismissed query panel — form should be visible.
[19:23:29]   [Unify] Tab #5: on date input
[19:23:30]   [Unify] From Date → 28/03/2026
[19:23:31]   [Unify] Tab #0: on date input
[19:23:32]   [Unify] To Date   → 28/03/2026
[19:23:32]   [Unify] Tabbing to format selector…
[19:23:33]   [Unify] CSV format selected.
[19:23:33]   [Unify] Tab #1: on Execute button
[19:23:33]   [Unify] Pressing Execute…
[19:23:33]   [Unify] Execute pressed — waiting for results to load…
[19:23:35]   [Unify] Waiting for results and download button…
[19:23:55]   [Unify] Results ready — tabbing to download button…
[19:23:56]   [Unify] Tab #3: found 'sim_card_download' → Enter
[19:23:56]   [Unify] Download triggered — saving file…
[19:23:56]   [Unify] ✓ Downloaded: I481_Daily_AUM.csv
[19:24:05]   [Unify] ✓ Uploaded to GCS: gs://winrich/Datawarehouse/Unify/2026/03/28/WAWYA_Daily_AUM_28-03-2026.csv
[19:24:05]   [Unify] Local file removed: I481_Daily_AUM.csv
[19:24:05] 
► [Vested] Navigating to login page…
[19:24:07]   [Vested] Landed on: https://metabase-partners.vestedfinance.com/auth/login/password
[19:24:07]   [Vested] Logging in as Winrich.analytics@vestedfinance.co…
[19:24:07]   [Vested] Credentials submitted.
[19:24:08]   [Vested] Logged in — Page: https://metabase-partners.vestedfinance.com/
[19:24:08]   [Vested] Navigating to Funded Users report…
[19:24:12]   [Vested] Page: https://metabase-partners.vestedfinance.com/question/364-funded-users?Time_Limit=12&Time_Frame=Month
[19:24:12]   [Vested] Looking for download button…
[19:24:14]   [Vested] Download menu opened.
[19:24:14]   [Vested] Selected .csv format.
[19:24:14]   [Vested] ✓ Downloaded: funded_users_2026-03-29T13_54_14.585775071Z.csv
[19:24:15]   [Vested] ✓ Uploaded to GCS: gs://winrich/Datawarehouse/Vested/2026/03/29/funded_users_2026-03-29.csv
[19:24:15]   [Vested] Local file removed: funded_users_2026-03-29T13_54_14.585775071Z.csv
[19:24:15] 
► [IPRU Email] Searching for latest email from IPRUAUTOMAILER@icicipruamc.com…
[19:24:15]   [IPRU Email] Using email: 2026-03-29  WS Distributor Daily AUM Report 29-Mar-2026
[19:24:16]   [IPRU Email] Downloading: WAWYA IN_091223.zip (7.7 KB)…
[19:24:17]   [IPRU Email] ✓ Downloaded: WAWYA IN_091223.zip
[19:24:17]   [IPRU Email] Extracting ZIP…
[19:24:17]   [IPRU Email] Extracted: WAWYA IN_091223.xls
[19:24:17]   [IPRU Email] ✓ Converted to CSV: ICICIPMS 29.csv (129 rows)
[19:24:17]   [IPRU Email] ✓ Uploaded to GCS: gs://winrich/Datawarehouse/ICICI-PMS/2026/03/29/ICICIPMS 29.csv
[19:24:18]   [IPRU Email] Local file removed: WAWYA IN_091223.zip
[19:24:18]   [IPRU Email] Local file removed: WAWYA IN_091223.xls
[19:24:18]   [IPRU Email] Local file removed: ICICIPMS 29.csv
[19:24:18] 
► [Angel One NXT] Navigating to login…
[19:24:18] Waiting for Angel One NXT login…
[19:26:11] Angel One NXT login detected!
[19:26:12]   [check] client-dp-holdings.csv — mtime=2026-03-27  today=2026-03-29  match=False
[19:26:12]   [check] force_download=False  all_fresh=False
[19:27:21] 
► Extracting customer balances…
[19:27:32]   [1/141] KESHAV SHRINIVAS MALAGI  margin=411.36  balance=411.36
[19:27:44]   [2/141] chaity banerjee  margin=0.0  balance=0.0
[19:28:00]   [3/141] SHRINIVAS HANUMANTHAPPA SUREBAN — not found, skipped
[19:28:14]   [4/141] KRISHNAPRASAD — not found, skipped
[19:28:27]   [5/141] RAJEEV NARAYANA IYER  margin=426.89  balance=426.89
[19:28:40]   [6/141] BASKAR PRANATHARTHI  margin=-66.49  balance=-66.49
[19:28:55]   [7/141] ANSHUL SATISH CHATURVEDI  margin=698.8  balance=698.8
[19:29:07]   [8/141] RAVINDER PEDDI  margin=86201.42  balance=1409.9
[19:29:21]   [9/141] SUDHANSU RANJAN ACHARYA  margin=476.19  balance=476.19
[19:29:34]   [10/141] UPENDRA N PURANIK  margin=753.69  balance=753.69
[19:29:46]   [11/141] Seema D Nayak  margin=1026.03  balance=1026.03
[19:30:00]   [12/141] PRASAD HSMD  margin=994.52  balance=994.52
[19:30:13]   [13/141] R BALAKRISHNAN  margin=0.16  balance=0.16
[19:30:29]   [14/141] RAJASHREE PARAMESWARAN  margin=944.27  balance=944.27
[19:30:42]   [15/141] RATISH P KAIMAL  margin=-86.75  balance=-86.75
[19:30:56]   [16/141] Shankara G  margin=94.54  balance=94.54
[19:31:10]   [17/141] KRISHNAMURTHY RAVINDRA  margin=3362.92  balance=3362.92
[19:31:25]   [18/141] RANGASWAMY IYYER PARTHASARATHY  margin=5008.93  balance=5008.93
[19:31:39]   [19/141] Prabhakar S Joshi  margin=584.94  balance=584.94
[19:31:54]   [20/141] RINU MAMMEN THOMAS  margin=696.14  balance=696.14
[19:32:08]   [21/141] SUBHASH CHANDRA KANUMURI  margin=317.35  balance=317.35
[19:32:21]   [22/141] PREETI SINHA TYAGI  margin=43462.15  balance=31040.49
[19:32:37]   [23/141] Balaji Lakshman  margin=0.0  balance=0.0
[19:32:51]   [24/141] SHREYAS RANGANATH  margin=25986.69  balance=25475.44
[19:33:03]   [25/141] SUNDAR KRISHNAN  margin=407.42  balance=407.42
[19:33:16]   [26/141] RAJESH R  margin=686.05  balance=686.05
[19:33:30]   [27/141] DEEPA MAHESH  margin=283476.96  balance=283476.96
[19:33:44]   [28/141] SHEETAL JYOTIRAO PATIL  margin=-6.98  balance=-6.98
[19:33:58]   [29/141] JITENDRIYA S ATHAVALE  margin=0.64  balance=0.64
[19:34:10]   [30/141] Mayank  margin=162.11  balance=162.11
[19:34:23]   [31/141] Ashok Shanmugam  margin=422.15  balance=422.15
[19:34:36]   [32/141] VEENA B M  margin=363.71  balance=363.71
[19:34:49]   [33/141] Bhuvaneshwari Vishwanatha Rao  margin=0.0  balance=0.0
[19:35:01]   [34/141] JEEVAN MITHRA  margin=1000.31  balance=1000.31
[19:35:15]   [35/141] NILANJAN ROYCHOWDHURY  margin=0.0  balance=0.0
[19:35:29]   [36/141] VIKASH AGARWAL  margin=224.17  balance=224.17
[19:35:43]   [37/141] Rajesh Kulkarni  margin=0.0  balance=0.0
[19:35:56]   [38/141] MEHER V S S PINGALI  margin=413.8  balance=413.8
[19:36:08]   [39/141] MADHAVI DARBHA  margin=45.34  balance=45.34
[19:36:21]   [40/141] Sudeepta Chakraborty  margin=None  balance=None
[19:36:34]   [41/141] GIRISH P KAIMAL  margin=-86.75  balance=-86.75
[19:36:46]   [42/141] ALKA SAXENA  margin=676.35  balance=676.35
[19:36:59]   [43/141] Giridhar D S  margin=676.35  balance=676.35
[19:37:13]   [44/141] VENKATESWARAN GOVINDARAJAN  margin=1758.26  balance=1394.72
[19:37:26]   [45/141] Nisha Agrawal  margin=593.42  balance=593.42
[19:48:13] [customers] Raw columns: ['ï»¿Customer ID', 'Customer Name', 'Unnamed: 2', 'Creation', 'Broker Type', 'Mandate', 'Status', 'Risk Profile', 'Unnamed: 8', 'Portfolio Return (Absolute)', 'Benchmark Return (NSE-500)', 'Total Stocks', 'Portfolio Value', 'Unnamed: 13', 'SIP Amount', 'Last Updated', 'Cash', 'Cash Balance Date', 'Money in Amount', 'Absolute Return', 'Absolute Return (NSE-500)', 'Account Balance', 'Adhoc Investment', 'Model Portfolio']
[19:48:13] [customers] Renamed columns: ['master_customer_id', 'username', 'Unnamed: 2', 'Creation', 'Broker Type', 'Mandate', 'Status', 'Risk Profile', 'Unnamed: 8', 'Portfolio Return (Absolute)', 'Benchmark Return (NSE-500)', 'Total Stocks', 'Portfolio Value', 'Unnamed: 13', 'SIP Amount', 'Last Updated', 'Cash', 'Cash Balance Date', 'Money in Amount', 'Absolute Return', 'Absolute Return (NSE-500)', 'Account Balance', 'Adhoc Investment', 'Model Portfolio']
[19:48:13] Loaded 141 customers from Customerlist_12.csv
[19:48:13] Starting in 30s — uncheck any phases already complete.
[19:48:43] Grace period over — starting run.
[19:48:48] 
Launching Edge from: C:\Program Files (x86)\Microsoft\Edge\Application\msedge.exe
[19:48:48] Edge PID: 14608
[19:48:52] Opening Unify AUM page: https://app.unificap.com/wealthspectrum/portal/bo-queries/Clientwise_Daily_AUM
[19:48:52] 
► [Unify] Skipped (checkbox).
[19:48:52]   [ASK] ASK_USERNAME or ASK_PASSWORD not set in .env — skipping.
[19:48:52] 
► [Vested] Skipped (checkbox).
[19:48:52] 
► [IPRU Email] Skipped (checkbox).
[19:48:52] 
► [Angel One NXT] Navigating to login…
[19:48:52]   [AO Login] Entering credentials for BNGWWW2…
[19:49:29]   [AO Login] Could not find user ID field — dumping inputs.
[19:49:29]     {'type': 'text', 'name': '', 'id': 'input-v-3', 'placeholder': 'Search by client code/name', 'visible': True}
[19:49:29]     {'type': 'text', 'name': '', 'id': 'input-v-12', 'placeholder': '', 'visible': True}
[19:49:29]     {'type': 'text', 'name': '', 'id': 'input-v-16', 'placeholder': '', 'visible': True}
[19:49:29]     {'type': 'checkbox', 'name': '', 'id': 'switch-v-87', 'placeholder': '', 'visible': True}
[19:49:29]     {'type': 'checkbox', 'name': '', 'id': 'switch-v-90', 'placeholder': '', 'visible': True}
[19:49:29]     {'type': 'checkbox', 'name': '', 'id': 'switch-v-93', 'placeholder': '', 'visible': True}
[19:49:29]     {'type': 'checkbox', 'name': '', 'id': 'switch-v-96', 'placeholder': '', 'visible': True}
[19:49:29]     {'type': 'checkbox', 'name': '', 'id': 'switch-v-99', 'placeholder': '', 'visible': True}
[19:49:29]     {'type': 'text', 'name': '', 'id': 'input-v-22', 'placeholder': '', 'visible': True}
[19:49:29]     {'type': 'text', 'name': '', 'id': 'input-v-25', 'placeholder': '', 'visible': True}
[19:49:29]     {'type': 'text', 'name': '', 'id': 'input-v-79', 'placeholder': '', 'visible': True}
[19:49:29]     {'type': 'text', 'name': '', 'id': 'input-v-66', 'placeholder': '', 'visible': True}
[19:49:29] Angel One NXT login failed — skipping Phase 4.
[19:52:27] [customers] Raw columns: ['ï»¿Customer ID', 'Customer Name', 'Unnamed: 2', 'Creation', 'Broker Type', 'Mandate', 'Status', 'Risk Profile', 'Unnamed: 8', 'Portfolio Return (Absolute)', 'Benchmark Return (NSE-500)', 'Total Stocks', 'Portfolio Value', 'Unnamed: 13', 'SIP Amount', 'Last Updated', 'Cash', 'Cash Balance Date', 'Money in Amount', 'Absolute Return', 'Absolute Return (NSE-500)', 'Account Balance', 'Adhoc Investment', 'Model Portfolio']
[19:52:27] [customers] Renamed columns: ['master_customer_id', 'username', 'Unnamed: 2', 'Creation', 'Broker Type', 'Mandate', 'Status', 'Risk Profile', 'Unnamed: 8', 'Portfolio Return (Absolute)', 'Benchmark Return (NSE-500)', 'Total Stocks', 'Portfolio Value', 'Unnamed: 13', 'SIP Amount', 'Last Updated', 'Cash', 'Cash Balance Date', 'Money in Amount', 'Absolute Return', 'Absolute Return (NSE-500)', 'Account Balance', 'Adhoc Investment', 'Model Portfolio']
[19:52:27] Loaded 141 customers from Customerlist_12.csv
[19:52:27] Starting in 30s — uncheck any phases already complete.
[19:52:57] Grace period over — starting run.
[19:53:02] 
Launching Edge from: C:\Program Files (x86)\Microsoft\Edge\Application\msedge.exe
[19:53:02] Edge PID: 22020
[19:53:05] Opening Unify AUM page: https://app.unificap.com/wealthspectrum/portal/bo-queries/Clientwise_Daily_AUM
[19:53:06] 
► [Unify] Skipped (checkbox).
[19:53:06] 
► [ASK] Trying AUM page directly…
[19:53:14]   [ASK] Landed on: https://askpms.in/wealthspectrum/portal/sign-in
[19:53:14]   [ASK] Session expired — logging in…
[19:53:19]   [ASK] Entering credentials for knsridharan@wawya.in…
[19:53:19]   [ASK] Submitted login form.
[19:53:29]   [ASK] OTP field not found (expected input#otp).
[19:53:29] 
► [Vested] Skipped (checkbox).
[19:53:29] 
► [IPRU Email] Skipped (checkbox).
[19:53:29] 
► [Angel One NXT] Checking dashboard…
[19:53:32] Already logged in to Angel One NXT — dashboard loaded.
[19:53:32]   [check] client-dp-holdings.csv — mtime=2026-03-29  today=2026-03-29  match=True
[19:53:32]   [check] equity.csv — mtime=2026-03-29  today=2026-03-29  match=True
[19:53:32]   [check] force_download=False  all_fresh=True
[19:53:32] Skipping downloads — today's CSV files already exist. (Check 'Re-download files' to force.)
[19:53:32] 
► Extracting customer balances…
[19:53:52]   [1/141] KESHAV SHRINIVAS MALAGI  margin=411.36  balance=411.36
[19:55:07] [customers] Raw columns: ['ï»¿Customer ID', 'Customer Name', 'Unnamed: 2', 'Creation', 'Broker Type', 'Mandate', 'Status', 'Risk Profile', 'Unnamed: 8', 'Portfolio Return (Absolute)', 'Benchmark Return (NSE-500)', 'Total Stocks', 'Portfolio Value', 'Unnamed: 13', 'SIP Amount', 'Last Updated', 'Cash', 'Cash Balance Date', 'Money in Amount', 'Absolute Return', 'Absolute Return (NSE-500)', 'Account Balance', 'Adhoc Investment', 'Model Portfolio']
[19:55:07] [customers] Renamed columns: ['master_customer_id', 'username', 'Unnamed: 2', 'Creation', 'Broker Type', 'Mandate', 'Status', 'Risk Profile', 'Unnamed: 8', 'Portfolio Return (Absolute)', 'Benchmark Return (NSE-500)', 'Total Stocks', 'Portfolio Value', 'Unnamed: 13', 'SIP Amount', 'Last Updated', 'Cash', 'Cash Balance Date', 'Money in Amount', 'Absolute Return', 'Absolute Return (NSE-500)', 'Account Balance', 'Adhoc Investment', 'Model Portfolio']
[19:55:07] Loaded 141 customers from Customerlist_12.csv
[19:55:07] Starting in 30s — uncheck any phases already complete.
[19:55:38] Grace period over — starting run.
[19:55:43] 
Launching Edge from: C:\Program Files (x86)\Microsoft\Edge\Application\msedge.exe
[19:55:43] Edge PID: 9220
[19:55:46] Opening Unify AUM page: https://app.unificap.com/wealthspectrum/portal/bo-queries/Clientwise_Daily_AUM
[19:55:47] 
► [Unify] Skipped (checkbox).
[19:55:47] 
► [ASK] Trying AUM page directly…
[19:55:52]   [ASK] Landed on: https://askpms.in/wealthspectrum/portal/dashboard-pms
[19:55:52]   [ASK] Session active — skipping login.
[19:55:52] 
  [ASK] Navigating to Clientwise Daily AUM via keyboard…
[19:55:54]   [ASK] Tab #5: found 'Queries' → Enter
[19:55:55]   [ASK] Tabbing 6 times to hamburger button…
[19:55:57]   [ASK] Query list opened.
[19:56:07]   [ASK] Could not reach 'Clientwise Daily AUM' in 60 tabs.
[19:56:07]   [ASK] Aborting — could not reach Clientwise Daily AUM.
[19:56:07] 
► [Vested] Skipped (checkbox).
[19:56:07] 
► [IPRU Email] Skipped (checkbox).
[19:56:07] 
► [Angel One NXT] Checking dashboard…
[19:56:11] Already logged in to Angel One NXT — dashboard loaded.
[19:56:11]   [check] client-dp-holdings.csv — mtime=2026-03-29  today=2026-03-29  match=True
[19:56:11]   [check] equity.csv — mtime=2026-03-29  today=2026-03-29  match=True
[19:56:11]   [check] force_download=False  all_fresh=True
[19:56:11] Skipping downloads — today's CSV files already exist. (Check 'Re-download files' to force.)
[19:56:11] 
► Extracting customer balances…
[19:56:16]   [resume] Skipping 45 customers already processed today.
[19:56:16]   [1/141] KESHAV SHRINIVAS MALAGI — already done today, skipping
[19:56:16]   [2/141] chaity banerjee — already done today, skipping
[19:56:16]   [3/141] SHRINIVAS HANUMANTHAPPA SUREBAN — already done today, skipping
[19:56:16]   [4/141] KRISHNAPRASAD — already done today, skipping
[19:56:16]   [5/141] RAJEEV NARAYANA IYER — already done today, skipping
[19:56:16]   [6/141] BASKAR PRANATHARTHI — already done today, skipping
[19:56:16]   [7/141] ANSHUL SATISH CHATURVEDI — already done today, skipping
[19:56:16]   [8/141] RAVINDER PEDDI — already done today, skipping
[19:56:16]   [9/141] SUDHANSU RANJAN ACHARYA — already done today, skipping
[19:56:16]   [10/141] UPENDRA N PURANIK — already done today, skipping
[19:56:16]   [11/141] Seema D Nayak — already done today, skipping
[19:56:16]   [12/141] PRASAD HSMD — already done today, skipping
[19:56:16]   [13/141] R BALAKRISHNAN — already done today, skipping
[19:56:16]   [14/141] RAJASHREE PARAMESWARAN — already done today, skipping
[19:56:16]   [15/141] RATISH P KAIMAL — already done today, skipping
[19:56:16]   [16/141] Shankara G — already done today, skipping
[19:56:16]   [17/141] KRISHNAMURTHY RAVINDRA — already done today, skipping
[19:56:16]   [18/141] RANGASWAMY IYYER PARTHASARATHY — already done today, skipping
[19:56:16]   [19/141] Prabhakar S Joshi — already done today, skipping
[19:56:16]   [20/141] RINU MAMMEN THOMAS — already done today, skipping
[19:56:16]   [21/141] SUBHASH CHANDRA KANUMURI — already done today, skipping
[19:56:16]   [22/141] PREETI SINHA TYAGI — already done today, skipping
[19:56:16]   [23/141] Balaji Lakshman — already done today, skipping
[19:56:16]   [24/141] SHREYAS RANGANATH — already done today, skipping
[19:56:16]   [25/141] SUNDAR KRISHNAN — already done today, skipping
[19:56:16]   [26/141] RAJESH R — already done today, skipping
[19:56:16]   [27/141] DEEPA MAHESH — already done today, skipping
[19:56:16]   [28/141] SHEETAL JYOTIRAO PATIL — already done today, skipping
[19:56:16]   [29/141] JITENDRIYA S ATHAVALE — already done today, skipping
[19:56:16]   [30/141] Mayank — already done today, skipping
[19:56:16]   [31/141] Ashok Shanmugam — already done today, skipping
[19:56:16]   [32/141] VEENA B M — already done today, skipping
[19:56:16]   [33/141] Bhuvaneshwari Vishwanatha Rao — already done today, skipping
[19:56:16]   [34/141] JEEVAN MITHRA — already done today, skipping
[19:56:16]   [35/141] NILANJAN ROYCHOWDHURY — already done today, skipping
[19:56:16]   [36/141] VIKASH AGARWAL — already done today, skipping
[19:56:16]   [37/141] Rajesh Kulkarni — already done today, skipping
[19:56:16]   [38/141] MEHER V S S PINGALI — already done today, skipping
[19:56:16]   [39/141] MADHAVI DARBHA — already done today, skipping
[19:56:16]   [40/141] Sudeepta Chakraborty — already done today, skipping
[19:56:16]   [41/141] GIRISH P KAIMAL — already done today, skipping
[19:56:16]   [42/141] ALKA SAXENA — already done today, skipping
[19:56:16]   [43/141] Giridhar D S — already done today, skipping
[19:56:16]   [44/141] VENKATESWARAN GOVINDARAJAN — already done today, skipping
[19:56:16]   [45/141] Nisha Agrawal — already done today, skipping
[19:56:30]   [46/141] RAJASIMHA KARANAM  margin=0.0  balance=0.0
[19:56:42]   [47/141] SANJAY MANNERA BELLIAPPA  margin=16219.83  balance=16219.83
[19:56:52]   [48/141] Jayanthi B  margin=2411.42  balance=2411.42
[19:57:03]   [49/141] PREETI PRABHUSHASTRI  margin=43462.15  balance=31040.49
[19:57:13]   [50/141] DEEPA S  margin=0.0  balance=0.0
[20:02:01] [customers] Raw columns: ['ï»¿Customer ID', 'Customer Name', 'Unnamed: 2', 'Creation', 'Broker Type', 'Mandate', 'Status', 'Risk Profile', 'Unnamed: 8', 'Portfolio Return (Absolute)', 'Benchmark Return (NSE-500)', 'Total Stocks', 'Portfolio Value', 'Unnamed: 13', 'SIP Amount', 'Last Updated', 'Cash', 'Cash Balance Date', 'Money in Amount', 'Absolute Return', 'Absolute Return (NSE-500)', 'Account Balance', 'Adhoc Investment', 'Model Portfolio']
[20:02:02] [customers] Renamed columns: ['master_customer_id', 'username', 'Unnamed: 2', 'Creation', 'Broker Type', 'Mandate', 'Status', 'Risk Profile', 'Unnamed: 8', 'Portfolio Return (Absolute)', 'Benchmark Return (NSE-500)', 'Total Stocks', 'Portfolio Value', 'Unnamed: 13', 'SIP Amount', 'Last Updated', 'Cash', 'Cash Balance Date', 'Money in Amount', 'Absolute Return', 'Absolute Return (NSE-500)', 'Account Balance', 'Adhoc Investment', 'Model Portfolio']
[20:02:02] Loaded 141 customers from Customerlist_12.csv
[20:02:02] Starting in 30s — uncheck any phases already complete.
[20:02:32] Grace period over — starting run.
[20:02:37] 
Launching Edge from: C:\Program Files (x86)\Microsoft\Edge\Application\msedge.exe
[20:02:37] Edge PID: 7128
[20:02:40] Opening Unify AUM page: https://app.unificap.com/wealthspectrum/portal/bo-queries/Clientwise_Daily_AUM
[20:02:40] 
► [Unify] Skipped (checkbox).
[20:02:40] 
► [ASK] Trying AUM page directly…
[20:02:46]   [ASK] Landed on: https://askpms.in/wealthspectrum/portal/sign-in
[20:02:46]   [ASK] Session expired — logging in…
[20:02:50]   [ASK] Entering credentials for knsridharan@wawya.in…
[20:02:51]   [ASK] Submitted login form.
[20:02:53]   [ASK] Logged in — landed on: https://askpms.in/wealthspectrum/portal/dashboard-pms
[20:02:53] 
  [ASK] Navigating to Clientwise Daily AUM via keyboard…
[20:02:54]   [ASK] Tab #5: found 'Queries' → Enter
[20:02:55]   [ASK] Tabbing 10 times to hamburger button…
[20:02:57]   [ASK] Query list opened.
[20:02:58]   [ASK] Tab #6: found 'Clientwise Daily AUM' → Enter
[20:03:00]   [ASK] Dismissed query panel — form should be visible.
[20:03:01]   [ASK] Tab #4: on date input
[20:03:02]   [ASK] From Date → 28/03/2026
[20:03:02]   [ASK] Tab #0: on date input
[20:03:03]   [ASK] To Date   → 28/03/2026
[20:03:03]   [ASK] Tabbing to format selector…
[20:03:04]   [ASK] CSV format selected.
[20:03:04]   [ASK] Tab #1: on Execute button
[20:03:04]   [ASK] Pressing Execute…
[20:03:04]   [ASK] Execute pressed — waiting for results to load…
[20:03:06]   [ASK] Waiting for results and download button…
[20:03:17]   [ASK] Results ready — tabbing to download button…
[20:03:17]   [ASK] Tab #3: found 'sim_card_download' → Enter
[20:03:17]   [ASK] Download triggered — saving file…
[20:03:18]   [ASK] ✓ Downloaded: WAWYAInvestment_Daily_AUM.csv
[20:03:19]   [ASK] ✓ Uploaded to GCS: gs://winrich/Datawarehouse/ASK/2026/03/28/ask_pms.csv
[20:03:19]   [ASK] Local file removed: WAWYAInvestment_Daily_AUM.csv
[20:03:19] 
► [Vested] Skipped (checkbox).
[20:03:19] 
► [IPRU Email] Skipped (checkbox).
[20:03:19] 
► [Angel One NXT] Checking dashboard…
[20:03:22] Already logged in to Angel One NXT — dashboard loaded.
[20:03:23]   [check] client-dp-holdings.csv — mtime=2026-03-29  today=2026-03-29  match=True
[20:03:23]   [check] equity.csv — mtime=2026-03-29  today=2026-03-29  match=True
[20:03:23]   [check] force_download=False  all_fresh=True
[20:03:23] Skipping downloads — today's CSV files already exist. (Check 'Re-download files' to force.)
[20:03:23] 
► Extracting customer balances…
[20:03:27]   [resume] Skipping 50 customers already processed today.
[20:03:27]   [1/141] KESHAV SHRINIVAS MALAGI — already done today, skipping
[20:03:27]   [2/141] chaity banerjee — already done today, skipping
[20:03:27]   [3/141] SHRINIVAS HANUMANTHAPPA SUREBAN — already done today, skipping
[20:03:27]   [4/141] KRISHNAPRASAD — already done today, skipping
[20:03:27]   [5/141] RAJEEV NARAYANA IYER — already done today, skipping
[20:03:27]   [6/141] BASKAR PRANATHARTHI — already done today, skipping
[20:03:27]   [7/141] ANSHUL SATISH CHATURVEDI — already done today, skipping
[20:03:27]   [8/141] RAVINDER PEDDI — already done today, skipping
[20:03:27]   [9/141] SUDHANSU RANJAN ACHARYA — already done today, skipping
[20:03:27]   [10/141] UPENDRA N PURANIK — already done today, skipping
[20:03:27]   [11/141] Seema D Nayak — already done today, skipping
[20:03:27]   [12/141] PRASAD HSMD — already done today, skipping
[20:03:27]   [13/141] R BALAKRISHNAN — already done today, skipping
[20:03:27]   [14/141] RAJASHREE PARAMESWARAN — already done today, skipping
[20:03:27]   [15/141] RATISH P KAIMAL — already done today, skipping
[20:03:27]   [16/141] Shankara G — already done today, skipping
[20:03:27]   [17/141] KRISHNAMURTHY RAVINDRA — already done today, skipping
[20:03:27]   [18/141] RANGASWAMY IYYER PARTHASARATHY — already done today, skipping
[20:03:27]   [19/141] Prabhakar S Joshi — already done today, skipping
[20:03:27]   [20/141] RINU MAMMEN THOMAS — already done today, skipping
[20:03:27]   [21/141] SUBHASH CHANDRA KANUMURI — already done today, skipping
[20:03:27]   [22/141] PREETI SINHA TYAGI — already done today, skipping
[20:03:27]   [23/141] Balaji Lakshman — already done today, skipping
[20:03:27]   [24/141] SHREYAS RANGANATH — already done today, skipping
[20:03:27]   [25/141] SUNDAR KRISHNAN — already done today, skipping
[20:03:27]   [26/141] RAJESH R — already done today, skipping
[20:03:27]   [27/141] DEEPA MAHESH — already done today, skipping
[20:03:27]   [28/141] SHEETAL JYOTIRAO PATIL — already done today, skipping
[20:03:27]   [29/141] JITENDRIYA S ATHAVALE — already done today, skipping
[20:03:27]   [30/141] Mayank — already done today, skipping
[20:03:27]   [31/141] Ashok Shanmugam — already done today, skipping
[20:03:27]   [32/141] VEENA B M — already done today, skipping
[20:03:27]   [33/141] Bhuvaneshwari Vishwanatha Rao — already done today, skipping
[20:03:27]   [34/141] JEEVAN MITHRA — already done today, skipping
[20:03:27]   [35/141] NILANJAN ROYCHOWDHURY — already done today, skipping
[20:03:27]   [36/141] VIKASH AGARWAL — already done today, skipping
[20:03:27]   [37/141] Rajesh Kulkarni — already done today, skipping
[20:03:27]   [38/141] MEHER V S S PINGALI — already done today, skipping
[20:03:27]   [39/141] MADHAVI DARBHA — already done today, skipping
[20:03:27]   [40/141] Sudeepta Chakraborty — already done today, skipping
[20:03:27]   [41/141] GIRISH P KAIMAL — already done today, skipping
[20:03:27]   [42/141] ALKA SAXENA — already done today, skipping
[20:03:27]   [43/141] Giridhar D S — already done today, skipping
[20:03:27]   [44/141] VENKATESWARAN GOVINDARAJAN — already done today, skipping
[20:03:27]   [45/141] Nisha Agrawal — already done today, skipping
[20:03:27]   [46/141] RAJASIMHA KARANAM — already done today, skipping
[20:03:27]   [47/141] SANJAY MANNERA BELLIAPPA — already done today, skipping
[20:03:27]   [48/141] Jayanthi B — already done today, skipping
[20:03:27]   [49/141] PREETI PRABHUSHASTRI — already done today, skipping
[20:03:27]   [50/141] DEEPA S — already done today, skipping
[20:03:36]   [51/141] SADAYANDI SARASWATHI SARAVANAPANDIAN — not found, skipped
[20:03:47]   [52/141] Venkatakrishna Viswanath  margin=0.0  balance=0.0
[20:03:57]   [53/141] Parag Chaudhari  margin=730.68  balance=730.68
[20:04:07]   [54/141] Dyuti Banerjee  margin=0.0  balance=0.0
[20:04:18]   [55/141] MAHENDAR JITENDER SINGH  margin=-599.17  balance=0.0
[20:04:28]   [56/141] SARATH CHANDRAN  margin=404.72  balance=404.72
[20:04:39]   [57/141] SATHISH KUMAR C V  margin=-1060.0  balance=0.0
[20:04:50]   [58/141] Purohit Avitash Anupkumar  margin=827.7  balance=827.7
[20:05:01]   [59/141] GEETHAMURTHY SIRVARAM BASAVARAJU — not found, skipped
[20:05:12]   [60/141] Samrruta Aiyer  margin=281.74  balance=281.74
[20:05:22]   [61/141] A Jessie Selva Celina  margin=68.61  balance=68.61
[20:05:33]   [62/141] ANANDHI GANAPATHY IYER  margin=0.0  balance=0.0
[20:05:43]   [63/141] CHAITANYA B  margin=365.0  balance=365.0
[20:05:53]   [64/141] Asok Ramya  margin=-3.06  balance=-3.06
[20:06:04]   [65/141] THATTE SUMIT VISHWAS  margin=10000.0  balance=10000.0
[20:06:15]   [66/141] ATOSHI CHAKRABORTY  margin=261.38  balance=261.38
[20:06:25]   [67/141] ATOSHI CHAKRABORTY  margin=500.6  balance=500.6
[20:06:36]   [68/141] RINKI DASGUPTA  margin=-62.36  balance=-62.36
[20:06:46]   [69/141] GNANAVADIVEL S  margin=413.8  balance=413.8
[20:06:56]   [70/141] K SANJAY VARIER  margin=610.21  balance=610.21
[20:07:06]   [71/141] CHANDRANI ROY  margin=0.0  balance=0.0
[20:07:17]   [72/141] SANDEEP KALIYATH  margin=0.0  balance=0.0
[20:07:27]   [73/141] HARISH HEBBAR  margin=283476.96  balance=283476.96
[20:07:37]   [74/141] ARUN KUMAR NATH  margin=13235.37  balance=13235.37
[20:07:48]   [75/141] V N K SATYASAI TATA  margin=354.18  balance=354.18
[20:07:59]   [76/141] Srinivasa Govinda  margin=114.23  balance=114.23
[20:08:09]   [77/141] A BALAMURUGAN  margin=0.0  balance=0.0
[20:08:19]   [78/141] SPHOORTI KUMAR  margin=433.89  balance=433.89
[20:08:29]   [79/141] ARUN RAGHAVAN  margin=-82.43  balance=-82.43
[20:08:39]   [80/141] VEENA RAJAPPA  margin=0.0  balance=0.0
[20:08:50]   [81/141] ARINDAM ROY CHOWDHURY  margin=686.05  balance=686.05
[20:09:01]   [82/141] KAILASAM KRISHNAMURTHY  margin=986.38  balance=986.38
[20:09:11]   [83/141] NITIN JOSHI  margin=905.94  balance=905.94
[20:09:21]   [84/141] KAPIL AGRAWAL  margin=593.42  balance=593.42
[20:09:31]   [85/141] B P NACHAPPA  margin=325.37  balance=325.37
[20:09:42]   [86/141] OLIVER SACHIN QUADRAS  margin=25279.37  balance=25279.37
[20:09:52]   [87/141] GURUPRASAD  margin=1420.99  balance=1420.99
[20:10:02]   [88/141] HARIPRASADA K  margin=721.01  balance=721.01
[20:10:13]   [89/141] Lakshmi S Bangalore  margin=0.0  balance=0.0
[20:10:23]   [90/141] Praveen S R  margin=0.0  balance=0.0
[20:10:33]   [91/141] KABITA SIVAKUMAR  margin=0.0  balance=0.0
[20:10:43]   [92/141] NIDHI AGRAWAL  margin=593.42  balance=593.42
[20:10:54]   [93/141] Rajkumar Srinivasan  margin=0.0  balance=0.0
[20:11:04]   [94/141] MADALASA V  margin=1758.26  balance=1394.72
[20:11:15]   [95/141] vishal srinivasa  margin=212.65  balance=212.65
[20:11:25]   [96/141] J PRAVIN KUMAR  margin=13235.37  balance=13235.37
[20:11:36]   [97/141] BHARATESHWAR R BOKE  margin=0.25  balance=0.25
[20:11:46]   [98/141] MEENAKSHI PATHANIA  margin=344.6  balance=344.6
[20:11:57]   [99/141] MURUGAN ARJUNAN  margin=0.0  balance=0.0
[20:12:07]   [100/141] SANDEEP MIRANDA  margin=142580.65  balance=142627.86
[20:12:20]   [101/141] Srinivasan A  margin=0.0  balance=0.0
[20:12:32]   [102/141] SUMALATHA HALLUR  margin=0.0  balance=0.0
[20:12:45]   [103/141] Shekhar Bhattacharjee  margin=0.0  balance=0.0
[20:12:59]   [104/141] AMIT BALIRAM KANSHIDE  margin=32.8  balance=32.8
[20:13:12]   [105/141] C NAGESHWAR  margin=339.45  balance=339.45
[20:13:24]   [106/141] GOUTAM DAN  margin=832.0  balance=832.0
[20:13:36]   [107/141] Anitha Balaji  margin=95.06  balance=95.06
[20:13:48]   [108/141] MANAS CHAKRABORTY  margin=1037385.94  balance=1037385.94
[20:14:03]   [109/141] KANDALA ANIL SHARMA  margin=433.89  balance=433.89
[20:14:15]   [110/141] MAHESH J SHANKAR  margin=-23.6  balance=-23.6
[20:14:28]   [111/141] Akansha A Pilley  margin=29395.63  balance=29395.63
[20:14:39]   [112/141] Niranjan Parthasarathy  margin=0.66  balance=0.66
[20:14:49]   [113/141] ANGIRA BARMAN  margin=440.13  balance=440.13
[20:14:59]   [114/141] SACHIN JOSHI  margin=74.23  balance=74.23
[20:15:10]   [115/141] SUDEEP SANTRAM DALVI  margin=26218.04  balance=1350.47
[20:15:20]   [116/141] Kiran Uthappa M  margin=4296.96  balance=4296.96
[20:15:30]   [117/141] Joshua Sundarraj  margin=3.44  balance=3.44
[20:15:41]   [118/141] Srividhya Muralidharan  margin=0.0  balance=0.0
[20:15:52]   [119/141] Sourabh Manoj Bhattacharya  margin=8545.0  balance=1026.11
[20:16:03]   [120/141] VELKUMAR BAHULAYAN  margin=359.18  balance=359.18
[20:16:14]   [121/141] DEEPAK DINKAR JOSHI  margin=74.23  balance=74.23
[20:16:24]   [122/141] Meenakshi S  margin=344.6  balance=344.6
[20:16:36]   [123/141] RAMALINGAM KUPPUSWAMY ANBARASU  margin=-1075.61  balance=-1075.61
[20:16:46]   [124/141] Gayathri Rajesh  margin=70803.22  balance=70803.22
[20:16:57]   [125/141] KRITHIKA SURIYANARAYANAN  margin=0.0  balance=0.0
[20:17:08]   [126/141] DHARMAPALAN P S  margin=81551.15  balance=81551.15
[20:17:18]   [127/141] AMIT SOOD  margin=732.06  balance=732.06
[20:17:28]   [128/141] BALAKUMAR K B  margin=0.0  balance=0.0
[20:17:39]   [129/141] MADHU MADHURAKAVI  margin=0.0  balance=0.0
[20:17:50]   [130/141] KRISHNA LATHA VADDADI  margin=0.0  balance=0.0
[20:18:01]   [131/141] GUNTURU NAGA MARUTHI KUMARI  margin=414.42  balance=414.42
[20:18:11]   [132/141] ANIL KUMAR  margin=433.89  balance=433.89
[20:18:22]   [133/141] SYAMA SUNDAR PINGALI  margin=407.42  balance=407.42
[20:18:34]   [134/141] SURESH NARAYAN SRINIVASAN  margin=156.35  balance=156.35
[20:18:44]   [135/141] S MANJUNATH  margin=472.68  balance=472.68
[20:18:55]   [136/141] ADITYA S CHANDOK  margin=0.0  balance=0.0
[20:19:06]   [137/141] Sai Prashanth Ramanathan  margin=136.91  balance=136.91
[20:19:18]   [138/141] Ramachandran Swaminathan  margin=200732.97  balance=200732.97
[20:19:28]   [139/141] Anju Ravichandran  margin=75339.85  balance=75339.85
[20:19:40]   [140/141] CATHERINE JOSHUA THUNDYIL  margin=0.0  balance=0.0
[20:19:51]   [141/141] NARAYANA RAO MALLA  margin=341.61  balance=341.61
[20:19:54] 
[gcs] ✓ gs://winrich_shared/data/AngleNxt/angelone_equity_margins.csv
[20:19:59] [email] ✓ Email sent to niranjan@winrich.in
[20:19:59] 
✓ All done!  89/141 captured.
[20:25:54] [customers] Raw columns: ['ï»¿Customer ID', 'Customer Name', 'Unnamed: 2', 'Creation', 'Broker Type', 'Mandate', 'Status', 'Risk Profile', 'Unnamed: 8', 'Portfolio Return (Absolute)', 'Benchmark Return (NSE-500)', 'Total Stocks', 'Portfolio Value', 'Unnamed: 13', 'SIP Amount', 'Last Updated', 'Cash', 'Cash Balance Date', 'Money in Amount', 'Absolute Return', 'Absolute Return (NSE-500)', 'Account Balance', 'Adhoc Investment', 'Model Portfolio']
[20:25:54] [customers] Renamed columns: ['master_customer_id', 'username', 'Unnamed: 2', 'Creation', 'Broker Type', 'Mandate', 'Status', 'Risk Profile', 'Unnamed: 8', 'Portfolio Return (Absolute)', 'Benchmark Return (NSE-500)', 'Total Stocks', 'Portfolio Value', 'Unnamed: 13', 'SIP Amount', 'Last Updated', 'Cash', 'Cash Balance Date', 'Money in Amount', 'Absolute Return', 'Absolute Return (NSE-500)', 'Account Balance', 'Adhoc Investment', 'Model Portfolio']
[20:25:54] Loaded 141 customers from Customerlist_12.csv
[20:25:54] Starting in 30s — uncheck any phases already complete.
