[07:48:53] Loaded 141 entries from Winrich_Angel_mapping.csv (cols: 'angel name', 'angel code')
[07:48:53]   Sample: 'a anil kumar' → 'A849914'
[07:48:53] Loaded 141 customers from Customerlist_12.csv
[07:48:53] Starting in 15s — uncheck any phases already complete.
[07:49:08] Grace period over — starting run.
[07:49:13] 
Launching Edge from: C:\Program Files (x86)\Microsoft\Edge\Application\msedge.exe
[07:49:13] Edge PID: 29576
[07:49:30] Closing 0 existing tab(s)…
[07:49:30] 
► [Angel One NXT] Checking dashboard…
[07:49:33]   [AO Login] Session expired — need to log in.
[07:49:34]   [AO Login] Waiting for manual login (up to 5 minutes)…
[07:50:06]   [AO Login] ✓ Logged in — home page returned 200 (https://nxt.angelone.in/).
[07:50:28]   Waiting 2 minutes before next report download…
[07:52:40] 
► Extracting customer balances…
[07:52:44]   [mapping] 'keshav shrinivas malagi' → best match 'keshav shrinivas malagi' ratio=1.00 code=K273641
[07:52:44]   [1/141] KESHAV SHRINIVAS MALAGI — mapped to Angel code K273641
[07:52:48]     [search #1] K273641-Keshav Shrinivas Malagi
K######I@GMAIL.COM
[07:52:51]   [1/141] KESHAV SHRINIVAS MALAGI  margin=411.36  balance=411.36
[07:52:56]   [mapping] 'chaity banerjee' → best match 'chaity banerjee' ratio=1.00 code=AAAQ058874
[07:52:56]   [2/141] chaity banerjee — mapped to Angel code AAAQ058874
[07:53:00]     [search #1] AAAQ058874-Chaity Banerjee
C############E@GMAIL.COM
[07:53:03]   [2/141] chaity banerjee  margin=50000.0  balance=50000.0
[07:53:07]   [mapping] 'shrinivas hanumanthappa sureban' → best match 'shrinivas hanamanthappa sureban' ratio=0.97 code=S133551
[07:53:07]   [3/141] SHRINIVAS HANUMANTHAPPA SUREBAN — mapped to Angel code S133551
[07:53:10]     [search #1] S133551-Shrinivas Hanamanthappa Sureban
S#####N@YAHOO.COM
[07:53:14]   [3/141] SHRINIVAS HANUMANTHAPPA SUREBAN  margin=510.26  balance=510.26
[07:53:18]   [mapping] 'krishnaprasad' → best match 'krishnaprasad' ratio=1.00 code=K683207
[07:53:18]   [4/141] KRISHNAPRASAD — mapped to Angel code K683207
[07:53:21]     [search #1] K683207-Krishna Prasad Canchi Purushothama
K###########I@GMAIL.COM
[07:53:25]   [4/141] KRISHNAPRASAD  margin=298.01  balance=298.01
[07:53:29]   [mapping] 'rajeev narayana iyer' → best match 'rajeev narayana iyer' ratio=1.00 code=R1121821
[07:53:29]   [5/141] RAJEEV NARAYANA IYER — mapped to Angel code R1121821
[07:53:33]     [search #1] R1121821-Rajeev Narayana Iyer
R###########R@GMAIL.COM
[07:53:36]   [5/141] RAJEEV NARAYANA IYER  margin=35426.89  balance=35426.89
[07:53:40]   [mapping] 'baskar pranatharthi' → best match 'baskar pranatharthi' ratio=1.00 code=B38265
[07:53:40]   [6/141] BASKAR PRANATHARTHI — mapped to Angel code B38265
[07:53:44]     [search #1] B38265-Baskar Pranatharthi
B#########N@YAHOO.COM
[07:53:48]   [6/141] BASKAR PRANATHARTHI  margin=54933.51  balance=54933.51
[07:53:52]   [mapping] 'anshul satish chaturvedi' → best match 'anshul satish chaturvedi' ratio=1.00 code=A87827
[07:53:52]   [7/141] ANSHUL SATISH CHATURVEDI — mapped to Angel code A87827
[07:53:55]     [search #1] A87827-Anshul Satish Chaturvedi
C######L@GMAIL.COM
[07:53:59]   [7/141] ANSHUL SATISH CHATURVEDI  margin=0.8  balance=0.8
[07:54:02]   [mapping] 'ravinder peddi' → best match 'ravinder peddi' ratio=1.00 code=R139316
[07:54:02]   [8/141] RAVINDER PEDDI — mapped to Angel code R139316
[07:54:06]     [search #1] R139316-Ravinder Peddi
R############I@GMAIL.COM
[07:54:10]   [8/141] RAVINDER PEDDI  margin=88036.28  balance=1409.9
[07:54:13]   [mapping] 'sudhansu ranjan acharya' → best match 'sudhansu ranjan acharya' ratio=1.00 code=S199359
[07:54:13]   [9/141] SUDHANSU RANJAN ACHARYA — mapped to Angel code S199359
[07:54:17]     [search #1] S199359-Sudhansu Ranjan Acharya
S#######A@GMAIL.COM
[07:54:20]   [9/141] SUDHANSU RANJAN ACHARYA  margin=304.39  balance=304.39
[07:54:24]   [mapping] 'upendra n puranik' → best match 'upendra n puranik' ratio=1.00 code=U21194
[07:54:24]   [10/141] UPENDRA N PURANIK — mapped to Angel code U21194
[07:54:27]     [search #1] U21194-Upendra N Puranik
P#######N@GMAIL.COM
[07:54:31]   [10/141] UPENDRA N PURANIK  margin=999.64  balance=999.64
[07:54:34]   [mapping] 'seema d nayak' → best match 'seema deepak nayak' ratio=0.84 code=S118648
[07:54:34]   [11/141] Seema D Nayak — mapped to Angel code S118648
[07:54:38]     [search #1] S118648-Seema Deepak Nayak
S#########K@GMAIL.COM
[07:54:41]   [11/141] Seema D Nayak  margin=1026.03  balance=1026.03
[07:54:45]   [mapping] 'prasad hsmd' → best match 'prasad h s m d' ratio=0.88 code=P75774
[07:54:45]   [12/141] PRASAD HSMD — mapped to Angel code P75774
[07:54:49]     [search #1] P75774-Prasad H S M D
H########D@GMAIL.COM
[07:54:52]   [12/141] PRASAD HSMD  margin=480.93  balance=480.93
[07:54:56]   [mapping] 'r balakrishnan' → best match 'r balakrishnan' ratio=1.00 code=P69684
[07:54:56]   [13/141] R BALAKRISHNAN — mapped to Angel code P69684
[07:55:00]     [search #1] P69684-P R Balakrishnan
B#########M@GMAIL.COM
[07:55:04]   [13/141] R BALAKRISHNAN  margin=-191.02  balance=-191.02
[07:55:07]   [mapping] 'rajashree parameswaran' → best match 'rajashree parameswaran' ratio=1.00 code=R65529
[07:55:07]   [14/141] RAJASHREE PARAMESWARAN — mapped to Angel code R65529
[07:55:10]     [search #1] R65529-Rajashree Parameswaran
R#############M@GMAIL.COM
[07:55:14]   [14/141] RAJASHREE PARAMESWARAN  margin=944.27  balance=944.27
[07:55:17]   [mapping] 'ratish p kaimal' → best match 'ratish p kaimal' ratio=1.00 code=R292688
[07:55:17]   [15/141] RATISH P KAIMAL — mapped to Angel code R292688
[07:55:21]     [search #1] R292688-Ratish Parameswara Kaimal
R##########L@GMAIL.COM
[07:55:25]   [15/141] RATISH P KAIMAL  margin=41674.09  balance=41697.69
[07:55:28]   [mapping] 'shankara g' → best match 'shankara g' ratio=1.00 code=S96983
[07:55:28]   [16/141] Shankara G — mapped to Angel code S96983
[07:55:32]     [search #1] S96983-Shankara G
S########G@YAHOO.CO.IN
[07:55:35]   [16/141] Shankara G  margin=94.54  balance=94.54
[07:55:38]   [mapping] 'krishnamurthy ravindra' → best match 'krishnamurthy ravindra' ratio=1.00 code=K36693
[07:55:38]   [17/141] KRISHNAMURTHY RAVINDRA — mapped to Angel code K36693
[07:55:42]     [search #1] K36693-Krishnamurthy Ravindra
R####################1@GMAIL.COM
[07:55:46]   [17/141] KRISHNAMURTHY RAVINDRA  margin=303362.92  balance=303362.92
[07:55:50]   [mapping] 'rangaswamy iyyer parthasarathy' → best match 'rangaswamy iyyer parthasarathy' ratio=1.00 code=R41282
[07:55:50]   [18/141] RANGASWAMY IYYER PARTHASARATHY — mapped to Angel code R41282
[07:55:53]     [search #1] R41282-Rangaswamy Iyyer Parthasarathy
P#########1@YAHOO.CO.IN
[07:55:57]   [18/141] RANGASWAMY IYYER PARTHASARATHY  margin=10153.48  balance=10153.48
[07:56:00]   [mapping] 'prabhakar s joshi' → best match 'prabhakar s joshi' ratio=1.00 code=P63145
[07:56:00]   [19/141] Prabhakar S Joshi — mapped to Angel code P63145
[07:56:03]     [search #1] P63145-Prabhakar S Joshi
P############I@YAHOO.COM
[07:56:07]   [19/141] Prabhakar S Joshi  margin=584.94  balance=584.94
[07:56:11]   [mapping] 'rinu mammen thomas' → best match 'rinu mammen thomas' ratio=1.00 code=R78923
[07:56:11]   [20/141] RINU MAMMEN THOMAS — mapped to Angel code R78923
[07:56:15]     [search #1] R78923-Rinu Mammen Thomas
R####T@GMAIL.COM
[07:56:18]   [20/141] RINU MAMMEN THOMAS  margin=50696.14  balance=50696.14
[07:56:23]   [mapping] 'subhash chandra kanumuri' → best match 'subhash chandra kanumuri' ratio=1.00 code=S827224
[07:56:23]   [21/141] SUBHASH CHANDRA KANUMURI — mapped to Angel code S827224
[07:56:26]     [search #1] S827224-Subhash Chandra Kanumuri
S#############I@GMAIL.COM
[07:56:30]   [21/141] SUBHASH CHANDRA KANUMURI  margin=20317.35  balance=20317.35
[07:56:33]   [mapping] 'preeti sinha tyagi' → best match 'preeti sinha tyagi' ratio=1.00 code=P61477
[07:56:33]   [22/141] PREETI SINHA TYAGI — mapped to Angel code P61477
[07:56:37]     [search #1] P61477-Preeti Sinha Tyagi
P#####0@GMAIL.COM
[07:56:40]   [22/141] PREETI SINHA TYAGI  margin=44089.79  balance=31111.47
[07:56:44]   [mapping] 'balaji lakshman' → best match 'balaji lakshman' ratio=1.00 code=B489665
[07:56:44]   [23/141] Balaji Lakshman — mapped to Angel code B489665
[07:56:48]     [search #1] B489665-Balaji Lakshman
B#######L@GMAIL.COM
[07:56:51]   [23/141] Balaji Lakshman  margin=0.0  balance=0.0
[07:56:56]   [mapping] 'shreyas ranganath' → best match 'shreyas ranganath' ratio=1.00 code=S165622
[07:56:56]   [24/141] SHREYAS RANGANATH — mapped to Angel code S165622
[07:57:00]     [search #1] S165622-Shreyas Ranganath
E#####E@GMAIL.COM
[07:57:03]   [24/141] SHREYAS RANGANATH  margin=140086.11  balance=140086.11
[07:57:07]   [mapping] 'sundar krishnan' → best match 'sundar krishnan' ratio=1.00 code=WWW21001
[07:57:07]   [25/141] SUNDAR KRISHNAN — mapped to Angel code WWW21001
[07:57:11]     [search #1] WWW21001-Sundar Krishnan
S#######R@YAHOO.COM
[07:57:15]   [25/141] SUNDAR KRISHNAN  margin=0.52  balance=0.52
[07:57:19]   [mapping] 'rajesh r' → best match 'rajesh r' ratio=1.00 code=WWW21005
[07:57:19]   [26/141] RAJESH R — mapped to Angel code WWW21005
[07:57:22]     [search #1] WWW21005-Rajesh R
R##############L@GMAIL.COM
[07:57:26]   [26/141] RAJESH R  margin=70803.22  balance=70803.22
[07:57:29]   [mapping] 'deepa mahesh' → best match 'deepa mahesh' ratio=1.00 code=D183217
[07:57:29]   [27/141] DEEPA MAHESH — mapped to Angel code D183217
[07:57:33]     [search #1] D183217-Deepa Mahesh
D##############1@YAHOO.COM
[07:57:37]   [27/141] DEEPA MAHESH  margin=339975.15  balance=339975.15
[07:57:41]   [mapping] 'sheetal jyotirao patil' → best match 'sheetal jyotirao patil' ratio=1.00 code=S180892
[07:57:41]   [28/141] SHEETAL JYOTIRAO PATIL — mapped to Angel code S180892
[07:57:44]     [search #1] S180892-Sheetal Jyotirao Patil
S##############E@GMAIL.COM
[07:57:48]   [28/141] SHEETAL JYOTIRAO PATIL  margin=-6.98  balance=-6.98
[07:57:52]   [mapping] 'jitendriya s athavale' → best match 'jitendriya s athavale' ratio=1.00 code=J57332
[07:57:52]   [29/141] JITENDRIYA S ATHAVALE — mapped to Angel code J57332
[07:57:56]     [search #1] J57332-Jitendriya S Athavale
J#####T@GMAIL.COM
[07:57:59]   [29/141] JITENDRIYA S ATHAVALE  margin=0.64  balance=0.64
[07:58:03]   [mapping] 'mayank' → best match 'mayank' ratio=1.00 code=AAAD856596
[07:58:03]   [30/141] Mayank — mapped to Angel code AAAD856596
[07:58:07]     [search #1] AAAD856596-Mayank
A######3@GMAIL.COM
[07:58:11]   [30/141] Mayank  margin=162.11  balance=162.11
[07:58:15]   [mapping] 'ashok shanmugam' → best match 'ashok shanmugam' ratio=1.00 code=A1280699
[07:58:15]   [31/141] Ashok Shanmugam — mapped to Angel code A1280699
[07:58:18]     [search #1] A1280699-Ashok Shanmugam
A##############5@GMAIL.COM
[07:58:22]   [31/141] Ashok Shanmugam  margin=20422.15  balance=20422.15
[07:58:26]   [mapping] 'veena b m' → best match 'veena b m' ratio=1.00 code=V255447
[07:58:26]   [32/141] VEENA B M — mapped to Angel code V255447
[07:58:30]     [search #1] V255447-Veena B M
V#######9@GMAIL.COM
[07:58:33]   [32/141] VEENA B M  margin=100363.71  balance=100363.71
[07:58:36]   [mapping] 'bhuvaneshwari vishwanatha rao' → best match 'bhuvaneshwari vishwanatha rao' ratio=1.00 code=AAAN061011
[07:58:36]   [33/141] Bhuvaneshwari Vishwanatha Rao — mapped to Angel code AAAN061011
[07:58:40]     [search #1] AAAN061011-Bhuvaneshwari Vishwanatha Rao
V########1@GMAIL.COM
[07:58:44]   [33/141] Bhuvaneshwari Vishwanatha Rao  margin=0.0  balance=0.0
[07:58:48]   [mapping] 'jeevan mithra' → best match 'jeevan mithra' ratio=1.00 code=J58374
[07:58:48]   [34/141] JEEVAN MITHRA — mapped to Angel code J58374
[07:58:51]     [search #1] J58374-Jeevan Mithra
A############A@GMAIL.COM
[07:58:55]   [34/141] JEEVAN MITHRA  margin=21000.31  balance=21000.31
[07:58:59]   [mapping] 'nilanjan roychowdhury' → best match 'nilanjan roy chowdhury' ratio=0.98 code=N339061
[07:58:59]   [35/141] NILANJAN ROYCHOWDHURY — mapped to Angel code N339061
[07:59:03]     [search #1] N339061-Nilanjan Roy Chowdhury
A###########N@GMAIL.COM
[07:59:06]   [35/141] NILANJAN ROYCHOWDHURY  margin=0.0  balance=0.0
[07:59:09]   [mapping] 'vikash agarwal' → best match 'vikash agarwal' ratio=1.00 code=V202354
[07:59:09]   [36/141] VIKASH AGARWAL — mapped to Angel code V202354
[07:59:13]     [search #1] V202354-Vikash Agarwal
M############N@GMAIL.COM
[07:59:17]   [36/141] VIKASH AGARWAL  margin=876.04  balance=40876.04
[07:59:21]   [mapping] 'rajesh kulkarni' → best match 'rajesh kulkarni' ratio=1.00 code=AAAJ217164
[07:59:21]   [37/141] Rajesh Kulkarni — mapped to Angel code AAAJ217164
[07:59:25]     [search #1] AAAJ217164-Rajesh Kulkarni
R######5@GMAIL.COM
[07:59:28]   [37/141] Rajesh Kulkarni  margin=100000.0  balance=100000.0
[07:59:32]   [mapping] 'meher v s s pingali' → best match 'meher v ss pingali' ratio=0.97 code=M80322
[07:59:32]   [38/141] MEHER V S S PINGALI — mapped to Angel code M80322
[07:59:36]     [search #1] M80322-Meher V Ss Pingali
M########S@IN.BOSCH.COM
[07:59:39]   [38/141] MEHER V S S PINGALI  margin=-16.64  balance=-16.64
[07:59:43]   [mapping] 'madhavi darbha' → best match 'madhavi darbha' ratio=1.00 code=M72336
[07:59:43]   [39/141] MADHAVI DARBHA — mapped to Angel code M72336
[07:59:47]     [search #1] M72336-Madhavi Darbha
M##########H@YAHOO.COM
[07:59:51]   [39/141] MADHAVI DARBHA  margin=200045.34  balance=200045.34
[07:59:55]   [mapping] 'sudeepta chakraborty' → best match 'sudeepta chakraborty' ratio=1.00 code=S245402
[07:59:55]   [40/141] Sudeepta Chakraborty — mapped to Angel code S245402
[07:59:58]     [search #1] S245402-Sudeepta Chakraborty
S##########1@GMAIL.COM
[08:00:02]   [40/141] Sudeepta Chakraborty  margin=35500.6  balance=35500.6
[08:00:06]   [mapping] 'girish p kaimal' → best match 'girish p kaimal' ratio=1.00 code=G45043
[08:00:06]   [41/141] GIRISH P KAIMAL — mapped to Angel code G45043
[08:00:09]     [search #1] G45043-Girish P Kaimal
G##########L@GMAIL.COM
[08:00:13]   [41/141] GIRISH P KAIMAL  margin=34913.25  balance=34913.25
[08:00:17]   [mapping] 'alka saxena' → best match 'alka saxena' ratio=1.00 code=A75047
[08:00:17]   [42/141] ALKA SAXENA — mapped to Angel code A75047
[08:00:21]     [search #1] A75047-Alka Saxena
A#########A@YAHOO.COM
[08:00:24]   [42/141] ALKA SAXENA  margin=80676.35  balance=80676.35
[08:00:27]   [mapping] 'giridhar d s' → best match 'giridhar d s' ratio=1.00 code=S2037828
[08:00:27]   [43/141] Giridhar D S — mapped to Angel code S2037828
[08:00:31]     [search #1] S2037828-Srinivasa Dyamenahally Giridhar
G##########9@GMAIL.COM
[08:00:35]   [43/141] Giridhar D S  margin=38032.26  balance=38032.26
[08:00:38]   [mapping] 'venkateswaran govindarajan' → best match 'venkateswaran govindarajan' ratio=1.00 code=G14034
[08:00:38]   [44/141] VENKATESWARAN GOVINDARAJAN — mapped to Angel code G14034
[08:00:42]     [search #1] G14034-G Venkateswaran
G##N@ROCKETMAIL.COM
[08:00:45]   [44/141] VENKATESWARAN GOVINDARAJAN  margin=1791.86  balance=1394.72
[08:00:49]   [mapping] 'nisha agrawal' → best match 'nisha agrawal' ratio=1.00 code=N28188
[08:00:49]   [45/141] Nisha Agrawal — mapped to Angel code N28188
[08:00:53]     [search #1] N28188-Nisha Agrawal
N##########3@GMAIL.COM
[08:00:57]   [45/141] Nisha Agrawal  margin=516.14  balance=516.14
[08:01:01]   [mapping] 'rajasimha karanam' → best match 'rajasimha karanam' ratio=1.00 code=R136412
[08:01:01]   [46/141] RAJASIMHA KARANAM — mapped to Angel code R136412
[08:01:04]     [search #1] R136412-Rajasimha Karanam
R###############M@GMAIL.COM
[08:01:08]   [46/141] RAJASIMHA KARANAM  margin=147.43  balance=147.43
[08:01:12]   [mapping] 'sanjay mannera belliappa' → best match 'sanjay mannera belliappa' ratio=1.00 code=WWW21004
[08:01:12]   [47/141] SANJAY MANNERA BELLIAPPA — mapped to Angel code WWW21004
[08:01:16]     [search #1] WWW21004-Sanjay Mannera Belliappa
S##########6@GMAIL.COM
[08:01:19]   [47/141] SANJAY MANNERA BELLIAPPA  margin=16219.83  balance=16219.83
[08:01:24]   [mapping] 'jayanthi b' → best match 'jayanthi b' ratio=1.00 code=J38781
[08:01:24]   [48/141] Jayanthi B — mapped to Angel code J38781
[08:01:27]     [search #1] J38781-Jayanthi B
J#########N@GMAIL.COM
[08:01:31]   [48/141] Jayanthi B  margin=2411.42  balance=2411.42
[08:01:35]   [mapping] 'preeti amit prabhushastri' → best match 'preeti amit prabhushastri' ratio=1.00 code=P392279
[08:01:35]   [49/141] PREETI AMIT PRABHUSHASTRI — mapped to Angel code P392279
[08:01:38]     [search #1] P392279-Preeti Amit Prabhushastri
P##################I@GMAIL.COM
[08:01:42]   [49/141] PREETI AMIT PRABHUSHASTRI  margin=732.06  balance=732.06
[08:01:47]   [mapping] 'deepa s' → best match 'deepa s' ratio=1.00 code=D26344
[08:01:47]   [50/141] DEEPA S — mapped to Angel code D26344
[08:01:50]     [search #1] D26344-Deepa S
D##############N@GMAIL.COM
[08:01:54]   [50/141] DEEPA S  margin=0.0  balance=0.0
[08:01:58]   [mapping] 'sadayandi saraswathi saravanapandian' → best match 'sadayandi saraswathi saravanapandian' ratio=1.00 code=S188177
[08:01:58]   [51/141] SADAYANDI SARASWATHI SARAVANAPANDIAN — mapped to Angel code S188177
[08:02:01]     [search #1] S188177-Sadayandi Saraswathi Saravanapandian
S#####9@REDIFFMAIL.COM
[08:02:05]   [51/141] SADAYANDI SARASWATHI SARAVANAPANDIAN  margin=5577.04  balance=5600.64
[08:02:08]   [mapping] 'venkatakrishna viswanath' → best match 'venkatakrishna viswanath' ratio=1.00 code=V390461
[08:02:08]   [52/141] Venkatakrishna Viswanath — mapped to Angel code V390461
[08:02:12]     [search #1] V390461-Venkatakrishna Viswanath
V#############V@GMAIL.COM
[08:02:16]   [52/141] Venkatakrishna Viswanath  margin=0.0  balance=0.0
[08:02:19]   [mapping] 'parag chaudhari' → best match 'parag dinkar chaudhari' ratio=0.81 code=P392766
[08:02:19]   [53/141] Parag Chaudhari — mapped to Angel code P392766
[08:02:23]     [search #1] P392766-Parag Dinkar Chaudhari
P#############E@GMAIL.COM
[08:02:26]   [53/141] Parag Chaudhari  margin=730.68  balance=730.68
[08:02:30]   [mapping] 'dyuti banerjee' → best match 'dyuti banerjee' ratio=1.00 code=D502383
[08:02:30]   [54/141] Dyuti Banerjee — mapped to Angel code D502383
[08:02:34]     [search #1] D502383-Dyuti Banerjee
D############E@GMAIL.COM
[08:02:38]   [54/141] Dyuti Banerjee  margin=0.0  balance=0.0
[08:02:42]   [mapping] 'mahendar jitender singh' → best match 'mahendarjitender singh' ratio=0.98 code=M93786
[08:02:42]   [55/141] MAHENDAR JITENDER SINGH — mapped to Angel code M93786
[08:02:45]     [search #1] M93786-Mahendarjitender Singh
J####4@GMAIL.COM
[08:02:49]   [55/141] MAHENDAR JITENDER SINGH  margin=59.5  balance=59.5
[08:02:52]   [mapping] 'sarath chandran' → best match 'sarath chandran' ratio=1.00 code=S1218454
[08:02:52]   [56/141] SARATH CHANDRAN — mapped to Angel code S1218454
[08:02:56]     [search #1] S1218454-Sarath Chandran
S###################S@GMAIL.COM
[08:02:59]   [56/141] SARATH CHANDRAN  margin=10299.21  balance=10299.21
[08:03:04]   [mapping] 'sathish kumar c v' → best match 'sathish kumar c v' ratio=1.00 code=C30278
[08:03:04]   [57/141] SATHISH KUMAR C V — mapped to Angel code C30278
[08:03:08]     [search #1] C30278-C V Sathish Kumar
S#########N@YAHOO.COM
[08:03:11]   [57/141] SATHISH KUMAR C V  margin=35339.45  balance=35339.45
[08:03:15]   [mapping] 'purohit avitash anupkumar' → best match 'purohit avitash anupkuma' ratio=0.98 code=A128523
[08:03:15]   [58/141] Purohit Avitash Anupkumar — mapped to Angel code A128523
[08:03:19]     [search #1] A128523-Avitash Purohit
A#################G@GMAIL.COM
[08:03:22]   [58/141] Purohit Avitash Anupkumar  margin=-94.68  balance=-94.68
[08:03:27]   [mapping] 'geethamurthy sirvaram basavaraju' → best match 'geethamurthy sirvaram basavaraju' ratio=1.00 code=G24411
[08:03:27]   [59/141] GEETHAMURTHY SIRVARAM BASAVARAJU — mapped to Angel code G24411
[08:03:31]     [search #1] G24411-Geethamurthy Sirvaram Basavaraju
S#########7@GMAIL.COM
[08:03:35]   [59/141] GEETHAMURTHY SIRVARAM BASAVARAJU  margin=42967.88  balance=42967.88
[08:03:39]   [mapping] 'samrruta aiyer' → best match 'samrruta aiyer' ratio=1.00 code=S2038444
[08:03:39]   [60/141] Samrruta Aiyer — mapped to Angel code S2038444
[08:03:42]     [search #1] S2038444-Samrruta Aiyer
R#########R@GMAIL.COM
[08:03:46]   [60/141] Samrruta Aiyer  margin=110281.74  balance=110281.74
[08:03:50]   [mapping] 'a jessie selva celina' → best match 'a jessie selva celina' ratio=1.00 code=AAAJ851300
[08:03:50]   [61/141] A Jessie Selva Celina — mapped to Angel code AAAJ851300
[08:03:54]     [search #1] AAAJ851300-A Jessie Selva Celina
J###########A@GMAIL.COM
[08:03:58]   [61/141] A Jessie Selva Celina  margin=25068.61  balance=25068.61
[08:04:02]   [mapping] 'anandhi ganapathy iyer' → best match 'anandhi ganpathy iyer' ratio=0.98 code=A189526
[08:04:02]   [62/141] ANANDHI GANAPATHY IYER — mapped to Angel code A189526
[08:04:06]     [search #1] A189526-Anandhi Ganpathy Iyer
A########R@GMAIL.COM
[08:04:09]   [62/141] ANANDHI GANAPATHY IYER  margin=295.98  balance=295.98
[08:04:13]   [mapping] 'chaitanya b' → best match 'chaitanya b' ratio=1.00 code=c22786
[08:04:13]   [63/141] CHAITANYA B — mapped to Angel code c22786
[08:04:17]     [search #1] C22786-Chaitanya B
C###########H@GMAIL.COM
[08:04:20]   [63/141] CHAITANYA B  margin=586.66  balance=586.66
[08:04:26]   [mapping] 'asok ramya' → best match 'asok ramya' ratio=1.00 code=A153766
[08:04:26]   [64/141] Asok Ramya — mapped to Angel code A153766
[08:04:30]     [search #1] A153766-Asok Ramya
V#######G@HOTMAIL.COM
[08:04:34]   [64/141] Asok Ramya  margin=991.88  balance=991.88
[08:04:38]   [mapping] 'thatte sumit vishwas' → best match 'thatte sumit vishwas' ratio=1.00 code=T10891
[08:04:38]   [65/141] THATTE SUMIT VISHWAS — mapped to Angel code T10891
[08:04:41]     [search #1] T10891-Thatte Sumit Vishwas
S##########E@YAHOO.COM
[08:04:45]   [65/141] THATTE SUMIT VISHWAS  margin=20000.0  balance=20000.0
[08:04:49]   [mapping] 'atoshi chakraborty' → best match 'atoshi chakraborty' ratio=1.00 code=A127736
[08:04:49]   [66/141] ATOSHI CHAKRABORTY — mapped to Angel code A127736
[08:04:52]     [search #1] A127736-Atoshi Chakraborty
A########P@GMAIL.COM
[08:04:56]   [66/141] ATOSHI CHAKRABORTY  margin=25261.38  balance=25261.38
[08:04:59]   [mapping] 'atoshi chakraborty' → best match 'atoshi chakraborty' ratio=1.00 code=A127736
[08:04:59]   [67/141] ATOSHI CHAKRABORTY — mapped to Angel code A127736
[08:05:03]     [search #1] A127736-Atoshi Chakraborty
A########P@GMAIL.COM
[08:05:06]   [67/141] ATOSHI CHAKRABORTY  margin=25261.38  balance=25261.38
[08:05:13]   [mapping] 'rinki dasgupta' → best match 'rinki dasgupta' ratio=1.00 code=R68566
[08:05:13]   [68/141] RINKI DASGUPTA — mapped to Angel code R68566
[08:05:16]     [search #1] R68566-Rinki Dasgupta
R############A@YAHOO.COM
[08:05:20]   [68/141] RINKI DASGUPTA  margin=49937.64  balance=49937.64
[08:05:24]   [mapping] 'gnanavadivel s' → best match 'gnanavadivel s' ratio=1.00 code=G25402
[08:05:24]   [69/141] GNANAVADIVEL S — mapped to Angel code G25402
[08:05:27]     [search #1] G25402-Gnanavadivel S
G############I@GMAIL.COM
[08:05:31]   [69/141] GNANAVADIVEL S  margin=413.8  balance=413.8
[08:05:35]   [mapping] 'k sanjay varier' → best match 'k sanjay varier' ratio=1.00 code=K276677
[08:05:35]   [70/141] K SANJAY VARIER — mapped to Angel code K276677
[08:05:38]     [search #1] K276677-K Sanjay Varier
S###########R@GMAIL.COM
[08:05:42]   [70/141] K SANJAY VARIER  margin=610.21  balance=610.21
[08:05:47]   [mapping] 'chandrani roy' → best match 'chandrani roy' ratio=1.00 code=C31074
[08:05:47]   [71/141] CHANDRANI ROY — mapped to Angel code C31074
[08:05:50]     [search #1] C31074-Chandrani Roy Joarder
C#############7@GMAIL.COM
[08:05:54]   [71/141] CHANDRANI ROY  margin=404.72  balance=404.72
[08:05:57]   [mapping] 'sandeep kaliyath' → best match 'sandeep kaliyath' ratio=1.00 code=S134579
[08:05:57]   [72/141] SANDEEP KALIYATH — mapped to Angel code S134579
[08:06:01]     [search #1] S134579-Sandeep Kaliyath
S#############H@HOTMAIL.COM
[08:06:04]   [72/141] SANDEEP KALIYATH  margin=50795.1  balance=50795.1
[08:06:07]   [mapping] 'harish hebbar' → best match 'harish hebbar' ratio=1.00 code=H204073
[08:06:07]   [73/141] HARISH HEBBAR — mapped to Angel code H204073
[08:06:11]     [search #1] H204073-Harish Hostota Hebbar
H##########R@YAHOO.COM
[08:06:15]   [73/141] HARISH HEBBAR  margin=85182.86  balance=85182.86
[08:06:19]   [mapping] 'arun kumar nath' → best match 'arun kumar nath' ratio=1.00 code=A76108
[08:06:19]   [74/141] ARUN KUMAR NATH — mapped to Angel code A76108
[08:06:22]     [search #1] A76108-Arun Kumar Nath
A#######H@REDIFFMAIL.COM
[08:06:26]   [74/141] ARUN KUMAR NATH  margin=240235.37  balance=240235.37
[08:06:29]   [mapping] 'v n k satyasai tata' → best match 'v n k satyasai tata' ratio=1.00 code=V206305
[08:06:29]   [75/141] V N K SATYASAI TATA — mapped to Angel code V206305
[08:06:32]     [search #1] V206305-V N K Satyasai Tata
S#########0@YAHOO.COM
[08:06:36]   [75/141] V N K SATYASAI TATA  margin=354.18  balance=354.18
[08:06:43]   [mapping] 'srinivasa govinda' → best match 'srinivasa govinda' ratio=1.00 code=AAAG195194
[08:06:43]   [76/141] Srinivasa Govinda — mapped to Angel code AAAG195194
[08:06:47]     [search #1] AAAG195194-Srinivasa Govinda
S#########2@GMAIL.COM
[08:06:50]   [76/141] Srinivasa Govinda  margin=30114.23  balance=30114.23
[08:06:54]   [mapping] 'a balamurugan' → best match 'a balamurugan' ratio=1.00 code=A158410
[08:06:54]   [77/141] A BALAMURUGAN — mapped to Angel code A158410
[08:06:58]     [search #1] A158410-A Balamurugan
B#######E@GMAIL.COM
[08:07:02]   [77/141] A BALAMURUGAN  margin=12187.17  balance=12187.17
[08:07:06]   [mapping] 'sphoorti kumar' → best match 'sphoorti kumar' ratio=1.00 code=S774752
[08:07:06]   [78/141] SPHOORTI KUMAR — mapped to Angel code S774752
[08:07:10]     [search #1] S774752-Sphoorti Kumar
S############R@GMAIL.COM
[08:07:13]   [78/141] SPHOORTI KUMAR  margin=247.26  balance=247.26
[08:07:17]   [mapping] 'arun raghavan' → best match 'arun raghavan' ratio=1.00 code=A137617
[08:07:17]   [79/141] ARUN RAGHAVAN — mapped to Angel code A137617
[08:07:21]     [search #1] A137617-Arun Raghavan Lakshminarayanan
R##########N@GMAIL.COM
[08:07:24]   [79/141] ARUN RAGHAVAN  margin=34.75  balance=34.75
[08:07:28]   [mapping] 'veena rajappa' → best match 'veena rajappa' ratio=1.00 code=V200609
[08:07:28]   [80/141] VEENA RAJAPPA — mapped to Angel code V200609
[08:07:32]     [search #1] V200609-Veena Rajappa
R###########A@GMAIL.COM
[08:07:35]   [80/141] VEENA RAJAPPA  margin=453738.39  balance=453738.39
[08:07:39]   [mapping] 'arindam roy chowdhury' → best match 'arindam roy chowdhury' ratio=1.00 code=A151917
[08:07:39]   [81/141] ARINDAM ROY CHOWDHURY — mapped to Angel code A151917
[08:07:43]     [search #1] A151917-Arindam Roy Chowdhury
R##################M@GMAIL.COM
[08:07:47]   [81/141] ARINDAM ROY CHOWDHURY  margin=919.46  balance=919.46
[08:07:51]   [mapping] 'kailasam krishnamurthy' → best match 'kailasam krishnamurthy' ratio=1.00 code=K56225
[08:07:51]   [82/141] KAILASAM KRISHNAMURTHY — mapped to Angel code K56225
[08:07:54]     [search #1] K56225-Kailasam P K
K##########0@GMAIL.COM
[08:07:58]   [82/141] KAILASAM KRISHNAMURTHY  margin=986.38  balance=986.38
[08:08:02]   [mapping] 'nitin joshi' → best match 'nitin joshi' ratio=1.00 code=N75117
[08:08:02]   [83/141] NITIN JOSHI — mapped to Angel code N75117
[08:08:06]     [search #1] N75117-Nitin Joshi
N##########5@GMAIL.COM
[08:08:09]   [83/141] NITIN JOSHI  margin=905.94  balance=905.94
[08:08:13]   [mapping] 'kapil agrawal' → best match 'kapil agrawal' ratio=1.00 code=K658424
[08:08:13]   [84/141] KAPIL AGRAWAL — mapped to Angel code K658424
[08:08:17]     [search #1] K658424-Kapil Agrawal
K##########1@GMAIL.COM
[08:08:20]   [84/141] KAPIL AGRAWAL  margin=210.53  balance=210.53
[08:08:25]   [mapping] 'b p nachappa' → best match 'b p nachappa' ratio=1.00 code=B39253
[08:08:25]   [85/141] B P NACHAPPA — mapped to Angel code B39253
[08:08:28]     [search #1] B39253-B P Nachappa
N########P@YAHOO.COM
[08:08:32]   [85/141] B P NACHAPPA  margin=325.37  balance=325.37
[08:08:36]   [mapping] 'oliver sachin quadras' → best match 'oliver sachin quadras' ratio=1.00 code=O1481
[08:08:36]   [86/141] OLIVER SACHIN QUADRAS — mapped to Angel code O1481
[08:08:39]     [search #1] O1481-Oliver Sachin Quadras
O########I@GMAIL.COM
[08:08:43]   [86/141] OLIVER SACHIN QUADRAS  margin=466.16  balance=466.16
[08:08:47]   [mapping] 'guruprasad' → best match 'guruprasad' ratio=1.00 code=G21630
[08:08:47]   [87/141] GURUPRASAD — mapped to Angel code G21630
[08:08:51]     [search #1] G21630-Guruprasad
G######6@YAHOO.CO.IN
[08:08:54]   [87/141] GURUPRASAD  margin=1420.99  balance=1420.99
[08:08:58]   [mapping] 'hariprasada k' → best match 'hariprasada k' ratio=1.00 code=H29679
[08:08:58]   [88/141] HARIPRASADA K — mapped to Angel code H29679
[08:09:02]     [search #1] H29679-Hariprasada K
K####T@YAHOO.COM
[08:09:05]   [88/141] HARIPRASADA K  margin=30956.75  balance=30956.75
[08:09:10]   [mapping] 'lakshmi s bangalore' → best match 'lakshmi s bangalore' ratio=1.00 code=L61064371
[08:09:10]   [89/141] Lakshmi S Bangalore — mapped to Angel code L61064371
[08:09:13]     [search #1] L61064371-Lakshmi S Bangalore
L##############5@GMAIL.COM
[08:09:17]   [89/141] Lakshmi S Bangalore  margin=0.0  balance=0.0
[08:09:21]   [mapping] 'praveen s r' → best match 'praveen s r' ratio=1.00 code=P108065
[08:09:21]   [90/141] Praveen S R — mapped to Angel code P108065
[08:09:25]     [search #1] P108065-Praveen Ramamoorthy Saya
P########N@GMAIL.COM
[08:09:28]   [90/141] Praveen S R  margin=77924.54  balance=77924.54
[08:09:32]   [mapping] 'kabita sivakumar' → best match 'kabita sivakumar' ratio=1.00 code=K57830
[08:09:32]   [91/141] KABITA SIVAKUMAR — mapped to Angel code K57830
[08:09:36]     [search #1] K57830-Kabita Sivakumar
S##################R@GMAIL.COM
[08:09:39]   [91/141] KABITA SIVAKUMAR  margin=532.76  balance=532.76
[08:09:43]   [mapping] 'nidhi agrawal' → best match 'nidhi agrawal' ratio=1.00 code=N70467
[08:09:43]   [92/141] NIDHI AGRAWAL — mapped to Angel code N70467
[08:09:46]     [search #1] N70467-Nidhi Agrawal
M######K@GMAIL.COM
[08:09:50]   [92/141] NIDHI AGRAWAL  margin=0.0  balance=0.0
[08:09:53]   [mapping] 'rajkumar srinivasan' → best match 'rajkumar srinivasan' ratio=1.00 code=R976230
[08:09:53]   [93/141] Rajkumar Srinivasan — mapped to Angel code R976230
[08:09:57]     [search #1] R976230-Rajkumar Srinivasan
R###############S@GMAIL.COM
[08:10:00]   [93/141] Rajkumar Srinivasan  margin=253.6  balance=253.6
[08:10:04]   [mapping] 'madalasa v' → best match 'madalasa v' ratio=1.00 code=M243761
[08:10:04]   [94/141] MADALASA V — mapped to Angel code M243761
[08:10:07]     [search #1] M243761-Madalasa Venkataraman
V#######A@GMAIL.COM
[08:10:11]   [94/141] MADALASA V  margin=294.46  balance=294.46
[08:10:14]   [mapping] 'vishal srinivasa' → best match 'vishal srinivasa' ratio=1.00 code=AABX421057
[08:10:14]   [95/141] vishal srinivasa — mapped to Angel code AABX421057
[08:10:18]     [search #1] AABX421057-Vishal Srinivasa
V###############A@GMAIL.COM
[08:10:22]   [95/141] vishal srinivasa  margin=212.65  balance=212.65
[08:10:25]   [mapping] 'j pravin kumar' → best match 'j pravin kumar' ratio=1.00 code=J233605
[08:10:25]   [96/141] J PRAVIN KUMAR — mapped to Angel code J233605
[08:10:29]     [search #1] J233605-Jagannathan Pravin Kumar
P##########0@GMAIL.COM
[08:10:32]   [96/141] J PRAVIN KUMAR  margin=0.0  balance=0.0
[08:10:36]   [mapping] 'bharateshwar r boke' → best match 'bharateshwar r boke' ratio=1.00 code=B107256
[08:10:36]   [97/141] BHARATESHWAR R BOKE — mapped to Angel code B107256
[08:10:40]     [search #1] B107256-Bharateshwar R Boke
B#########E@GMAIL.COM
[08:10:43]   [97/141] BHARATESHWAR R BOKE  margin=0.25  balance=0.25
[08:10:47]   [mapping] 'meenakshi pathania' → best match 'meenakshi pathania' ratio=1.00 code=M847474
[08:10:47]   [98/141] MEENAKSHI PATHANIA — mapped to Angel code M847474
[08:10:50]     [search #1] M847474-Meenakshi Pathania
M###############A@GMAIL.COM
[08:10:54]   [98/141] MEENAKSHI PATHANIA  margin=0.0  balance=0.0
[08:10:58]   [mapping] 'murugan arjunan' → best match 'murugan arjunan' ratio=1.00 code=A124917
[08:10:58]   [99/141] MURUGAN ARJUNAN — mapped to Angel code A124917
[08:11:02]     [search #1] A124917-Arjunan Murugan
A#######8@GMAIL.COM
[08:11:05]   [99/141] MURUGAN ARJUNAN  margin=274.59  balance=274.59
[08:11:09]   [mapping] 'sandeep miranda' → best match 'sandeep miranda' ratio=1.00 code=S134978
[08:11:09]   [100/141] SANDEEP MIRANDA — mapped to Angel code S134978
[08:11:13]     [search #1] S134978-Sandeep Miranda
S############A@GMAIL.COM
[08:11:16]   [100/141] SANDEEP MIRANDA  margin=148070.6  balance=143070.6
[08:11:20]   [mapping] 'srinivasan a' → best match 'srinivasan a' ratio=1.00 code=AAAP898684
[08:11:20]   [101/141] Srinivasan A — mapped to Angel code AAAP898684
[08:11:24]     [search #1] AAAP898684-Srinivasan A
S############S@GMAIL.COM
[08:11:28]   [101/141] Srinivasan A  margin=21062.74  balance=21062.74
[08:11:31]   [mapping] 'sumalatha hallur' → best match 'sumalatha hallur' ratio=1.00 code=S218267
[08:11:31]   [102/141] SUMALATHA HALLUR — mapped to Angel code S218267
[08:11:35]     [search #1] S218267-Sumalatha Hallur
S###############A@GMAIL.COM
[08:11:38]   [102/141] SUMALATHA HALLUR  margin=0.0  balance=0.0
[08:11:42]   [mapping] 'shekhar bhattacharjee' → best match 'shekhar bhattacharjee' ratio=1.00 code=S57797174
[08:11:42]   [103/141] Shekhar Bhattacharjee — mapped to Angel code S57797174
[08:11:45]     [search #1] S57797174-Shekhar Bhattacharjee
S#####2@GMAIL.COM
[08:11:49]   [103/141] Shekhar Bhattacharjee  margin=0.0  balance=0.0
[08:11:52]   [mapping] 'amit baliram kanshide' → best match 'amit baliram kanshide' ratio=1.00 code=A659752
[08:11:52]   [104/141] AMIT BALIRAM KANSHIDE — mapped to Angel code A659752
[08:11:56]     [search #1] A659752-Amit Baliram Kanshide
K##########T@GMAIL.COM
[08:12:00]   [104/141] AMIT BALIRAM KANSHIDE  margin=7872.37  balance=7872.37
[08:12:04]   [mapping] 'c nageshwar' → best match 'c nageshwar' ratio=1.00 code=C24747
[08:12:04]   [105/141] C NAGESHWAR — mapped to Angel code C24747
[08:12:07]     [search #1] C24747-C Nageshwar
N######6@YAHOO.COM
[08:12:11]   [105/141] C NAGESHWAR  margin=542.18  balance=542.18
[08:12:14]   [mapping] 'goutam dan' → best match 'goutam dan' ratio=1.00 code=G13464
[08:12:14]   [106/141] GOUTAM DAN — mapped to Angel code G13464
[08:12:18]     [search #1] G13464-Goutam Dan
D########M@GMAIL.COM
[08:12:21]   [106/141] GOUTAM DAN  margin=761.2  balance=761.2
[08:12:24]   [mapping] 'anitha balaji' → best match 'anitha balaji' ratio=1.00 code=A72269
[08:12:24]   [107/141] Anitha Balaji — mapped to Angel code A72269
[08:12:28]     [search #1] A72269-Anitha Balaji
R###############I@GMAIL.COM
[08:12:31]   [107/141] Anitha Balaji  margin=95.06  balance=95.06
[08:12:35]   [mapping] 'manas chakraborty' → best match 'manas chakraborty' ratio=1.00 code=M41653
[08:12:35]   [108/141] MANAS CHAKRABORTY — mapped to Angel code M41653
[08:12:38]     [search #1] M41653-Manas Chakraborty
C###########M@YAHOO.COM
[08:12:42]   [108/141] MANAS CHAKRABORTY  margin=4069.39  balance=4209116.6
[08:12:45]   [mapping] 'kandala anil sharma' → best match 'kandala anil sarma' ratio=0.97 code=K431319
[08:12:45]   [109/141] KANDALA ANIL SHARMA — mapped to Angel code K431319
[08:12:49]     [search #1] K431319-Kandala Anil Sarma
I#############8@GMAIL.COM
[08:12:52]   [109/141] KANDALA ANIL SHARMA  margin=99.01  balance=99.01
[08:12:56]   [mapping] 'mahesh j shankar' → best match 'mahesh shankar' ratio=0.93 code=M131431
[08:12:56]   [110/141] MAHESH J SHANKAR — mapped to Angel code M131431
[08:12:59]     [search #1] M131431-Mahesh Shankar
S######3@GMAIL.COM
[08:13:03]   [110/141] MAHESH J SHANKAR  margin=348476.96  balance=348476.96
[08:13:06]   [mapping] 'akansha a pilley' → best match 'akansha arun pilley' ratio=0.91 code=A1440119
[08:13:06]   [111/141] Akansha A Pilley — mapped to Angel code A1440119
[08:13:10]     [search #1] A1440119-Akansha Arun Pilley
A############Y@GMAIL.COM
[08:13:13]   [111/141] Akansha A Pilley  margin=1006.14  balance=1006.14
[08:13:17]   [mapping] 'niranjan parthasarathy' → best match 'niranjan parthasarathy' ratio=1.00 code=N107516
[08:13:17]   [112/141] Niranjan Parthasarathy — mapped to Angel code N107516
[08:13:20]     [search #1] N107516-Niranjan Parthasarathy
N##########4@GMAIL.COM
[08:13:24]   [112/141] Niranjan Parthasarathy  margin=0.6  balance=0.6
[08:13:27]   [mapping] 'angira barman' → best match 'angira barman' ratio=1.00 code=A79949
[08:13:27]   [113/141] ANGIRA BARMAN — mapped to Angel code A79949
[08:13:31]     [search #1] A79949-Angira Barman
N###################Y@GMAIL.COM
[08:13:34]   [113/141] ANGIRA BARMAN  margin=30440.13  balance=30440.13
[08:13:38]   [mapping] 'sachin joshi' → best match 'sachin joshi' ratio=1.00 code=S233954
[08:13:38]   [114/141] SACHIN JOSHI — mapped to Angel code S233954
[08:13:41]     [search #1] S233954-Sachin Joshi
S#####K@GMAIL.COM
[08:13:45]   [114/141] SACHIN JOSHI  margin=108.16  balance=108.16
[08:13:48]   [mapping] 'sudeep santram dalvi' → best match 'sudeep santram dalvi' ratio=1.00 code=S108341
[08:13:48]   [115/141] SUDEEP SANTRAM DALVI — mapped to Angel code S108341
[08:13:52]     [search #1] S108341-Sudeep Santram Dalvi
S###########6@GMAIL.COM
[08:13:55]   [115/141] SUDEEP SANTRAM DALVI  margin=126632.09  balance=101350.47
[08:13:59]   [mapping] 'kiran uthappa m' → best match 'kiran uthappa m' ratio=1.00 code=K411072
[08:13:59]   [116/141] Kiran Uthappa M — mapped to Angel code K411072
[08:14:02]     [search #1] K411072-Kiran Uthappa M
K##########A@GMAIL.COM
[08:14:06]   [116/141] Kiran Uthappa M  margin=100296.96  balance=100296.96
[08:14:09]   [mapping] 'joshua sundarraj' → best match 'joshua sundarraj' ratio=1.00 code=J160252
[08:14:09]   [117/141] Joshua Sundarraj — mapped to Angel code J160252
[08:14:13]     [search #1] J160252-Joshua Sundarraj
J###############J@YAHOO.COM
[08:14:16]   [117/141] Joshua Sundarraj  margin=2426.33  balance=2426.33
[08:14:20]   [mapping] 'srividhya muralidharan' → best match 'srividhya muralidharan' ratio=1.00 code=S1195075
[08:14:20]   [118/141] Srividhya Muralidharan — mapped to Angel code S1195075
[08:14:23]     [search #1] S1195075-Srividhya Muralidharan
S#################N@GMAIL.COM
[08:14:27]   [118/141] Srividhya Muralidharan  margin=25341.6  balance=25341.6
[08:14:31]   [mapping] 'sourabh manoj bhattacharya' → best match 'sourabh manoj bhattacharya' ratio=1.00 code=S317219
[08:14:31]   [119/141] Sourabh Manoj Bhattacharya — mapped to Angel code S317219
[08:14:35]     [search #1] S317219-Sourabh Manoj Bhattacharya
S##########H@GMAIL.COM
[08:14:38]   [119/141] Sourabh Manoj Bhattacharya  margin=14083.62  balance=6026.11
[08:14:41]   [mapping] 'velkumar bahulayan' → best match 'velkumar bahulayan' ratio=1.00 code=V57376
[08:14:41]   [120/141] VELKUMAR BAHULAYAN — mapped to Angel code V57376
[08:14:45]     [search #1] V57376-Velkumar Bahulayan
V######1@GMAIL.COM
[08:14:49]   [120/141] VELKUMAR BAHULAYAN  margin=50359.18  balance=50359.18
[08:14:52]   [mapping] 'deepak dinkar joshi' → best match 'deepak dinkar joshi' ratio=1.00 code=D47116
[08:14:52]   [121/141] DEEPAK DINKAR JOSHI — mapped to Angel code D47116
[08:14:55]     [search #1] D47116-Deepak Dinkar Joshi
A######J@GMAIL.COM
[08:14:59]   [121/141] DEEPAK DINKAR JOSHI  margin=50074.23  balance=50074.23
[08:15:02]   [mapping] 'meenakshi s' → best match 'meenakshi s' ratio=1.00 code=M56571
[08:15:02]   [122/141] Meenakshi S — mapped to Angel code M56571
[08:15:06]     [search #1] M56571-Meenakshi S
K##########1@GMAIL.COM
[08:15:09]   [122/141] Meenakshi S  margin=100344.6  balance=100344.6
[08:15:13]   [mapping] 'ramalingam kuppuswamy anbarasu' → best match 'ramalingam kuppuswamy anbarasu' ratio=1.00 code=WWW21006
[08:15:13]   [123/141] RAMALINGAM KUPPUSWAMY ANBARASU — mapped to Angel code WWW21006
[08:15:16]     [search #1] WWW21006-R. K. Anbarasu
A############Y@GMAIL.COM
[08:15:20]   [123/141] RAMALINGAM KUPPUSWAMY ANBARASU  margin=100.95  balance=100.95
[08:15:24]   [mapping] 'gayathri rajesh' → best match 'gayathri rajesh' ratio=1.00 code=G338540
[08:15:24]   [124/141] Gayathri Rajesh — mapped to Angel code G338540
[08:15:27]     [search #1] G338540-Gayathri Rajesh
G##############2@GMAIL.COM
[08:15:31]   [124/141] Gayathri Rajesh  margin=30658.21  balance=30658.21
[08:15:35]   [mapping] 'krithika suriyanarayanan' → best match 'krithika suriyanarayanan' ratio=1.00 code=AABX637042
[08:15:35]   [125/141] KRITHIKA SURIYANARAYANAN — mapped to Angel code AABX637042
[08:15:39]     [search #1] AABX637042-Krithika Suriyanarayanan
K############R@REDIFFMAIL.COM
[08:15:42]   [125/141] KRITHIKA SURIYANARAYANAN  margin=0.0  balance=0.0
[08:15:45]   [mapping] 'dharmapalan p s' → best match 'dharmapalan p s' ratio=1.00 code=WWW21009
[08:15:45]   [126/141] DHARMAPALAN P S — mapped to Angel code WWW21009
[08:15:49]     [search #1] WWW21009-Dharmapalan P S
D###########S@GMAIL.COM
[08:15:53]   [126/141] DHARMAPALAN P S  margin=81551.15  balance=81551.15
[08:15:56]   [mapping] 'amit sood' → best match 'amit sood' ratio=1.00 code=A466720
[08:15:56]   [127/141] AMIT SOOD — mapped to Angel code A466720
[08:16:00]     [search #1] A466720-Amit Sood
A############E@GMAIL.COM
[08:16:03]   [127/141] AMIT SOOD  margin=0.0  balance=0.0
[08:16:14]   [mapping] 'balakumar k b' → best match 'balakumar k b' ratio=1.00 code=B37704
[08:16:14]   [128/141] BALAKUMAR K B — mapped to Angel code B37704
[08:16:18]     [search #1] B37704-Balakumar Kolinjivadi Balasubramaniam
K#########R@REDIFFMAIL.COM
[08:16:21]   [128/141] BALAKUMAR K B  margin=47480.36  balance=47480.36
[08:16:26]   [mapping] 'madhu madhurakavi' → best match 'madhu madhurakavi' ratio=1.00 code=M74479
[08:16:26]   [129/141] MADHU MADHURAKAVI — mapped to Angel code M74479
[08:16:30]     [search #1] M74479-Madhu Madhurakavi
M###############I@YAHOO.IN
[08:16:33]   [129/141] MADHU MADHURAKAVI  margin=0.0  balance=0.0
[08:16:41]   [mapping] 'krishna latha vaddadi' → best match 'krishna latha vaddadi' ratio=1.00 code=K58831074
[08:16:41]   [130/141] KRISHNA LATHA VADDADI — mapped to Angel code K58831074
[08:16:45]     [search #1] K58831074-Krishna Latha Vaddadi
K#############5@GMAIL.COM
[08:16:48]   [130/141] KRISHNA LATHA VADDADI  margin=0.0  balance=0.0
[08:16:53]   [mapping] 'gunturu naga maruthi kumari' → best match 'gunturu naga maruthi kumari' ratio=1.00 code=AAAQ657024
[08:16:53]   [131/141] GUNTURU NAGA MARUTHI KUMARI — mapped to Angel code AAAQ657024
[08:16:57]     [search #1] AAAQ657024-Gunturu Naga Maruthi Kumari
M##################U@GMAIL.COM
[08:17:00]   [131/141] GUNTURU NAGA MARUTHI KUMARI  margin=414.42  balance=414.42
[08:17:04]   [mapping] 'anil kumar' → best match 'a anil kumar' ratio=0.91 code=A849914
[08:17:04]   [132/141] ANIL KUMAR — mapped to Angel code A849914
[08:17:08]     [search #1] A849914-A Anil Kumar
A################3@GMAIL.COM
[08:17:12]   [132/141] ANIL KUMAR  margin=10433.89  balance=10433.89
[08:17:16]   [mapping] 'syama sundar pingali' → best match 'syama sundar pingali' ratio=1.00 code=S126842
[08:17:16]   [133/141] SYAMA SUNDAR PINGALI — mapped to Angel code S126842
[08:17:19]     [search #1] S126842-Syama Sundar Pingali
S######S@YAHOO.COM
[08:17:23]   [133/141] SYAMA SUNDAR PINGALI  margin=407.42  balance=407.42
[08:17:29]   [mapping] 'suresh narayan srinivasan' → best match 'suresh narayan srinivasan' ratio=1.00 code=WWW21011
[08:17:29]   [134/141] SURESH NARAYAN SRINIVASAN — mapped to Angel code WWW21011
[08:17:33]     [search #1] WWW21011-Suresh Narayan Srinivasan
S############S@OUTLOOK.COM
[08:17:36]   [134/141] SURESH NARAYAN SRINIVASAN  margin=156.35  balance=156.35
[08:17:43]   [mapping] 's manjunath' → best match 's manjunath' ratio=1.00 code=S106607
[08:17:43]   [135/141] S MANJUNATH — mapped to Angel code S106607
[08:17:47]     [search #1] S106607-S Manjunath
Y###########H@YAHOO.COM
[08:17:50]   [135/141] S MANJUNATH  margin=25472.68  balance=25472.68
[08:17:54]   [mapping] 'aditya s chandok' → best match 'aditya s chandok' ratio=1.00 code=A1437113
[08:17:54]   [136/141] ADITYA S CHANDOK — mapped to Angel code A1437113
[08:17:58]     [search #1] A1437113-Aditya Subhashchandra Chandok
A############K@GMAIL.COM
[08:18:01]   [136/141] ADITYA S CHANDOK  margin=23.6  balance=23.6
[08:18:05]   [mapping] 'sai prashanth ramanathan' → best match 'sai prashanth ramanathan' ratio=1.00 code=AAAJ984428
[08:18:05]   [137/141] Sai Prashanth Ramanathan — mapped to Angel code AAAJ984428
[08:18:09]     [search #1] AAAJ984428-Sai Prashanth Ramanathan
R#####U@YAHOO.COM
[08:18:12]   [137/141] Sai Prashanth Ramanathan  margin=50136.91  balance=50136.91
[08:18:16]   [mapping] 'ramachandran swaminathan' → best match 'ramchandran swaminathan' ratio=0.98 code=R41151
[08:18:16]   [138/141] Ramachandran Swaminathan — mapped to Angel code R41151
[08:18:20]     [search #1] R41151-Ramchandran Swaminathan
S########A@GMAIL.COM
[08:18:23]   [138/141] Ramachandran Swaminathan  margin=1044603.0  balance=1044603.0
[08:18:27]   [mapping] 'anju ravichandran' → best match 'anju ravichandran' ratio=1.00 code=A59514355
[08:18:27]   [139/141] Anju Ravichandran — mapped to Angel code A59514355
[08:18:31]     [search #1] A59514355-Anju Ravichandran
A#####1@GMAIL.COM
[08:18:35]   [139/141] Anju Ravichandran  margin=339.85  balance=339.85
[08:18:38]   [mapping] 'catherine joshua thundyil' → best match 'catherine joshua thundyil' ratio=1.00 code=C31724
[08:18:38]   [140/141] CATHERINE JOSHUA THUNDYIL — mapped to Angel code C31724
[08:18:41]     [search #1] C31724-Catherine Joshua T
C########L@GMAIL.COM
[08:18:45]   [140/141] CATHERINE JOSHUA THUNDYIL  margin=50288.96  balance=50288.96
[08:18:48]   [mapping] 'narayana rao malla' → best match 'narayana rao malla' ratio=1.00 code=N78150
[08:18:48]   [141/141] NARAYANA RAO MALLA — mapped to Angel code N78150
[08:18:52]     [search #1] N78150-Narayana Rao Malla
N############A@GMAIL.COM
[08:18:55]   [141/141] NARAYANA RAO MALLA  margin=341.61  balance=341.61
[08:18:59] 
[gcs] ✓ gs://winrich_shared/data/AngleNxt/angelone_equity_margins.csv
[08:19:04] [email] ✓ Email sent to niranjan@winrich.in
[08:19:04] 
► [Unify] Trying AUM page directly…
[08:19:09]   [Unify] Landed on: https://app.unificap.com/wealthspectrum/portal/sign-in
[08:19:09]   [Unify] Session expired — logging in…
[08:19:11]   [Unify] Entering credentials for WAWYA…
[08:19:11]   [Unify] Submitted login form.
[08:19:13]   [Unify] OTP prompt detected — fetching from email…
[08:19:13]   [Unify OTP] Waiting for OTP email in knsridharan@wawya.in from pmsops@unificap.com…
[08:19:23]   [Unify OTP] Checking inbox (attempt 1, 10s elapsed)…
[08:19:24]   [Unify OTP] Found 1 email(s) from pmsops@unificap.com.
[08:19:24]   [Unify OTP] Email: received=2026-04-15T02:49:20Z  preview='Dear WAWYA INVESTMENT SERVICES PVT LTD,\r\n\r\n\r\nOnetime passcod'
[08:19:24]   [Unify OTP] received_ts=1776221360  cutoff=1776221322
[08:19:24]   [Unify OTP] ✓ OTP: 114008
[08:19:24]   [Unify] OTP submitted.
[08:19:26]   [Unify] Logged in — landed on: https://app.unificap.com/wealthspectrum/portal/login-otp
[08:19:26] 
  [Unify] Navigating to Clientwise Daily AUM via keyboard…
[08:19:28]   [Unify] Tab #5: found 'Queries' → Enter
[08:19:29]   [Unify] Tabbing 6 times to hamburger button…
[08:19:31]   [Unify] Query list opened.
[08:19:32]   [Unify] Tab #5: found 'Clientwise Daily AUM' → Enter
[08:19:33]   [Unify] Dismissed query panel — form should be visible.
[08:19:34]   [Unify] Tab #5: on date input
[08:19:35]   [Unify] From Date → 14/04/2026
[08:19:35]   [Unify] Tab #0: on date input
[08:19:36]   [Unify] To Date   → 14/04/2026
[08:19:36]   [Unify] Tabbing to format selector…
[08:19:37]   [Unify] CSV format selected.
[08:19:38]   [Unify] Tab #1: on Execute button
[08:19:38]   [Unify] Pressing Execute…
[08:19:38]   [Unify] Execute pressed — waiting for results to load…
[08:19:40]   [Unify] Waiting for results and download button…
[08:20:00]   [Unify] Results ready — tabbing to download button…
[08:20:01]   [Unify] Tab #3: found 'sim_card_download' → Enter
[08:20:01]   [Unify] Download triggered — saving file…
[08:20:01]   [Unify] ✓ Downloaded: I481_Daily_AUM.csv
[08:20:02]   [Unify] ✓ Uploaded to GCS: gs://winrich/Datawarehouse/Unify/2026/04/15/WAWYA_Daily_AUM - 14.csv
[08:20:02]   [Unify] Local file removed: I481_Daily_AUM.csv
[08:20:02] 
► [Vested] Navigating to login page…
[08:20:05]   [Vested] Landed on: https://metabase-partners.vestedfinance.com/
[08:20:05]   [Vested] Already logged in — skipping login.
[08:20:05]   [Vested] Navigating to Funded Users report…
[08:20:11]   [Vested] Page: https://metabase-partners.vestedfinance.com/question/364-funded-users?Time_Limit=12&Time_Frame=Month
[08:20:11]   [Vested] Cleared 1 filter(s).
[08:20:11]   [Vested] Pressing Ctrl+Enter to run query…
[08:20:13]   [Vested] Looking for download button…
[08:20:14]   [Vested] Download menu opened.
[08:20:15]   [Vested] Selected .csv format.
[08:20:15]   [Vested] ✓ Downloaded: funded_users_2026-04-15T02_50_19.724490818Z.csv
[08:20:15]   [Vested] Columns renamed to match expected format.
[08:20:16]   [Vested] ✓ Uploaded to GCS: gs://winrich/Datawarehouse/Vested/2026/04/15/funded_users_2026-04-15.csv
[08:20:16]   [Vested] Local file removed: funded_users_2026-04-15T02_50_19.724490818Z.csv
[08:20:16] 
► [IPRU Email] Searching for latest email from IPRUAUTOMAILER@icicipruamc.com…
[08:20:17]   [IPRU Email] Using email: 2026-04-15  WS Distributor Daily Inflow Outflow Report 15-Apr-2026
[08:20:17]   [IPRU Email] Downloading: WAWYA IN_08160.zip (2.2 KB)…
[08:20:18]   [IPRU Email] ✓ Downloaded: WAWYA IN_08160.zip
[08:20:18]   [IPRU Email] Extracting ZIP…
[08:20:18]   [IPRU Email] Extracted: WAWYA IN_08160.xls
[08:20:18]   [IPRU Email] ✓ Converted to CSV: ICICIPMS 15.csv (4 rows)
[08:20:19]   [IPRU Email] ✓ Uploaded to GCS: gs://winrich/Datawarehouse/ICICI-PMS/2026/04/15/ICICIPMS 15.csv
[08:20:19]   [IPRU Email] Local file removed: WAWYA IN_08160.zip
[08:20:19]   [IPRU Email] Local file removed: WAWYA IN_08160.xls
[08:20:19]   [IPRU Email] Local file removed: ICICIPMS 15.csv
[08:20:19] 
► [ASK] Searching for email from bangalore@askinvestmentmanagers.com…
[08:20:20]   [ASK] Using email: 2026-04-13  RE: DAY WISE CLIENT WISE AUM REPORT 
[08:20:20]   [ASK] Downloading: Report - 12-04-2026.xlsx (13.3 KB)…
[08:20:21]   [ASK] ✓ Downloaded: Report - 12-04-2026.xlsx
[08:20:21]   [ASK] ✓ Converted to CSV: ask_pms.csv (23 rows)
[08:20:21]   [ASK] ✓ Uploaded to GCS: gs://winrich/Datawarehouse/ASK/2026/04/15/ask_pms.csv
[08:20:21]   [ASK] Local file removed: Report - 12-04-2026.xlsx
[08:20:21]   [ASK] Local file removed: ask_pms.csv
[08:20:21] 
✓ All phases complete.
