[10:24:15] Loaded 141 customers from Customerlist_12.csv
[10:24:15] Starting in 15s — uncheck any phases already complete.
[10:24:30] Grace period over — starting run.
[10:24:35] 
Launching Edge from: C:\Program Files (x86)\Microsoft\Edge\Application\msedge.exe
[10:24:35] Edge PID: 11556
[10:25:07] Opening Unify AUM page: https://app.unificap.com/wealthspectrum/portal/bo-queries/Clientwise_Daily_AUM
[10:25:08] 
► [Unify] Skipped (checkbox).
[10:25:08] 
► [ASK] Skipped (checkbox).
[10:25:08] 
► [Vested] Skipped (checkbox).
[10:25:08] 
► [IPRU Email] Skipped (checkbox).
[10:25:08] 
► [Angel One NXT] Checking dashboard…
[10:25:12]   [AO Login] Already logged in — dashboard returned 200.
[10:25:23] 
► [Client DP Holdings] Skipped — already in GCS: Datawarehouse/Stocks/2026/04/03/client-dp-holdings.csv
[10:25:24] 
► [Security Holdings] Skipped — already in GCS: Datawarehouse/Stocks/2026/04/03/Equity.csv
[10:25:24] 
► Skipping balance extraction (checkbox enabled).
[10:27:35] Loaded 141 customers from Customerlist_12.csv
[10:27:35] Starting in 15s — uncheck any phases already complete.
[10:27:50] Grace period over — starting run.
[10:27:56] 
Launching Edge from: C:\Program Files (x86)\Microsoft\Edge\Application\msedge.exe
[10:27:56] Edge PID: 9008
[10:27:59] Opening landing page: https://app.unificap.com/wealthspectrum/portal/bo-queries/Clientwise_Daily_AUM
[10:28:02] 
► [Unify] Skipped — already in GCS: Datawarehouse/Unify/2026/04/02/WAWYA_Daily_AUM - 02.csv
[10:28:03] 
► [ASK] Skipped — already in GCS: Datawarehouse/ASK/2026/04/03/ask_pms.csv
[10:28:03] 
► [Vested] Skipped — already in GCS: Datawarehouse/Vested/2026/04/03/funded_users_2026-04-03.csv
[10:28:04] 
► [IPRU Email] Skipped — already in GCS: Datawarehouse/ICICI-PMS/2026/04/03/ICICIPMS 3.csv
[10:28:04] 
► [Angel One NXT] Checking dashboard…
[10:28:09]   [AO Login] Already logged in — dashboard returned 200.
[10:28:10] 
► [Client DP Holdings] Skipped — already in GCS: Datawarehouse/Stocks/2026/04/03/client-dp-holdings.csv
[10:28:11] 
► [Security Holdings] Skipped — already in GCS: Datawarehouse/Stocks/2026/04/03/Equity.csv
[10:28:11] 
► Extracting customer balances…
[10:28:23]   [1/141] KESHAV SHRINIVAS MALAGI  margin=411.36  balance=411.36
[10:34:06] Loaded 141 customers from Customerlist_12.csv
[10:34:06] Starting in 15s — uncheck any phases already complete.
[10:34:21] Grace period over — starting run.
[10:34:27] 
Launching Edge from: C:\Program Files (x86)\Microsoft\Edge\Application\msedge.exe
[10:34:27] Edge PID: 23880
[10:34:30] Opening landing page: https://nxt.angelone.in/auth/authorised-partner
[10:34:30] 
► [Unify] Skipped (checkbox).
[10:34:30] 
► [ASK] Skipped (checkbox).
[10:34:30] 
► [Vested] Skipped (checkbox).
[10:34:30] 
► [IPRU Email] Skipped (checkbox).
[10:34:30] 
► [Angel One NXT] Checking dashboard…
[10:34:33]   [AO Login] Already logged in — dashboard returned 200.
[10:34:37] 
► [Client DP Holdings] Skipped — already in GCS: Datawarehouse/Stocks/2026/04/03/client-dp-holdings.csv
[10:34:38] 
► [Security Holdings] Skipped — already in GCS: Datawarehouse/Stocks/2026/04/03/Equity.csv
[10:34:38] 
► Extracting customer balances…
[10:34:45]     [search #1] K273641-Keshav Shrinivas Malagi
K######I@GMAIL.COM
[10:34:49]   [1/141] KESHAV SHRINIVAS MALAGI  margin=411.36  balance=411.36
[10:34:58]     [search #1] AAAQ058874-Chaity Banerjee
C############E@GMAIL.COM
[10:35:02]   [2/141] chaity banerjee  margin=0.0  balance=0.0
[10:35:14]   [3/141] SHRINIVAS HANUMANTHAPPA SUREBAN — not found, skipped
[10:35:26]   [4/141] KRISHNAPRASAD — not found, skipped
[10:35:35]     [search #1] R1121821-Rajeev Narayana Iyer
R###########R@GMAIL.COM
[10:35:38]   [5/141] RAJEEV NARAYANA IYER  margin=35426.89  balance=35426.89
[10:35:47]     [search #1] B38265-Baskar Pranatharthi
B#########N@YAHOO.COM
[10:35:51]   [6/141] BASKAR PRANATHARTHI  margin=54933.51  balance=-66.49
[10:36:01]     [search #1] A87827-Anshul Satish Chaturvedi
C######L@GMAIL.COM
[10:36:05]   [7/141] ANSHUL SATISH CHATURVEDI  margin=0.8  balance=0.8
[10:36:14]     [search #1] R139316-Ravinder Peddi
R############I@GMAIL.COM
[10:36:18]   [8/141] RAVINDER PEDDI  margin=85584.08  balance=1409.9
[10:36:27]     [search #1] S199359-Sudhansu Ranjan Acharya
S#######A@GMAIL.COM
[10:36:31]   [9/141] SUDHANSU RANJAN ACHARYA  margin=45304.39  balance=45304.39
[10:36:40]     [search #1] U21194-Upendra N Puranik
P#######N@GMAIL.COM
[10:36:44]   [10/141] UPENDRA N PURANIK  margin=20753.69  balance=20753.69
[10:36:53]     [search #1] P75774-Prasad H S M D
H########D@GMAIL.COM
[10:36:53]     [search #2] S118648-Seema Deepak Nayak
S#########K@GMAIL.COM
[10:36:53]     [search #3] S174809-Srinivasa D T
S####################Y@YAHOO.COM
[10:36:54]     [search #4] S2005199-M D Sridhara
S######S@GMAIL.COM
[10:36:54]     [search #5] P75774-Prasad H S M D
H########D@GMAIL.COM
[10:36:54]     [search #6] S118648-Seema Deepak Nayak
S#########K@GMAIL.COM
[10:36:55]     [search #7] S174809-Srinivasa D T
S####################Y@YAHOO.COM
[10:36:55]     [search #8] S2005199-M D Sridhara
S######S@GMAIL.COM
[10:36:55]     [search #9] P75774-Prasad H S M D
H########D@GMAIL.COM
[10:36:56]     [search #10] S118648-Seema Deepak Nayak
S#########K@GMAIL.COM
[10:37:01]   [11/141] Seema D Nayak — not found, skipped
[10:37:09]     [search #1] E1889-Eklavya Prasad
E##############Y@GMAIL.COM
[10:37:10]     [search #2] P75774-Prasad H S M D
H########D@GMAIL.COM
[10:37:10]     [search #3] S2081504-Somisetty Divya Jagadeeswaraprasad
D###########H@GMAIL.COM
[10:37:10]     [search #4] G21630-Guruprasad
G######6@YAHOO.CO.IN
[10:37:11]     [search #5] K683207-Krishna Prasad Canchi Purushothama
K###########I@GMAIL.COM
[10:37:11]     [search #6] M57495-Mamatha Prasad
M############D@YAHOO.CO.IN
[10:37:11]     [search #7] C222127-Chaithali Prasad
C#############D@GMAIL.COM
[10:37:11]     [search #8] G22568-Guruprasad Bhat
B#############D@GMAIL.COM
[10:37:12]     [search #9] P619309-Pavithra Bangalore Shivaprasad
P##############6@GMAIL.COM
[10:37:12]     [search #10] E1889-Eklavya Prasad
E##############Y@GMAIL.COM
[10:37:17]   [12/141] PRASAD HSMD — not found, skipped
[10:37:26]     [search #1] A85811-Ajesh Kumar T S
A#########R@GMAIL.COM
[10:37:26]     [search #2] A189526-Anandhi Ganpathy Iyer
A########R@GMAIL.COM
[10:37:27]     [search #3] A1359400-Ajay Kumar Tenali
A###########S@GMAIL.COM
[10:37:27]     [search #4] ZR1417N-Ankush Anil Keskar
A###########R@YAHOO.COM
[10:37:27]     [search #5] ZR1417R-Ankush Anil Keskar
A###########R@YAHOO.COM
[10:37:28]     [search #6] A114916-Anil Bhagwan Keskar
A########R@YAHOO.CO.IN
[10:37:28]     [search #7] A46998-Ankush Anil Keskar
A###########N@YAHOO.COM
[10:37:28]     [search #8] A76108-Arun Kumar Nath
A#######H@REDIFFMAIL.COM
[10:37:29]     [search #9] A849914-A Anil Kumar
A################3@GMAIL.COM
[10:37:29]     [search #10] A155544-Abhinav Kapoor
K#######5@GMAIL.COM
[10:37:34]   [13/141] R BALAKRISHNAN — not found, skipped
[10:37:44]     [search #1] R65529-Rajashree Parameswaran
R#############M@GMAIL.COM
[10:37:48]   [14/141] RAJASHREE PARAMESWARAN  margin=944.27  balance=944.27
[10:37:57]     [search #1] P69684-P R Balakrishnan
B#########M@GMAIL.COM
[10:37:57]     [search #2] WWW21009-Dharmapalan P S
D###########S@GMAIL.COM
[10:37:57]     [search #3] G45043-Girish P Kaimal
G##########L@GMAIL.COM
[10:37:58]     [search #4] P95894-Prathima S P
P###############Y@YAHOO.COM
[10:37:58]     [search #5] A162132-Aruna K P
A#########N@GMAIL.COM
[10:37:58]     [search #6] B39253-B P Nachappa
N########P@YAHOO.COM
[10:37:59]     [search #7] H61871909-Hemavathy H P
H##########U@GMAIL.COM
[10:37:59]     [search #8] K56225-Kailasam P K
K##########0@GMAIL.COM
[10:37:59]     [search #9] M78422-Mahadevan P
P##########K@GMAIL.COM
[10:38:00]     [search #10] P56552-P Srinivas
S############A@GMAIL.COM
[10:38:05]   [15/141] RATISH P KAIMAL — not found, skipped
[10:38:13]     [search #1] S96983-Shankara G
S########G@YAHOO.CO.IN
[10:38:17]   [16/141] Shankara G  margin=94.54  balance=94.54
[10:38:26]     [search #1] K36693-Krishnamurthy Ravindra
R####################1@GMAIL.COM
[10:38:30]   [17/141] KRISHNAMURTHY RAVINDRA  margin=503362.92  balance=503362.92
[10:38:41]     [search #1] R41282-Rangaswamy Iyyer Parthasarathy
P#########1@YAHOO.CO.IN
[10:38:44]   [18/141] RANGASWAMY IYYER PARTHASARATHY  margin=10153.48  balance=10153.48
[10:38:54]     [search #1] P63145-Prabhakar S Joshi
P############I@YAHOO.COM
[10:38:57]   [19/141] Prabhakar S Joshi  margin=584.94  balance=584.94
[10:39:07]     [search #1] R78923-Rinu Mammen Thomas
R####T@GMAIL.COM
[10:39:10]   [20/141] RINU MAMMEN THOMAS  margin=696.14  balance=696.14
[10:39:20]     [search #1] S827224-Subhash Chandra Kanumuri
S#############I@GMAIL.COM
[10:39:24]   [21/141] SUBHASH CHANDRA KANUMURI  margin=20317.35  balance=20317.35
[10:39:33]     [search #1] P61477-Preeti Sinha Tyagi
P#####0@GMAIL.COM
[10:39:37]   [22/141] PREETI SINHA TYAGI  margin=43720.32  balance=31040.49
[10:39:46]     [search #1] B489665-Balaji Lakshman
B#######L@GMAIL.COM
[10:39:50]   [23/141] Balaji Lakshman  margin=0.0  balance=0.0
[10:39:59]     [search #1] H28756-H K Ranganath
H####H@YAHOO.CO.IN
[10:39:59]     [search #2] P900374-Pallavi Ranganath Karanth
P####3@GMAIL.COM
[10:40:00]     [search #3] S165622-Shreyas Ranganath
E#####E@GMAIL.COM
[10:40:03]   [24/141] SHREYAS RANGANATH  margin=86.11  balance=86.11
[10:40:12]     [search #1] AVNV1106-Chitra Sundar
C############K@GMAIL.COM
[10:40:13]     [search #2] S126842-Syama Sundar Pingali
S######S@YAHOO.COM
[10:40:13]     [search #3] U6601-Usha Krishnan
K######8@GMAIL.COM
[10:40:13]     [search #4] WWW21001-Sundar Krishnan
S#######R@YAHOO.COM
[10:40:17]   [25/141] SUNDAR KRISHNAN  margin=0.52  balance=0.52
[10:40:26]     [search #1] A60498860-Anitha Rajesh Kulkarni
A#############T@GMAIL.COM
[10:40:26]     [search #2] A137617-Arun Raghavan Lakshminarayanan
R##########N@GMAIL.COM
[10:40:26]     [search #3] A59514355-Anju Ravichandran
A#####1@GMAIL.COM
[10:40:26]     [search #4] AAAN061011-Bhuvaneshwari Vishwanatha Rao
V########1@GMAIL.COM
[10:40:27]     [search #5] A153766-Asok Ramya
V#######G@HOTMAIL.COM
[10:40:27]     [search #6] A151917-Arindam Roy Chowdhury
R##################M@GMAIL.COM
[10:40:27]     [search #7] A87666-Ashwin Ram Balakrishnan
B#########M@GMAIL.COM
[10:40:28]     [search #8] B107256-Bharateshwar R Boke
B#########E@GMAIL.COM
[10:40:28]     [search #9] C217927-Chandra Mallikharjuna Rao Cherukuthota
M##O@LEVI.COM
[10:40:28]     [search #10] C31074-Chandrani Roy Joarder
C#############7@GMAIL.COM
[10:40:34]   [26/141] RAJESH R — not found, skipped
[10:40:42]     [search #1] T20838-Tellakula Maheshbabu Lakshmi Priya
T######A@GMAIL.COM
[10:40:43]     [search #2] A443840-Ahana Telakula Mahesh
A#########T@GMAIL.COM
[10:40:43]     [search #3] D183217-Deepa Mahesh
D##############1@YAHOO.COM
[10:40:47]   [27/141] DEEPA MAHESH  margin=339975.15  balance=339975.15
[10:40:56]     [search #1] S180892-Sheetal Jyotirao Patil
S##############E@GMAIL.COM
[10:41:00]   [28/141] SHEETAL JYOTIRAO PATIL  margin=-6.98  balance=-6.98
[10:41:10]     [search #1] J57332-Jitendriya S Athavale
J#####T@GMAIL.COM
[10:41:14]   [29/141] JITENDRIYA S ATHAVALE  margin=0.64  balance=0.64
[10:41:22]     [search #1] AAAD856596-Mayank
A######3@GMAIL.COM
[10:41:26]   [30/141] Mayank  margin=162.11  balance=162.11
[10:41:34]     [search #1] A1280699-Ashok Shanmugam
A##############5@GMAIL.COM
[10:41:38]   [31/141] Ashok Shanmugam  margin=422.15  balance=422.15
[10:41:47]     [search #1] V255447-Veena B M
V#######9@GMAIL.COM
[10:41:50]   [32/141] VEENA B M  margin=363.71  balance=363.71
[10:42:00]     [search #1] AAAN061011-Bhuvaneshwari Vishwanatha Rao
V########1@GMAIL.COM
[10:42:04]   [33/141] Bhuvaneshwari Vishwanatha Rao  margin=0.0  balance=0.0
[10:42:13]     [search #1] J58374-Jeevan Mithra
A############A@GMAIL.COM
[10:42:17]   [34/141] JEEVAN MITHRA  margin=1000.31  balance=1000.31
[10:42:26]     [search #1] N339061-Nilanjan Roy Chowdhury
A###########N@GMAIL.COM
[10:42:27]     [search #2] N339061-Nilanjan Roy Chowdhury
A###########N@GMAIL.COM
[10:42:27]     [search #3] N339061-Nilanjan Roy Chowdhury
A###########N@GMAIL.COM
[10:42:27]     [search #4] N339061-Nilanjan Roy Chowdhury
A###########N@GMAIL.COM
[10:42:28]     [search #5] N339061-Nilanjan Roy Chowdhury
A###########N@GMAIL.COM
[10:42:28]     [search #6] N339061-Nilanjan Roy Chowdhury
A###########N@GMAIL.COM
[10:42:28]     [search #7] N339061-Nilanjan Roy Chowdhury
A###########N@GMAIL.COM
[10:42:29]     [search #8] N339061-Nilanjan Roy Chowdhury
A###########N@GMAIL.COM
[10:42:29]     [search #9] N339061-Nilanjan Roy Chowdhury
A###########N@GMAIL.COM
[10:42:29]     [search #10] N339061-Nilanjan Roy Chowdhury
A###########N@GMAIL.COM
[10:42:34]   [35/141] NILANJAN ROYCHOWDHURY — not found, skipped
[10:42:43]     [search #1] V202354-Vikash Agarwal
M############N@GMAIL.COM
[10:42:46]   [36/141] VIKASH AGARWAL  margin=876.04  balance=876.04
[10:42:55]     [search #1] AAAJ217164-Rajesh Kulkarni
R######5@GMAIL.COM
[10:42:59]   [37/141] Rajesh Kulkarni  margin=0.0  balance=0.0
[10:43:09]     [search #1] G25402-Gnanavadivel S
G############I@GMAIL.COM
[10:43:09]     [search #2] C30278-C V Sathish Kumar
S#########N@YAHOO.COM
[10:43:09]     [search #3] C31282-C S Narayanan
N##################R@REDIFFMAIL.COM
[10:43:10]     [search #4] D26344-Deepa S
D##############N@GMAIL.COM
[10:43:10]     [search #5] D47743-Diyanesh Babu C V
D###########U@GMAIL.COM
[10:43:10]     [search #6] A47832-Ajeet S Patil
A#########L@GMAIL.COM
[10:43:11]     [search #7] B27166-Bharathi S
B############0@GMAIL.COM
[10:43:11]     [search #8] WWW21009-Dharmapalan P S
D###########S@GMAIL.COM
[10:43:11]     [search #9] A85811-Ajesh Kumar T S
A#########R@GMAIL.COM
[10:43:12]     [search #10] G27468-Geetha S
G##########N@GMAIL.COM
[10:43:18]   [38/141] MEHER V S S PINGALI — not found, skipped
[10:43:28]     [search #1] M72336-Madhavi Darbha
M##########H@YAHOO.COM
[10:43:32]   [39/141] MADHAVI DARBHA  margin=45.34  balance=45.34
[10:43:43]     [search #1] M287915-Mehul Chakraborty
M################3@GMAIL.COM
[10:43:43]     [search #2] M41653-Manas Chakraborty
C###########M@YAHOO.COM
[10:43:44]     [search #3] S245402-Sudeepta Chakraborty
S##########1@GMAIL.COM
[10:43:48]   [40/141] Sudeepta Chakraborty  margin=500.6  balance=500.6
[10:43:58]     [search #1] G45043-Girish P Kaimal
G##########L@GMAIL.COM
[10:44:02]   [41/141] GIRISH P KAIMAL  margin=-86.75  balance=-86.75
[10:44:12]     [search #1] A75047-Alka Saxena
A#########A@YAHOO.COM
[10:44:15]   [42/141] ALKA SAXENA  margin=80676.35  balance=80676.35
[10:44:25]     [search #1] AAAJ851300-A Jessie Selva Celina
J###########A@GMAIL.COM
[10:44:26]     [search #2] A466720-Amit Sood
A############E@GMAIL.COM
[10:44:26]     [search #3] A1437113-Aditya Subhashchandra Chandok
A############K@GMAIL.COM
[10:44:26]     [search #4] A313608-Achuthan Sujatha
S###########1@YAHOO.COM
[10:44:27]     [search #5] A75047-Alka Saxena
A#########A@YAHOO.COM
[10:44:27]     [search #6] A112973-Animesh Saran
S#######H@REDIFFMAIL.COM
[10:44:27]     [search #7] A65742-Anand Subramanian
S#####7@YAHOO.COM
[10:44:28]     [search #8] A1188351-Alpana Sudeep Dalvi
A###########6@GMAIL.COM
[10:44:28]     [search #9] A47832-Ajeet S Patil
A#########L@GMAIL.COM
[10:44:28]     [search #10] A85811-Ajesh Kumar T S
A#########R@GMAIL.COM
[10:44:34]   [43/141] Giridhar D S — not found, skipped
[10:44:45]     [search #1] G14034-G Venkateswaran
G##N@ROCKETMAIL.COM
[10:44:46]     [search #2] G14034-G Venkateswaran
G##N@ROCKETMAIL.COM
[10:44:46]     [search #3] G14034-G Venkateswaran
G##N@ROCKETMAIL.COM
[10:44:46]     [search #4] G14034-G Venkateswaran
G##N@ROCKETMAIL.COM
[10:44:47]     [search #5] G14034-G Venkateswaran
G##N@ROCKETMAIL.COM
[10:44:47]     [search #6] G14034-G Venkateswaran
G##N@ROCKETMAIL.COM
[10:44:47]     [search #7] G14034-G Venkateswaran
G##N@ROCKETMAIL.COM
[10:44:48]     [search #8] G14034-G Venkateswaran
G##N@ROCKETMAIL.COM
[10:44:48]     [search #9] G14034-G Venkateswaran
G##N@ROCKETMAIL.COM
[10:44:48]     [search #10] G14034-G Venkateswaran
G##N@ROCKETMAIL.COM
[10:44:54]   [44/141] VENKATESWARAN GOVINDARAJAN — not found, skipped
[10:45:04]     [search #1] N40739-Nisha Fernandez
N########S@GMAIL.COM
[10:45:04]     [search #2] N70467-Nidhi Agrawal
M######K@GMAIL.COM
[10:45:04]     [search #3] K658424-Kapil Agrawal
K##########1@GMAIL.COM
[10:45:05]     [search #4] N28188-Nisha Agrawal
N##########3@GMAIL.COM
[10:45:09]   [45/141] Nisha Agrawal  margin=516.14  balance=516.14
[10:45:19]     [search #1] R136412-Rajasimha Karanam
R###############M@GMAIL.COM
[10:45:23]   [46/141] RAJASIMHA KARANAM  margin=147.43  balance=147.43
[10:45:34]     [search #1] WWW21004-Sanjay Mannera Belliappa
S##########6@GMAIL.COM
[10:45:39]   [47/141] SANJAY MANNERA BELLIAPPA  margin=16219.83  balance=16219.83
[10:45:49]     [search #1] J38781-Jayanthi B
J#########N@GMAIL.COM
[10:45:53]   [48/141] Jayanthi B  margin=2411.42  balance=2411.42
[10:46:03]     [search #1] P392279-Preeti Amit Prabhushastri
P##################I@GMAIL.COM
[10:46:07]   [49/141] PREETI AMIT PRABHUSHASTRI  margin=732.06  balance=732.06
[10:46:17]     [search #1] D26344-Deepa S
D##############N@GMAIL.COM
[10:46:20]   [50/141] DEEPA S  margin=0.0  balance=0.0
[10:46:39]   [51/141] SADAYANDI SARASWATHI SARAVANAPANDIAN — not found, skipped
[10:46:51]     [search #1] V390461-Venkatakrishna Viswanath
V#############V@GMAIL.COM
[10:46:55]   [52/141] Venkatakrishna Viswanath  margin=0.0  balance=0.0
[10:47:05]     [search #1] P392766-Parag Dinkar Chaudhari
P#############E@GMAIL.COM
[10:47:06]     [search #2] P61529-Parag Mital
P#########L@GMAIL.COM
[10:47:06]     [search #3] P392766-Parag Dinkar Chaudhari
P#############E@GMAIL.COM
[10:47:06]     [search #4] P61529-Parag Mital
P#########L@GMAIL.COM
[10:47:07]     [search #5] P392766-Parag Dinkar Chaudhari
P#############E@GMAIL.COM
[10:47:07]     [search #6] P61529-Parag Mital
P#########L@GMAIL.COM
[10:47:07]     [search #7] P392766-Parag Dinkar Chaudhari
P#############E@GMAIL.COM
[10:47:08]     [search #8] P61529-Parag Mital
P#########L@GMAIL.COM
[10:47:08]     [search #9] P392766-Parag Dinkar Chaudhari
P#############E@GMAIL.COM
[10:47:09]     [search #10] P61529-Parag Mital
P#########L@GMAIL.COM
[10:47:15]   [53/141] Parag Chaudhari — not found, skipped
[10:47:25]     [search #1] AAAQ058874-Chaity Banerjee
C############E@GMAIL.COM
[10:47:26]     [search #2] D502383-Dyuti Banerjee
D############E@GMAIL.COM
[10:47:30]   [54/141] Dyuti Banerjee  margin=0.0  balance=0.0
[10:47:41]     [search #1] K32803-Kamal Singh
K###########8@GMAIL.COM
[10:47:41]     [search #2] M93786-Mahendarjitender Singh
J####4@GMAIL.COM
[10:47:41]     [search #3] N31074-Nutan Singh
N#########L@GMAIL.COM
[10:47:42]     [search #4] N45930-Neeraj Pal Singh
K###########8@GMAIL.COM
[10:47:42]     [search #5] K32803-Kamal Singh
K###########8@GMAIL.COM
[10:47:42]     [search #6] M93786-Mahendarjitender Singh
J####4@GMAIL.COM
[10:47:43]     [search #7] N31074-Nutan Singh
N#########L@GMAIL.COM
[10:47:43]     [search #8] N45930-Neeraj Pal Singh
K###########8@GMAIL.COM
[10:47:43]     [search #9] K32803-Kamal Singh
K###########8@GMAIL.COM
[10:47:44]     [search #10] M93786-Mahendarjitender Singh
J####4@GMAIL.COM
[10:47:49]   [55/141] MAHENDAR JITENDER SINGH — not found, skipped
[10:48:00]     [search #1] C31074-Chandrani Roy Joarder
C#############7@GMAIL.COM
[10:48:00]     [search #2] S1218454-Sarath Chandran
S###################S@GMAIL.COM
[10:48:04]   [56/141] SARATH CHANDRAN  margin=299.21  balance=299.21
[10:48:15]     [search #1] A72151-Ashish Balkeshwar Varma
V##########H@YAHOO.COM
[10:48:15]     [search #2] A849914-A Anil Kumar
A################3@GMAIL.COM
[10:48:16]     [search #3] A85811-Ajesh Kumar T S
A#########R@GMAIL.COM
[10:48:16]     [search #4] AAAN061011-Bhuvaneshwari Vishwanatha Rao
V########1@GMAIL.COM
[10:48:16]     [search #5] C24747-C Nageshwar
N######6@YAHOO.COM
[10:48:17]     [search #6] C31282-C S Narayanan
N##################R@REDIFFMAIL.COM
[10:48:17]     [search #7] A1359400-Ajay Kumar Tenali
A###########S@GMAIL.COM
[10:48:17]     [search #8] A76108-Arun Kumar Nath
A#######H@REDIFFMAIL.COM
[10:48:18]     [search #9] C30278-C V Sathish Kumar
S#########N@YAHOO.COM
[10:48:18]     [search #10] B39415-Bindumadhava Vijayendra
B#####V@GMAIL.COM
[10:48:24]   [57/141] SATHISH KUMAR C V — not found, skipped
[10:48:35]     [search #1] A128523-Avitash Purohit
A#################G@GMAIL.COM
[10:48:35]     [search #2] AACC520221-Anupama Purohit
P############2@GMAIL.COM
[10:48:36]     [search #3] A128523-Avitash Purohit
A#################G@GMAIL.COM
[10:48:36]     [search #4] AACC520221-Anupama Purohit
P############2@GMAIL.COM
[10:48:36]     [search #5] A128523-Avitash Purohit
A#################G@GMAIL.COM
[10:48:37]     [search #6] AACC520221-Anupama Purohit
P############2@GMAIL.COM
[10:48:37]     [search #7] A128523-Avitash Purohit
A#################G@GMAIL.COM
[10:48:37]     [search #8] AACC520221-Anupama Purohit
P############2@GMAIL.COM
[10:48:38]     [search #9] A128523-Avitash Purohit
A#################G@GMAIL.COM
[10:48:38]     [search #10] AACC520221-Anupama Purohit
P############2@GMAIL.COM
[10:48:44]   [58/141] Purohit Avitash Anupkumar — not found, skipped
[10:49:29]   [59/141] GEETHAMURTHY SIRVARAM BASAVARAJU — not found, skipped
[10:49:29]   [59/141] GEETHAMURTHY SIRVARAM BASAVARAJU — ERROR: Page.goto: Target page, context or browser has been closed
Traceback (most recent call last):
  File "C:\MyWorkSpace\Ourlife\Apps\Python\Winrichutils\AngelOneRunner\scripts\ao_daily_runner.py", line 2296, in _run
    page.goto(URL_DASHBOARD, wait_until="domcontentloaded", timeout=30_000)
    ~~~~~~~~~^^^^^^^^^^^^^^^^^^^^^^^^^^^^^^^^^^^^^^^^^^^^^^^^^^^^^^^^^^^^^^
  File "C:\MyWorkSpace\Software\Python\Lib\site-packages\playwright\sync_api\_generated.py", line 9054, in goto
    self._sync(
    ~~~~~~~~~~^
        self._impl_obj.goto(
        ^^^^^^^^^^^^^^^^^^^^
            url=url, timeout=timeout, waitUntil=wait_until, referer=referer
            ^^^^^^^^^^^^^^^^^^^^^^^^^^^^^^^^^^^^^^^^^^^^^^^^^^^^^^^^^^^^^^^
        )
        ^
    )
    ^
  File "C:\MyWorkSpace\Software\Python\Lib\site-packages\playwright\_impl\_sync_base.py", line 115, in _sync
    return task.result()
           ~~~~~~~~~~~^^
  File "C:\MyWorkSpace\Software\Python\Lib\site-packages\playwright\_impl\_page.py", line 552, in goto
    return await self._main_frame.goto(**locals_to_params(locals()))
           ^^^^^^^^^^^^^^^^^^^^^^^^^^^^^^^^^^^^^^^^^^^^^^^^^^^^^^^^^
  File "C:\MyWorkSpace\Software\Python\Lib\site-packages\playwright\_impl\_frame.py", line 153, in goto
    await self._channel.send(
        "goto", self._navigation_timeout, locals_to_params(locals())
    )
  File "C:\MyWorkSpace\Software\Python\Lib\site-packages\playwright\_impl\_connection.py", line 69, in send
    return await self._connection.wrap_api_call(
           ^^^^^^^^^^^^^^^^^^^^^^^^^^^^^^^^^^^^^
    ...<3 lines>...
    )
    ^
  File "C:\MyWorkSpace\Software\Python\Lib\site-packages\playwright\_impl\_connection.py", line 559, in wrap_api_call
    raise rewrite_error(error, f"{parsed_st['apiName']}: {error}") from None
playwright._impl._errors.TargetClosedError: Page.goto: Target page, context or browser has been closed

[10:49:29]   [59/141] Page/tab closed — reopening…
[10:49:29]   Could not reopen page: BrowserContext.new_page: Target page, context or browser has been closed — stopping loop.
[10:49:31] 
[gcs] ✓ gs://winrich_shared/data/AngleNxt/angelone_equity_margins.csv
[10:49:34] [email] ✓ Email sent to venkatrag@hotmail.com
[10:49:35] 
✓ All done!  42/141 captured.  1 errors (see log).
[10:50:13] Loaded 141 customers from Customerlist_12.csv
[10:50:13] Starting in 15s — uncheck any phases already complete.
[10:50:28] Grace period over — starting run.
[10:50:34] 
Launching Edge from: C:\Program Files (x86)\Microsoft\Edge\Application\msedge.exe
[10:50:34] Edge PID: 30920
[10:50:37] Opening landing page: https://nxt.angelone.in/auth/authorised-partner
[10:50:37] 
► [Unify] Skipped (checkbox).
[10:50:37] 
► [ASK] Skipped (checkbox).
[10:50:37] 
► [Vested] Skipped (checkbox).
[10:50:37] 
► [IPRU Email] Skipped (checkbox).
[10:50:37] 
► [Angel One NXT] Checking dashboard…
[10:50:41]   [AO Login] Already logged in — dashboard returned 200.
[10:50:45] 
► [Client DP Holdings] Skipped — already in GCS: Datawarehouse/Stocks/2026/04/03/client-dp-holdings.csv
[10:50:46] 
► [Security Holdings] Skipped — already in GCS: Datawarehouse/Stocks/2026/04/03/Equity.csv
[10:50:46] 
► Extracting customer balances…
[10:50:51]   [resume] Skipping 59 customers already processed today.
[10:50:51]   [1/141] KESHAV SHRINIVAS MALAGI — already done today, skipping
[10:50:51]   [2/141] chaity banerjee — already done today, skipping
[10:50:51]   [3/141] SHRINIVAS HANUMANTHAPPA SUREBAN — already done today, skipping
[10:50:51]   [4/141] KRISHNAPRASAD — already done today, skipping
[10:50:51]   [5/141] RAJEEV NARAYANA IYER — already done today, skipping
[10:50:51]   [6/141] BASKAR PRANATHARTHI — already done today, skipping
[10:50:51]   [7/141] ANSHUL SATISH CHATURVEDI — already done today, skipping
[10:50:51]   [8/141] RAVINDER PEDDI — already done today, skipping
[10:50:51]   [9/141] SUDHANSU RANJAN ACHARYA — already done today, skipping
[10:50:51]   [10/141] UPENDRA N PURANIK — already done today, skipping
[10:50:51]   [11/141] Seema D Nayak — already done today, skipping
[10:50:51]   [12/141] PRASAD HSMD — already done today, skipping
[10:50:51]   [13/141] R BALAKRISHNAN — already done today, skipping
[10:50:51]   [14/141] RAJASHREE PARAMESWARAN — already done today, skipping
[10:50:51]   [15/141] RATISH P KAIMAL — already done today, skipping
[10:50:51]   [16/141] Shankara G — already done today, skipping
[10:50:51]   [17/141] KRISHNAMURTHY RAVINDRA — already done today, skipping
[10:50:51]   [18/141] RANGASWAMY IYYER PARTHASARATHY — already done today, skipping
[10:50:51]   [19/141] Prabhakar S Joshi — already done today, skipping
[10:50:51]   [20/141] RINU MAMMEN THOMAS — already done today, skipping
[10:50:51]   [21/141] SUBHASH CHANDRA KANUMURI — already done today, skipping
[10:50:51]   [22/141] PREETI SINHA TYAGI — already done today, skipping
[10:50:51]   [23/141] Balaji Lakshman — already done today, skipping
[10:50:51]   [24/141] SHREYAS RANGANATH — already done today, skipping
[10:50:51]   [25/141] SUNDAR KRISHNAN — already done today, skipping
[10:50:51]   [26/141] RAJESH R — already done today, skipping
[10:50:51]   [27/141] DEEPA MAHESH — already done today, skipping
[10:50:51]   [28/141] SHEETAL JYOTIRAO PATIL — already done today, skipping
[10:50:51]   [29/141] JITENDRIYA S ATHAVALE — already done today, skipping
[10:50:51]   [30/141] Mayank — already done today, skipping
[10:50:51]   [31/141] Ashok Shanmugam — already done today, skipping
[10:50:51]   [32/141] VEENA B M — already done today, skipping
[10:50:51]   [33/141] Bhuvaneshwari Vishwanatha Rao — already done today, skipping
[10:50:51]   [34/141] JEEVAN MITHRA — already done today, skipping
[10:50:51]   [35/141] NILANJAN ROYCHOWDHURY — already done today, skipping
[10:50:51]   [36/141] VIKASH AGARWAL — already done today, skipping
[10:50:51]   [37/141] Rajesh Kulkarni — already done today, skipping
[10:50:51]   [38/141] MEHER V S S PINGALI — already done today, skipping
[10:50:51]   [39/141] MADHAVI DARBHA — already done today, skipping
[10:50:51]   [40/141] Sudeepta Chakraborty — already done today, skipping
[10:50:51]   [41/141] GIRISH P KAIMAL — already done today, skipping
[10:50:51]   [42/141] ALKA SAXENA — already done today, skipping
[10:50:51]   [43/141] Giridhar D S — already done today, skipping
[10:50:51]   [44/141] VENKATESWARAN GOVINDARAJAN — already done today, skipping
[10:50:52]   [45/141] Nisha Agrawal — already done today, skipping
[10:50:52]   [46/141] RAJASIMHA KARANAM — already done today, skipping
[10:50:52]   [47/141] SANJAY MANNERA BELLIAPPA — already done today, skipping
[10:50:52]   [48/141] Jayanthi B — already done today, skipping
[10:50:52]   [49/141] PREETI AMIT PRABHUSHASTRI — already done today, skipping
[10:50:52]   [50/141] DEEPA S — already done today, skipping
[10:50:52]   [51/141] SADAYANDI SARASWATHI SARAVANAPANDIAN — already done today, skipping
[10:50:52]   [52/141] Venkatakrishna Viswanath — already done today, skipping
[10:50:52]   [53/141] Parag Chaudhari — already done today, skipping
[10:50:52]   [54/141] Dyuti Banerjee — already done today, skipping
[10:50:52]   [55/141] MAHENDAR JITENDER SINGH — already done today, skipping
[10:50:52]   [56/141] SARATH CHANDRAN — already done today, skipping
[10:50:52]   [57/141] SATHISH KUMAR C V — already done today, skipping
[10:50:52]   [58/141] Purohit Avitash Anupkumar — already done today, skipping
[10:50:52]   [59/141] GEETHAMURTHY SIRVARAM BASAVARAJU — already done today, skipping
[10:50:59]     [search #1] S2038444-Samrruta Aiyer
R#########R@GMAIL.COM
[10:51:03]   [60/141] Samrruta Aiyer  margin=110281.74  balance=110281.74
[10:51:13]     [search #1] AAAJ851300-A Jessie Selva Celina
J###########A@GMAIL.COM
[10:51:17]   [61/141] A Jessie Selva Celina  margin=25068.61  balance=25068.61
[10:51:27]     [search #1] A133060-Arvind Iyer
A##########G@GMAIL.COM
[10:51:27]     [search #2] A189526-Anandhi Ganpathy Iyer
A########R@GMAIL.COM
[10:51:27]     [search #3] R1121821-Rajeev Narayana Iyer
R###########R@GMAIL.COM
[10:51:28]     [search #4] A133060-Arvind Iyer
A##########G@GMAIL.COM
[10:51:28]     [search #5] A189526-Anandhi Ganpathy Iyer
A########R@GMAIL.COM
[10:51:28]     [search #6] R1121821-Rajeev Narayana Iyer
R###########R@GMAIL.COM
[10:51:29]     [search #7] A133060-Arvind Iyer
A##########G@GMAIL.COM
[10:51:29]     [search #8] A189526-Anandhi Ganpathy Iyer
A########R@GMAIL.COM
[10:51:29]     [search #9] R1121821-Rajeev Narayana Iyer
R###########R@GMAIL.COM
[10:51:30]     [search #10] A133060-Arvind Iyer
A##########G@GMAIL.COM
[10:51:35]   [62/141] ANANDHI GANAPATHY IYER — not found, skipped
[10:51:46]     [search #1] A139884-Amit Bhatia
A###########N@YAHOO.COM
[10:51:46]     [search #2] A72151-Ashish Balkeshwar Varma
V##########H@YAHOO.COM
[10:51:46]     [search #3] A72269-Anitha Balaji
R###############I@GMAIL.COM
[10:51:47]     [search #4] A114916-Anil Bhagwan Keskar
A########R@YAHOO.CO.IN
[10:51:47]     [search #5] A87666-Ashwin Ram Balakrishnan
B#########M@GMAIL.COM
[10:51:47]     [search #6] B39253-B P Nachappa
N########P@YAHOO.COM
[10:51:48]     [search #7] A79949-Angira Barman
N###################Y@GMAIL.COM
[10:51:48]     [search #8] B489665-Balaji Lakshman
B#######L@GMAIL.COM
[10:51:48]     [search #9] A158410-A Balamurugan
B#######E@GMAIL.COM
[10:51:49]     [search #10] A659752-Amit Baliram Kanshide
K##########T@GMAIL.COM
[10:51:54]   [63/141] CHAITANYA B — not found, skipped
[10:52:05]     [search #1] A153766-Asok Ramya
V#######G@HOTMAIL.COM
[10:52:08]   [64/141] Asok Ramya  margin=-3.06  balance=-3.06
[10:52:19]     [search #1] T10891-Thatte Sumit Vishwas
S##########E@YAHOO.COM
[10:52:24]   [65/141] THATTE SUMIT VISHWAS  margin=10000.0  balance=10000.0
[10:52:34]     [search #1] M41653-Manas Chakraborty
C###########M@YAHOO.COM
[10:52:34]     [search #2] S245402-Sudeepta Chakraborty
S##########1@GMAIL.COM
[10:52:34]     [search #3] A127736-Atoshi Chakraborty
A########P@GMAIL.COM
[10:52:38]   [66/141] ATOSHI CHAKRABORTY  margin=261.38  balance=261.38
[10:52:50]     [search #1] A127736-Atoshi Chakraborty
A########P@GMAIL.COM
[10:52:53]   [67/141] ATOSHI CHAKRABORTY  margin=261.38  balance=261.38
[10:53:05]     [search #1] R68566-Rinki Dasgupta
R############A@YAHOO.COM
[10:53:09]   [68/141] RINKI DASGUPTA  margin=-62.36  balance=-62.36
[10:53:20]     [search #1] G25402-Gnanavadivel S
G############I@GMAIL.COM
[10:53:25]   [69/141] GNANAVADIVEL S  margin=413.8  balance=413.8
[10:53:34]     [search #1] K276677-K Sanjay Varier
S###########R@GMAIL.COM
[10:53:38]   [70/141] K SANJAY VARIER  margin=610.21  balance=610.21
[10:53:49]     [search #1] A151917-Arindam Roy Chowdhury
R##################M@GMAIL.COM
[10:53:50]     [search #2] C31074-Chandrani Roy Joarder
C#############7@GMAIL.COM
[10:53:53]   [71/141] CHANDRANI ROY  margin=404.72  balance=404.72
[10:54:04]     [search #1] S134579-Sandeep Kaliyath
S#############H@HOTMAIL.COM
[10:54:08]   [72/141] SANDEEP KALIYATH  margin=0.0  balance=0.0
[10:54:17]     [search #1] H204073-Harish Hostota Hebbar
H##########R@YAHOO.COM
[10:54:17]     [search #2] H204073-Harish Hostota Hebbar
H##########R@YAHOO.COM
[10:54:17]     [search #3] H204073-Harish Hostota Hebbar
H##########R@YAHOO.COM
[10:54:18]     [search #4] H204073-Harish Hostota Hebbar
H##########R@YAHOO.COM
[10:54:18]     [search #5] H204073-Harish Hostota Hebbar
H##########R@YAHOO.COM
[10:54:18]     [search #6] H204073-Harish Hostota Hebbar
H##########R@YAHOO.COM
[10:54:19]     [search #7] H204073-Harish Hostota Hebbar
H##########R@YAHOO.COM
[10:54:19]     [search #8] H204073-Harish Hostota Hebbar
H##########R@YAHOO.COM
[10:54:19]     [search #9] H204073-Harish Hostota Hebbar
H##########R@YAHOO.COM
[10:54:20]     [search #10] H204073-Harish Hostota Hebbar
H##########R@YAHOO.COM
[10:54:27]   [73/141] HARISH HEBBAR — not found, skipped
[10:54:36]     [search #1] A76108-Arun Kumar Nath
A#######H@REDIFFMAIL.COM
[10:54:40]   [74/141] ARUN KUMAR NATH  margin=13235.37  balance=13235.37
[10:54:52]     [search #1] V206305-V N K Satyasai Tata
S#########0@YAHOO.COM
[10:54:56]   [75/141] V N K SATYASAI TATA  margin=354.18  balance=354.18
[10:55:09]     [search #1] AAAG195194-Srinivasa Govinda
S#########2@GMAIL.COM
[10:55:12]   [76/141] Srinivasa Govinda  margin=114.23  balance=114.23
[10:55:21]     [search #1] A443840-Ahana Telakula Mahesh
A#########T@GMAIL.COM
[10:55:22]     [search #2] A817598-A K Amit
A############T@GMAIL.COM
[10:55:22]     [search #3] A158410-A Balamurugan
B#######E@GMAIL.COM
[10:55:27]   [77/141] A BALAMURUGAN  margin=19995.2  balance=19995.2
[10:55:36]     [search #1] J233605-Jagannathan Pravin Kumar
P##########0@GMAIL.COM
[10:55:36]     [search #2] K84791-Kaushal Kumar Verma
K########9@GMAIL.COM
[10:55:37]     [search #3] A1359400-Ajay Kumar Tenali
A###########S@GMAIL.COM
[10:55:37]     [search #4] A849914-A Anil Kumar
A################3@GMAIL.COM
[10:55:37]     [search #5] C30278-C V Sathish Kumar
S#########N@YAHOO.COM
[10:55:38]     [search #6] AAAQ657024-Gunturu Naga Maruthi Kumari
M##################U@GMAIL.COM
[10:55:38]     [search #7] C229846-Chenghat Satish Kumar
S##########6@GMAIL.COM
[10:55:38]     [search #8] I9918-Irukulapati Ranjith Kumar
R#############R@GMAIL.COM
[10:55:39]     [search #9] A76108-Arun Kumar Nath
A#######H@REDIFFMAIL.COM
[10:55:39]     [search #10] A85811-Ajesh Kumar T S
A#########R@GMAIL.COM
[10:55:47]   [78/141] SPHOORTI KUMAR — not found, skipped
[10:55:56]     [search #1] A76108-Arun Kumar Nath
A#######H@REDIFFMAIL.COM
[10:55:57]     [search #2] A137617-Arun Raghavan Lakshminarayanan
R##########N@GMAIL.COM
[10:56:01]   [79/141] ARUN RAGHAVAN  margin=34.75  balance=34.75
[10:56:13]     [search #1] V200609-Veena Rajappa
R###########A@GMAIL.COM
[10:56:16]   [80/141] VEENA RAJAPPA  margin=453738.39  balance=453738.39
[10:56:26]     [search #1] A151917-Arindam Roy Chowdhury
R##################M@GMAIL.COM
[10:56:31]   [81/141] ARINDAM ROY CHOWDHURY  margin=15686.05  balance=15686.05
[10:56:41]     [search #1] K36693-Krishnamurthy Ravindra
R####################1@GMAIL.COM
[10:56:41]     [search #2] K56225-Kailasam P K
K##########0@GMAIL.COM
[10:56:42]     [search #3] K36693-Krishnamurthy Ravindra
R####################1@GMAIL.COM
[10:56:42]     [search #4] K56225-Kailasam P K
K##########0@GMAIL.COM
[10:56:42]     [search #5] K36693-Krishnamurthy Ravindra
R####################1@GMAIL.COM
[10:56:43]     [search #6] K56225-Kailasam P K
K##########0@GMAIL.COM
[10:56:43]     [search #7] K36693-Krishnamurthy Ravindra
R####################1@GMAIL.COM
[10:56:43]     [search #8] K56225-Kailasam P K
K##########0@GMAIL.COM
[10:56:44]     [search #9] K36693-Krishnamurthy Ravindra
R####################1@GMAIL.COM
[10:56:44]     [search #10] K56225-Kailasam P K
K##########0@GMAIL.COM
[10:56:52]   [82/141] KAILASAM KRISHNAMURTHY — not found, skipped
[10:57:00]     [search #1] P63145-Prabhakar S Joshi
P############I@YAHOO.COM
[10:57:01]     [search #2] S233954-Sachin Joshi
S#####K@GMAIL.COM
[10:57:01]     [search #3] T58591025-Trupti Harsh Joshi
H#########2@GMAIL.COM
[10:57:01]     [search #4] D47116-Deepak Dinkar Joshi
A######J@GMAIL.COM
[10:57:02]     [search #5] N75117-Nitin Joshi
N##########5@GMAIL.COM
[10:57:06]   [83/141] NITIN JOSHI  margin=905.94  balance=905.94
[10:57:18]     [search #1] K658424-Kapil Agrawal
K##########1@GMAIL.COM
[10:57:21]   [84/141] KAPIL AGRAWAL  margin=593.42  balance=593.42
[10:57:30]     [search #1] B39253-B P Nachappa
N########P@YAHOO.COM
[10:57:36]   [85/141] B P NACHAPPA  margin=325.37  balance=325.37
[10:57:46]     [search #1] O1481-Oliver Sachin Quadras
O########I@GMAIL.COM
[10:57:50]   [86/141] OLIVER SACHIN QUADRAS  margin=466.16  balance=466.16
[10:58:01]     [search #1] G21630-Guruprasad
G######6@YAHOO.CO.IN
[10:58:04]   [87/141] GURUPRASAD  margin=1420.99  balance=1420.99
[10:58:13]     [search #1] H29679-Hariprasada K
K####T@YAHOO.COM
[10:58:18]   [88/141] HARIPRASADA K  margin=30721.01  balance=30721.01
[10:58:27]     [search #1] L61064371-Lakshmi S Bangalore
L##############5@GMAIL.COM
[10:58:31]   [89/141] Lakshmi S Bangalore  margin=0.0  balance=0.0
[10:58:43]     [search #1] A47832-Ajeet S Patil
A#########L@GMAIL.COM
[10:58:43]     [search #2] A137617-Arun Raghavan Lakshminarayanan
R##########N@GMAIL.COM
[10:58:44]     [search #3] A85811-Ajesh Kumar T S
A#########R@GMAIL.COM
[10:58:44]     [search #4] A59514355-Anju Ravichandran
A#####1@GMAIL.COM
[10:58:44]     [search #5] B27166-Bharathi S
B############0@GMAIL.COM
[10:58:45]     [search #6] A151917-Arindam Roy Chowdhury
R##################M@GMAIL.COM
[10:58:45]     [search #7] A47832-Ajeet S Patil
A#########L@GMAIL.COM
[10:58:45]     [search #8] A137617-Arun Raghavan Lakshminarayanan
R##########N@GMAIL.COM
[10:58:46]     [search #9] A85811-Ajesh Kumar T S
A#########R@GMAIL.COM
[10:58:46]     [search #10] A59514355-Anju Ravichandran
A#####1@GMAIL.COM
[10:58:51]   [90/141] Praveen S R — not found, skipped
[10:59:03]     [search #1] K57830-Kabita Sivakumar
S##################R@GMAIL.COM
[10:59:07]   [91/141] KABITA SIVAKUMAR  margin=532.76  balance=532.76
[10:59:18]     [search #1] K658424-Kapil Agrawal
K##########1@GMAIL.COM
[10:59:18]     [search #2] N28188-Nisha Agrawal
N##########3@GMAIL.COM
[10:59:19]     [search #3] N70467-Nidhi Agrawal
M######K@GMAIL.COM
[10:59:23]   [92/141] NIDHI AGRAWAL  margin=0.0  balance=0.0
[10:59:32]     [search #1] R78234-Rajkumar Chandrasekar
C######9@GMAIL.COM
[10:59:32]     [search #2] R976230-Rajkumar Srinivasan
R###############S@GMAIL.COM
[10:59:36]   [93/141] Rajkumar Srinivasan  margin=253.6  balance=253.6
[10:59:48]     [search #1] K276677-K Sanjay Varier
S###########R@GMAIL.COM
[10:59:48]     [search #2] K84791-Kaushal Kumar Verma
K########9@GMAIL.COM
[10:59:48]     [search #3] AAAN061011-Bhuvaneshwari Vishwanatha Rao
V########1@GMAIL.COM
[10:59:49]     [search #4] B39415-Bindumadhava Vijayendra
B#####V@GMAIL.COM
[10:59:49]     [search #5] D61897004-Deepak Vijayakumar Naragund
D#############D@REDIFFMAIL.COM
[10:59:49]     [search #6] K62332392-Kanumuri Venkata Thayaru
K########T@GMAIL.COM
[10:59:50]     [search #7] G14034-G Venkateswaran
G##N@ROCKETMAIL.COM
[10:59:50]     [search #8] A72151-Ashish Balkeshwar Varma
V##########H@YAHOO.COM
[10:59:50]     [search #9] C30278-C V Sathish Kumar
S#########N@YAHOO.COM
[10:59:51]     [search #10] D47743-Diyanesh Babu C V
D###########U@GMAIL.COM
[10:59:56]   [94/141] MADALASA V — not found, skipped
[11:00:08]     [search #1] AABX421057-Vishal Srinivasa
V###############A@GMAIL.COM
[11:00:12]   [95/141] vishal srinivasa  margin=212.65  balance=212.65
[11:00:22]     [search #1] C229846-Chenghat Satish Kumar
S##########6@GMAIL.COM
[11:00:23]     [search #2] A849914-A Anil Kumar
A################3@GMAIL.COM
[11:00:23]     [search #3] I9918-Irukulapati Ranjith Kumar
R#############R@GMAIL.COM
[11:00:23]     [search #4] A1359400-Ajay Kumar Tenali
A###########S@GMAIL.COM
[11:00:24]     [search #5] A76108-Arun Kumar Nath
A#######H@REDIFFMAIL.COM
[11:00:24]     [search #6] AAAQ657024-Gunturu Naga Maruthi Kumari
M##################U@GMAIL.COM
[11:00:24]     [search #7] C30278-C V Sathish Kumar
S#########N@YAHOO.COM
[11:00:25]     [search #8] A85811-Ajesh Kumar T S
A#########R@GMAIL.COM
[11:00:25]     [search #9] J160252-Joshua Sundarraj
J###############J@YAHOO.COM
[11:00:25]     [search #10] J233605-Jagannathan Pravin Kumar
P##########0@GMAIL.COM
[11:00:30]   [96/141] J PRAVIN KUMAR — not found, skipped
[11:00:40]     [search #1] B107256-Bharateshwar R Boke
B#########E@GMAIL.COM
[11:00:47]   [97/141] BHARATESHWAR R BOKE  margin=0.25  balance=0.25
[11:00:56]     [search #1] M56571-Meenakshi S
K##########1@GMAIL.COM
[11:00:57]     [search #2] M847474-Meenakshi Pathania
M###############A@GMAIL.COM
[11:01:01]   [98/141] MEENAKSHI PATHANIA  margin=0.0  balance=0.0
[11:01:12]     [search #1] A124917-Arjunan Murugan
A#######8@GMAIL.COM
[11:01:13]     [search #2] A158410-A Balamurugan
B#######E@GMAIL.COM
[11:01:13]     [search #3] AAAN962854-Aishwarya Murugan
M#########N@GMAIL.COM
[11:01:13]     [search #4] A124917-Arjunan Murugan
A#######8@GMAIL.COM
[11:01:14]     [search #5] A158410-A Balamurugan
B#######E@GMAIL.COM
[11:01:14]     [search #6] AAAN962854-Aishwarya Murugan
M#########N@GMAIL.COM
[11:01:14]     [search #7] A124917-Arjunan Murugan
A#######8@GMAIL.COM
[11:01:15]     [search #8] A158410-A Balamurugan
B#######E@GMAIL.COM
[11:01:15]     [search #9] AAAN962854-Aishwarya Murugan
M#########N@GMAIL.COM
[11:01:15]     [search #10] A124917-Arjunan Murugan
A#######8@GMAIL.COM
[11:01:20]   [99/141] MURUGAN ARJUNAN — not found, skipped
[11:01:30]     [search #1] S134978-Sandeep Miranda
S############A@GMAIL.COM
[11:01:35]   [100/141] SANDEEP MIRANDA  margin=142754.61  balance=142754.61
[11:01:44]     [search #1] AAAP898684-Srinivasan A
S############S@GMAIL.COM
[11:01:49]   [101/141] Srinivasan A  margin=21109.94  balance=21062.74
[11:02:01]     [search #1] S218267-Sumalatha Hallur
S###############A@GMAIL.COM
[11:02:05]   [102/141] SUMALATHA HALLUR  margin=0.0  balance=0.0
[11:02:17]     [search #1] S57797174-Shekhar Bhattacharjee
S#####2@GMAIL.COM
[11:02:21]   [103/141] Shekhar Bhattacharjee  margin=0.0  balance=0.0
[11:02:33]     [search #1] A659752-Amit Baliram Kanshide
K##########T@GMAIL.COM
[11:02:37]   [104/141] AMIT BALIRAM KANSHIDE  margin=92129.89  balance=77082.69
[11:02:46]     [search #1] V24847-Vijaya Kumar C R
V######R@EMMVEE.IN
[11:02:46]     [search #2] C24747-C Nageshwar
N######6@YAHOO.COM
[11:02:50]   [105/141] C NAGESHWAR  margin=542.18  balance=542.18
[11:02:59]     [search #1] G13464-Goutam Dan
D########M@GMAIL.COM
[11:03:03]   [106/141] GOUTAM DAN  margin=832.0  balance=832.0
[11:03:14]     [search #1] A72269-Anitha Balaji
R###############I@GMAIL.COM
[11:03:18]   [107/141] Anitha Balaji  margin=95.06  balance=95.06
[11:03:28]     [search #1] M41653-Manas Chakraborty
C###########M@YAHOO.COM
[11:03:32]   [108/141] MANAS CHAKRABORTY  margin=7385.94  balance=7385.94
[11:03:43]     [search #1] A114916-Anil Bhagwan Keskar
A########R@YAHOO.CO.IN
[11:03:43]     [search #2] A46998-Ankush Anil Keskar
A###########N@YAHOO.COM
[11:03:43]     [search #3] A849914-A Anil Kumar
A################3@GMAIL.COM
[11:03:44]     [search #4] K431319-Kandala Anil Sarma
I#############8@GMAIL.COM
[11:03:44]     [search #5] ZR1417N-Ankush Anil Keskar
A###########R@YAHOO.COM
[11:03:44]     [search #6] ZR1417R-Ankush Anil Keskar
A###########R@YAHOO.COM
[11:03:45]     [search #7] A114916-Anil Bhagwan Keskar
A########R@YAHOO.CO.IN
[11:03:45]     [search #8] A46998-Ankush Anil Keskar
A###########N@YAHOO.COM
[11:03:45]     [search #9] A849914-A Anil Kumar
A################3@GMAIL.COM
[11:03:46]     [search #10] K431319-Kandala Anil Sarma
I#############8@GMAIL.COM
[11:03:51]   [109/141] KANDALA ANIL SHARMA — not found, skipped
[11:04:03]     [search #1] A443840-Ahana Telakula Mahesh
A#########T@GMAIL.COM
[11:04:03]     [search #2] D183217-Deepa Mahesh
D##############1@YAHOO.COM
[11:04:04]     [search #3] M131431-Mahesh Shankar
S######3@GMAIL.COM
[11:04:04]     [search #4] M66076-Mahesh Salkar
M#####R@TKM.CO.IN
[11:04:04]     [search #5] S96983-Shankara G
S########G@YAHOO.CO.IN
[11:04:05]     [search #6] A443840-Ahana Telakula Mahesh
A#########T@GMAIL.COM
[11:04:05]     [search #7] D183217-Deepa Mahesh
D##############1@YAHOO.COM
[11:04:05]     [search #8] M131431-Mahesh Shankar
S######3@GMAIL.COM
[11:04:06]     [search #9] M66076-Mahesh Salkar
M#####R@TKM.CO.IN
[11:04:06]     [search #10] S96983-Shankara G
S########G@YAHOO.CO.IN
[11:04:11]   [110/141] MAHESH J SHANKAR — not found, skipped
[11:04:21]     [search #1] V77044-Veerabhadran A
V##########N@GMAIL.COM
[11:04:21]     [search #2] A158410-A Balamurugan
B#######E@GMAIL.COM
[11:04:21]     [search #3] A849914-A Anil Kumar
A################3@GMAIL.COM
[11:04:22]     [search #4] A1440119-Akansha Arun Pilley
A############Y@GMAIL.COM
[11:04:22]     [search #5] AAAP898684-Srinivasan A
S############S@GMAIL.COM
[11:04:22]     [search #6] AAAJ851300-A Jessie Selva Celina
J###########A@GMAIL.COM
[11:04:23]     [search #7] V77044-Veerabhadran A
V##########N@GMAIL.COM
[11:04:23]     [search #8] A158410-A Balamurugan
B#######E@GMAIL.COM
[11:04:23]     [search #9] A849914-A Anil Kumar
A################3@GMAIL.COM
[11:04:24]     [search #10] A1440119-Akansha Arun Pilley
A############Y@GMAIL.COM
[11:04:29]   [111/141] Akansha A Pilley — not found, skipped
[11:04:39]     [search #1] N107516-Niranjan Parthasarathy
N##########4@GMAIL.COM
[11:04:42]   [112/141] Niranjan Parthasarathy  margin=467.05  balance=443.45
[11:04:51]     [search #1] A79949-Angira Barman
N###################Y@GMAIL.COM
[11:04:55]   [113/141] ANGIRA BARMAN  margin=440.13  balance=440.13
[11:05:04]     [search #1] D47116-Deepak Dinkar Joshi
A######J@GMAIL.COM
[11:05:05]     [search #2] N75117-Nitin Joshi
N##########5@GMAIL.COM
[11:05:05]     [search #3] O1481-Oliver Sachin Quadras
O########I@GMAIL.COM
[11:05:05]     [search #4] P63145-Prabhakar S Joshi
P############I@YAHOO.COM
[11:05:06]     [search #5] S233954-Sachin Joshi
S#####K@GMAIL.COM
[11:05:09]   [114/141] SACHIN JOSHI  margin=108.16  balance=108.16
[11:05:19]     [search #1] S108341-Sudeep Santram Dalvi
S###########6@GMAIL.COM
[11:05:23]   [115/141] SUDEEP SANTRAM DALVI  margin=25517.88  balance=1350.47
[11:05:32]     [search #1] K411072-Kiran Uthappa M
K##########A@GMAIL.COM
[11:05:36]   [116/141] Kiran Uthappa M  margin=100296.96  balance=100296.96
[11:05:45]     [search #1] C31724-Catherine Joshua T
C########L@GMAIL.COM
[11:05:45]     [search #2] J160252-Joshua Sundarraj
J###############J@YAHOO.COM
[11:05:49]   [117/141] Joshua Sundarraj  margin=25003.44  balance=25003.44
[11:05:59]     [search #1] S1195075-Srividhya Muralidharan
S#################N@GMAIL.COM
[11:06:03]   [118/141] Srividhya Muralidharan  margin=341.6  balance=341.6
[11:06:13]     [search #1] S317219-Sourabh Manoj Bhattacharya
S##########H@GMAIL.COM
[11:06:17]   [119/141] Sourabh Manoj Bhattacharya  margin=8595.28  balance=1026.11
[11:06:27]     [search #1] V57376-Velkumar Bahulayan
V######1@GMAIL.COM
[11:06:31]   [120/141] VELKUMAR BAHULAYAN  margin=359.18  balance=359.18
[11:06:40]     [search #1] D47116-Deepak Dinkar Joshi
A######J@GMAIL.COM
[11:06:44]   [121/141] DEEPAK DINKAR JOSHI  margin=50074.23  balance=50074.23
[11:06:53]     [search #1] M56571-Meenakshi S
K##########1@GMAIL.COM
[11:06:57]   [122/141] Meenakshi S  margin=100344.6  balance=100344.6
[11:07:07]     [search #1] WWW21006-R. K. Anbarasu
A############Y@GMAIL.COM
[11:07:08]     [search #2] S108321-Srinivas Kuppuswamy
S#############7@GMAIL.COM
[11:07:08]     [search #3] S2025685-Savithri Anbarasu Hariharasudan
H##########1@GMAIL.COM
[11:07:08]     [search #4] WWW21006-R. K. Anbarasu
A############Y@GMAIL.COM
[11:07:09]     [search #5] S108321-Srinivas Kuppuswamy
S#############7@GMAIL.COM
[11:07:09]     [search #6] S2025685-Savithri Anbarasu Hariharasudan
H##########1@GMAIL.COM
[11:07:09]     [search #7] WWW21006-R. K. Anbarasu
A############Y@GMAIL.COM
[11:07:10]     [search #8] S108321-Srinivas Kuppuswamy
S#############7@GMAIL.COM
[11:07:10]     [search #9] S2025685-Savithri Anbarasu Hariharasudan
H##########1@GMAIL.COM
[11:07:10]     [search #10] WWW21006-R. K. Anbarasu
A############Y@GMAIL.COM
[11:07:15]   [123/141] RAMALINGAM KUPPUSWAMY ANBARASU — not found, skipped
[11:07:25]     [search #1] WWW21005-Rajesh R
R##############L@GMAIL.COM
[11:07:25]     [search #2] A60498860-Anitha Rajesh Kulkarni
A#############T@GMAIL.COM
[11:07:25]     [search #3] AAAI843243-Rajesha Sudhanshu Rao
S###########O@GMAIL.COM
[11:07:26]     [search #4] AAAJ217164-Rajesh Kulkarni
R######5@GMAIL.COM
[11:07:26]     [search #5] G21307-Gayathri Balaji
U########I@GMAIL.COM
[11:07:26]     [search #6] G338540-Gayathri Rajesh
G##############2@GMAIL.COM
[11:07:30]   [124/141] Gayathri Rajesh  margin=658.21  balance=658.21
[11:07:40]     [search #1] AABX637042-Krithika Suriyanarayanan
K############R@REDIFFMAIL.COM
[11:07:44]   [125/141] KRITHIKA SURIYANARAYANAN  margin=0.0  balance=0.0
[11:07:53]     [search #1] WWW21009-Dharmapalan P S
D###########S@GMAIL.COM
[11:07:57]   [126/141] DHARMAPALAN P S  margin=81551.15  balance=81551.15
[11:08:05]     [search #1] A659752-Amit Baliram Kanshide
K##########T@GMAIL.COM
[11:08:06]     [search #2] A817598-A K Amit
A############T@GMAIL.COM
[11:08:06]     [search #3] P392279-Preeti Amit Prabhushastri
P##################I@GMAIL.COM
[11:08:06]     [search #4] V593625-Vaishali Amit Kanshide
V###############E@GMAIL.COM
[11:08:07]     [search #5] A139884-Amit Bhatia
A###########N@YAHOO.COM
[11:08:07]     [search #6] A466720-Amit Sood
A############E@GMAIL.COM
[11:08:11]   [127/141] AMIT SOOD  margin=0.0  balance=0.0
[11:08:20]     [search #1] A817598-A K Amit
A############T@GMAIL.COM
[11:08:20]     [search #2] A162132-Aruna K P
A#########N@GMAIL.COM
[11:08:20]     [search #3] A659752-Amit Baliram Kanshide
K##########T@GMAIL.COM
[11:08:21]     [search #4] A79949-Angira Barman
N###################Y@GMAIL.COM
[11:08:21]     [search #5] A87666-Ashwin Ram Balakrishnan
B#########M@GMAIL.COM
[11:08:21]     [search #6] A114916-Anil Bhagwan Keskar
A########R@YAHOO.CO.IN
[11:08:22]     [search #7] A817598-A K Amit
A############T@GMAIL.COM
[11:08:22]     [search #8] A162132-Aruna K P
A#########N@GMAIL.COM
[11:08:22]     [search #9] A659752-Amit Baliram Kanshide
K##########T@GMAIL.COM
[11:08:23]     [search #10] A79949-Angira Barman
N###################Y@GMAIL.COM
[11:08:28]   [128/141] BALAKUMAR K B — not found, skipped
[11:08:37]     [search #1] M74479-Madhu Madhurakavi
M###############I@YAHOO.IN
[11:08:41]   [129/141] MADHU MADHURAKAVI  margin=0.0  balance=0.0
[11:08:51]     [search #1] K58831074-Krishna Latha Vaddadi
K#############5@GMAIL.COM
[11:08:55]   [130/141] KRISHNA LATHA VADDADI  margin=0.0  balance=0.0
[11:09:05]     [search #1] AAAQ657024-Gunturu Naga Maruthi Kumari
M##################U@GMAIL.COM
[11:09:09]   [131/141] GUNTURU NAGA MARUTHI KUMARI  margin=414.42  balance=414.42
[11:09:17]     [search #1] A114916-Anil Bhagwan Keskar
A########R@YAHOO.CO.IN
[11:09:18]     [search #2] ZR1417R-Ankush Anil Keskar
A###########R@YAHOO.COM
[11:09:18]     [search #3] A849914-A Anil Kumar
A################3@GMAIL.COM
[11:09:22]   [132/141] ANIL KUMAR  margin=433.89  balance=433.89
[11:09:31]     [search #1] S126842-Syama Sundar Pingali
S######S@YAHOO.COM
[11:09:35]   [133/141] SYAMA SUNDAR PINGALI  margin=407.42  balance=407.42
[11:09:45]     [search #1] WWW21011-Suresh Narayan Srinivasan
S############S@OUTLOOK.COM
[11:09:49]   [134/141] SURESH NARAYAN SRINIVASAN  margin=156.35  balance=156.35
[11:09:58]     [search #1] S106607-S Manjunath
Y###########H@YAHOO.COM
[11:10:02]   [135/141] S MANJUNATH  margin=472.68  balance=472.68
[11:10:11]     [search #1] A1437113-Aditya Subhashchandra Chandok
A############K@GMAIL.COM
[11:10:11]     [search #2] G25402-Gnanavadivel S
G############I@GMAIL.COM
[11:10:12]     [search #3] G27468-Geetha S
G##########N@GMAIL.COM
[11:10:12]     [search #4] B27166-Bharathi S
B############0@GMAIL.COM
[11:10:12]     [search #5] C31282-C S Narayanan
N##################R@REDIFFMAIL.COM
[11:10:13]     [search #6] G20333-Gopinatha Rao S K
S########3@GMAIL.COM
[11:10:13]     [search #7] WWW21009-Dharmapalan P S
D###########S@GMAIL.COM
[11:10:13]     [search #8] A47832-Ajeet S Patil
A#########L@GMAIL.COM
[11:10:14]     [search #9] D26344-Deepa S
D##############N@GMAIL.COM
[11:10:14]     [search #10] A85811-Ajesh Kumar T S
A#########R@GMAIL.COM
[11:10:19]   [136/141] ADITYA S CHANDOK — not found, skipped
[11:10:29]     [search #1] AAAJ984428-Sai Prashanth Ramanathan
R#####U@YAHOO.COM
[11:10:33]   [137/141] Sai Prashanth Ramanathan  margin=136.91  balance=136.91
[11:10:43]     [search #1] M216298-Mani Meena Ramachandran
S#######L@GMAIL.COM
[11:10:43]     [search #2] R273440-Ramachandran Balakrishnan
B########1@REDIFFMAIL.COM
[11:10:44]     [search #3] R41151-Ramchandran Swaminathan
S########A@GMAIL.COM
[11:10:44]     [search #4] R659746-Ramachandran Srinivasan
S######################1@GMAIL.COM
[11:10:44]     [search #5] M216298-Mani Meena Ramachandran
S#######L@GMAIL.COM
[11:10:45]     [search #6] R273440-Ramachandran Balakrishnan
B########1@REDIFFMAIL.COM
[11:10:45]     [search #7] R41151-Ramchandran Swaminathan
S########A@GMAIL.COM
[11:10:45]     [search #8] R659746-Ramachandran Srinivasan
S######################1@GMAIL.COM
[11:10:46]     [search #9] M216298-Mani Meena Ramachandran
S#######L@GMAIL.COM
[11:10:46]     [search #10] R273440-Ramachandran Balakrishnan
B########1@REDIFFMAIL.COM
[11:10:51]   [138/141] Ramachandran Swaminathan — not found, skipped
[11:11:00]     [search #1] A59514355-Anju Ravichandran
A#####1@GMAIL.COM
[11:11:04]   [139/141] Anju Ravichandran  margin=75339.85  balance=75339.85
[11:11:14]     [search #1] C31724-Catherine Joshua T
C########L@GMAIL.COM
[11:11:15]     [search #2] J160252-Joshua Sundarraj
J###############J@YAHOO.COM
[11:11:15]     [search #3] C31724-Catherine Joshua T
C########L@GMAIL.COM
[11:11:15]     [search #4] J160252-Joshua Sundarraj
J###############J@YAHOO.COM
[11:11:16]     [search #5] C31724-Catherine Joshua T
C########L@GMAIL.COM
[11:11:16]     [search #6] J160252-Joshua Sundarraj
J###############J@YAHOO.COM
[11:11:16]     [search #7] C31724-Catherine Joshua T
C########L@GMAIL.COM
[11:11:17]     [search #8] J160252-Joshua Sundarraj
J###############J@YAHOO.COM
[11:11:17]     [search #9] C31724-Catherine Joshua T
C########L@GMAIL.COM
[11:11:17]     [search #10] J160252-Joshua Sundarraj
J###############J@YAHOO.COM
[11:11:22]   [140/141] CATHERINE JOSHUA THUNDYIL — not found, skipped
[11:11:32]     [search #1] N78150-Narayana Rao Malla
N############A@GMAIL.COM
[11:11:36]   [141/141] NARAYANA RAO MALLA  margin=341.61  balance=341.61
[11:11:41] 
[gcs] ✓ gs://winrich_shared/data/AngleNxt/angelone_equity_margins.csv
[11:11:45] [email] ✓ Email sent to venkatrag@hotmail.com
[11:11:45] 
✓ All done!  65/141 captured.
