[09:42:20] Loaded 141 entries from Winrich_Angel_mapping.csv (cols: 'angel name', 'angel code')
[09:42:20]   Sample: 'a anil kumar' → 'A849914'
[09:42:20] Loaded 141 customers from Customerlist_12.csv
[09:42:20] Starting in 15s — uncheck any phases already complete.
[09:42:35] Grace period over — starting run.
[09:42:40] 
Launching Edge from: C:\Program Files (x86)\Microsoft\Edge\Application\msedge.exe
[09:42:40] Edge PID: 21372
[09:42:59] Opening landing page: https://app.unificap.com/wealthspectrum/portal/bo-queries/Clientwise_Daily_AUM
[09:43:12] 
► [Unify] Trying AUM page directly…
[09:43:14]   [Unify] Landed on: https://app.unificap.com/wealthspectrum/portal/sign-in
[09:43:14]   [Unify] Session expired — logging in…
[09:43:18]   [Unify] Entering credentials for WAWYA…
[09:43:18]   [Unify] Submitted login form.
[09:43:20]   [Unify] OTP prompt detected — fetching from email…
[09:43:20]   [Unify OTP] Waiting for OTP email in knsridharan@wawya.in from pmsops@unificap.com…
[09:43:30]   [Unify OTP] Checking inbox (attempt 1, 10s elapsed)…
[09:43:31]   [Unify OTP] Found 1 email(s) from pmsops@unificap.com.
[09:43:31]   [Unify OTP] Email: received=2026-04-07T04:13:23Z  preview='Dear WAWYA INVESTMENT SERVICES PVT LTD,\r\n\r\n\r\nOnetime passcod'
[09:43:31]   [Unify OTP] received_ts=1775535203  cutoff=1775535168
[09:43:31]   [Unify OTP] ✓ OTP: 309673
[09:43:31]   [Unify] OTP submitted.
[09:43:33]   [Unify] Logged in — landed on: https://app.unificap.com/wealthspectrum/portal/login-otp
[09:43:33] 
  [Unify] Navigating to Clientwise Daily AUM via keyboard…
[09:43:34]   [Unify] Tab #5: found 'Queries' → Enter
[09:43:35]   [Unify] Tabbing 6 times to hamburger button…
[09:43:37]   [Unify] Query list opened.
[09:43:38]   [Unify] Tab #5: found 'Clientwise Daily AUM' → Enter
[09:43:40]   [Unify] Dismissed query panel — form should be visible.
[09:43:41]   [Unify] Tab #5: on date input
[09:43:42]   [Unify] From Date → 06/04/2026
[09:43:42]   [Unify] Tab #0: on date input
[09:43:43]   [Unify] To Date   → 06/04/2026
[09:43:43]   [Unify] Tabbing to format selector…
[09:43:44]   [Unify] CSV format selected.
[09:43:45]   [Unify] Tab #1: on Execute button
[09:43:45]   [Unify] Pressing Execute…
[09:43:45]   [Unify] Execute pressed — waiting for results to load…
[09:43:47]   [Unify] Waiting for results and download button…
[09:44:05]   [Unify] Results ready — tabbing to download button…
[09:44:06]   [Unify] Tab #3: found 'sim_card_download' → Enter
[09:44:06]   [Unify] Download triggered — saving file…
[09:44:06]   [Unify] ✓ Downloaded: I481_Daily_AUM.csv
[09:44:07]   [Unify] ✓ Uploaded to GCS: gs://winrich/Datawarehouse/Unify/2026/04/07/WAWYA_Daily_AUM - 06.csv
[09:44:07]   [Unify] Local file removed: I481_Daily_AUM.csv
[09:44:08] 
► [ASK] Trying AUM page directly…
[09:44:11]   [ASK] Landed on: https://askpms.in/wealthspectrum/portal/
[09:44:11]   [ASK] Session active — skipping login.
[09:44:11] 
  [ASK] Navigating to Clientwise Daily AUM via keyboard…
[09:44:22]   [ASK] Could not reach 'Queries' in 60 tabs.
[09:44:22]   [ASK] Aborting — could not reach Queries.
[09:44:23] 
► [Vested] Navigating to login page…
[09:44:27]   [Vested] Landed on: https://metabase-partners.vestedfinance.com/auth/login/password
[09:44:27]   [Vested] Logging in as Winrich.analytics@vestedfinance.co…
[09:44:27]   [Vested] Credentials submitted.
[09:44:27]   [Vested] Logged in — Page: https://metabase-partners.vestedfinance.com/
[09:44:27]   [Vested] Navigating to Funded Users report…
[09:44:35]   [Vested] Page: https://metabase-partners.vestedfinance.com/question/364-funded-users?Time_Limit=12&Time_Frame=Month
[09:44:35]   [Vested] Looking for download button…
[09:44:36]   [Vested] Download menu opened.
[09:44:36]   [Vested] Selected .csv format.
[09:44:37]   [Vested] ✓ Downloaded: funded_users_2026-04-07T04_14_37.231667691Z.csv
[09:44:38]   [Vested] ✓ Uploaded to GCS: gs://winrich/Datawarehouse/Vested/2026/04/07/funded_users_2026-04-07.csv
[09:44:38]   [Vested] Local file removed: funded_users_2026-04-07T04_14_37.231667691Z.csv
[09:44:38] 
► [IPRU Email] Searching for latest email from IPRUAUTOMAILER@icicipruamc.com…
[09:44:39]   [IPRU Email] Using email: 2026-04-07  WS Distributor Daily AUM Report 07-Apr-2026
[09:44:40]   [IPRU Email] Downloading: WAWYA IN_083242.zip (7.7 KB)…
[09:44:40]   [IPRU Email] ✓ Downloaded: WAWYA IN_083242.zip
[09:44:40]   [IPRU Email] Extracting ZIP…
[09:44:40]   [IPRU Email] Extracted: WAWYA IN_083242.xls
[09:44:40]   [IPRU Email] ✓ Converted to CSV: ICICIPMS 7.csv (129 rows)
[09:44:41]   [IPRU Email] ✓ Uploaded to GCS: gs://winrich/Datawarehouse/ICICI-PMS/2026/04/07/ICICIPMS 7.csv
[09:44:41]   [IPRU Email] Local file removed: WAWYA IN_083242.zip
[09:44:41]   [IPRU Email] Local file removed: WAWYA IN_083242.xls
[09:44:41]   [IPRU Email] Local file removed: ICICIPMS 7.csv
[09:44:41] 
► [Angel One NXT] Checking dashboard…
[09:44:48]   [AO Login] Already logged in — dashboard returned 200.
[09:45:18] 
► Extracting customer balances…
[09:45:22]   [mapping] 'keshav shrinivas malagi' → best match 'keshav shrinivas malagi' ratio=1.00 code=K273641
[09:45:22]   [1/141] KESHAV SHRINIVAS MALAGI — mapped to Angel code K273641
[09:45:26]     [search #1] K273641-Keshav Shrinivas Malagi
K######I@GMAIL.COM
[09:45:30]   [1/141] KESHAV SHRINIVAS MALAGI  margin=411.36  balance=411.36
[09:45:34]   [mapping] 'chaity banerjee' → best match 'chaity banerjee' ratio=1.00 code=AAAQ058874
[09:45:34]   [2/141] chaity banerjee — mapped to Angel code AAAQ058874
[09:45:38]     [search #1] AAAQ058874-Chaity Banerjee
C############E@GMAIL.COM
[09:45:43]   [2/141] chaity banerjee  margin=0.0  balance=0.0
[09:45:47]   [mapping] 'shrinivas hanumanthappa sureban' → best match 'shrinivas hanamanthappa sureban' ratio=0.97 code=S133551
[09:45:47]   [3/141] SHRINIVAS HANUMANTHAPPA SUREBAN — mapped to Angel code S133551
[09:45:51]     [search #1] S133551-Shrinivas Hanamanthappa Sureban
S#####N@YAHOO.COM
[09:45:55]   [3/141] SHRINIVAS HANUMANTHAPPA SUREBAN  margin=510.26  balance=510.26
[09:45:59]   [mapping] 'krishnaprasad' → best match 'krishnaprasad' ratio=1.00 code=K683207
[09:45:59]   [4/141] KRISHNAPRASAD — mapped to Angel code K683207
[09:46:03]     [search #1] K683207-Krishna Prasad Canchi Purushothama
K###########I@GMAIL.COM
[09:46:07]   [4/141] KRISHNAPRASAD  margin=298.01  balance=298.01
[09:46:11]   [mapping] 'rajeev narayana iyer' → best match 'rajeev narayana iyer' ratio=1.00 code=R1121821
[09:46:11]   [5/141] RAJEEV NARAYANA IYER — mapped to Angel code R1121821
[09:46:15]     [search #1] R1121821-Rajeev Narayana Iyer
R###########R@GMAIL.COM
[09:46:19]   [5/141] RAJEEV NARAYANA IYER  margin=35426.89  balance=35426.89
[09:46:23]   [mapping] 'baskar pranatharthi' → best match 'baskar pranatharthi' ratio=1.00 code=B38265
[09:46:23]   [6/141] BASKAR PRANATHARTHI — mapped to Angel code B38265
[09:46:27]     [search #1] B38265-Baskar Pranatharthi
B#########N@YAHOO.COM
[09:46:31]   [6/141] BASKAR PRANATHARTHI  margin=54933.51  balance=54933.51
[09:46:36]   [mapping] 'anshul satish chaturvedi' → best match 'anshul satish chaturvedi' ratio=1.00 code=A87827
[09:46:36]   [7/141] ANSHUL SATISH CHATURVEDI — mapped to Angel code A87827
[09:46:39]     [search #1] A87827-Anshul Satish Chaturvedi
C######L@GMAIL.COM
[09:46:43]   [7/141] ANSHUL SATISH CHATURVEDI  margin=0.8  balance=0.8
[09:46:48]   [mapping] 'ravinder peddi' → best match 'ravinder peddi' ratio=1.00 code=R139316
[09:46:48]   [8/141] RAVINDER PEDDI — mapped to Angel code R139316
[09:46:52]     [search #1] R139316-Ravinder Peddi
R############I@GMAIL.COM
[09:46:56]   [8/141] RAVINDER PEDDI  margin=86174.03  balance=1409.9
[09:47:00]   [mapping] 'sudhansu ranjan acharya' → best match 'sudhansu ranjan acharya' ratio=1.00 code=S199359
[09:47:00]   [9/141] SUDHANSU RANJAN ACHARYA — mapped to Angel code S199359
[09:47:04]     [search #1] S199359-Sudhansu Ranjan Acharya
S#######A@GMAIL.COM
[09:47:08]   [9/141] SUDHANSU RANJAN ACHARYA  margin=304.39  balance=304.39
[09:47:12]   [mapping] 'upendra n puranik' → best match 'upendra n puranik' ratio=1.00 code=U21194
[09:47:12]   [10/141] UPENDRA N PURANIK — mapped to Angel code U21194
[09:47:16]     [search #1] U21194-Upendra N Puranik
P#######N@GMAIL.COM
[09:47:19]   [10/141] UPENDRA N PURANIK  margin=999.64  balance=999.64
[09:47:24]   [mapping] 'seema d nayak' → best match 'seema deepak nayak' ratio=0.84 code=S118648
[09:47:24]   [11/141] Seema D Nayak — mapped to Angel code S118648
[09:47:28]     [search #1] S118648-Seema Deepak Nayak
S#########K@GMAIL.COM
[09:47:31]   [11/141] Seema D Nayak  margin=1026.03  balance=1026.03
[09:47:38]   [mapping] 'prasad hsmd' → best match 'prasad h s m d' ratio=0.88 code=P75774
[09:47:38]   [12/141] PRASAD HSMD — mapped to Angel code P75774
[09:47:41]     [search #1] P75774-Prasad H S M D
H########D@GMAIL.COM
[09:47:45]   [12/141] PRASAD HSMD  margin=480.93  balance=480.93
[09:47:52]   [mapping] 'r balakrishnan' → best match 'r balakrishnan' ratio=1.00 code=P69684
[09:47:52]   [13/141] R BALAKRISHNAN — mapped to Angel code P69684
[09:47:55]     [search #1] P69684-P R Balakrishnan
B#########M@GMAIL.COM
[09:47:59]   [13/141] R BALAKRISHNAN  margin=-191.02  balance=-191.02
[09:48:05]   [mapping] 'rajashree parameswaran' → best match 'rajashree parameswaran' ratio=1.00 code=R65529
[09:48:05]   [14/141] RAJASHREE PARAMESWARAN — mapped to Angel code R65529
[09:48:09]     [search #1] R65529-Rajashree Parameswaran
R#############M@GMAIL.COM
[09:48:12]   [14/141] RAJASHREE PARAMESWARAN  margin=944.27  balance=944.27
[09:48:17]   [mapping] 'ratish p kaimal' → best match 'ratish p kaimal' ratio=1.00 code=R292688
[09:48:17]   [15/141] RATISH P KAIMAL — mapped to Angel code R292688
[09:48:21]     [search #1] R292688-Ratish Parameswara Kaimal
R##########L@GMAIL.COM
[09:48:25]   [15/141] RATISH P KAIMAL  margin=30080.47  balance=30174.87
[09:48:29]   [mapping] 'shankara g' → best match 'shankara g' ratio=1.00 code=S96983
[09:48:29]   [16/141] Shankara G — mapped to Angel code S96983
[09:48:33]     [search #1] S96983-Shankara G
S########G@YAHOO.CO.IN
[09:48:37]   [16/141] Shankara G  margin=94.54  balance=94.54
[09:48:41]   [mapping] 'krishnamurthy ravindra' → best match 'krishnamurthy ravindra' ratio=1.00 code=K36693
[09:48:41]   [17/141] KRISHNAMURTHY RAVINDRA — mapped to Angel code K36693
[09:48:45]     [search #1] K36693-Krishnamurthy Ravindra
R####################1@GMAIL.COM
[09:48:48]   [17/141] KRISHNAMURTHY RAVINDRA  margin=503362.92  balance=503362.92
[09:48:53]   [mapping] 'rangaswamy iyyer parthasarathy' → best match 'rangaswamy iyyer parthasarathy' ratio=1.00 code=R41282
[09:48:53]   [18/141] RANGASWAMY IYYER PARTHASARATHY — mapped to Angel code R41282
[09:48:57]     [search #1] R41282-Rangaswamy Iyyer Parthasarathy
P#########1@YAHOO.CO.IN
[09:49:00]   [18/141] RANGASWAMY IYYER PARTHASARATHY  margin=10153.48  balance=10153.48
[09:49:06]   [mapping] 'prabhakar s joshi' → best match 'prabhakar s joshi' ratio=1.00 code=P63145
[09:49:06]   [19/141] Prabhakar S Joshi — mapped to Angel code P63145
[09:49:10]     [search #1] P63145-Prabhakar S Joshi
P############I@YAHOO.COM
[09:49:13]   [19/141] Prabhakar S Joshi  margin=584.94  balance=584.94
[09:49:18]   [mapping] 'rinu mammen thomas' → best match 'rinu mammen thomas' ratio=1.00 code=R78923
[09:49:18]   [20/141] RINU MAMMEN THOMAS — mapped to Angel code R78923
[09:49:21]     [search #1] R78923-Rinu Mammen Thomas
R####T@GMAIL.COM
[09:49:25]   [20/141] RINU MAMMEN THOMAS  margin=696.14  balance=696.14
[09:49:30]   [mapping] 'subhash chandra kanumuri' → best match 'subhash chandra kanumuri' ratio=1.00 code=S827224
[09:49:30]   [21/141] SUBHASH CHANDRA KANUMURI — mapped to Angel code S827224
[09:49:34]     [search #1] S827224-Subhash Chandra Kanumuri
S#############I@GMAIL.COM
[09:49:38]   [21/141] SUBHASH CHANDRA KANUMURI  margin=20317.35  balance=20317.35
[09:49:43]   [mapping] 'preeti sinha tyagi' → best match 'preeti sinha tyagi' ratio=1.00 code=P61477
[09:49:43]   [22/141] PREETI SINHA TYAGI — mapped to Angel code P61477
[09:49:46]     [search #1] P61477-Preeti Sinha Tyagi
P#####0@GMAIL.COM
[09:49:50]   [22/141] PREETI SINHA TYAGI  margin=93743.61  balance=31040.49
[09:49:55]   [mapping] 'balaji lakshman' → best match 'balaji lakshman' ratio=1.00 code=B489665
[09:49:55]   [23/141] Balaji Lakshman — mapped to Angel code B489665
[09:49:58]     [search #1] B489665-Balaji Lakshman
B#######L@GMAIL.COM
[09:50:02]   [23/141] Balaji Lakshman  margin=0.0  balance=0.0
[09:50:08]   [mapping] 'shreyas ranganath' → best match 'shreyas ranganath' ratio=1.00 code=S165622
[09:50:08]   [24/141] SHREYAS RANGANATH — mapped to Angel code S165622
[09:50:11]     [search #1] S165622-Shreyas Ranganath
E#####E@GMAIL.COM
[09:50:15]   [24/141] SHREYAS RANGANATH  margin=140086.11  balance=140086.11
[09:50:21]   [mapping] 'sundar krishnan' → best match 'sundar krishnan' ratio=1.00 code=WWW21001
[09:50:21]   [25/141] SUNDAR KRISHNAN — mapped to Angel code WWW21001
[09:50:24]     [search #1] WWW21001-Sundar Krishnan
S#######R@YAHOO.COM
[09:50:28]   [25/141] SUNDAR KRISHNAN  margin=0.52  balance=0.52
[09:50:33]   [mapping] 'rajesh r' → best match 'rajesh r' ratio=1.00 code=WWW21005
[09:50:33]   [26/141] RAJESH R — mapped to Angel code WWW21005
[09:50:37]     [search #1] WWW21005-Rajesh R
R##############L@GMAIL.COM
[09:50:41]   [26/141] RAJESH R  margin=70803.22  balance=70803.22
[09:50:46]   [mapping] 'deepa mahesh' → best match 'deepa mahesh' ratio=1.00 code=D183217
[09:50:46]   [27/141] DEEPA MAHESH — mapped to Angel code D183217
[09:50:49]     [search #1] D183217-Deepa Mahesh
D##############1@YAHOO.COM
[09:50:53]   [27/141] DEEPA MAHESH  margin=339975.15  balance=339975.15
[09:50:58]   [mapping] 'sheetal jyotirao patil' → best match 'sheetal jyotirao patil' ratio=1.00 code=S180892
[09:50:58]   [28/141] SHEETAL JYOTIRAO PATIL — mapped to Angel code S180892
[09:51:02]     [search #1] S180892-Sheetal Jyotirao Patil
S##############E@GMAIL.COM
[09:51:05]   [28/141] SHEETAL JYOTIRAO PATIL  margin=-6.98  balance=-6.98
[09:51:11]   [mapping] 'jitendriya s athavale' → best match 'jitendriya s athavale' ratio=1.00 code=J57332
[09:51:11]   [29/141] JITENDRIYA S ATHAVALE — mapped to Angel code J57332
[09:51:14]     [search #1] J57332-Jitendriya S Athavale
J#####T@GMAIL.COM
[09:51:18]   [29/141] JITENDRIYA S ATHAVALE  margin=0.64  balance=0.64
[09:51:23]   [mapping] 'mayank' → best match 'mayank' ratio=1.00 code=AAAD856596
[09:51:23]   [30/141] Mayank — mapped to Angel code AAAD856596
[09:51:27]     [search #1] AAAD856596-Mayank
A######3@GMAIL.COM
[09:51:31]   [30/141] Mayank  margin=162.11  balance=162.11
[09:51:36]   [mapping] 'ashok shanmugam' → best match 'ashok shanmugam' ratio=1.00 code=A1280699
[09:51:36]   [31/141] Ashok Shanmugam — mapped to Angel code A1280699
[09:51:40]     [search #1] A1280699-Ashok Shanmugam
A##############5@GMAIL.COM
[09:51:44]   [31/141] Ashok Shanmugam  margin=422.15  balance=422.15
[09:51:49]   [mapping] 'veena b m' → best match 'veena b m' ratio=1.00 code=V255447
[09:51:49]   [32/141] VEENA B M — mapped to Angel code V255447
[09:51:52]     [search #1] V255447-Veena B M
V#######9@GMAIL.COM
[09:51:56]   [32/141] VEENA B M  margin=100363.71  balance=100363.71
[09:52:01]   [mapping] 'bhuvaneshwari vishwanatha rao' → best match 'bhuvaneshwari vishwanatha rao' ratio=1.00 code=AAAN061011
[09:52:01]   [33/141] Bhuvaneshwari Vishwanatha Rao — mapped to Angel code AAAN061011
[09:52:05]     [search #1] AAAN061011-Bhuvaneshwari Vishwanatha Rao
V########1@GMAIL.COM
[09:52:09]   [33/141] Bhuvaneshwari Vishwanatha Rao  margin=0.0  balance=0.0
[09:52:14]   [mapping] 'jeevan mithra' → best match 'jeevan mithra' ratio=1.00 code=J58374
[09:52:14]   [34/141] JEEVAN MITHRA — mapped to Angel code J58374
[09:52:18]     [search #1] J58374-Jeevan Mithra
A############A@GMAIL.COM
[09:52:22]   [34/141] JEEVAN MITHRA  margin=1000.31  balance=1000.31
[09:52:28]   [mapping] 'nilanjan roychowdhury' → best match 'nilanjan roy chowdhury' ratio=0.98 code=N339061
[09:52:28]   [35/141] NILANJAN ROYCHOWDHURY — mapped to Angel code N339061
[09:52:31]     [search #1] N339061-Nilanjan Roy Chowdhury
A###########N@GMAIL.COM
[09:52:35]   [35/141] NILANJAN ROYCHOWDHURY  margin=0.0  balance=0.0
[09:52:41]   [mapping] 'vikash agarwal' → best match 'vikash agarwal' ratio=1.00 code=V202354
[09:52:41]   [36/141] VIKASH AGARWAL — mapped to Angel code V202354
[09:52:44]     [search #1] V202354-Vikash Agarwal
M############N@GMAIL.COM
[09:52:48]   [36/141] VIKASH AGARWAL  margin=876.04  balance=876.04
[09:52:53]   [mapping] 'rajesh kulkarni' → best match 'rajesh kulkarni' ratio=1.00 code=AAAJ217164
[09:52:53]   [37/141] Rajesh Kulkarni — mapped to Angel code AAAJ217164
[09:52:57]     [search #1] AAAJ217164-Rajesh Kulkarni
R######5@GMAIL.COM
[09:53:01]   [37/141] Rajesh Kulkarni  margin=0.0  balance=0.0
[09:53:06]   [mapping] 'meher v s s pingali' → best match 'meher v ss pingali' ratio=0.97 code=M80322
[09:53:06]   [38/141] MEHER V S S PINGALI — mapped to Angel code M80322
[09:53:09]     [search #1] M80322-Meher V Ss Pingali
M########S@IN.BOSCH.COM
[09:53:13]   [38/141] MEHER V S S PINGALI  margin=-16.64  balance=-16.64
[09:53:18]   [mapping] 'madhavi darbha' → best match 'madhavi darbha' ratio=1.00 code=M72336
[09:53:18]   [39/141] MADHAVI DARBHA — mapped to Angel code M72336
[09:53:22]     [search #1] M72336-Madhavi Darbha
M##########H@YAHOO.COM
[09:53:26]   [39/141] MADHAVI DARBHA  margin=200045.34  balance=200045.34
[09:53:31]   [mapping] 'sudeepta chakraborty' → best match 'sudeepta chakraborty' ratio=1.00 code=S245402
[09:53:31]   [40/141] Sudeepta Chakraborty — mapped to Angel code S245402
[09:53:34]     [search #1] S245402-Sudeepta Chakraborty
S##########1@GMAIL.COM
[09:53:38]   [40/141] Sudeepta Chakraborty  margin=35500.6  balance=35500.6
[09:53:45]   [mapping] 'girish p kaimal' → best match 'girish p kaimal' ratio=1.00 code=G45043
[09:53:45]   [41/141] GIRISH P KAIMAL — mapped to Angel code G45043
[09:53:48]     [search #1] G45043-Girish P Kaimal
G##########L@GMAIL.COM
[09:53:52]   [41/141] GIRISH P KAIMAL  margin=-86.75  balance=-86.75
[09:53:58]   [mapping] 'alka saxena' → best match 'alka saxena' ratio=1.00 code=A75047
[09:53:58]   [42/141] ALKA SAXENA — mapped to Angel code A75047
[09:54:02]     [search #1] A75047-Alka Saxena
A#########A@YAHOO.COM
[09:54:05]   [42/141] ALKA SAXENA  margin=80676.35  balance=80676.35
[09:54:10]   [mapping] 'giridhar d s' → best match 'giridhar d s' ratio=1.00 code=S2037828
[09:54:10]   [43/141] Giridhar D S — mapped to Angel code S2037828
[09:54:14]     [search #1] S2037828-Srinivasa Dyamenahally Giridhar
G##########9@GMAIL.COM
[09:54:18]   [43/141] Giridhar D S  margin=38032.26  balance=38103.06
[09:54:24]   [mapping] 'venkateswaran govindarajan' → best match 'venkateswaran govindarajan' ratio=1.00 code=G14034
[09:54:24]   [44/141] VENKATESWARAN GOVINDARAJAN — mapped to Angel code G14034
[09:54:28]     [search #1] G14034-G Venkateswaran
G##N@ROCKETMAIL.COM
[09:54:32]   [44/141] VENKATESWARAN GOVINDARAJAN  margin=1775.7  balance=1394.72
[09:54:38]   [mapping] 'nisha agrawal' → best match 'nisha agrawal' ratio=1.00 code=N28188
[09:54:38]   [45/141] Nisha Agrawal — mapped to Angel code N28188
[09:54:41]     [search #1] N28188-Nisha Agrawal
N##########3@GMAIL.COM
[09:54:45]   [45/141] Nisha Agrawal  margin=516.14  balance=516.14
[09:54:52]   [mapping] 'rajasimha karanam' → best match 'rajasimha karanam' ratio=1.00 code=R136412
[09:54:52]   [46/141] RAJASIMHA KARANAM — mapped to Angel code R136412
[09:54:56]     [search #1] R136412-Rajasimha Karanam
R###############M@GMAIL.COM
[09:54:59]   [46/141] RAJASIMHA KARANAM  margin=147.43  balance=147.43
[09:55:05]   [mapping] 'sanjay mannera belliappa' → best match 'sanjay mannera belliappa' ratio=1.00 code=WWW21004
[09:55:05]   [47/141] SANJAY MANNERA BELLIAPPA — mapped to Angel code WWW21004
[09:55:09]     [search #1] WWW21004-Sanjay Mannera Belliappa
S##########6@GMAIL.COM
[09:55:13]   [47/141] SANJAY MANNERA BELLIAPPA  margin=16219.83  balance=16219.83
[09:55:18]   [mapping] 'jayanthi b' → best match 'jayanthi b' ratio=1.00 code=J38781
[09:55:18]   [48/141] Jayanthi B — mapped to Angel code J38781
[09:55:21]     [search #1] J38781-Jayanthi B
J#########N@GMAIL.COM
[09:55:25]   [48/141] Jayanthi B  margin=2411.42  balance=2411.42
[09:55:30]   [mapping] 'preeti amit prabhushastri' → best match 'preeti amit prabhushastri' ratio=1.00 code=P392279
[09:55:30]   [49/141] PREETI AMIT PRABHUSHASTRI — mapped to Angel code P392279
[09:55:34]     [search #1] P392279-Preeti Amit Prabhushastri
P##################I@GMAIL.COM
[09:55:37]   [49/141] PREETI AMIT PRABHUSHASTRI  margin=732.06  balance=732.06
[09:55:44]   [mapping] 'deepa s' → best match 'deepa s' ratio=1.00 code=D26344
[09:55:44]   [50/141] DEEPA S — mapped to Angel code D26344
[09:55:47]     [search #1] D26344-Deepa S
D##############N@GMAIL.COM
[09:55:51]   [50/141] DEEPA S  margin=0.0  balance=0.0
[09:55:57]   [mapping] 'sadayandi saraswathi saravanapandian' → best match 'sadayandi saraswathi saravanapandian' ratio=1.00 code=S188177
[09:55:57]   [51/141] SADAYANDI SARASWATHI SARAVANAPANDIAN — mapped to Angel code S188177
[09:56:01]     [search #1] S188177-Sadayandi Saraswathi Saravanapandian
S#####9@REDIFFMAIL.COM
[09:56:04]   [51/141] SADAYANDI SARASWATHI SARAVANAPANDIAN  margin=6303.95  balance=6303.95
[09:56:11]   [mapping] 'venkatakrishna viswanath' → best match 'venkatakrishna viswanath' ratio=1.00 code=V390461
[09:56:11]   [52/141] Venkatakrishna Viswanath — mapped to Angel code V390461
[09:56:14]     [search #1] V390461-Venkatakrishna Viswanath
V#############V@GMAIL.COM
[09:56:18]   [52/141] Venkatakrishna Viswanath  margin=0.0  balance=0.0
[09:56:23]   [mapping] 'parag chaudhari' → best match 'parag dinkar chaudhari' ratio=0.81 code=P392766
[09:56:23]   [53/141] Parag Chaudhari — mapped to Angel code P392766
[09:56:27]     [search #1] P392766-Parag Dinkar Chaudhari
P#############E@GMAIL.COM
[09:56:31]   [53/141] Parag Chaudhari  margin=730.68  balance=730.68
[09:56:36]   [mapping] 'dyuti banerjee' → best match 'dyuti banerjee' ratio=1.00 code=D502383
[09:56:36]   [54/141] Dyuti Banerjee — mapped to Angel code D502383
[09:56:40]     [search #1] D502383-Dyuti Banerjee
D############E@GMAIL.COM
[09:56:44]   [54/141] Dyuti Banerjee  margin=0.0  balance=0.0
[09:56:49]   [mapping] 'mahendar jitender singh' → best match 'mahendarjitender singh' ratio=0.98 code=M93786
[09:56:49]   [55/141] MAHENDAR JITENDER SINGH — mapped to Angel code M93786
[09:56:53]     [search #1] M93786-Mahendarjitender Singh
J####4@GMAIL.COM
[09:56:57]   [55/141] MAHENDAR JITENDER SINGH  margin=59.5  balance=59.5
[09:57:02]   [mapping] 'sarath chandran' → best match 'sarath chandran' ratio=1.00 code=S1218454
[09:57:02]   [56/141] SARATH CHANDRAN — mapped to Angel code S1218454
[09:57:06]     [search #1] S1218454-Sarath Chandran
S###################S@GMAIL.COM
[09:57:10]   [56/141] SARATH CHANDRAN  margin=299.21  balance=299.21
[09:57:15]   [mapping] 'sathish kumar c v' → best match 'sathish kumar c v' ratio=1.00 code=C30278
[09:57:15]   [57/141] SATHISH KUMAR C V — mapped to Angel code C30278
[09:57:18]     [search #1] C30278-C V Sathish Kumar
S#########N@YAHOO.COM
[09:57:22]   [57/141] SATHISH KUMAR C V  margin=35339.45  balance=35339.45
[09:57:29]   [mapping] 'purohit avitash anupkumar' → best match 'purohit avitash anupkuma' ratio=0.98 code=A128523
[09:57:29]   [58/141] Purohit Avitash Anupkumar — mapped to Angel code A128523
[09:57:33]     [search #1] A128523-Avitash Purohit
A#################G@GMAIL.COM
[09:57:36]   [58/141] Purohit Avitash Anupkumar  margin=49028.04  balance=49028.04
[09:57:41]   [mapping] 'geethamurthy sirvaram basavaraju' → best match 'geethamurthy sirvaram basavaraju' ratio=1.00 code=G24411
[09:57:41]   [59/141] GEETHAMURTHY SIRVARAM BASAVARAJU — mapped to Angel code G24411
[09:57:45]     [search #1] G24411-Geethamurthy Sirvaram Basavaraju
S#########7@GMAIL.COM
[09:57:48]   [59/141] GEETHAMURTHY SIRVARAM BASAVARAJU  margin=50220.46  balance=220.46
[09:57:53]   [mapping] 'samrruta aiyer' → best match 'samrruta aiyer' ratio=1.00 code=S2038444
[09:57:53]   [60/141] Samrruta Aiyer — mapped to Angel code S2038444
[09:57:57]     [search #1] S2038444-Samrruta Aiyer
R#########R@GMAIL.COM
[09:58:00]   [60/141] Samrruta Aiyer  margin=110281.74  balance=110281.74
[09:58:06]   [mapping] 'a jessie selva celina' → best match 'a jessie selva celina' ratio=1.00 code=AAAJ851300
[09:58:06]   [61/141] A Jessie Selva Celina — mapped to Angel code AAAJ851300
[09:58:10]     [search #1] AAAJ851300-A Jessie Selva Celina
J###########A@GMAIL.COM
[09:58:13]   [61/141] A Jessie Selva Celina  margin=25068.61  balance=25068.61
[09:58:17]   [mapping] 'anandhi ganapathy iyer' → best match 'anandhi ganpathy iyer' ratio=0.98 code=A189526
[09:58:17]   [62/141] ANANDHI GANAPATHY IYER — mapped to Angel code A189526
[09:58:23]     [search #1] A189526-Anandhi Ganpathy Iyer
A########R@GMAIL.COM
[09:58:27]   [62/141] ANANDHI GANAPATHY IYER  margin=295.98  balance=295.98
[09:58:32]   [mapping] 'chaitanya b' → best match 'chaitanya b' ratio=1.00 code=c22786
[09:58:32]   [63/141] CHAITANYA B — mapped to Angel code c22786
[09:58:36]     [search #1] C22786-Chaitanya B
C###########H@GMAIL.COM
[09:58:40]   [63/141] CHAITANYA B  margin=586.66  balance=586.66
[09:58:45]   [mapping] 'asok ramya' → best match 'asok ramya' ratio=1.00 code=A153766
[09:58:45]   [64/141] Asok Ramya — mapped to Angel code A153766
[09:58:49]     [search #1] A153766-Asok Ramya
V#######G@HOTMAIL.COM
[09:58:53]   [64/141] Asok Ramya  margin=996.94  balance=-3.06
[09:58:58]   [mapping] 'thatte sumit vishwas' → best match 'thatte sumit vishwas' ratio=1.00 code=T10891
[09:58:58]   [65/141] THATTE SUMIT VISHWAS — mapped to Angel code T10891
[09:59:02]     [search #1] T10891-Thatte Sumit Vishwas
S##########E@YAHOO.COM
[09:59:05]   [65/141] THATTE SUMIT VISHWAS  margin=20000.0  balance=20000.0
[09:59:12]   [mapping] 'atoshi chakraborty' → best match 'atoshi chakraborty' ratio=1.00 code=A127736
[09:59:12]   [66/141] ATOSHI CHAKRABORTY — mapped to Angel code A127736
[09:59:16]     [search #1] A127736-Atoshi Chakraborty
A########P@GMAIL.COM
[09:59:19]   [66/141] ATOSHI CHAKRABORTY  margin=25261.38  balance=25261.38
[09:59:26]   [mapping] 'atoshi chakraborty' → best match 'atoshi chakraborty' ratio=1.00 code=A127736
[09:59:26]   [67/141] ATOSHI CHAKRABORTY — mapped to Angel code A127736
[09:59:29]     [search #1] A127736-Atoshi Chakraborty
A########P@GMAIL.COM
[09:59:33]   [67/141] ATOSHI CHAKRABORTY  margin=25261.38  balance=25261.38
[09:59:38]   [mapping] 'rinki dasgupta' → best match 'rinki dasgupta' ratio=1.00 code=R68566
[09:59:38]   [68/141] RINKI DASGUPTA — mapped to Angel code R68566
[09:59:42]     [search #1] R68566-Rinki Dasgupta
R############A@YAHOO.COM
[09:59:46]   [68/141] RINKI DASGUPTA  margin=-62.36  balance=-62.36
[09:59:51]   [mapping] 'gnanavadivel s' → best match 'gnanavadivel s' ratio=1.00 code=G25402
[09:59:51]   [69/141] GNANAVADIVEL S — mapped to Angel code G25402
[09:59:55]     [search #1] G25402-Gnanavadivel S
G############I@GMAIL.COM
[09:59:58]   [69/141] GNANAVADIVEL S  margin=413.8  balance=413.8
[10:00:04]   [mapping] 'k sanjay varier' → best match 'k sanjay varier' ratio=1.00 code=K276677
[10:00:04]   [70/141] K SANJAY VARIER — mapped to Angel code K276677
[10:00:08]     [search #1] K276677-K Sanjay Varier
S###########R@GMAIL.COM
[10:00:11]   [70/141] K SANJAY VARIER  margin=610.21  balance=610.21
[10:00:17]   [mapping] 'chandrani roy' → best match 'chandrani roy' ratio=1.00 code=C31074
[10:00:17]   [71/141] CHANDRANI ROY — mapped to Angel code C31074
[10:00:21]     [search #1] C31074-Chandrani Roy Joarder
C#############7@GMAIL.COM
[10:00:25]   [71/141] CHANDRANI ROY  margin=404.72  balance=404.72
[10:00:30]   [mapping] 'sandeep kaliyath' → best match 'sandeep kaliyath' ratio=1.00 code=S134579
[10:00:30]   [72/141] SANDEEP KALIYATH — mapped to Angel code S134579
[10:00:34]     [search #1] S134579-Sandeep Kaliyath
S#############H@HOTMAIL.COM
[10:00:38]   [72/141] SANDEEP KALIYATH  margin=0.0  balance=0.0
[10:00:43]   [mapping] 'harish hebbar' → best match 'harish hebbar' ratio=1.00 code=H204073
[10:00:43]   [73/141] HARISH HEBBAR — mapped to Angel code H204073
[10:00:47]     [search #1] H204073-Harish Hostota Hebbar
H##########R@YAHOO.COM
[10:00:50]   [73/141] HARISH HEBBAR  margin=85182.86  balance=85182.86
[10:00:56]   [mapping] 'arun kumar nath' → best match 'arun kumar nath' ratio=1.00 code=A76108
[10:00:56]   [74/141] ARUN KUMAR NATH — mapped to Angel code A76108
[10:01:00]     [search #1] A76108-Arun Kumar Nath
A#######H@REDIFFMAIL.COM
[10:01:03]   [74/141] ARUN KUMAR NATH  margin=208235.37  balance=208235.37
[10:01:10]   [mapping] 'v n k satyasai tata' → best match 'v n k satyasai tata' ratio=1.00 code=V206305
[10:01:10]   [75/141] V N K SATYASAI TATA — mapped to Angel code V206305
[10:01:13]     [search #1] V206305-V N K Satyasai Tata
S#########0@YAHOO.COM
[10:01:17]   [75/141] V N K SATYASAI TATA  margin=354.18  balance=354.18
[10:01:23]   [mapping] 'srinivasa govinda' → best match 'srinivasa govinda' ratio=1.00 code=AAAG195194
[10:01:23]   [76/141] Srinivasa Govinda — mapped to Angel code AAAG195194
[10:01:27]     [search #1] AAAG195194-Srinivasa Govinda
S#########2@GMAIL.COM
[10:01:31]   [76/141] Srinivasa Govinda  margin=30114.23  balance=30114.23
[10:01:36]   [mapping] 'a balamurugan' → best match 'a balamurugan' ratio=1.00 code=A158410
[10:01:36]   [77/141] A BALAMURUGAN — mapped to Angel code A158410
[10:01:40]     [search #1] A158410-A Balamurugan
B#######E@GMAIL.COM
[10:01:44]   [77/141] A BALAMURUGAN  margin=18815.24  balance=18815.24
[10:01:50]   [mapping] 'sphoorti kumar' → best match 'sphoorti kumar' ratio=1.00 code=S774752
[10:01:50]   [78/141] SPHOORTI KUMAR — mapped to Angel code S774752
[10:01:53]     [search #1] S774752-Sphoorti Kumar
S############R@GMAIL.COM
[10:01:57]   [78/141] SPHOORTI KUMAR  margin=247.26  balance=247.26
[10:02:03]   [mapping] 'arun raghavan' → best match 'arun raghavan' ratio=1.00 code=A137617
[10:02:03]   [79/141] ARUN RAGHAVAN — mapped to Angel code A137617
[10:02:07]     [search #1] A137617-Arun Raghavan Lakshminarayanan
R##########N@GMAIL.COM
[10:02:11]   [79/141] ARUN RAGHAVAN  margin=34.75  balance=34.75
[10:02:18]   [mapping] 'veena rajappa' → best match 'veena rajappa' ratio=1.00 code=V200609
[10:02:18]   [80/141] VEENA RAJAPPA — mapped to Angel code V200609
[10:02:21]     [search #1] V200609-Veena Rajappa
R###########A@GMAIL.COM
[10:02:25]   [80/141] VEENA RAJAPPA  margin=453738.39  balance=453738.39
[10:02:32]   [mapping] 'arindam roy chowdhury' → best match 'arindam roy chowdhury' ratio=1.00 code=A151917
[10:02:32]   [81/141] ARINDAM ROY CHOWDHURY — mapped to Angel code A151917
[10:02:36]     [search #1] A151917-Arindam Roy Chowdhury
R##################M@GMAIL.COM
[10:02:39]   [81/141] ARINDAM ROY CHOWDHURY  margin=919.46  balance=919.46
[10:02:45]   [mapping] 'kailasam krishnamurthy' → best match 'kailasam krishnamurthy' ratio=1.00 code=K56225
[10:02:45]   [82/141] KAILASAM KRISHNAMURTHY — mapped to Angel code K56225
[10:02:49]     [search #1] K56225-Kailasam P K
K##########0@GMAIL.COM
[10:02:53]   [82/141] KAILASAM KRISHNAMURTHY  margin=986.38  balance=986.38
[10:02:59]   [mapping] 'nitin joshi' → best match 'nitin joshi' ratio=1.00 code=N75117
[10:02:59]   [83/141] NITIN JOSHI — mapped to Angel code N75117
[10:03:02]     [search #1] N75117-Nitin Joshi
N##########5@GMAIL.COM
[10:03:06]   [83/141] NITIN JOSHI  margin=905.94  balance=905.94
[10:03:12]   [mapping] 'kapil agrawal' → best match 'kapil agrawal' ratio=1.00 code=K658424
[10:03:12]   [84/141] KAPIL AGRAWAL — mapped to Angel code K658424
[10:03:16]     [search #1] K658424-Kapil Agrawal
K##########1@GMAIL.COM
[10:03:20]   [84/141] KAPIL AGRAWAL  margin=50593.42  balance=593.42
[10:03:26]   [mapping] 'b p nachappa' → best match 'b p nachappa' ratio=1.00 code=B39253
[10:03:26]   [85/141] B P NACHAPPA — mapped to Angel code B39253
[10:03:30]     [search #1] B39253-B P Nachappa
N########P@YAHOO.COM
[10:03:34]   [85/141] B P NACHAPPA  margin=325.37  balance=325.37
[10:03:41]   [mapping] 'oliver sachin quadras' → best match 'oliver sachin quadras' ratio=1.00 code=O1481
[10:03:41]   [86/141] OLIVER SACHIN QUADRAS — mapped to Angel code O1481
[10:03:45]     [search #1] O1481-Oliver Sachin Quadras
O########I@GMAIL.COM
[10:03:49]   [86/141] OLIVER SACHIN QUADRAS  margin=466.16  balance=466.16
[10:03:55]   [mapping] 'guruprasad' → best match 'guruprasad' ratio=1.00 code=G21630
[10:03:55]   [87/141] GURUPRASAD — mapped to Angel code G21630
[10:03:59]     [search #1] G21630-Guruprasad
G######6@YAHOO.CO.IN
[10:04:03]   [87/141] GURUPRASAD  margin=1420.99  balance=1420.99
[10:04:08]   [mapping] 'hariprasada k' → best match 'hariprasada k' ratio=1.00 code=H29679
[10:04:08]   [88/141] HARIPRASADA K — mapped to Angel code H29679
[10:04:12]     [search #1] H29679-Hariprasada K
K####T@YAHOO.COM
[10:04:16]   [88/141] HARIPRASADA K  margin=30721.01  balance=30721.01
[10:04:21]   [mapping] 'lakshmi s bangalore' → best match 'lakshmi s bangalore' ratio=1.00 code=L61064371
[10:04:21]   [89/141] Lakshmi S Bangalore — mapped to Angel code L61064371
[10:04:25]     [search #1] L61064371-Lakshmi S Bangalore
L##############5@GMAIL.COM
[10:04:29]   [89/141] Lakshmi S Bangalore  margin=0.0  balance=0.0
[10:04:36]   [mapping] 'praveen s r' → best match 'praveen s r' ratio=1.00 code=P108065
[10:04:36]   [90/141] Praveen S R — mapped to Angel code P108065
[10:04:39]     [search #1] P108065-Praveen Ramamoorthy Saya
P########N@GMAIL.COM
[10:04:43]   [90/141] Praveen S R  margin=50003.44  balance=50003.44
[10:04:49]   [mapping] 'kabita sivakumar' → best match 'kabita sivakumar' ratio=1.00 code=K57830
[10:04:49]   [91/141] KABITA SIVAKUMAR — mapped to Angel code K57830
[10:04:53]     [search #1] K57830-Kabita Sivakumar
S##################R@GMAIL.COM
[10:04:57]   [91/141] KABITA SIVAKUMAR  margin=532.76  balance=532.76
[10:05:02]   [mapping] 'nidhi agrawal' → best match 'nidhi agrawal' ratio=1.00 code=N70467
[10:05:02]   [92/141] NIDHI AGRAWAL — mapped to Angel code N70467
[10:05:06]     [search #1] N70467-Nidhi Agrawal
M######K@GMAIL.COM
[10:05:10]   [92/141] NIDHI AGRAWAL  margin=0.0  balance=0.0
[10:05:16]   [mapping] 'rajkumar srinivasan' → best match 'rajkumar srinivasan' ratio=1.00 code=R976230
[10:05:16]   [93/141] Rajkumar Srinivasan — mapped to Angel code R976230
[10:05:20]     [search #1] R976230-Rajkumar Srinivasan
R###############S@GMAIL.COM
[10:05:23]   [93/141] Rajkumar Srinivasan  margin=253.6  balance=253.6
[10:05:29]   [mapping] 'madalasa v' → best match 'madalasa v' ratio=1.00 code=M243761
[10:05:29]   [94/141] MADALASA V — mapped to Angel code M243761
[10:05:33]     [search #1] M243761-Madalasa Venkataraman
V#######A@GMAIL.COM
[10:05:37]   [94/141] MADALASA V  margin=294.46  balance=294.46
[10:05:43]   [mapping] 'vishal srinivasa' → best match 'vishal srinivasa' ratio=1.00 code=AABX421057
[10:05:43]   [95/141] vishal srinivasa — mapped to Angel code AABX421057
[10:05:47]     [search #1] AABX421057-Vishal Srinivasa
V###############A@GMAIL.COM
[10:05:51]   [95/141] vishal srinivasa  margin=212.65  balance=212.65
[10:05:57]   [mapping] 'j pravin kumar' → best match 'j pravin kumar' ratio=1.00 code=J233605
[10:05:57]   [96/141] J PRAVIN KUMAR — mapped to Angel code J233605
[10:06:01]     [search #1] J233605-Jagannathan Pravin Kumar
P##########0@GMAIL.COM
[10:06:04]   [96/141] J PRAVIN KUMAR  margin=0.0  balance=0.0
[10:06:10]   [mapping] 'bharateshwar r boke' → best match 'bharateshwar r boke' ratio=1.00 code=B107256
[10:06:10]   [97/141] BHARATESHWAR R BOKE — mapped to Angel code B107256
[10:06:14]     [search #1] B107256-Bharateshwar R Boke
B#########E@GMAIL.COM
[10:06:18]   [97/141] BHARATESHWAR R BOKE  margin=0.25  balance=0.25
[10:06:24]   [mapping] 'meenakshi pathania' → best match 'meenakshi pathania' ratio=1.00 code=M847474
[10:06:24]   [98/141] MEENAKSHI PATHANIA — mapped to Angel code M847474
[10:06:28]     [search #1] M847474-Meenakshi Pathania
M###############A@GMAIL.COM
[10:06:32]   [98/141] MEENAKSHI PATHANIA  margin=0.0  balance=0.0
[10:06:38]   [mapping] 'murugan arjunan' → best match 'murugan arjunan' ratio=1.00 code=A124917
[10:06:38]   [99/141] MURUGAN ARJUNAN — mapped to Angel code A124917
[10:06:41]     [search #1] A124917-Arjunan Murugan
A#######8@GMAIL.COM
[10:06:45]   [99/141] MURUGAN ARJUNAN  margin=274.59  balance=274.59
[10:06:52]   [mapping] 'sandeep miranda' → best match 'sandeep miranda' ratio=1.00 code=S134978
[10:06:52]   [100/141] SANDEEP MIRANDA — mapped to Angel code S134978
[10:06:55]     [search #1] S134978-Sandeep Miranda
S############A@GMAIL.COM
[10:06:59]   [100/141] SANDEEP MIRANDA  margin=143029.1  balance=142887.93
[10:07:08]   [mapping] 'srinivasan a' → best match 'srinivasan a' ratio=1.00 code=AAAP898684
[10:07:08]   [101/141] Srinivasan A — mapped to Angel code AAAP898684
[10:07:12]     [search #1] AAAP898684-Srinivasan A
S############S@GMAIL.COM
[10:07:16]   [101/141] Srinivasan A  margin=21062.74  balance=21062.74
[10:07:22]   [mapping] 'sumalatha hallur' → best match 'sumalatha hallur' ratio=1.00 code=S218267
[10:07:22]   [102/141] SUMALATHA HALLUR — mapped to Angel code S218267
[10:07:25]     [search #1] S218267-Sumalatha Hallur
S###############A@GMAIL.COM
[10:07:29]   [102/141] SUMALATHA HALLUR  margin=0.0  balance=0.0
[10:07:35]   [mapping] 'shekhar bhattacharjee' → best match 'shekhar bhattacharjee' ratio=1.00 code=S57797174
[10:07:35]   [103/141] Shekhar Bhattacharjee — mapped to Angel code S57797174
[10:07:39]     [search #1] S57797174-Shekhar Bhattacharjee
S#####2@GMAIL.COM
[10:07:43]   [103/141] Shekhar Bhattacharjee  margin=0.0  balance=0.0
[10:07:50]   [mapping] 'amit baliram kanshide' → best match 'amit baliram kanshide' ratio=1.00 code=A659752
[10:07:50]   [104/141] AMIT BALIRAM KANSHIDE — mapped to Angel code A659752
[10:07:54]     [search #1] A659752-Amit Baliram Kanshide
K##########T@GMAIL.COM
[10:07:58]   [104/141] AMIT BALIRAM KANSHIDE  margin=17082.69  balance=17082.69
[10:08:05]   [mapping] 'c nageshwar' → best match 'c nageshwar' ratio=1.00 code=C24747
[10:08:05]   [105/141] C NAGESHWAR — mapped to Angel code C24747
[10:08:08]     [search #1] C24747-C Nageshwar
N######6@YAHOO.COM
[10:08:12]   [105/141] C NAGESHWAR  margin=542.18  balance=542.18
[10:08:20]   [mapping] 'goutam dan' → best match 'goutam dan' ratio=1.00 code=G13464
[10:08:20]   [106/141] GOUTAM DAN — mapped to Angel code G13464
[10:08:23]     [search #1] G13464-Goutam Dan
D########M@GMAIL.COM
[10:08:27]   [106/141] GOUTAM DAN  margin=761.2  balance=832.0
[10:08:33]   [mapping] 'anitha balaji' → best match 'anitha balaji' ratio=1.00 code=A72269
[10:08:33]   [107/141] Anitha Balaji — mapped to Angel code A72269
[10:08:37]     [search #1] A72269-Anitha Balaji
R###############I@GMAIL.COM
[10:08:40]   [107/141] Anitha Balaji  margin=95.06  balance=95.06
[10:08:46]   [mapping] 'manas chakraborty' → best match 'manas chakraborty' ratio=1.00 code=M41653
[10:08:46]   [108/141] MANAS CHAKRABORTY — mapped to Angel code M41653
[10:08:50]     [search #1] M41653-Manas Chakraborty
C###########M@YAHOO.COM
[10:08:54]   [108/141] MANAS CHAKRABORTY  margin=7385.94  balance=7385.94
[10:09:00]   [mapping] 'kandala anil sharma' → best match 'kandala anil sarma' ratio=0.97 code=K431319
[10:09:00]   [109/141] KANDALA ANIL SHARMA — mapped to Angel code K431319
[10:09:04]     [search #1] K431319-Kandala Anil Sarma
I#############8@GMAIL.COM
[10:09:08]   [109/141] KANDALA ANIL SHARMA  margin=99.01  balance=99.01
[10:09:15]   [mapping] 'mahesh j shankar' → best match 'mahesh shankar' ratio=0.93 code=M131431
[10:09:15]   [110/141] MAHESH J SHANKAR — mapped to Angel code M131431
[10:09:19]     [search #1] M131431-Mahesh Shankar
S######3@GMAIL.COM
[10:09:23]   [110/141] MAHESH J SHANKAR  margin=283476.96  balance=283476.96
[10:09:29]   [mapping] 'akansha a pilley' → best match 'akansha arun pilley' ratio=0.91 code=A1440119
[10:09:29]   [111/141] Akansha A Pilley — mapped to Angel code A1440119
[10:09:33]     [search #1] A1440119-Akansha Arun Pilley
A############Y@GMAIL.COM
[10:09:37]   [111/141] Akansha A Pilley  margin=1006.14  balance=1006.14
[10:09:43]   [mapping] 'niranjan parthasarathy' → best match 'niranjan parthasarathy' ratio=1.00 code=N107516
[10:09:43]   [112/141] Niranjan Parthasarathy — mapped to Angel code N107516
[10:09:46]     [search #1] N107516-Niranjan Parthasarathy
N##########4@GMAIL.COM
[10:09:50]   [112/141] Niranjan Parthasarathy  margin=443.45  balance=443.45
[10:09:56]   [mapping] 'angira barman' → best match 'angira barman' ratio=1.00 code=A79949
[10:09:56]   [113/141] ANGIRA BARMAN — mapped to Angel code A79949
[10:10:00]     [search #1] A79949-Angira Barman
N###################Y@GMAIL.COM
[10:10:04]   [113/141] ANGIRA BARMAN  margin=30440.13  balance=30440.13
[10:10:12]   [mapping] 'sachin joshi' → best match 'sachin joshi' ratio=1.00 code=S233954
[10:10:12]   [114/141] SACHIN JOSHI — mapped to Angel code S233954
[10:10:16]     [search #1] S233954-Sachin Joshi
S#####K@GMAIL.COM
[10:10:19]   [114/141] SACHIN JOSHI  margin=108.16  balance=108.16
[10:10:26]   [mapping] 'sudeep santram dalvi' → best match 'sudeep santram dalvi' ratio=1.00 code=S108341
[10:10:26]   [115/141] SUDEEP SANTRAM DALVI — mapped to Angel code S108341
[10:10:30]     [search #1] S108341-Sudeep Santram Dalvi
S###########6@GMAIL.COM
[10:10:34]   [115/141] SUDEEP SANTRAM DALVI  margin=125593.96  balance=101350.47
[10:10:41]   [mapping] 'kiran uthappa m' → best match 'kiran uthappa m' ratio=1.00 code=K411072
[10:10:41]   [116/141] Kiran Uthappa M — mapped to Angel code K411072
[10:10:44]     [search #1] K411072-Kiran Uthappa M
K##########A@GMAIL.COM
[10:10:48]   [116/141] Kiran Uthappa M  margin=100296.96  balance=100296.96
[10:10:54]   [mapping] 'joshua sundarraj' → best match 'joshua sundarraj' ratio=1.00 code=J160252
[10:10:54]   [117/141] Joshua Sundarraj — mapped to Angel code J160252
[10:10:58]     [search #1] J160252-Joshua Sundarraj
J###############J@YAHOO.COM
[10:11:01]   [117/141] Joshua Sundarraj  margin=-161.98  balance=-91.18
[10:11:07]   [mapping] 'srividhya muralidharan' → best match 'srividhya muralidharan' ratio=1.00 code=S1195075
[10:11:07]   [118/141] Srividhya Muralidharan — mapped to Angel code S1195075
[10:11:11]     [search #1] S1195075-Srividhya Muralidharan
S#################N@GMAIL.COM
[10:11:15]   [118/141] Srividhya Muralidharan  margin=25341.6  balance=25341.6
[10:11:21]   [mapping] 'sourabh manoj bhattacharya' → best match 'sourabh manoj bhattacharya' ratio=1.00 code=S317219
[10:11:21]   [119/141] Sourabh Manoj Bhattacharya — mapped to Angel code S317219
[10:11:24]     [search #1] S317219-Sourabh Manoj Bhattacharya
S##########H@GMAIL.COM
[10:11:28]   [119/141] Sourabh Manoj Bhattacharya  margin=8780.08  balance=1026.11
[10:11:35]   [mapping] 'velkumar bahulayan' → best match 'velkumar bahulayan' ratio=1.00 code=V57376
[10:11:35]   [120/141] VELKUMAR BAHULAYAN — mapped to Angel code V57376
[10:11:39]     [search #1] V57376-Velkumar Bahulayan
V######1@GMAIL.COM
[10:11:43]   [120/141] VELKUMAR BAHULAYAN  margin=50359.18  balance=50359.18
[10:11:49]   [mapping] 'deepak dinkar joshi' → best match 'deepak dinkar joshi' ratio=1.00 code=D47116
[10:11:49]   [121/141] DEEPAK DINKAR JOSHI — mapped to Angel code D47116
[10:11:52]     [search #1] D47116-Deepak Dinkar Joshi
A######J@GMAIL.COM
[10:11:56]   [121/141] DEEPAK DINKAR JOSHI  margin=50074.23  balance=50074.23
[10:12:02]   [mapping] 'meenakshi s' → best match 'meenakshi s' ratio=1.00 code=M56571
[10:12:02]   [122/141] Meenakshi S — mapped to Angel code M56571
[10:12:06]     [search #1] M56571-Meenakshi S
K##########1@GMAIL.COM
[10:12:10]   [122/141] Meenakshi S  margin=100344.6  balance=100344.6
[10:12:16]   [mapping] 'ramalingam kuppuswamy anbarasu' → best match 'ramalingam kuppuswamy anbarasu' ratio=1.00 code=WWW21006
[10:12:16]   [123/141] RAMALINGAM KUPPUSWAMY ANBARASU — mapped to Angel code WWW21006
[10:12:20]     [search #1] WWW21006-R. K. Anbarasu
A############Y@GMAIL.COM
[10:12:24]   [123/141] RAMALINGAM KUPPUSWAMY ANBARASU  margin=100.95  balance=100.95
[10:12:32]   [mapping] 'gayathri rajesh' → best match 'gayathri rajesh' ratio=1.00 code=G338540
[10:12:32]   [124/141] Gayathri Rajesh — mapped to Angel code G338540
[10:12:36]     [search #1] G338540-Gayathri Rajesh
G##############2@GMAIL.COM
[10:12:39]   [124/141] Gayathri Rajesh  margin=658.21  balance=658.21
[10:12:46]   [mapping] 'krithika suriyanarayanan' → best match 'krithika suriyanarayanan' ratio=1.00 code=AABX637042
[10:12:46]   [125/141] KRITHIKA SURIYANARAYANAN — mapped to Angel code AABX637042
[10:12:50]     [search #1] AABX637042-Krithika Suriyanarayanan
K############R@REDIFFMAIL.COM
[10:12:54]   [125/141] KRITHIKA SURIYANARAYANAN  margin=0.0  balance=0.0
[10:13:00]   [mapping] 'dharmapalan p s' → best match 'dharmapalan p s' ratio=1.00 code=WWW21009
[10:13:00]   [126/141] DHARMAPALAN P S — mapped to Angel code WWW21009
[10:13:04]     [search #1] WWW21009-Dharmapalan P S
D###########S@GMAIL.COM
[10:13:08]   [126/141] DHARMAPALAN P S  margin=81551.15  balance=81551.15
[10:13:14]   [mapping] 'amit sood' → best match 'amit sood' ratio=1.00 code=A466720
[10:13:14]   [127/141] AMIT SOOD — mapped to Angel code A466720
[10:13:18]     [search #1] A466720-Amit Sood
A############E@GMAIL.COM
[10:13:22]   [127/141] AMIT SOOD  margin=0.0  balance=0.0
[10:13:28]   [mapping] 'balakumar k b' → best match 'balakumar k b' ratio=1.00 code=B37704
[10:13:28]   [128/141] BALAKUMAR K B — mapped to Angel code B37704
[10:13:31]     [search #1] B37704-Balakumar Kolinjivadi Balasubramaniam
K#########R@REDIFFMAIL.COM
[10:13:35]   [128/141] BALAKUMAR K B  margin=7480.36  balance=7480.36
[10:13:41]   [mapping] 'madhu madhurakavi' → best match 'madhu madhurakavi' ratio=1.00 code=M74479
[10:13:41]   [129/141] MADHU MADHURAKAVI — mapped to Angel code M74479
[10:13:44]     [search #1] M74479-Madhu Madhurakavi
M###############I@YAHOO.IN
[10:13:48]   [129/141] MADHU MADHURAKAVI  margin=0.0  balance=0.0
[10:13:54]   [mapping] 'krishna latha vaddadi' → best match 'krishna latha vaddadi' ratio=1.00 code=K58831074
[10:13:54]   [130/141] KRISHNA LATHA VADDADI — mapped to Angel code K58831074
[10:13:58]     [search #1] K58831074-Krishna Latha Vaddadi
K#############5@GMAIL.COM
[10:14:02]   [130/141] KRISHNA LATHA VADDADI  margin=0.0  balance=0.0
[10:14:05]   [mapping] 'gunturu naga maruthi kumari' → best match 'gunturu naga maruthi kumari' ratio=1.00 code=AAAQ657024
[10:14:05]   [131/141] GUNTURU NAGA MARUTHI KUMARI — mapped to Angel code AAAQ657024
[10:14:11]     [search #1] AAAQ657024-Gunturu Naga Maruthi Kumari
M##################U@GMAIL.COM
[10:14:15]   [131/141] GUNTURU NAGA MARUTHI KUMARI  margin=414.42  balance=414.42
[10:14:21]   [mapping] 'anil kumar' → best match 'a anil kumar' ratio=0.91 code=A849914
[10:14:21]   [132/141] ANIL KUMAR — mapped to Angel code A849914
[10:14:24]     [search #1] A849914-A Anil Kumar
A################3@GMAIL.COM
[10:14:28]   [132/141] ANIL KUMAR  margin=433.89  balance=433.89
[10:14:34]   [mapping] 'syama sundar pingali' → best match 'syama sundar pingali' ratio=1.00 code=S126842
[10:14:34]   [133/141] SYAMA SUNDAR PINGALI — mapped to Angel code S126842
[10:14:38]     [search #1] S126842-Syama Sundar Pingali
S######S@YAHOO.COM
[10:14:41]   [133/141] SYAMA SUNDAR PINGALI  margin=407.42  balance=407.42
[10:14:47]   [mapping] 'suresh narayan srinivasan' → best match 'suresh narayan srinivasan' ratio=1.00 code=WWW21011
[10:14:47]   [134/141] SURESH NARAYAN SRINIVASAN — mapped to Angel code WWW21011
[10:14:50]     [search #1] WWW21011-Suresh Narayan Srinivasan
S############S@OUTLOOK.COM
[10:14:54]   [134/141] SURESH NARAYAN SRINIVASAN  margin=156.35  balance=156.35
[10:15:00]   [mapping] 's manjunath' → best match 's manjunath' ratio=1.00 code=S106607
[10:15:00]   [135/141] S MANJUNATH — mapped to Angel code S106607
[10:15:03]     [search #1] S106607-S Manjunath
Y###########H@YAHOO.COM
[10:15:07]   [135/141] S MANJUNATH  margin=472.68  balance=472.68
[10:15:13]   [mapping] 'aditya s chandok' → best match 'aditya s chandok' ratio=1.00 code=A1437113
[10:15:13]   [136/141] ADITYA S CHANDOK — mapped to Angel code A1437113
[10:15:17]     [search #1] A1437113-Aditya Subhashchandra Chandok
A############K@GMAIL.COM
[10:15:20]   [136/141] ADITYA S CHANDOK  margin=23.6  balance=23.6
[10:15:23]   [mapping] 'sai prashanth ramanathan' → best match 'sai prashanth ramanathan' ratio=1.00 code=AAAJ984428
[10:15:23]   [137/141] Sai Prashanth Ramanathan — mapped to Angel code AAAJ984428
[10:15:29]     [search #1] AAAJ984428-Sai Prashanth Ramanathan
R#####U@YAHOO.COM
[10:15:33]   [137/141] Sai Prashanth Ramanathan  margin=50136.91  balance=50136.91
[10:15:39]   [mapping] 'ramachandran swaminathan' → best match 'ramchandran swaminathan' ratio=0.98 code=R41151
[10:15:39]   [138/141] Ramachandran Swaminathan — mapped to Angel code R41151
[10:15:42]     [search #1] R41151-Ramchandran Swaminathan
S########A@GMAIL.COM
[10:15:46]   [138/141] Ramachandran Swaminathan  margin=144603.0  balance=144603.0
[10:15:52]   [mapping] 'anju ravichandran' → best match 'anju ravichandran' ratio=1.00 code=A59514355
[10:15:52]   [139/141] Anju Ravichandran — mapped to Angel code A59514355
[10:15:57]     [search #1] A59514355-Anju Ravichandran
A#####1@GMAIL.COM
[10:16:01]   [139/141] Anju Ravichandran  margin=339.85  balance=339.85
[10:16:07]   [mapping] 'catherine joshua thundyil' → best match 'catherine joshua thundyil' ratio=1.00 code=C31724
[10:16:07]   [140/141] CATHERINE JOSHUA THUNDYIL — mapped to Angel code C31724
[10:16:10]     [search #1] C31724-Catherine Joshua T
C########L@GMAIL.COM
[10:16:14]   [140/141] CATHERINE JOSHUA THUNDYIL  margin=50288.96  balance=50288.96
[10:16:20]   [mapping] 'narayana rao malla' → best match 'narayana rao malla' ratio=1.00 code=N78150
[10:16:20]   [141/141] NARAYANA RAO MALLA — mapped to Angel code N78150
[10:16:23]     [search #1] N78150-Narayana Rao Malla
N############A@GMAIL.COM
[10:16:27]   [141/141] NARAYANA RAO MALLA  margin=341.61  balance=341.61
[10:16:33] 
[gcs] ✓ gs://winrich_shared/data/AngleNxt/angelone_equity_margins.csv
[10:16:39] [email] ✓ Email sent to niranjan@winrich.in
[10:16:39] 
✓ All done!  141/141 captured.
[10:17:18] Loaded 141 entries from Winrich_Angel_mapping.csv (cols: 'angel name', 'angel code')
[10:17:18]   Sample: 'a anil kumar' → 'A849914'
[10:17:18] Loaded 141 customers from Customerlist_12.csv
[10:17:18] Starting in 15s — uncheck any phases already complete.
[10:17:33] Grace period over — starting run.
[10:17:38] 
Launching Edge from: C:\Program Files (x86)\Microsoft\Edge\Application\msedge.exe
[10:17:38] Edge PID: 13748
[10:17:42] Opening landing page: https://askpms.in/wealthspectrum/portal/bo-queries/Clientwise_Daily_AUM
[10:17:43] 
► [Unify] Skipped (checkbox).
[10:17:44] 
► [ASK] Trying AUM page directly…
[10:17:50]   [ASK] Landed on: https://askpms.in/wealthspectrum/portal/sign-in
[10:17:50]   [ASK] Session expired — logging in…
[10:17:54]   [ASK] Entering credentials for knsridharan@wawya.in…
[10:17:54]   [ASK] Submitted login form.
[10:17:56]   [ASK] Logged in — landed on: https://askpms.in/wealthspectrum/portal/dashboard-pms
[10:17:56] 
  [ASK] Navigating to Clientwise Daily AUM via keyboard…
[10:17:57]   [ASK] Tab #5: found 'Queries' → Enter
[10:17:58]   [ASK] Tabbing 10 times to hamburger button…
[10:18:01]   [ASK] Query list opened.
[10:18:02]   [ASK] Tab #6: found 'Clientwise Daily AUM' → Enter
[10:18:03]   [ASK] Dismissed query panel — form should be visible.
[10:18:04]   [ASK] Tab #4: on date input
[10:18:05]   [ASK] From Date → 06/04/2026
[10:18:05]   [ASK] Tab #0: on date input
[10:18:06]   [ASK] To Date   → 06/04/2026
[10:18:06]   [ASK] Tabbing to format selector…
[10:18:07]   [ASK] CSV format selected.
[10:18:08]   [ASK] Tab #1: on Execute button
[10:18:08]   [ASK] Pressing Execute…
[10:18:08]   [ASK] Execute pressed — waiting for results to load…
[10:18:10]   [ASK] Waiting for results and download button…
[10:18:20]   [ASK] Results ready — tabbing to download button…
[10:18:21]   [ASK] Tab #3: found 'sim_card_download' → Enter
[10:18:21]   [ASK] Download triggered — saving file…
[10:18:21]   [ASK] ✓ Downloaded: WAWYAInvestment_Daily_AUM.csv
[10:18:21]   [ASK] ✓ Uploaded to GCS: gs://winrich/Datawarehouse/ASK/2026/04/07/ask_pms.csv
[10:18:21]   [ASK] Local file removed: WAWYAInvestment_Daily_AUM.csv
[10:18:21] 
► [Vested] Skipped (checkbox).
[10:18:21] 
► [IPRU Email] Skipped (checkbox).
[10:18:21] 
► [Angel One NXT] Skipped (checkbox).
