[10:14:15] Loaded 266 customers from Active_Equity_customers.csv
[10:14:17] 
Launching Edge from: C:\Program Files (x86)\Microsoft\Edge\Application\msedge.exe
[10:14:17] Edge PID: 16508
[10:14:22] Waiting for login…
[10:15:35] Login detected!
[10:15:36] Browser minimized.
[10:15:36]   [check] client-dp-holdings.csv — mtime=2026-03-24  today=2026-03-25  match=False
[10:15:36]   [check] force_download=False  all_fresh=False
[10:16:19] 
► Extracting customer balances…
[10:16:29]   [1/266] nipun rao s g  margin=0.0  balance=0.0
[10:16:38]   [2/266] anupama purohit  margin=234.91  balance=234.91
[10:16:48]   [3/266] chaity banerjee  margin=0.0  balance=0.0
[10:17:01]   [4/266] suganya mallikarjuna  margin=0.0  balance=0.0
[10:17:14]   [5/266] trupti harsh joshi  margin=69.34  balance=69.34
[10:17:27]   [6/266] pavithral  m  margin=0.0  balance=0.0
[10:17:39]   [7/266] rajesh kulkarni  margin=0.0  balance=0.0
[10:17:52]   [8/266] bhuvaneshwari vishwanatha rao  margin=0.0  balance=0.0
[10:18:05]   [9/266] poornima subramaniam  margin=-118.0  balance=-118.0
[10:18:17]   [10/266] sapna  kumari  margin=0.0  balance=0.0
[10:18:31]   [11/266] thota swetha lingamurthy gupta  margin=0.05  balance=0.05
[10:18:45]   [12/266] rajkamal kaper — not found, skipped
[10:18:57]   [13/266] ravikumar b  margin=440.13  balance=440.13
[10:19:10]   [14/266] sujithra  s  margin=24941.64  balance=24941.64
[10:19:23]   [15/266] srinivasa d t  margin=0.0  balance=0.0
[10:19:36]   [16/266] sarthak raychaudhuri  margin=0.0  balance=0.0
[10:19:49]   [17/266] pankaj kohli  margin=0.0  balance=0.0
[10:20:02]   [18/266] sarath  chandran  margin=299.21  balance=299.21
[10:20:14]   [19/266] preethi a s  margin=561.42  balance=561.42
[10:20:27]   [20/266] meher v ss pingali  margin=-16.64  balance=-16.64
[10:20:41]   [21/266] karthik eshwar rajesh  margin=803.22  balance=803.22
[10:20:54]   [22/266] peeyush dongre — not found, skipped
[10:21:06]   [23/266] dharmapalan p s  margin=186628.37  balance=186628.37
[10:21:19]   [24/266] srinivasan a  margin=0.0  balance=0.0
[10:21:32]   [25/266] suhas pandharinath kalyani  margin=245.78  balance=245.78
[10:21:45]   [26/266] veena  joji  margin=-70.8  balance=-70.8
[10:21:56]   [27/266] arvindh muralidhar  margin=-19.65  balance=-19.65
[10:22:09]   [28/266] shreehari a m  margin=29395.63  balance=29395.63
[10:22:22]   [29/266] shekhar bhattacharjee  margin=0.0  balance=0.0
[10:22:34]   [30/266] tanvi  desai  margin=0.0  balance=0.0
[10:22:48]   [31/266] thotreithem  hongray  margin=0.0  balance=0.0
[10:23:01]   [32/266] amrapali  dixit  margin=0.0  balance=0.0
[10:23:15]   [33/266] ajeet s patil  margin=0.0  balance=0.0
[10:23:29]   [34/266] raghavendra kamath miyar  margin=0.0  balance=0.0
[10:23:42]   [35/266] mohita gupta  margin=0.0  balance=0.0
[10:23:56]   [36/266] vishvas anandarao shirambekar  margin=0.0  balance=0.0
[10:24:09]   [37/266] dyuti  banerjee  margin=0.0  balance=0.0
[10:24:22]   [38/266] bharateshwar r boke  margin=0.25  balance=0.25
[10:24:35]   [39/266] mili  chakraborty  margin=86146.2  balance=905.44
[10:24:48]   [40/266] rajalakshmy  suryanarayanan  margin=0.29  balance=0.29
[10:25:01]   [41/266] vishal srinivasa  margin=212.65  balance=212.65
[10:25:15]   [42/266] aditya s chandok (zerodha) — not found, skipped
[10:25:30]   [43/266] syama sundar pingali (zerodha) — not found, skipped
[10:25:43]   [44/266] jagannathan pravin kumar  margin=0.0  balance=0.0
[10:25:56]   [45/266] kishore mohan mudaliar  margin=935.09  balance=935.09
[10:26:12]   [46/266] sheetal jyotirao patil (zerodha) — not found, skipped
[10:26:24]   [47/266] puneet  khabya  margin=0.0  balance=0.0
[10:26:38]   [48/266] meenakshi  pathania  margin=0.0  balance=0.0
[10:26:51]   [49/266] ravi rudrappa doddoli  margin=0.0  balance=0.0
[10:27:04]   [50/266] keshav shrinivas malagi  margin=411.36  balance=411.36
[10:27:17]   [51/266] sanjarekha  tripathy  margin=3959.22  balance=4985.56
[10:27:30]   [52/266] jitendriya athavale zerodha  margin=0.64  balance=0.64
[10:27:43]   [53/266] vinaya s m  margin=25.87  balance=25.87
[10:27:55]   [54/266] vikash  agarwal  margin=876.04  balance=876.04
[10:28:09]   [55/266] sumalatha  hallur  margin=0.0  balance=0.0
[10:28:22]   [56/266] neerav suhas kalyani  margin=0.0  balance=0.0
[10:28:37]   [57/266] prateekshankar pranayshankar dixit — not found, skipped
[10:28:49]   [58/266] suresh  n  margin=0.0  balance=0.0
[10:29:01]   [59/266] loveesh  sondhi  margin=46100.98  balance=48012.33
[10:29:14]   [60/266] jyotirao n patil  margin=0.76  balance=0.76
[10:29:26]   [61/266] gayathri  rajesh  margin=658.21  balance=658.21
[10:29:39]   [62/266] narayana rao malla  margin=341.61  balance=341.61
[10:29:55]   [63/266] amit baliram kanshide (zerodha) — not found, skipped
[10:30:08]   [64/266] lakshmi  g  margin=65.87  balance=65.87
[10:30:21]   [65/266] kaushal kumar verma  margin=0.0  balance=0.0
[10:30:35]   [66/266] krithika suriyanarayanan  margin=0.0  balance=0.0
[10:30:48]   [67/266] mohammed ummar makandar  margin=20000.0  balance=20000.0
[10:31:02]   [68/266] aditya subhashchandra chandok  margin=23.6  balance=23.6
[10:31:18]   [69/266] pavithra  bangalore  shivaprasad — not found, skipped
[10:31:31]   [70/266] gnanavadivel s  margin=413.8  balance=413.8
[10:31:44]   [71/266] vaishali amit kanshide  margin=9677.79  balance=9677.79
[10:31:57]   [72/266] panibhushanachary k r  margin=0.0  balance=0.0
[10:32:11]   [73/266] santhosh kumar k  margin=691.81  balance=691.81
[10:32:24]   [74/266] atoshi  chakraborty  margin=1316.59  balance=1316.59
[10:32:38]   [75/266] sriranjani muralidharan  margin=0.0  balance=0.0
[10:32:51]   [76/266] ramachandran  srinivasan  margin=0.0  balance=0.0
[10:33:04]   [77/266] ashok  shanmugam  margin=422.15  balance=422.15
[10:33:18]   [78/266] sai prashanth ramanathan  margin=136.91  balance=136.91
[10:33:30]   [79/266] k n sridharan  margin=0.0  balance=0.0
[10:33:43]   [80/266] s mangala gomathi  margin=0.0  balance=0.0
[10:33:57]   [81/266] rajkumar  srinivasan  margin=253.6  balance=253.6
[10:34:10]   [82/266] sanjeev  mohanty  margin=0.0  balance=0.0
[10:34:23]   [83/266] nisha fernandez  margin=-96.45  balance=-96.45
[10:34:35]   [84/266] nutan singh  margin=356049.04  balance=-1290508.72
[10:34:48]   [85/266] upendra n puranik  margin=753.69  balance=753.69
[10:35:01]   [86/266] diwakar m b  margin=39.36  balance=39.36
[10:35:14]   [87/266] vivekanand  kotikalapudi  margin=0.0  balance=0.0
[10:35:28]   [88/266] srinivasa govinda  margin=114.23  balance=114.23
[10:35:40]   [89/266] veena b m  margin=363.71  balance=363.71
[10:35:52]   [90/266] chaitanya  b  margin=586.66  balance=586.66
[10:36:05]   [91/266] shalini  chauhan  margin=0.0  balance=0.0
[10:36:18]   [92/266] parinda  shah  margin=0.0  balance=0.0
[10:36:31]   [93/266] neha  pathak  margin=0.0  balance=0.0
[10:36:44]   [94/266] srinivasa  prasad.g.b  margin=-118.0  balance=0.0
[10:36:57]   [95/266] m d sridhara  margin=2604.66  balance=2604.66
[10:37:10]   [96/266] anoushka  dasgupta  margin=8117.13  balance=8117.13
[10:37:24]   [97/266] subramanian  srinagesh  margin=0.0  balance=0.0
[10:37:38]   [98/266] rajeev narayana iyer  margin=426.89  balance=426.89
[10:37:51]   [99/266] mukthayakka n c  margin=0.76  balance=0.76
[10:38:04]   [100/266] shweta  goel  margin=0.0  balance=0.0
[10:38:18]   [101/266] parag dinkar chaudhari  margin=730.68  balance=730.68
[10:38:33]   [102/266] mudlagiriyappa childoni girish  margin=4000.53  balance=4000.53
[10:38:48]   [103/266] gunturu naga maruthi kumari  margin=414.42  balance=414.42
[10:39:01]   [104/266] samrruta aiyer  margin=281.74  balance=281.74
[10:39:15]   [105/266] vemula  abhinesh  margin=0.0  balance=0.0
[10:39:28]   [106/266] kiran uthappa m  margin=4296.96  balance=4296.96
[10:39:41]   [107/266] nupur  thakur  margin=0.0  balance=0.0
[10:39:56]   [108/266] mahendar jitender singh (zerodha) — not found, skipped
[10:40:09]   [109/266] sujeeth r shetty  margin=0.29  balance=0.29
[10:40:23]   [110/266] sourabh manoj bhattacharya  margin=8505.53  balance=1026.11
[10:40:36]   [111/266] chaithali prasad  margin=-118.0  balance=0.0
[10:40:49]   [112/266] hemavathy h p  margin=16408.34  balance=16408.34
[10:41:03]   [113/266] sujeeth kumar  arunachalam  margin=0.0  balance=0.0
[10:41:17]   [114/266] balaji lakshman  margin=0.0  balance=0.0
[10:41:30]   [115/266] arjunan  murugan  margin=274.59  balance=274.59
[10:41:44]   [116/266] sudeepta  chakraborty  margin=500.6  balance=500.6
[10:41:57]   [117/266] asok  ramya  margin=-3.06  balance=-3.06
[10:42:12]   [118/266] navneet sharma (zerodha) — not found, skipped
[10:42:26]   [119/266] sajan  hegde  margin=5162.46  balance=5162.46
[10:42:39]   [120/266] s manjunath  margin=472.68  balance=472.68
[10:42:53]   [121/266] sayanti  sengupta  margin=-163.85  balance=-163.85
[10:43:08]   [122/266] srividhya  muralidharan  margin=341.6  balance=341.6
[10:43:25]   [123/266] geethamurthy sirvaram basavaraju — not found, skipped
[10:43:38]   [124/266] jayanthi b  margin=2411.42  balance=2411.42
[10:43:52]   [125/266] smitha m s  margin=0.0  balance=0.0
[10:44:05]   [126/266] mayank  margin=162.11  balance=162.11
[10:44:19]   [127/266] girish p kaimal  margin=-86.75  balance=-86.75
[10:44:32]   [128/266] s rajesha kumar  margin=168.41  balance=168.41
[10:44:46]   [129/266] a anil kumar  margin=433.89  balance=433.89
[10:44:59]   [130/266] kumar kosanam  margin=105.47  balance=105.47
[10:45:12]   [131/266] rudre gowda  margin=-165.2  balance=-165.2
[10:45:28]   [132/266] srinivasa dyamenahally giridhar — not found, skipped
[10:45:41]   [133/266] prasad h s m d  margin=480.93  balance=480.93
[10:45:54]   [134/266] venkatakrishna  viswanath  margin=0.0  balance=0.0
[10:46:10]   [135/266] gunturu naga maruthi kumari (zerodha) — not found, skipped
[10:46:23]   [136/266] sharad jha  margin=0.0  balance=0.0
[10:46:36]   [137/266] sachin  joshi  margin=108.16  balance=108.16
[10:46:49]   [138/266] arvind  iyer  margin=0.0  balance=0.0
[10:47:03]   [139/266] catherine joshua t  margin=288.96  balance=288.96
[10:47:16]   [140/266] kabita sivakumar  margin=532.76  balance=532.76
[10:47:30]   [141/266] praveen ramamoorthy saya  margin=3.44  balance=3.44
[10:47:43]   [142/266] achuthan  sujatha  margin=0.0  balance=0.0
[10:47:56]   [143/266] n nandakumar  margin=-94.4  balance=-94.4
[10:48:09]   [144/266] deepa s  margin=0.0  balance=0.0
[10:48:22]   [145/266] shankara g  margin=94.54  balance=94.54
[10:48:36]   [146/266] preeti amit prabhushastri  margin=732.06  balance=732.06
[10:48:49]   [147/266] sudha pillappa  margin=-1236.0  balance=0.0
[10:49:04]   [148/266] subhash chandra kanumuri  margin=1028.56  balance=1028.56
[10:49:18]   [149/266] rinu mammen thomas  margin=696.14  balance=696.14
[10:49:32]   [150/266] pradiptamay  banerjee  margin=141.05  balance=141.05
[10:49:45]   [151/266] vandana  narula  margin=0.01  balance=0.01
[10:49:58]   [152/266] jeevan  mithra  margin=1000.31  balance=1000.31
[10:50:12]   [153/266] avitash  purohit  margin=2115.89  balance=2115.89
[10:50:26]   [154/266] anitha narayanamurthy  margin=0.0  balance=0.0
[10:50:40]   [155/266] madalasa  venkataraman  margin=294.46  balance=294.46
[10:50:53]   [156/266] angira barman  margin=440.13  balance=440.13
[10:51:07]   [157/266] ratish parameswara kaimal  margin=574.17  balance=574.17
[10:51:21]   [158/266] mahesh  shankar  margin=283476.96  balance=283476.96
[10:51:35]   [159/266] sanjay mannera belliappa  margin=26249.83  balance=26249.83
[10:51:49]   [160/266] joshua  sundarraj  margin=3.44  balance=3.44
[10:52:03]   [161/266] oliver sachin quadras  margin=27800.63  balance=27800.63
[10:52:17]   [162/266] raghavendra prabhakar inamdar  margin=-23.6  balance=-23.6
[10:52:31]   [163/266] niranjan  parthasarathy  margin=0.66  balance=0.66
[10:52:44]   [164/266] a  balamurugan  margin=939.79  balance=939.79
[10:52:56]   [165/266] meenakshi s  margin=344.6  balance=344.6
[10:53:10]   [166/266] veena  rajappa  margin=648853.05  balance=648853.05
[10:53:23]   [167/266] nitin  joshi  margin=905.94  balance=905.94
[10:53:40]   [168/266] sadayandi saraswathi saravanapandian — not found, skipped
[10:53:54]   [169/266] arindam roy chowdhury  margin=686.05  balance=686.05
[10:54:08]   [170/266] c v sathish kumar  margin=339.45  balance=339.45
[10:54:23]   [171/266] v n k satyasai tata  margin=354.18  balance=354.18
[10:54:37]   [172/266] h k ranganath  margin=57977.82  balance=57475.44
[10:54:51]   [173/266] guruprasad bhat  margin=994.52  balance=994.52
[10:55:04]   [174/266] ravinder  peddi  margin=85495.17  balance=1409.9
[10:55:18]   [175/266] veena  girish  margin=0.0  balance=0.0
[10:55:31]   [176/266] seema deepak nayak  margin=1026.03  balance=1026.03
[10:55:44]   [177/266] alka saxena  margin=676.35  balance=676.35
[10:55:59]   [178/266] anandhi ganpathy iyer  margin=295.98  balance=295.98
[10:56:13]   [179/266] chandrani roy joarder  margin=404.72  balance=404.72
[10:56:27]   [180/266] harish hostota  hebbar  margin=182.86  balance=182.86
[10:56:40]   [181/266] manas chakraborty  margin=1037385.94  balance=1037385.94
[10:56:55]   [182/266] sheetal jyotirao patil  margin=-6.98  balance=-6.98
[10:57:09]   [183/266] velkumar  bahulayan  margin=359.18  balance=359.18
[10:57:23]   [184/266] prabhakar s joshi  margin=10848.61  balance=10848.61
[10:57:36]   [185/266] anju ravichandran  margin=75339.85  balance=75339.85
[10:57:50]   [186/266] rajesh annamalai  margin=295.49  balance=295.49
[10:58:04]   [187/266] rajashree parameswaran  margin=944.27  balance=944.27
[10:58:18]   [188/266] sudhansu ranjan acharya  margin=476.19  balance=476.19
[10:58:32]   [189/266] akansha arun pilley  margin=-82.43  balance=-82.43
[10:58:47]   [190/266] joydeep jayanta adhikary  margin=0.0  balance=0.0
[10:59:01]   [191/266] rajasimha  karanam  margin=147.43  balance=147.43
[10:59:15]   [192/266] suresh narayan srinivasan  margin=156.35  balance=156.35
[10:59:29]   [193/266] ramachandra bhat k  margin=54875.37  balance=54875.37
[10:59:43]   [194/266] nidhi  agrawal  margin=0.0  balance=0.0
[10:59:56]   [195/266] r. k. anbarasu  margin=101.94  balance=15424.55
[11:00:11]   [196/266] kapil agrawal  margin=593.42  balance=593.42
[11:00:24]   [197/266] anitha balaji  margin=95.06  balance=95.06
[11:00:39]   [198/266] pallavi ranganath karanth  margin=0.0  balance=0.0
[11:00:53]   [199/266] abhinav  kapoor  margin=0.16  balance=0.16
[11:01:07]   [200/266] shreyas  ranganath  margin=86.11  balance=86.11
[11:01:22]   [201/266] amit baliram kanshide  margin=32.8  balance=32.8
[11:01:37]   [202/266] sphoorti  kumar  margin=247.26  balance=247.26
[11:01:50]   [203/266] neeraj agarwal  margin=65380.71  balance=65380.71
[11:02:01]   [204/266] sandeep miranda  margin=109227.25  balance=109298.05
[11:02:14]   [205/266] gopinatha rao s k  margin=5626.67  balance=0.0
[11:02:28]   [206/266] deepak dinkar joshi  margin=74.23  balance=74.23
[11:02:42]   [207/266] mahesh salkar  margin=-2289.46  balance=-131.76
[11:02:56]   [208/266] b p nachappa  margin=325.37  balance=325.37
[11:03:11]   [209/266] bindumadhava vijayendra  margin=23.05  balance=23.05
[11:03:25]   [210/266] hariprasada k  margin=721.01  balance=721.01
[11:03:40]   [211/266] rangaswamy iyyer parthasarathy  margin=214747.0  balance=214747.0
[11:03:54]   [212/266] lathaa  jois  margin=0.0  balance=0.0
[11:04:09]   [213/266] krishnamurthy ravindra  margin=3362.92  balance=3362.92
[11:04:23]   [214/266] sundar  krishnan  margin=0.52  balance=0.52
[11:04:38]   [215/266] a jessie selva celina  margin=68.61  balance=68.61
[11:04:53]   [216/266] kanakapura ramaswamy nagaraj  margin=0.0  balance=0.0
[11:05:06]   [217/266] shilpa kashikar  margin=-236.09  balance=-236.09
[11:05:21]   [218/266] anshul satish chaturvedi  margin=698.8  balance=698.8
[11:05:37]   [219/266] syama sundar pingali  margin=407.42  balance=407.42
[11:05:51]   [220/266] madhavi darbha  margin=45.34  balance=45.34
[11:06:06]   [221/266] gayathri balaji  margin=0.0  balance=0.0
[11:06:20]   [222/266] sandeep kaliyath  margin=0.0  balance=0.0
[11:06:34]   [223/266] rajesh  r  margin=803.22  balance=803.22
[11:06:48]   [224/266] jitendriya s athavale  margin=0.64  balance=0.64
[11:07:03]   [225/266] sanjay pandey  margin=-13.2  balance=0.0
[11:07:17]   [226/266] sudeep santram dalvi  margin=25701.34  balance=1350.47
[11:07:32]   [227/266] neeru vishal bhatia  margin=0.0  balance=0.0
[11:07:46]   [228/266] suprabha nandakumar  margin=219931.04  balance=-23.6
[11:08:02]   [229/266] padmavathi kesari venkata  margin=0.0  balance=0.0
[11:08:16]   [230/266] mohamad saadiq  margin=0.0  balance=0.0
[11:08:30]   [231/266] sujata raychaudhuri  margin=0.0  balance=0.0
[11:08:48]   [232/266] krishna prasad canchi purushothama — not found, skipped
[11:09:04]   [233/266] arun raghavan lakshminarayanan  margin=34.75  balance=34.75
[11:09:18]   [234/266] thatte sumit vishwas  margin=10000.0  balance=10000.0
[11:09:32]   [235/266] bhakti sumit thatte  margin=-1181.31  balance=-119.31
[11:09:47]   [236/266] kiran krishnaji desai  margin=0.0  balance=0.0
[11:10:02]   [237/266] ramachandran balakrishnan  margin=221.7  balance=221.7
[11:10:16]   [238/266] guruprasad  margin=1420.99  balance=1420.99
[11:10:30]   [239/266] g venkateswaran  margin=1768.31  balance=1394.72
[11:10:46]   [240/266] annamalai  sathyamurthy  margin=0.0  balance=0.0
[11:11:00]   [241/266] padmanabha  bidinabail  margin=2446.48  balance=2446.48
[11:11:14]   [242/266] baskar pranatharthi  margin=-66.49  balance=-66.49
[11:11:29]   [243/266] kandala anil sarma  margin=99.01  balance=99.01
[11:11:44]   [244/266] v vjiay chakravarthy  margin=2888.33  balance=220.79
[11:11:59]   [245/266] kailasam p k  margin=986.38  balance=986.38
[11:12:13]   [246/266] deepa  mahesh  margin=189975.15  balance=189975.15
[11:12:33]   [247/266] balakumar kolinjivadi balasubramaniam — not found, skipped
[11:12:48]   [248/266] k sanjay varier  margin=610.21  balance=610.21
[11:13:04]   [249/266] rinki dasgupta  margin=-62.36  balance=-62.36
[11:13:18]   [250/266] rohini  bhan  margin=182185.4  balance=182185.4
[11:13:33]   [251/266] girish suresh durwas  margin=594.2  balance=594.2
[11:13:48]   [252/266] smita kiran desai  margin=0.0  balance=0.0
[11:14:03]   [253/266] anand subramanian  margin=0.0  balance=0.0
[11:14:19]   [254/266] fredrick antony m  margin=0.0  balance=0.0
[11:14:33]   [255/266] goutam dan  margin=832.0  balance=832.0
[11:14:49]   [256/266] mahendarjitender  singh  margin=59.5  balance=59.5
[11:15:05]   [257/266] karanam rajini  margin=0.0  balance=0.0
[11:15:20]   [258/266] c  nageshwar  margin=542.18  balance=542.18
[11:15:36]   [259/266] ramchandran swaminathan  margin=264663.07  balance=264663.07
[11:15:50]   [260/266] bharathi s  margin=0.0  balance=0.0
[11:16:10]   [261/266] shrinivas hanamanthappa sureban — not found, skipped
[11:16:26]   [262/266] madhu madhurakavi  margin=0.0  balance=0.0
[11:16:42]   [263/266] usha krishnan  margin=0.0  balance=0.0
[11:16:57]   [264/266] amit  sood  margin=0.0  balance=0.0
[11:17:13]   [265/266] preeti sinha tyagi  margin=42791.06  balance=30692.2
[11:17:28]   [266/266] arun kumar nath  margin=13235.37  balance=13235.37
[11:17:36] 
[gcs] ✓ gs://winrich_shared/data/AngleNxt/angelone_equity_margins.csv
[11:17:42] [email] ✓ Email sent to niranjan@winrich.in
[11:17:43] 
✓ All done!  249/266 captured.
[11:19:17] Loaded 266 customers from Active_Equity_customers.csv
[11:19:19] 
Launching Edge from: C:\Program Files (x86)\Microsoft\Edge\Application\msedge.exe
[11:19:19] Edge PID: 31280
[11:19:36] Already logged in.
[11:19:37] Browser minimized.
[11:19:37]   [check] client-dp-holdings.csv — mtime=2026-03-25  today=2026-03-25  match=True
[11:19:37]   [check] equity.csv — mtime=2026-03-25  today=2026-03-25  match=True
[11:19:37]   [check] force_download=False  all_fresh=True
[11:19:37] Skipping downloads — today's CSV files already exist. (Check 'Re-download files' to force.)
[11:19:37] 
► Skipping balance extraction (checkbox enabled).
[11:20:06] Loaded 266 customers from Active_Equity_customers.csv
[11:20:08] 
Launching Edge from: C:\Program Files (x86)\Microsoft\Edge\Application\msedge.exe
[11:20:08] Edge PID: 3764
[11:20:12] Waiting for login…
[11:20:14] Login detected!
[11:20:15] Browser minimized.
[11:20:15]   [check] client-dp-holdings.csv — mtime=2026-03-25  today=2026-03-25  match=True
[11:20:15]   [check] equity.csv — mtime=2026-03-25  today=2026-03-25  match=True
[11:20:15]   [check] force_download=True  all_fresh=True
[11:21:01] 
► Skipping balance extraction (checkbox enabled).
[19:05:05] Loaded 266 customers from Active_Equity_customers.csv
[19:05:07] 
Launching Edge from: C:\Program Files (x86)\Microsoft\Edge\Application\msedge.exe
[19:05:07] Edge PID: 30388
[19:05:11] Waiting for login…
[19:06:43] Login detected!
[19:06:44] Browser minimized.
[19:06:44]   [check] client-dp-holdings.csv — mtime=2026-03-25  today=2026-03-25  match=True
[19:06:44]   [check] equity.csv — mtime=2026-03-25  today=2026-03-25  match=True
[19:06:44]   [check] force_download=True  all_fresh=True
[19:07:32] 
► Skipping balance extraction (checkbox enabled).
[19:08:42] Loaded 266 customers from Active_Equity_customers.csv
[19:08:44] 
Launching Edge from: C:\Program Files (x86)\Microsoft\Edge\Application\msedge.exe
[19:08:44] Edge PID: 26652
[19:08:48] Waiting for login…
[19:08:50] Login detected!
[19:08:51] Browser minimized.
[19:08:51]   [check] client-dp-holdings.csv — mtime=2026-03-25  today=2026-03-25  match=True
[19:08:51]   [check] equity.csv — mtime=2026-03-25  today=2026-03-25  match=True
[19:08:51]   [check] force_download=False  all_fresh=True
[19:08:51] Skipping downloads — today's CSV files already exist. (Check 'Re-download files' to force.)
[19:08:51] 
► Skipping balance extraction (checkbox enabled).
[19:53:06] Loaded 266 customers from Active_Equity_customers.csv
[19:53:08] 
Launching Edge from: C:\Program Files (x86)\Microsoft\Edge\Application\msedge.exe
[19:53:08] Edge PID: 23972
[19:54:00] Loaded 266 customers from Active_Equity_customers.csv
[19:54:02] 
Launching Edge from: C:\Program Files (x86)\Microsoft\Edge\Application\msedge.exe
[19:54:02] Edge PID: 32396
[19:54:07] Waiting for login…
[19:54:16] 
[error] Target page, context or browser has been closed
=========================== logs ===========================
waiting for navigation to "<function ImplToApiMapping.wrap_handler.<locals>.wrapper_func at 0x000001E7E0FFE480>" until 'load'
  navigated to "https://nxt.angelone.in/auth/authorised-partner"
  navigated to "https://nxt.angelone.in/auth/authorised-partner"
  navigated to "https://nxt.angelone.in/auth/authorised-partner"
============================================================
Traceback (most recent call last):
  File "C:\Users\venka\Desktop\AngelOneRunner\scripts\ao_daily_runner.py", line 702, in _run
    page.wait_for_url(
    ~~~~~~~~~~~~~~~~~^
        lambda url: "nxt.angelone.in" in url and "/auth" not in url,
        ^^^^^^^^^^^^^^^^^^^^^^^^^^^^^^^^^^^^^^^^^^^^^^^^^^^^^^^^^^^^
        timeout=600_000,
        ^^^^^^^^^^^^^^^^
    )
    ^
  File "C:\MyWorkSpace\Software\Python\Lib\site-packages\playwright\sync_api\_generated.py", line 9197, in wait_for_url
    self._sync(
    ~~~~~~~~~~^
        self._impl_obj.wait_for_url(
        ^^^^^^^^^^^^^^^^^^^^^^^^^^^^
            url=self._wrap_handler(url), waitUntil=wait_until, timeout=timeout
            ^^^^^^^^^^^^^^^^^^^^^^^^^^^^^^^^^^^^^^^^^^^^^^^^^^^^^^^^^^^^^^^^^^
        )
        ^
    )
    ^
  File "C:\MyWorkSpace\Software\Python\Lib\site-packages\playwright\_impl\_sync_base.py", line 115, in _sync
    return task.result()
           ~~~~~~~~~~~^^
  File "C:\MyWorkSpace\Software\Python\Lib\site-packages\playwright\_impl\_page.py", line 580, in wait_for_url
    return await self._main_frame.wait_for_url(**locals_to_params(locals()))
           ^^^^^^^^^^^^^^^^^^^^^^^^^^^^^^^^^^^^^^^^^^^^^^^^^^^^^^^^^^^^^^^^^
  File "C:\MyWorkSpace\Software\Python\Lib\site-packages\playwright\_impl\_frame.py", line 263, in wait_for_url
    async with self.expect_navigation(
               ~~~~~~~~~~~~~~~~~~~~~~^
        url=url, waitUntil=waitUntil, timeout=timeout
        ^^^^^^^^^^^^^^^^^^^^^^^^^^^^^^^^^^^^^^^^^^^^^
    ):
    ^
  File "C:\MyWorkSpace\Software\Python\Lib\site-packages\playwright\_impl\_event_context_manager.py", line 33, in __aexit__
    await self._future
  File "C:\MyWorkSpace\Software\Python\Lib\site-packages\playwright\_impl\_frame.py", line 239, in continuation
    event = await waiter.result()
            ^^^^^^^^^^^^^^^^^^^^^
playwright._impl._errors.Error: Target page, context or browser has been closed
=========================== logs ===========================
waiting for navigation to "<function ImplToApiMapping.wrap_handler.<locals>.wrapper_func at 0x000001E7E0FFE480>" until 'load'
  navigated to "https://nxt.angelone.in/auth/authorised-partner"
  navigated to "https://nxt.angelone.in/auth/authorised-partner"
  navigated to "https://nxt.angelone.in/auth/authorised-partner"
============================================================

[19:54:18] Edge was closed. Relaunching…
[19:54:22] 
Launching Edge from: C:\Program Files (x86)\Microsoft\Edge\Application\msedge.exe
[19:54:22] Edge PID: 31812
[19:54:26] Waiting for login…
